<?xml version="1.0" encoding="utf-8"?>
<TestRun id="19c89b9c-cf98-4c4d-a56d-89e387b637b6" name="@991ca70644d4 2026-09-01 11:01:53" xmlns="http://microsoft.com/schemas/VisualStudio/TeamTest/2010">
  <Times creation="2026-09-01T11:01:53.3765637+02:00" queuing="2026-09-01T11:01:53.3765637+02:00" start="2026-09-01T11:01:51.6933984+02:00" finish="2026-09-01T11:01:53.5813211+02:00" />
  <TestSettings name="default" id="ba61e302-4b41-40f5-9189-0bc6920bd7f2">
    <Deployment runDeploymentRoot="_991ca70644d4_2026-09-01_11_01_53" />
  </TestSettings>
  <Results>
    <UnitTestResult executionId="a968127f-7f80-4d78-9b84-5dbe8bebd8dd" testId="4a25f034-05c4-485a-22da-9f654c8e04d4" testName="FS.GG.Coordination.GitHubIntakeTests.inspection proves pages cursors completeness and typed failure outcomes" computerName="991ca70644d4" duration="00:00:00.0025892" startTime="2026-09-01T11:01:52.0718572+02:00" endTime="2026-09-01T11:01:52.0743908+02:00" testType="13cdc9d9-ddb5-4fa4-a97d-d965ccfc6d4b" outcome="Passed" testListId="8c84fa94-04c1-424b-9868-57a2d4851a1d" relativeResultsDirectory="a968127f-7f80-4d78-9b84-5dbe8bebd8dd" />
    <UnitTestResult executionId="02031533-8267-48da-a25e-fdbe0f760a70" testId="24613992-4bbf-0dd5-f343-db38bfef594f" testName="FS.GG.Coordination.GitHubIntakeTests.controlled apply fences order post state and partial failures" computerName="991ca70644d4" duration="00:00:00.0026454" startTime="2026-09-01T11:01:52.0837694+02:00" endTime="2026-09-01T11:01:52.0861433+02:00" testType="13cdc9d9-ddb5-4fa4-a97d-d965ccfc6d4b" outcome="Passed" testListId="8c84fa94-04c1-424b-9868-57a2d4851a1d" relativeResultsDirectory="02031533-8267-48da-a25e-fdbe0f760a70" />
    <UnitTestResult executionId="4722a178-1e82-42a8-88f6-9b099e427a66" testId="bf319a7d-9805-3b1d-0e76-85cdcb48f07e" testName="FS.GG.Coordination.GitHubIntakeArchitectureTests.registered intake gate runs cold and offline" computerName="991ca70644d4" duration="00:00:01.5270826" startTime="2026-09-01T11:01:52.0239768+02:00" endTime="2026-09-01T11:01:53.5458725+02:00" testType="13cdc9d9-ddb5-4fa4-a97d-d965ccfc6d4b" outcome="Passed" testListId="8c84fa94-04c1-424b-9868-57a2d4851a1d" relativeResultsDirectory="4722a178-1e82-42a8-88f6-9b099e427a66" />
    <UnitTestResult executionId="9f2898c4-fb28-458d-a328-fa9e8445332a" testId="98ab9d6e-2939-5d09-564f-364964345e66" testName="FS.GG.Coordination.GitHubIntakeTests.replay resume roll forward and reverse compensation require durable correspondence" computerName="991ca70644d4" duration="00:00:00.0074114" startTime="2026-09-01T11:01:52.0744521+02:00" endTime="2026-09-01T11:01:52.0818510+02:00" testType="13cdc9d9-ddb5-4fa4-a97d-d965ccfc6d4b" outcome="Passed" testListId="8c84fa94-04c1-424b-9868-57a2d4851a1d" relativeResultsDirectory="9f2898c4-fb28-458d-a328-fa9e8445332a" />
    <UnitTestResult executionId="c0bc3e4b-2f0a-49b9-90b3-87849c6ef62d" testId="fa026685-e353-c15d-bdda-719e239b56bb" testName="FS.GG.Coordination.GitHubIntakeTests.intake qualification inventory is independently exact" computerName="991ca70644d4" duration="00:00:00.0011013" startTime="2026-09-01T11:01:52.0862499+02:00" endTime="2026-09-01T11:01:52.0872716+02:00" testType="13cdc9d9-ddb5-4fa4-a97d-d965ccfc6d4b" outcome="Passed" testListId="8c84fa94-04c1-424b-9868-57a2d4851a1d" relativeResultsDirectory="c0bc3e4b-2f0a-49b9-90b3-87849c6ef62d" />
    <UnitTestResult executionId="4022babe-c4d6-4926-a4e1-c91956d6085b" testId="279e8ecc-71ee-e38b-ab32-965e7fda4732" testName="FS.GG.Coordination.GitHubIntakeArchitectureTests.intake boundary is signature first and contains no production transport" computerName="991ca70644d4" duration="00:00:00.0003130" startTime="2026-09-01T11:01:53.5462256+02:00" endTime="2026-09-01T11:01:53.5462404+02:00" testType="13cdc9d9-ddb5-4fa4-a97d-d965ccfc6d4b" outcome="Passed" testListId="8c84fa94-04c1-424b-9868-57a2d4851a1d" relativeResultsDirectory="4022babe-c4d6-4926-a4e1-c91956d6085b" />
    <UnitTestResult executionId="6d6687bb-bdfa-4667-a7f7-3f5b8e8b2fdc" testId="0616598c-afe3-151e-377b-805ca91a78cd" testName="FS.GG.Coordination.GitHubIntakeArchitectureTests.intake fixture inventory is canonical and independently owned" computerName="991ca70644d4" duration="00:00:00.0043754" startTime="2026-09-01T11:01:52.0102903+02:00" endTime="2026-09-01T11:01:52.0184094+02:00" testType="13cdc9d9-ddb5-4fa4-a97d-d965ccfc6d4b" outcome="Passed" testListId="8c84fa94-04c1-424b-9868-57a2d4851a1d" relativeResultsDirectory="6d6687bb-bdfa-4667-a7f7-3f5b8e8b2fdc" />
    <UnitTestResult executionId="97287055-91f4-4971-aa76-0d2939c2611c" testId="3ed5b3b0-2d02-1caa-2e55-d7778df890e7" testName="FS.GG.Coordination.GitHubIntakeTests.planning preserves every typed refusal family and repository scope" computerName="991ca70644d4" duration="00:00:00.0058232" startTime="2026-09-01T11:01:52.0664091+02:00" endTime="2026-09-01T11:01:52.0717730+02:00" testType="13cdc9d9-ddb5-4fa4-a97d-d965ccfc6d4b" outcome="Passed" testListId="8c84fa94-04c1-424b-9868-57a2d4851a1d" relativeResultsDirectory="97287055-91f4-4971-aa76-0d2939c2611c" />
    <UnitTestResult executionId="7f2c2955-57d9-49e9-989d-719936d248f0" testId="81547f3b-04b6-bdd3-2565-4664ab85014b" testName="FS.GG.Coordination.GitHubIntakeTests.sealed plan has stable operation identities dependencies and exact contracts" computerName="991ca70644d4" duration="00:00:00.0535223" startTime="2026-09-01T11:01:52.0095584+02:00" endTime="2026-09-01T11:01:52.0659346+02:00" testType="13cdc9d9-ddb5-4fa4-a97d-d965ccfc6d4b" outcome="Passed" testListId="8c84fa94-04c1-424b-9868-57a2d4851a1d" relativeResultsDirectory="7f2c2955-57d9-49e9-989d-719936d248f0" />
    <UnitTestResult executionId="d0b43ad0-1f90-4e18-bd89-80273c12944b" testId="640933d9-1003-f5c9-1fd3-9af8a6fe0e6b" testName="FS.GG.Coordination.GitHubIntakeTests.validation is pure canonical and permits only five initialization families" computerName="991ca70644d4" duration="00:00:00.0015732" startTime="2026-09-01T11:01:52.0819249+02:00" endTime="2026-09-01T11:01:52.0834636+02:00" testType="13cdc9d9-ddb5-4fa4-a97d-d965ccfc6d4b" outcome="Passed" testListId="8c84fa94-04c1-424b-9868-57a2d4851a1d" relativeResultsDirectory="d0b43ad0-1f90-4e18-bd89-80273c12944b" />
  </Results>
  <TestDefinitions>
    <UnitTest name="FS.GG.Coordination.GitHubIntakeTests.inspection proves pages cursors completeness and typed failure outcomes" storage="/home/developer/projects/fs.gg.coordination-196/tests/fs.gg.coordination.architecturetests/bin/debug/net10.0/fs.gg.coordination.architecturetests.dll" id="4a25f034-05c4-485a-22da-9f654c8e04d4">
      <Execution id="a968127f-7f80-4d78-9b84-5dbe8bebd8dd" />
      <TestMethod codeBase="/home/developer/projects/FS.GG.Coordination-196/tests/FS.GG.Coordination.ArchitectureTests/bin/Debug/net10.0/FS.GG.Coordination.ArchitectureTests.dll" adapterTypeName="executor://xunit/VsTestRunner3/netcore/" className="FS.GG.Coordination.GitHubIntakeTests" name="inspection proves pages cursors completeness and typed failure outcomes" />
    </UnitTest>
    <UnitTest name="FS.GG.Coordination.GitHubIntakeTests.planning preserves every typed refusal family and repository scope" storage="/home/developer/projects/fs.gg.coordination-196/tests/fs.gg.coordination.architecturetests/bin/debug/net10.0/fs.gg.coordination.architecturetests.dll" id="3ed5b3b0-2d02-1caa-2e55-d7778df890e7">
      <Execution id="97287055-91f4-4971-aa76-0d2939c2611c" />
      <TestMethod codeBase="/home/developer/projects/FS.GG.Coordination-196/tests/FS.GG.Coordination.ArchitectureTests/bin/Debug/net10.0/FS.GG.Coordination.ArchitectureTests.dll" adapterTypeName="executor://xunit/VsTestRunner3/netcore/" className="FS.GG.Coordination.GitHubIntakeTests" name="planning preserves every typed refusal family and repository scope" />
    </UnitTest>
    <UnitTest name="FS.GG.Coordination.GitHubIntakeTests.controlled apply fences order post state and partial failures" storage="/home/developer/projects/fs.gg.coordination-196/tests/fs.gg.coordination.architecturetests/bin/debug/net10.0/fs.gg.coordination.architecturetests.dll" id="24613992-4bbf-0dd5-f343-db38bfef594f">
      <Execution id="02031533-8267-48da-a25e-fdbe0f760a70" />
      <TestMethod codeBase="/home/developer/projects/FS.GG.Coordination-196/tests/FS.GG.Coordination.ArchitectureTests/bin/Debug/net10.0/FS.GG.Coordination.ArchitectureTests.dll" adapterTypeName="executor://xunit/VsTestRunner3/netcore/" className="FS.GG.Coordination.GitHubIntakeTests" name="controlled apply fences order post state and partial failures" />
    </UnitTest>
    <UnitTest name="FS.GG.Coordination.GitHubIntakeTests.replay resume roll forward and reverse compensation require durable correspondence" storage="/home/developer/projects/fs.gg.coordination-196/tests/fs.gg.coordination.architecturetests/bin/debug/net10.0/fs.gg.coordination.architecturetests.dll" id="98ab9d6e-2939-5d09-564f-364964345e66">
      <Execution id="9f2898c4-fb28-458d-a328-fa9e8445332a" />
      <TestMethod codeBase="/home/developer/projects/FS.GG.Coordination-196/tests/FS.GG.Coordination.ArchitectureTests/bin/Debug/net10.0/FS.GG.Coordination.ArchitectureTests.dll" adapterTypeName="executor://xunit/VsTestRunner3/netcore/" className="FS.GG.Coordination.GitHubIntakeTests" name="replay resume roll forward and reverse compensation require durable correspondence" />
    </UnitTest>
    <UnitTest name="FS.GG.Coordination.GitHubIntakeTests.intake qualification inventory is independently exact" storage="/home/developer/projects/fs.gg.coordination-196/tests/fs.gg.coordination.architecturetests/bin/debug/net10.0/fs.gg.coordination.architecturetests.dll" id="fa026685-e353-c15d-bdda-719e239b56bb">
      <Execution id="c0bc3e4b-2f0a-49b9-90b3-87849c6ef62d" />
      <TestMethod codeBase="/home/developer/projects/FS.GG.Coordination-196/tests/FS.GG.Coordination.ArchitectureTests/bin/Debug/net10.0/FS.GG.Coordination.ArchitectureTests.dll" adapterTypeName="executor://xunit/VsTestRunner3/netcore/" className="FS.GG.Coordination.GitHubIntakeTests" name="intake qualification inventory is independently exact" />
    </UnitTest>
    <UnitTest name="FS.GG.Coordination.GitHubIntakeTests.sealed plan has stable operation identities dependencies and exact contracts" storage="/home/developer/projects/fs.gg.coordination-196/tests/fs.gg.coordination.architecturetests/bin/debug/net10.0/fs.gg.coordination.architecturetests.dll" id="81547f3b-04b6-bdd3-2565-4664ab85014b">
      <Execution id="7f2c2955-57d9-49e9-989d-719936d248f0" />
      <TestMethod codeBase="/home/developer/projects/FS.GG.Coordination-196/tests/FS.GG.Coordination.ArchitectureTests/bin/Debug/net10.0/FS.GG.Coordination.ArchitectureTests.dll" adapterTypeName="executor://xunit/VsTestRunner3/netcore/" className="FS.GG.Coordination.GitHubIntakeTests" name="sealed plan has stable operation identities dependencies and exact contracts" />
    </UnitTest>
    <UnitTest name="FS.GG.Coordination.GitHubIntakeTests.validation is pure canonical and permits only five initialization families" storage="/home/developer/projects/fs.gg.coordination-196/tests/fs.gg.coordination.architecturetests/bin/debug/net10.0/fs.gg.coordination.architecturetests.dll" id="640933d9-1003-f5c9-1fd3-9af8a6fe0e6b">
      <Execution id="d0b43ad0-1f90-4e18-bd89-80273c12944b" />
      <TestMethod codeBase="/home/developer/projects/FS.GG.Coordination-196/tests/FS.GG.Coordination.ArchitectureTests/bin/Debug/net10.0/FS.GG.Coordination.ArchitectureTests.dll" adapterTypeName="executor://xunit/VsTestRunner3/netcore/" className="FS.GG.Coordination.GitHubIntakeTests" name="validation is pure canonical and permits only five initialization families" />
    </UnitTest>
    <UnitTest name="FS.GG.Coordination.GitHubIntakeArchitectureTests.registered intake gate runs cold and offline" storage="/home/developer/projects/fs.gg.coordination-196/tests/fs.gg.coordination.architecturetests/bin/debug/net10.0/fs.gg.coordination.architecturetests.dll" id="bf319a7d-9805-3b1d-0e76-85cdcb48f07e">
      <Execution id="4722a178-1e82-42a8-88f6-9b099e427a66" />
      <TestMethod codeBase="/home/developer/projects/FS.GG.Coordination-196/tests/FS.GG.Coordination.ArchitectureTests/bin/Debug/net10.0/FS.GG.Coordination.ArchitectureTests.dll" adapterTypeName="executor://xunit/VsTestRunner3/netcore/" className="FS.GG.Coordination.GitHubIntakeArchitectureTests" name="registered intake gate runs cold and offline" />
    </UnitTest>
    <UnitTest name="FS.GG.Coordination.GitHubIntakeArchitectureTests.intake fixture inventory is canonical and independently owned" storage="/home/developer/projects/fs.gg.coordination-196/tests/fs.gg.coordination.architecturetests/bin/debug/net10.0/fs.gg.coordination.architecturetests.dll" id="0616598c-afe3-151e-377b-805ca91a78cd">
      <Execution id="6d6687bb-bdfa-4667-a7f7-3f5b8e8b2fdc" />
      <TestMethod codeBase="/home/developer/projects/FS.GG.Coordination-196/tests/FS.GG.Coordination.ArchitectureTests/bin/Debug/net10.0/FS.GG.Coordination.ArchitectureTests.dll" adapterTypeName="executor://xunit/VsTestRunner3/netcore/" className="FS.GG.Coordination.GitHubIntakeArchitectureTests" name="intake fixture inventory is canonical and independently owned" />
    </UnitTest>
    <UnitTest name="FS.GG.Coordination.GitHubIntakeArchitectureTests.intake boundary is signature first and contains no production transport" storage="/home/developer/projects/fs.gg.coordination-196/tests/fs.gg.coordination.architecturetests/bin/debug/net10.0/fs.gg.coordination.architecturetests.dll" id="279e8ecc-71ee-e38b-ab32-965e7fda4732">
      <Execution id="4022babe-c4d6-4926-a4e1-c91956d6085b" />
      <TestMethod codeBase="/home/developer/projects/FS.GG.Coordination-196/tests/FS.GG.Coordination.ArchitectureTests/bin/Debug/net10.0/FS.GG.Coordination.ArchitectureTests.dll" adapterTypeName="executor://xunit/VsTestRunner3/netcore/" className="FS.GG.Coordination.GitHubIntakeArchitectureTests" name="intake boundary is signature first and contains no production transport" />
    </UnitTest>
  </TestDefinitions>
  <TestEntries>
    <TestEntry testId="4a25f034-05c4-485a-22da-9f654c8e04d4" executionId="a968127f-7f80-4d78-9b84-5dbe8bebd8dd" testListId="8c84fa94-04c1-424b-9868-57a2d4851a1d" />
    <TestEntry testId="24613992-4bbf-0dd5-f343-db38bfef594f" executionId="02031533-8267-48da-a25e-fdbe0f760a70" testListId="8c84fa94-04c1-424b-9868-57a2d4851a1d" />
    <TestEntry testId="bf319a7d-9805-3b1d-0e76-85cdcb48f07e" executionId="4722a178-1e82-42a8-88f6-9b099e427a66" testListId="8c84fa94-04c1-424b-9868-57a2d4851a1d" />
    <TestEntry testId="98ab9d6e-2939-5d09-564f-364964345e66" executionId="9f2898c4-fb28-458d-a328-fa9e8445332a" testListId="8c84fa94-04c1-424b-9868-57a2d4851a1d" />
    <TestEntry testId="fa026685-e353-c15d-bdda-719e239b56bb" executionId="c0bc3e4b-2f0a-49b9-90b3-87849c6ef62d" testListId="8c84fa94-04c1-424b-9868-57a2d4851a1d" />
    <TestEntry testId="279e8ecc-71ee-e38b-ab32-965e7fda4732" executionId="4022babe-c4d6-4926-a4e1-c91956d6085b" testListId="8c84fa94-04c1-424b-9868-57a2d4851a1d" />
    <TestEntry testId="0616598c-afe3-151e-377b-805ca91a78cd" executionId="6d6687bb-bdfa-4667-a7f7-3f5b8e8b2fdc" testListId="8c84fa94-04c1-424b-9868-57a2d4851a1d" />
    <TestEntry testId="3ed5b3b0-2d02-1caa-2e55-d7778df890e7" executionId="97287055-91f4-4971-aa76-0d2939c2611c" testListId="8c84fa94-04c1-424b-9868-57a2d4851a1d" />
    <TestEntry testId="81547f3b-04b6-bdd3-2565-4664ab85014b" executionId="7f2c2955-57d9-49e9-989d-719936d248f0" testListId="8c84fa94-04c1-424b-9868-57a2d4851a1d" />
    <TestEntry testId="640933d9-1003-f5c9-1fd3-9af8a6fe0e6b" executionId="d0b43ad0-1f90-4e18-bd89-80273c12944b" testListId="8c84fa94-04c1-424b-9868-57a2d4851a1d" />
  </TestEntries>
  <TestLists>
    <TestList name="Results Not in a List" id="8c84fa94-04c1-424b-9868-57a2d4851a1d" />
    <TestList name="All Loaded Results" id="19431567-8539-422a-85d7-44ee4e166bda" />
  </TestLists>
  <ResultSummary outcome="Completed">
    <Counters total="10" executed="10" passed="10" failed="0" error="0" timeout="0" aborted="0" inconclusive="0" passedButRunAborted="0" notRunnable="0" notExecuted="0" disconnected="0" warning="0" completed="0" inProgress="0" pending="0" />
    <Output>
      <StdOut>[xUnit.net 00:00:00.00] xUnit.net VSTest Adapter v3.1.5+1b188a7b0a (64-bit .NET 10.0.11)
[xUnit.net 00:00:00.05]   Discovering: FS.GG.Coordination.ArchitectureTests
[xUnit.net 00:00:00.10]   Discovered:  FS.GG.Coordination.ArchitectureTests
[xUnit.net 00:00:00.12]   Starting:    FS.GG.Coordination.ArchitectureTests
[xUnit.net 00:00:01.67]   Finished:    FS.GG.Coordination.ArchitectureTests
</StdOut>
    </Output>
  </ResultSummary>
</TestRun>