<?xml version="1.0" encoding="utf-8"?>
<TestRun id="c543cc30-7874-4bb7-b17b-d4326368aac0" name="@991ca70644d4 2026-09-01 10:54:09" xmlns="http://microsoft.com/schemas/VisualStudio/TeamTest/2010">
  <Times creation="2026-09-01T10:54:09.6380520+02:00" queuing="2026-09-01T10:54:09.6380520+02:00" start="2026-09-01T10:54:09.3089299+02:00" finish="2026-09-01T10:54:09.8432573+02:00" />
  <TestSettings name="default" id="b9c9fb84-a2c5-4864-93cc-f7729033527d">
    <Deployment runDeploymentRoot="_991ca70644d4_2026-09-01_10_54_09" />
  </TestSettings>
  <Results>
    <UnitTestResult executionId="f64f7f18-2509-45f6-a939-17d1025776f2" testId="5a296b85-fafd-bfe0-cd25-1c34f4b414bb" testName="FS.GG.Coordination.GitHubRepositorySettingsTests.observation binds exact identity complete pagination and digest" computerName="991ca70644d4" duration="00:00:00.0011220" startTime="2026-09-01T10:54:09.6504753+02:00" endTime="2026-09-01T10:54:09.6514301+02:00" testType="13cdc9d9-ddb5-4fa4-a97d-d965ccfc6d4b" outcome="Passed" testListId="8c84fa94-04c1-424b-9868-57a2d4851a1d" relativeResultsDirectory="f64f7f18-2509-45f6-a939-17d1025776f2" />
    <UnitTestResult executionId="e90fd1f2-3079-4f1b-bc5a-ef9394b806b4" testId="dba848b9-fd6f-8cd1-9530-478b4c0d4aa7" testName="FS.GG.Coordination.QualificationManifestTests.semantic input changes manifest identity" computerName="991ca70644d4" duration="00:00:00.0018007" startTime="2026-09-01T10:54:09.8029591+02:00" endTime="2026-09-01T10:54:09.8047217+02:00" testType="13cdc9d9-ddb5-4fa4-a97d-d965ccfc6d4b" outcome="Passed" testListId="8c84fa94-04c1-424b-9868-57a2d4851a1d" relativeResultsDirectory="e90fd1f2-3079-4f1b-bc5a-ef9394b806b4" />
    <UnitTestResult executionId="a478ea18-0a9a-4d95-be33-26bbe5fa9033" testId="de2533a6-ed70-63c9-3789-a8faee796d5d" testName="FS.GG.Coordination.GitHubShardedJournalTests.protection binds exact repository rulesets target and bypass split" computerName="991ca70644d4" duration="00:00:00.0034714" startTime="2026-09-01T10:54:09.6440721+02:00" endTime="2026-09-01T10:54:09.6474466+02:00" testType="13cdc9d9-ddb5-4fa4-a97d-d965ccfc6d4b" outcome="Passed" testListId="8c84fa94-04c1-424b-9868-57a2d4851a1d" relativeResultsDirectory="a478ea18-0a9a-4d95-be33-26bbe5fa9033" />
    <UnitTestResult executionId="f3506ba5-0365-4f43-be35-2a1e1dc0505a" testId="55045b65-427f-d4f9-98ee-3bd2668df296" testName="FS.GG.Coordination.UnitTests.generated protocol contract exposes stable profile-2 identities" computerName="991ca70644d4" duration="00:00:00.0629408" startTime="2026-09-01T10:54:09.6272694+02:00" endTime="2026-09-01T10:54:09.6723520+02:00" testType="13cdc9d9-ddb5-4fa4-a97d-d965ccfc6d4b" outcome="Passed" testListId="8c84fa94-04c1-424b-9868-57a2d4851a1d" relativeResultsDirectory="f3506ba5-0365-4f43-be35-2a1e1dc0505a" />
    <UnitTestResult executionId="55921045-e984-4d09-a760-af730c279d84" testId="d3cd4303-01d6-7feb-d596-2e241121b5d7" testName="FS.GG.Coordination.UnitTests.protocol boundary has a stable initial identity" computerName="991ca70644d4" duration="00:00:00.0012041" startTime="2026-09-01T10:54:09.6730073+02:00" endTime="2026-09-01T10:54:09.6741812+02:00" testType="13cdc9d9-ddb5-4fa4-a97d-d965ccfc6d4b" outcome="Passed" testListId="8c84fa94-04c1-424b-9868-57a2d4851a1d" relativeResultsDirectory="55921045-e984-4d09-a760-af730c279d84" />
    <UnitTestResult executionId="d4b0285e-3a37-494a-88e8-d0688f0213b8" testId="a7158601-de91-7712-e5fb-4224343c3bfb" testName="FS.GG.Coordination.GitHubIntakeTests.inspection proves pages cursors completeness and typed failure outcomes" computerName="991ca70644d4" duration="00:00:00.0019804" startTime="2026-09-01T10:54:09.6716382+02:00" endTime="2026-09-01T10:54:09.6735858+02:00" testType="13cdc9d9-ddb5-4fa4-a97d-d965ccfc6d4b" outcome="Passed" testListId="8c84fa94-04c1-424b-9868-57a2d4851a1d" relativeResultsDirectory="d4b0285e-3a37-494a-88e8-d0688f0213b8" />
    <UnitTestResult executionId="1a632451-4d69-46fb-8fbf-70cc57786cba" testId="96d0a3f6-0243-2c4d-0d2d-6e36cb59bca9" testName="FS.GG.Coordination.QualificationManifestTests.resealed truncation of every closed inventory remains red" computerName="991ca70644d4" duration="00:00:00.0153749" startTime="2026-09-01T10:54:09.6622057+02:00" endTime="2026-09-01T10:54:09.6775278+02:00" testType="13cdc9d9-ddb5-4fa4-a97d-d965ccfc6d4b" outcome="Passed" testListId="8c84fa94-04c1-424b-9868-57a2d4851a1d" relativeResultsDirectory="1a632451-4d69-46fb-8fbf-70cc57786cba" />
    <UnitTestResult executionId="d165beca-6fe0-4535-bde8-71b29462c19b" testId="68faa4e3-e33a-6efa-9acf-29058e162f68" testName="FS.GG.Coordination.GitHubIntakeTests.intake qualification inventory is independently exact" computerName="991ca70644d4" duration="00:00:00.0017075" startTime="2026-09-01T10:54:09.6538861+02:00" endTime="2026-09-01T10:54:09.6555560+02:00" testType="13cdc9d9-ddb5-4fa4-a97d-d965ccfc6d4b" outcome="Passed" testListId="8c84fa94-04c1-424b-9868-57a2d4851a1d" relativeResultsDirectory="d165beca-6fe0-4535-bde8-71b29462c19b" />
    <UnitTestResult executionId="95fa4e4d-68d9-409d-a031-babc634058e1" testId="f8209350-7aee-804a-8dfc-17d347f0f2f0" testName="FS.GG.Coordination.GitHubNativeRelationTests.complete reads require a contiguous terminal page chain and sort all edges" computerName="991ca70644d4" duration="00:00:00.0007540" startTime="2026-09-01T10:54:09.6321080+02:00" endTime="2026-09-01T10:54:09.6321954+02:00" testType="13cdc9d9-ddb5-4fa4-a97d-d965ccfc6d4b" outcome="Passed" testListId="8c84fa94-04c1-424b-9868-57a2d4851a1d" relativeResultsDirectory="95fa4e4d-68d9-409d-a031-babc634058e1" />
    <UnitTestResult executionId="fdfdace1-b35a-4b74-a5bf-4948214c1bc7" testId="18b26f84-2188-64f2-4f9a-9ab639b42f9d" testName="FS.GG.Coordination.GitHubProjectAdapterTests.membership planning is deterministic idempotent typed for no-ops and blocks archived items" computerName="991ca70644d4" duration="00:00:00.0229861" startTime="2026-09-01T10:54:09.5896623+02:00" endTime="2026-09-01T10:54:09.6277182+02:00" testType="13cdc9d9-ddb5-4fa4-a97d-d965ccfc6d4b" outcome="Passed" testListId="8c84fa94-04c1-424b-9868-57a2d4851a1d" relativeResultsDirectory="fdfdace1-b35a-4b74-a5bf-4948214c1bc7" />
    <UnitTestResult executionId="1697cf82-9fe3-431e-82c3-9c2f2ec28248" testId="00e743bc-27bd-66df-6e4f-3908d69690e5" testName="FS.GG.Coordination.GitHubTransportTests.fixture projection is stable allow-listed and leak rejecting" computerName="991ca70644d4" duration="00:00:00.0089979" startTime="2026-09-01T10:54:09.6408712+02:00" endTime="2026-09-01T10:54:09.6417976+02:00" testType="13cdc9d9-ddb5-4fa4-a97d-d965ccfc6d4b" outcome="Passed" testListId="8c84fa94-04c1-424b-9868-57a2d4851a1d" relativeResultsDirectory="1697cf82-9fe3-431e-82c3-9c2f2ec28248" />
    <UnitTestResult executionId="051d85e9-27df-4f3f-9fcb-5bf72e364791" testId="52ea0405-1c70-99fb-e9be-12121b624b4e" testName="FS.GG.Coordination.GitHubProjectAdapterTests.Status planning validates options and produces mutation-free no-ops" computerName="991ca70644d4" duration="00:00:00.0097112" startTime="2026-09-01T10:54:09.6281488+02:00" endTime="2026-09-01T10:54:09.6297906+02:00" testType="13cdc9d9-ddb5-4fa4-a97d-d965ccfc6d4b" outcome="Passed" testListId="8c84fa94-04c1-424b-9868-57a2d4851a1d" relativeResultsDirectory="051d85e9-27df-4f3f-9fcb-5bf72e364791" />
    <UnitTestResult executionId="cf647728-abf1-4c95-be9d-890fa8e4a226" testId="e43369eb-7d4d-f9be-76ad-70e1691d2209" testName="FS.GG.Coordination.GitHubNativeRelationTests.reads preserve refusals and reject duplicate self and wrong-kind edges" computerName="991ca70644d4" duration="00:00:00.0031547" startTime="2026-09-01T10:54:09.6276946+02:00" endTime="2026-09-01T10:54:09.6283255+02:00" testType="13cdc9d9-ddb5-4fa4-a97d-d965ccfc6d4b" outcome="Passed" testListId="8c84fa94-04c1-424b-9868-57a2d4851a1d" relativeResultsDirectory="cf647728-abf1-4c95-be9d-890fa8e4a226" />
    <UnitTestResult executionId="8ba8ff8b-64c2-4764-96ba-54399c17bec6" testId="f48c0cab-589c-7761-3c61-b936f176f7a8" testName="FS.GG.Coordination.GitHubIntakeTests.planning preserves every typed refusal family and repository scope" computerName="991ca70644d4" duration="00:00:00.0632410" startTime="2026-09-01T10:54:09.5911341+02:00" endTime="2026-09-01T10:54:09.6538227+02:00" testType="13cdc9d9-ddb5-4fa4-a97d-d965ccfc6d4b" outcome="Passed" testListId="8c84fa94-04c1-424b-9868-57a2d4851a1d" relativeResultsDirectory="8ba8ff8b-64c2-4764-96ba-54399c17bec6" />
    <UnitTestResult executionId="b19563de-1222-4ce0-bb3d-d1dd752a2983" testId="198214af-b787-992f-c99b-52a3437edaa3" testName="FS.GG.Coordination.GitHubIssueFieldTests.planning refuses stale incomplete and ambiguous authority" computerName="991ca70644d4" duration="00:00:00.0049061" startTime="2026-09-01T10:54:09.6295886+02:00" endTime="2026-09-01T10:54:09.6307404+02:00" testType="13cdc9d9-ddb5-4fa4-a97d-d965ccfc6d4b" outcome="Passed" testListId="8c84fa94-04c1-424b-9868-57a2d4851a1d" relativeResultsDirectory="b19563de-1222-4ce0-bb3d-d1dd752a2983" />
    <UnitTestResult executionId="a7dd7876-9133-4ce9-af7c-9c00a73710b1" testId="f61e8cb7-ae05-9d23-1451-f643359075aa" testName="FS.GG.Coordination.GitHubActionsReleaseFeedTests.attestationPackageAndSecretCoordinatesAreExact" computerName="991ca70644d4" duration="00:00:00.0341809" startTime="2026-09-01T10:54:09.5905374+02:00" endTime="2026-09-01T10:54:09.6304818+02:00" testType="13cdc9d9-ddb5-4fa4-a97d-d965ccfc6d4b" outcome="Passed" testListId="8c84fa94-04c1-424b-9868-57a2d4851a1d" relativeResultsDirectory="a7dd7876-9133-4ce9-af7c-9c00a73710b1" />
    <UnitTestResult executionId="5817b745-664f-4d6f-8db5-be38ecf0041a" testId="7d64b838-8c5c-7918-f40d-6e360ef36539" testName="FS.GG.Coordination.GitHubTransportTests.REST Link parsing preserves next relation and rejects ambiguous mapping" computerName="991ca70644d4" duration="00:00:00.0136661" startTime="2026-09-01T10:54:09.5905645+02:00" endTime="2026-09-01T10:54:09.6099099+02:00" testType="13cdc9d9-ddb5-4fa4-a97d-d965ccfc6d4b" outcome="Passed" testListId="8c84fa94-04c1-424b-9868-57a2d4851a1d" relativeResultsDirectory="5817b745-664f-4d6f-8db5-be38ecf0041a" />
    <UnitTestResult executionId="65c8cf61-d1c9-4c21-864a-d4b8e1d8e0b3" testId="43d13dcf-0a86-d1b2-717a-a104a049098b" testName="FS.GG.Coordination.GitHubIntakeTests.replay resume roll forward and reverse compensation require durable correspondence" computerName="991ca70644d4" duration="00:00:00.0139366" startTime="2026-09-01T10:54:09.6556125+02:00" endTime="2026-09-01T10:54:09.6695635+02:00" testType="13cdc9d9-ddb5-4fa4-a97d-d965ccfc6d4b" outcome="Passed" testListId="8c84fa94-04c1-424b-9868-57a2d4851a1d" relativeResultsDirectory="65c8cf61-d1c9-4c21-864a-d4b8e1d8e0b3" />
    <UnitTestResult executionId="b3522eea-27c8-457d-88f6-21d8af04a1e2" testId="dbd8751f-20b8-ab54-bf07-8c06ca0b7bd7" testName="FS.GG.Coordination.GitHubShardedJournalTests.aggregate addresses are lowercase length-prefixed sharded and protected" computerName="991ca70644d4" duration="00:00:00.0141008" startTime="2026-09-01T10:54:09.5910308+02:00" endTime="2026-09-01T10:54:09.6177537+02:00" testType="13cdc9d9-ddb5-4fa4-a97d-d965ccfc6d4b" outcome="Passed" testListId="8c84fa94-04c1-424b-9868-57a2d4851a1d" relativeResultsDirectory="b3522eea-27c8-457d-88f6-21d8af04a1e2" />
    <UnitTestResult executionId="9d5d59e8-a9a5-4e12-8256-d9094250bf78" testId="d9d15056-37d3-c7b8-96ab-5ccd94ebe60b" testName="FS.GG.Coordination.GitHubProjectAdapterTests.Project qualification inventory is exact and every mutation must turn red" computerName="991ca70644d4" duration="00:00:00.0026365" startTime="2026-09-01T10:54:09.6468482+02:00" endTime="2026-09-01T10:54:09.6494001+02:00" testType="13cdc9d9-ddb5-4fa4-a97d-d965ccfc6d4b" outcome="Passed" testListId="8c84fa94-04c1-424b-9868-57a2d4851a1d" relativeResultsDirectory="9d5d59e8-a9a5-4e12-8256-d9094250bf78" />
    <UnitTestResult executionId="ad8e0dbe-fae0-463b-95d2-1d06e1a5bf06" testId="a1d1aaed-d8a1-c06c-bf6e-2522073eff5b" testName="FS.GG.Coordination.GitHubIssueFieldTests.idempotency identities use unambiguous length-prefixed opaque values" computerName="991ca70644d4" duration="00:00:00.0008302" startTime="2026-09-01T10:54:09.6338451+02:00" endTime="2026-09-01T10:54:09.6406385+02:00" testType="13cdc9d9-ddb5-4fa4-a97d-d965ccfc6d4b" outcome="Passed" testListId="8c84fa94-04c1-424b-9868-57a2d4851a1d" relativeResultsDirectory="ad8e0dbe-fae0-463b-95d2-1d06e1a5bf06" />
    <UnitTestResult executionId="10e48e92-8747-4798-999d-8825f8ffee24" testId="a0dc49f4-25da-4758-6d0c-fe5a20113682" testName="FS.GG.Coordination.WorkTaxonomyTests.already native rows are explicit no ops and native authority rejects contradiction" computerName="991ca70644d4" duration="00:00:00.0121841" startTime="2026-09-01T10:54:09.6268751+02:00" endTime="2026-09-01T10:54:09.6286061+02:00" testType="13cdc9d9-ddb5-4fa4-a97d-d965ccfc6d4b" outcome="Passed" testListId="8c84fa94-04c1-424b-9868-57a2d4851a1d" relativeResultsDirectory="10e48e92-8747-4798-999d-8825f8ffee24" />
    <UnitTestResult executionId="d1f816e1-562e-473a-aca3-838d94d97678" testId="b998af87-0cf0-728f-702d-6bbf6e3903c0" testName="FS.GG.Coordination.CritiqueEvidenceTests.absent stale duplicate forged truncated and prose only bundles are red" computerName="991ca70644d4" duration="00:00:00.0146033" startTime="2026-09-01T10:54:09.6274876+02:00" endTime="2026-09-01T10:54:09.6305492+02:00" testType="13cdc9d9-ddb5-4fa4-a97d-d965ccfc6d4b" outcome="Passed" testListId="8c84fa94-04c1-424b-9868-57a2d4851a1d" relativeResultsDirectory="d1f816e1-562e-473a-aca3-838d94d97678" />
    <UnitTestResult executionId="f76d621e-3398-4df1-a112-647ac7099684" testId="539df7da-8265-453e-29c0-d88d53988cf5" testName="FS.GG.Coordination.GitHubSandboxClosureTests.qualificationInventoryRequiresEveryIndependentControl" computerName="991ca70644d4" duration="00:00:00.0033729" startTime="2026-09-01T10:54:09.6425759+02:00" endTime="2026-09-01T10:54:09.6460984+02:00" testType="13cdc9d9-ddb5-4fa4-a97d-d965ccfc6d4b" outcome="Passed" testListId="8c84fa94-04c1-424b-9868-57a2d4851a1d" relativeResultsDirectory="f76d621e-3398-4df1-a112-647ac7099684" />
    <UnitTestResult executionId="f642eb00-27df-404b-8b6d-163a1ad2d39a" testId="082f8a1f-a7c1-c72b-5dad-655e3fa08b89" testName="FS.GG.Coordination.GitHubCommentProjectionTests.canonical marker parsing and durable authority trust reject malformed tampered edited and deleted projections distinctly" computerName="991ca70644d4" duration="00:00:00.0026038" startTime="2026-09-01T10:54:09.6458499+02:00" endTime="2026-09-01T10:54:09.6483611+02:00" testType="13cdc9d9-ddb5-4fa4-a97d-d965ccfc6d4b" outcome="Passed" testListId="8c84fa94-04c1-424b-9868-57a2d4851a1d" relativeResultsDirectory="f642eb00-27df-404b-8b6d-163a1ad2d39a" />
    <UnitTestResult executionId="63b53a65-0e7c-4bde-9040-75f83c7033ce" testId="af634480-f99a-44a3-5b8d-9cf3e90e0b48" testName="FS.GG.Coordination.UnitTests.altered published Quint kernel manifest is refused by digest and identity" computerName="991ca70644d4" duration="00:00:00.0039518" startTime="2026-09-01T10:54:09.6268988+02:00" endTime="2026-09-01T10:54:09.6271167+02:00" testType="13cdc9d9-ddb5-4fa4-a97d-d965ccfc6d4b" outcome="Passed" testListId="8c84fa94-04c1-424b-9868-57a2d4851a1d" relativeResultsDirectory="63b53a65-0e7c-4bde-9040-75f83c7033ce" />
    <UnitTestResult executionId="c7ec7511-4d73-4749-80e7-c0c1e20ae12a" testId="6ef5f56e-5e52-caf3-d938-79766dae7f56" testName="FS.GG.Coordination.GitHubProjectAdapterTests.Status reread and post-state verification require exact projection delta and advanced revision" computerName="991ca70644d4" duration="00:00:00.0101441" startTime="2026-09-01T10:54:09.6339046+02:00" endTime="2026-09-01T10:54:09.6418827+02:00" testType="13cdc9d9-ddb5-4fa4-a97d-d965ccfc6d4b" outcome="Passed" testListId="8c84fa94-04c1-424b-9868-57a2d4851a1d" relativeResultsDirectory="c7ec7511-4d73-4749-80e7-c0c1e20ae12a" />
    <UnitTestResult executionId="0b66f847-74b8-48d2-8b6e-7abbe92bd5dc" testId="c61c2d27-b327-145e-c832-c1074d62e1dd" testName="FS.GG.Coordination.GitHubRepositorySettingsTests.reconciliation verifies only exact poststate and classifies partial repair" computerName="991ca70644d4" duration="00:00:00.0546582" startTime="2026-09-01T10:54:09.5905207+02:00" endTime="2026-09-01T10:54:09.6452038+02:00" testType="13cdc9d9-ddb5-4fa4-a97d-d965ccfc6d4b" outcome="Passed" testListId="8c84fa94-04c1-424b-9868-57a2d4851a1d" relativeResultsDirectory="0b66f847-74b8-48d2-8b6e-7abbe92bd5dc" />
    <UnitTestResult executionId="40982dcb-21e0-43d1-b02e-1e638140fad2" testId="9c5b0143-0c78-0360-20de-5bcde8070ba6" testName="FS.GG.Coordination.GitHubSandboxClosureTests.exactPlanAndClosureValidate" computerName="991ca70644d4" duration="00:00:00.0091314" startTime="2026-09-01T10:54:09.6409496+02:00" endTime="2026-09-01T10:54:09.6424948+02:00" testType="13cdc9d9-ddb5-4fa4-a97d-d965ccfc6d4b" outcome="Passed" testListId="8c84fa94-04c1-424b-9868-57a2d4851a1d" relativeResultsDirectory="40982dcb-21e0-43d1-b02e-1e638140fad2" />
    <UnitTestResult executionId="807a488d-62fe-4f4d-b35e-8d8b5156a2eb" testId="0096c3b1-7ef2-465b-b28a-62bfbf61f789" testName="FS.GG.Coordination.CritiqueEvidenceTests.five perspectives generate one canonical derived green rollup" computerName="991ca70644d4" duration="00:00:00.0018547" startTime="2026-09-01T10:54:09.6307029+02:00" endTime="2026-09-01T10:54:09.6311104+02:00" testType="13cdc9d9-ddb5-4fa4-a97d-d965ccfc6d4b" outcome="Passed" testListId="8c84fa94-04c1-424b-9868-57a2d4851a1d" relativeResultsDirectory="807a488d-62fe-4f4d-b35e-8d8b5156a2eb" />
    <UnitTestResult executionId="a31a6afa-1a6f-4a58-82c9-62dbe0841eac" testId="e4b15f3a-1ed7-cb06-8ab8-95f0cc87ccf1" testName="FS.GG.Coordination.GitHubShardedJournalTests.journal qualification inventory is closed and every mutation must be red" computerName="991ca70644d4" duration="00:00:00.0018662" startTime="2026-09-01T10:54:09.6513654+02:00" endTime="2026-09-01T10:54:09.6531594+02:00" testType="13cdc9d9-ddb5-4fa4-a97d-d965ccfc6d4b" outcome="Passed" testListId="8c84fa94-04c1-424b-9868-57a2d4851a1d" relativeResultsDirectory="a31a6afa-1a6f-4a58-82c9-62dbe0841eac" />
    <UnitTestResult executionId="db7ea2dd-69ea-442a-ae4a-521707c6650d" testId="c88b8c8c-bb7b-6989-12d8-d78486adb75e" testName="FS.GG.Coordination.GitHubRepositorySettingsTests.planning is minimal stable digest bound and least privilege" computerName="991ca70644d4" duration="00:00:00.0013457" startTime="2026-09-01T10:54:09.6452946+02:00" endTime="2026-09-01T10:54:09.6465919+02:00" testType="13cdc9d9-ddb5-4fa4-a97d-d965ccfc6d4b" outcome="Passed" testListId="8c84fa94-04c1-424b-9868-57a2d4851a1d" relativeResultsDirectory="db7ea2dd-69ea-442a-ae4a-521707c6650d" />
    <UnitTestResult executionId="cbb29b2f-29f9-4f91-88c4-1334a5ade5b7" testId="0278831f-de33-3620-02c8-05a10930a728" testName="FS.GG.Coordination.GitHubIssueFieldTests.field validation enforces type and an exact closed option set" computerName="991ca70644d4" duration="00:00:00.0150557" startTime="2026-09-01T10:54:09.6270957+02:00" endTime="2026-09-01T10:54:09.6294497+02:00" testType="13cdc9d9-ddb5-4fa4-a97d-d965ccfc6d4b" outcome="Passed" testListId="8c84fa94-04c1-424b-9868-57a2d4851a1d" relativeResultsDirectory="cbb29b2f-29f9-4f91-88c4-1334a5ade5b7" />
    <UnitTestResult executionId="3055ad13-a968-40e2-a0a8-54ba959c1463" testId="1840b241-3f6a-fe41-841d-d3fe8027aa6a" testName="FS.GG.Coordination.GitHubIssueFieldTests.identity ambiguity and duplicate live ids fail closed" computerName="991ca70644d4" duration="00:00:00.0008595" startTime="2026-09-01T10:54:09.6420190+02:00" endTime="2026-09-01T10:54:09.6428147+02:00" testType="13cdc9d9-ddb5-4fa4-a97d-d965ccfc6d4b" outcome="Passed" testListId="8c84fa94-04c1-424b-9868-57a2d4851a1d" relativeResultsDirectory="3055ad13-a968-40e2-a0a8-54ba959c1463" />
    <UnitTestResult executionId="65f8d459-dedd-4ca6-949f-174ba86dedbe" testId="d7872e2d-f53e-d344-3042-f7681a4789db" testName="FS.GG.Coordination.UnitTests.qualification contracts carry a typed result" computerName="991ca70644d4" duration="00:00:00.0001961" startTime="2026-09-01T10:54:09.6742480+02:00" endTime="2026-09-01T10:54:09.6743981+02:00" testType="13cdc9d9-ddb5-4fa4-a97d-d965ccfc6d4b" outcome="Passed" testListId="8c84fa94-04c1-424b-9868-57a2d4851a1d" relativeResultsDirectory="65f8d459-dedd-4ca6-949f-174ba86dedbe" />
    <UnitTestResult executionId="92aa676b-1760-4c32-b801-712dd9d5760b" testId="8b9f3e93-161c-b466-0cee-c90413ff4920" testName="FS.GG.Coordination.GitHubCommentProjectionTests.mandatory reread and exact post-state verification refuse stale authority and unrelated change" computerName="991ca70644d4" duration="00:00:00.0154039" startTime="2026-09-01T10:54:09.6285907+02:00" endTime="2026-09-01T10:54:09.6338832+02:00" testType="13cdc9d9-ddb5-4fa4-a97d-d965ccfc6d4b" outcome="Passed" testListId="8c84fa94-04c1-424b-9868-57a2d4851a1d" relativeResultsDirectory="92aa676b-1760-4c32-b801-712dd9d5760b" />
    <UnitTestResult executionId="e5bff1c9-5253-4866-b4e8-2a3337423d8e" testId="5397bb41-7758-caf1-b9ff-104079f7580d" testName="FS.GG.Coordination.GitHubRepositorySettingsTests.partial observations stale revisions unsupported desired and secret values fail closed" computerName="991ca70644d4" duration="00:00:00.0011346" startTime="2026-09-01T10:54:09.6491779+02:00" endTime="2026-09-01T10:54:09.6502820+02:00" testType="13cdc9d9-ddb5-4fa4-a97d-d965ccfc6d4b" outcome="Passed" testListId="8c84fa94-04c1-424b-9868-57a2d4851a1d" relativeResultsDirectory="e5bff1c9-5253-4866-b4e8-2a3337423d8e" />
    <UnitTestResult executionId="103a8a98-2775-4b1f-abfa-f9b57aada3df" testId="3d8afe67-bce1-6359-953b-f2a317cd79b4" testName="FS.GG.Coordination.OrganizationIssueFieldsTests.all registered refusal families are stable and corpus plans all or nothing" computerName="991ca70644d4" duration="00:00:00.0227967" startTime="2026-09-01T10:54:09.6303084+02:00" endTime="2026-09-01T10:54:09.6461823+02:00" testType="13cdc9d9-ddb5-4fa4-a97d-d965ccfc6d4b" outcome="Passed" testListId="8c84fa94-04c1-424b-9868-57a2d4851a1d" relativeResultsDirectory="103a8a98-2775-4b1f-abfa-f9b57aada3df" />
    <UnitTestResult executionId="54349a68-1dcc-41ca-b929-660d8697b193" testId="cb570e71-d08c-70d1-a140-e9bb092c96b7" testName="FS.GG.Coordination.GitHubActionsReleaseFeedTests.servedBytesBindRedirectsAndRetrievalClass" computerName="991ca70644d4" duration="00:00:00.0038906" startTime="2026-09-01T10:54:09.6460834+02:00" endTime="2026-09-01T10:54:09.6497702+02:00" testType="13cdc9d9-ddb5-4fa4-a97d-d965ccfc6d4b" outcome="Passed" testListId="8c84fa94-04c1-424b-9868-57a2d4851a1d" relativeResultsDirectory="54349a68-1dcc-41ca-b929-660d8697b193" />
    <UnitTestResult executionId="4ad12cef-8434-4e8a-aa3c-7d3a11709155" testId="5b79c6fd-1996-1f30-4e35-657124431b55" testName="FS.GG.Coordination.GitHubActionsReleaseFeedTests.attemptPaginationAndAvailabilityFailClosed" computerName="991ca70644d4" duration="00:00:00.0022769" startTime="2026-09-01T10:54:09.6315328+02:00" endTime="2026-09-01T10:54:09.6322434+02:00" testType="13cdc9d9-ddb5-4fa4-a97d-d965ccfc6d4b" outcome="Passed" testListId="8c84fa94-04c1-424b-9868-57a2d4851a1d" relativeResultsDirectory="4ad12cef-8434-4e8a-aa3c-7d3a11709155" />
    <UnitTestResult executionId="2d748e30-8936-4b9f-8c8d-3bd2d1bece36" testId="5404cb40-c077-ba10-abb0-b8fc4a1e11c5" testName="FS.GG.Coordination.GitHubIssueFieldTests.semantic identity resolves every supported kind only from a unique complete observation" computerName="991ca70644d4" duration="00:00:00.0093220" startTime="2026-09-01T10:54:09.6407785+02:00" endTime="2026-09-01T10:54:09.6419481+02:00" testType="13cdc9d9-ddb5-4fa4-a97d-d965ccfc6d4b" outcome="Passed" testListId="8c84fa94-04c1-424b-9868-57a2d4851a1d" relativeResultsDirectory="2d748e30-8936-4b9f-8c8d-3bd2d1bece36" />
    <UnitTestResult executionId="6e017ffd-8c93-4743-87e7-cbe134c2310b" testId="3dce6b98-fe9c-df5d-18d8-e11a6c1f48d0" testName="FS.GG.Coordination.GitHubIntakeTests.sealed plan has stable operation identities dependencies and exact contracts" computerName="991ca70644d4" duration="00:00:00.0011809" startTime="2026-09-01T10:54:09.6698389+02:00" endTime="2026-09-01T10:54:09.6707416+02:00" testType="13cdc9d9-ddb5-4fa4-a97d-d965ccfc6d4b" outcome="Passed" testListId="8c84fa94-04c1-424b-9868-57a2d4851a1d" relativeResultsDirectory="6e017ffd-8c93-4743-87e7-cbe134c2310b" />
    <UnitTestResult executionId="5dd70f85-8f7a-484d-88ea-f9c61800b387" testId="26288f43-204e-5ba5-528a-2d1cb5e9a002" testName="FS.GG.Coordination.GitHubIssueFieldTests.guarded plans are deterministic and distinguish create update clear and no-op" computerName="991ca70644d4" duration="00:00:00.0062430" startTime="2026-09-01T10:54:09.6309830+02:00" endTime="2026-09-01T10:54:09.6336077+02:00" testType="13cdc9d9-ddb5-4fa4-a97d-d965ccfc6d4b" outcome="Passed" testListId="8c84fa94-04c1-424b-9868-57a2d4851a1d" relativeResultsDirectory="5dd70f85-8f7a-484d-88ea-f9c61800b387" />
    <UnitTestResult executionId="97cc57bc-8219-45b5-aebb-092f02824377" testId="22349532-e200-579c-8cad-8416d1e77fcb" testName="FS.GG.Coordination.GitHubNativeRelationTests.planning is edge-local deterministic collision-safe and typed for no-ops" computerName="991ca70644d4" duration="00:00:00.0052432" startTime="2026-09-01T10:54:09.6304601+02:00" endTime="2026-09-01T10:54:09.6318014+02:00" testType="13cdc9d9-ddb5-4fa4-a97d-d965ccfc6d4b" outcome="Passed" testListId="8c84fa94-04c1-424b-9868-57a2d4851a1d" relativeResultsDirectory="97cc57bc-8219-45b5-aebb-092f02824377" />
    <UnitTestResult executionId="291183ae-515f-4a90-8a48-bb92045afa19" testId="44cc783b-4ec2-3d12-64be-bc6538265bf5" testName="FS.GG.Coordination.GitHubIssueFieldTests.qualification requires two complete independently reported control inventories" computerName="991ca70644d4" duration="00:00:00.0134944" startTime="2026-09-01T10:54:09.5905505+02:00" endTime="2026-09-01T10:54:09.6095923+02:00" testType="13cdc9d9-ddb5-4fa4-a97d-d965ccfc6d4b" outcome="Passed" testListId="8c84fa94-04c1-424b-9868-57a2d4851a1d" relativeResultsDirectory="291183ae-515f-4a90-8a48-bb92045afa19" />
    <UnitTestResult executionId="0ac7956a-d7e5-4c68-9e48-77019ac79730" testId="c7144581-9fbc-1fcb-6004-a2dd3a93c46b" testName="FS.GG.Coordination.GitHubShardedJournalTests.saga acquisition is globally sorted and compensation is reverse append-only" computerName="991ca70644d4" duration="00:00:00.0132577" startTime="2026-09-01T10:54:09.6270604+02:00" endTime="2026-09-01T10:54:09.6291409+02:00" testType="13cdc9d9-ddb5-4fa4-a97d-d965ccfc6d4b" outcome="Passed" testListId="8c84fa94-04c1-424b-9868-57a2d4851a1d" relativeResultsDirectory="0ac7956a-d7e5-4c68-9e48-77019ac79730" />
    <UnitTestResult executionId="4686f2e0-3718-4ae0-9046-5597916a4c54" testId="da9c3699-c19d-05c4-6b5c-57570b41b5db" testName="FS.GG.Coordination.RoadmapWorkTests.missing duplicate rejected stale and tampered receipts fail closed" computerName="991ca70644d4" duration="00:00:00.0051472" startTime="2026-09-01T10:54:09.6515733+02:00" endTime="2026-09-01T10:54:09.6566954+02:00" testType="13cdc9d9-ddb5-4fa4-a97d-d965ccfc6d4b" outcome="Passed" testListId="8c84fa94-04c1-424b-9868-57a2d4851a1d" relativeResultsDirectory="4686f2e0-3718-4ae0-9046-5597916a4c54" />
    <UnitTestResult executionId="a8870fba-f23e-4d85-8e9d-3c4704f083f2" testId="a345150d-1c7c-ebf2-6fb0-cc14fee0cea6" testName="FS.GG.Coordination.OrganizationIssueFieldsTests.intent is authoritative and status is its derived projection" computerName="991ca70644d4" duration="00:00:00.0011124" startTime="2026-09-01T10:54:09.6462835+02:00" endTime="2026-09-01T10:54:09.6473005+02:00" testType="13cdc9d9-ddb5-4fa4-a97d-d965ccfc6d4b" outcome="Passed" testListId="8c84fa94-04c1-424b-9868-57a2d4851a1d" relativeResultsDirectory="a8870fba-f23e-4d85-8e9d-3c4704f083f2" />
    <UnitTestResult executionId="a479516c-d9c8-4ded-8e3c-92013df8b75e" testId="987bc09c-e0ec-41e6-a75a-9f58af1d1e4b" testName="FS.GG.Coordination.GitHubProjectAdapterTests.mandatory rereads and exact post-state checks reject stale and concurrent changes" computerName="991ca70644d4" duration="00:00:00.0040153" startTime="2026-09-01T10:54:09.6313699+02:00" endTime="2026-09-01T10:54:09.6336847+02:00" testType="13cdc9d9-ddb5-4fa4-a97d-d965ccfc6d4b" outcome="Passed" testListId="8c84fa94-04c1-424b-9868-57a2d4851a1d" relativeResultsDirectory="a479516c-d9c8-4ded-8e3c-92013df8b75e" />
    <UnitTestResult executionId="1fb93ca7-4a39-45a9-b25d-9082978820f6" testId="e32de836-8d73-a5c6-893c-4cd3f2589552" testName="FS.GG.Coordination.GitHubShardedJournalTests.journal validation requires one-parent monotonic append-only ancestry" computerName="991ca70644d4" duration="00:00:00.0022870" startTime="2026-09-01T10:54:09.6490142+02:00" endTime="2026-09-01T10:54:09.6512815+02:00" testType="13cdc9d9-ddb5-4fa4-a97d-d965ccfc6d4b" outcome="Passed" testListId="8c84fa94-04c1-424b-9868-57a2d4851a1d" relativeResultsDirectory="1fb93ca7-4a39-45a9-b25d-9082978820f6" />
    <UnitTestResult executionId="4f11b710-1de6-4a30-8a12-041a2a23dc16" testId="f03df1bf-97b8-3b05-9eba-658137a2830c" testName="FS.GG.Coordination.RoadmapWorkTests.gate catalog arguments are pinned independently and list-only mutation is refused" computerName="991ca70644d4" duration="00:00:00.0074702" startTime="2026-09-01T10:54:09.6623897+02:00" endTime="2026-09-01T10:54:09.6698537+02:00" testType="13cdc9d9-ddb5-4fa4-a97d-d965ccfc6d4b" outcome="Passed" testListId="8c84fa94-04c1-424b-9868-57a2d4851a1d" relativeResultsDirectory="4f11b710-1de6-4a30-8a12-041a2a23dc16" />
    <UnitTestResult executionId="a5cccf21-8092-4791-92df-a613fd4a3aa5" testId="61121a86-abe9-d11b-a51a-c2e6a7289ac1" testName="FS.GG.Coordination.GitHubCommentProjectionTests.comment projection qualification inventory is closed and every mutation must turn red" computerName="991ca70644d4" duration="00:00:00.0050078" startTime="2026-09-01T10:54:09.6412222+02:00" endTime="2026-09-01T10:54:09.6457306+02:00" testType="13cdc9d9-ddb5-4fa4-a97d-d965ccfc6d4b" outcome="Passed" testListId="8c84fa94-04c1-424b-9868-57a2d4851a1d" relativeResultsDirectory="a5cccf21-8092-4791-92df-a613fd4a3aa5" />
    <UnitTestResult executionId="d43c2460-65f6-47ca-a349-a86817f5daca" testId="cb9937f8-0bab-5ea4-eb24-1b535fb7d080" testName="FS.GG.Coordination.GitHubNativeRelationTests.stale reread and concurrent pre-state changes refuse before execution" computerName="991ca70644d4" duration="00:00:00.0026433" startTime="2026-09-01T10:54:09.6297721+02:00" endTime="2026-09-01T10:54:09.6303249+02:00" testType="13cdc9d9-ddb5-4fa4-a97d-d965ccfc6d4b" outcome="Passed" testListId="8c84fa94-04c1-424b-9868-57a2d4851a1d" relativeResultsDirectory="d43c2460-65f6-47ca-a349-a86817f5daca" />
    <UnitTestResult executionId="e5f68b89-4035-446c-80b5-a2a80f29f752" testId="5544a9a1-0103-6242-1bb9-ade21e6c56c1" testName="FS.GG.Coordination.GitHubProjectAdapterTests.Status reads are explicitly projection-only complete and duplicate-safe" computerName="991ca70644d4" duration="00:00:00.0021465" startTime="2026-09-01T10:54:09.6446803+02:00" endTime="2026-09-01T10:54:09.6467425+02:00" testType="13cdc9d9-ddb5-4fa4-a97d-d965ccfc6d4b" outcome="Passed" testListId="8c84fa94-04c1-424b-9868-57a2d4851a1d" relativeResultsDirectory="e5f68b89-4035-446c-80b5-a2a80f29f752" />
    <UnitTestResult executionId="33899888-8814-41c9-8fab-3f0382f47819" testId="c9a7ceca-bc8a-248e-7214-f31cfe8112b4" testName="FS.GG.Coordination.CritiqueEvidenceTests.candidate evidence and finding content change bundle identity" computerName="991ca70644d4" duration="00:00:00.0025795" startTime="2026-09-01T10:54:09.6312069+02:00" endTime="2026-09-01T10:54:09.6316449+02:00" testType="13cdc9d9-ddb5-4fa4-a97d-d965ccfc6d4b" outcome="Passed" testListId="8c84fa94-04c1-424b-9868-57a2d4851a1d" relativeResultsDirectory="33899888-8814-41c9-8fab-3f0382f47819" />
    <UnitTestResult executionId="5f68aca3-5f7f-4ec3-82cf-7592fe2cad53" testId="45e6d131-d495-086e-6195-82dc0987b325" testName="FS.GG.Coordination.GitHubProjectAdapterTests.membership preserves archived external draft redacted unknown missing and unreadable outcomes" computerName="991ca70644d4" duration="00:00:00.0026213" startTime="2026-09-01T10:54:09.6419398+02:00" endTime="2026-09-01T10:54:09.6445626+02:00" testType="13cdc9d9-ddb5-4fa4-a97d-d965ccfc6d4b" outcome="Passed" testListId="8c84fa94-04c1-424b-9868-57a2d4851a1d" relativeResultsDirectory="5f68aca3-5f7f-4ec3-82cf-7592fe2cad53" />
    <UnitTestResult executionId="2a91f8fd-c4bd-4a27-b63e-a8e7b133321f" testId="6db2c0c3-3f05-10d4-3ea3-c5102bdce5db" testName="FS.GG.Coordination.QualificationManifestTests.complete qualification manifest is canonical deterministic and self bound" computerName="991ca70644d4" duration="00:00:00.0027914" startTime="2026-09-01T10:54:09.6594661+02:00" endTime="2026-09-01T10:54:09.6621244+02:00" testType="13cdc9d9-ddb5-4fa4-a97d-d965ccfc6d4b" outcome="Passed" testListId="8c84fa94-04c1-424b-9868-57a2d4851a1d" relativeResultsDirectory="2a91f8fd-c4bd-4a27-b63e-a8e7b133321f" />
    <UnitTestResult executionId="1668f16d-6b1d-4ff5-84ff-efa0d522ea25" testId="0892fb94-202a-b0d4-2d11-72086f4774eb" testName="FS.GG.Coordination.RoadmapWorkTests.accepted exact prerequisite is ready" computerName="991ca70644d4" duration="00:00:00.0005409" startTime="2026-09-01T10:54:09.6572052+02:00" endTime="2026-09-01T10:54:09.6576058+02:00" testType="13cdc9d9-ddb5-4fa4-a97d-d965ccfc6d4b" outcome="Passed" testListId="8c84fa94-04c1-424b-9868-57a2d4851a1d" relativeResultsDirectory="1668f16d-6b1d-4ff5-84ff-efa0d522ea25" />
    <UnitTestResult executionId="b96b041c-bc39-4048-9096-34be6e85dffb" testId="fe12808d-0506-6eab-eb05-77bd2e02ec15" testName="FS.GG.Coordination.GitHubTransportTests.qualification rejects producer gaps and accepts two closed inventories" computerName="991ca70644d4" duration="00:00:00.0044160" startTime="2026-09-01T10:54:09.6418719+02:00" endTime="2026-09-01T10:54:09.6463004+02:00" testType="13cdc9d9-ddb5-4fa4-a97d-d965ccfc6d4b" outcome="Passed" testListId="8c84fa94-04c1-424b-9868-57a2d4851a1d" relativeResultsDirectory="b96b041c-bc39-4048-9096-34be6e85dffb" />
    <UnitTestResult executionId="fb19b9c9-53a2-4a0a-b579-3cf016b2337b" testId="e0eb296b-4f3e-ebde-30b1-d5458928166d" testName="FS.GG.Coordination.GitHubIntakeTests.validation is pure canonical and permits only five initialization families" computerName="991ca70644d4" duration="00:00:00.0008113" startTime="2026-09-01T10:54:09.6708017+02:00" endTime="2026-09-01T10:54:09.6715810+02:00" testType="13cdc9d9-ddb5-4fa4-a97d-d965ccfc6d4b" outcome="Passed" testListId="8c84fa94-04c1-424b-9868-57a2d4851a1d" relativeResultsDirectory="fb19b9c9-53a2-4a0a-b579-3cf016b2337b" />
    <UnitTestResult executionId="65cbc0ff-e5ec-4987-baa5-e067c0bf8c4c" testId="e180d8b1-d8f6-fe9c-2380-5cabfb589e47" testName="FS.GG.Coordination.RoadmapWorkTests.unknown qualification gate and JSON members are refused" computerName="991ca70644d4" duration="00:00:00.0003065" startTime="2026-09-01T10:54:09.6570901+02:00" endTime="2026-09-01T10:54:09.6571069+02:00" testType="13cdc9d9-ddb5-4fa4-a97d-d965ccfc6d4b" outcome="Passed" testListId="8c84fa94-04c1-424b-9868-57a2d4851a1d" relativeResultsDirectory="65cbc0ff-e5ec-4987-baa5-e067c0bf8c4c" />
    <UnitTestResult executionId="666f8ebf-722b-4e9b-8453-1b3ca2c6e88d" testId="4a817449-d5b4-2127-8865-c5592dbcb9b6" testName="FS.GG.Coordination.GitHubIntakeTests.controlled apply fences order post state and partial failures" computerName="991ca70644d4" duration="00:00:00.0020529" startTime="2026-09-01T10:54:09.6737900+02:00" endTime="2026-09-01T10:54:09.6756641+02:00" testType="13cdc9d9-ddb5-4fa4-a97d-d965ccfc6d4b" outcome="Passed" testListId="8c84fa94-04c1-424b-9868-57a2d4851a1d" relativeResultsDirectory="666f8ebf-722b-4e9b-8453-1b3ca2c6e88d" />
    <UnitTestResult executionId="1f0a1463-a9ba-4332-82bd-24e0669c3d78" testId="00f8f62d-e0f2-cfca-7df2-e276009f44c7" testName="FS.GG.Coordination.RoadmapWorkTests.manifest refuses traversal and validation refuses changed candidate" computerName="991ca70644d4" duration="00:00:00.0042889" startTime="2026-09-01T10:54:09.6577105+02:00" endTime="2026-09-01T10:54:09.6619246+02:00" testType="13cdc9d9-ddb5-4fa4-a97d-d965ccfc6d4b" outcome="Passed" testListId="8c84fa94-04c1-424b-9868-57a2d4851a1d" relativeResultsDirectory="1f0a1463-a9ba-4332-82bd-24e0669c3d78" />
    <UnitTestResult executionId="8ee3b0b6-c3d1-4353-a9bf-bb7e69ebe8ad" testId="2e6d5482-62c4-7eea-07c5-c62db66724f8" testName="FS.GG.Coordination.GitHubIssueFieldTests.current value read preserves revision and terminal page evidence" computerName="991ca70644d4" duration="00:00:00.0021547" startTime="2026-09-01T10:54:09.6431020+02:00" endTime="2026-09-01T10:54:09.6450003+02:00" testType="13cdc9d9-ddb5-4fa4-a97d-d965ccfc6d4b" outcome="Passed" testListId="8c84fa94-04c1-424b-9868-57a2d4851a1d" relativeResultsDirectory="8ee3b0b6-c3d1-4353-a9bf-bb7e69ebe8ad" />
    <UnitTestResult executionId="b30f927e-3e94-462e-bae5-a83c60dcb0a5" testId="61bed709-d51c-4546-1e19-d28244e22284" testName="FS.GG.Coordination.UnitTests.malformed published Quint kernel manifest is refused" computerName="991ca70644d4" duration="00:00:00.0002509" startTime="2026-09-01T10:54:09.6724250+02:00" endTime="2026-09-01T10:54:09.6726296+02:00" testType="13cdc9d9-ddb5-4fa4-a97d-d965ccfc6d4b" outcome="Passed" testListId="8c84fa94-04c1-424b-9868-57a2d4851a1d" relativeResultsDirectory="b30f927e-3e94-462e-bae5-a83c60dcb0a5" />
    <UnitTestResult executionId="310bf954-63e1-43a9-a7ae-23ebe9b9ab6b" testId="8a0ae61c-4390-2737-b069-0cf2cf1684e5" testName="FS.GG.Coordination.GitHubShardedJournalTests.effect fencing fails closed on stale terminal and incomplete authority" computerName="991ca70644d4" duration="00:00:00.0014711" startTime="2026-09-01T10:54:09.6476904+02:00" endTime="2026-09-01T10:54:09.6489482+02:00" testType="13cdc9d9-ddb5-4fa4-a97d-d965ccfc6d4b" outcome="Passed" testListId="8c84fa94-04c1-424b-9868-57a2d4851a1d" relativeResultsDirectory="310bf954-63e1-43a9-a7ae-23ebe9b9ab6b" />
    <UnitTestResult executionId="5caa25cd-0c94-4795-a1b3-075bbe7722d4" testId="495add0d-b1de-9680-8b6c-0653c6468de1" testName="FS.GG.Coordination.RoadmapWorkTests.candidate manifest is deterministic and never claims acceptance" computerName="991ca70644d4" duration="00:00:00.0006410" startTime="2026-09-01T10:54:09.6699283+02:00" endTime="2026-09-01T10:54:09.6704879+02:00" testType="13cdc9d9-ddb5-4fa4-a97d-d965ccfc6d4b" outcome="Passed" testListId="8c84fa94-04c1-424b-9868-57a2d4851a1d" relativeResultsDirectory="5caa25cd-0c94-4795-a1b3-075bbe7722d4" />
    <UnitTestResult executionId="a73044d0-8949-45c3-94e2-f92fb8938831" testId="453fd9e2-6016-3f5e-a73e-7c8f2b5cd39d" testName="FS.GG.Coordination.RoadmapWorkTests.known unit inspection is bound to exact roadmap bytes" computerName="991ca70644d4" duration="00:00:00.0003870" startTime="2026-09-01T10:54:09.6620395+02:00" endTime="2026-09-01T10:54:09.6623204+02:00" testType="13cdc9d9-ddb5-4fa4-a97d-d965ccfc6d4b" outcome="Passed" testListId="8c84fa94-04c1-424b-9868-57a2d4851a1d" relativeResultsDirectory="a73044d0-8949-45c3-94e2-f92fb8938831" />
    <UnitTestResult executionId="398bfa48-6a30-4e83-80ea-a1b98ec7192a" testId="4c695d88-2485-dbd5-4d1d-815a2487fa74" testName="FS.GG.Coordination.UnitTests.pure core declares only allowed inward dependencies" computerName="991ca70644d4" duration="00:00:00.0004667" startTime="2026-09-01T10:54:09.6744549+02:00" endTime="2026-09-01T10:54:09.6748885+02:00" testType="13cdc9d9-ddb5-4fa4-a97d-d965ccfc6d4b" outcome="Passed" testListId="8c84fa94-04c1-424b-9868-57a2d4851a1d" relativeResultsDirectory="398bfa48-6a30-4e83-80ea-a1b98ec7192a" />
    <UnitTestResult executionId="a1b122b6-19f6-4438-9570-bb2dfc48f3b9" testId="32efae01-4715-95f5-9ff2-199cc469668a" testName="FS.GG.Coordination.RoadmapWorkTests.manifest creation requires one canonical UTC instant form" computerName="991ca70644d4" duration="00:00:00.0018043" startTime="2026-09-01T10:54:09.6497608+02:00" endTime="2026-09-01T10:54:09.6515152+02:00" testType="13cdc9d9-ddb5-4fa4-a97d-d965ccfc6d4b" outcome="Passed" testListId="8c84fa94-04c1-424b-9868-57a2d4851a1d" relativeResultsDirectory="a1b122b6-19f6-4438-9570-bb2dfc48f3b9" />
    <UnitTestResult executionId="9307ee1b-f343-4923-8d97-766c1c454264" testId="f3529ae4-e62a-83e3-8fb6-1b6d60f162bd" testName="FS.GG.Coordination.RoadmapWorkTests.changed roadmap and unknown unit are refused distinctly" computerName="991ca70644d4" duration="00:00:00.0590998" startTime="2026-09-01T10:54:09.5910742+02:00" endTime="2026-09-01T10:54:09.6496860+02:00" testType="13cdc9d9-ddb5-4fa4-a97d-d965ccfc6d4b" outcome="Passed" testListId="8c84fa94-04c1-424b-9868-57a2d4851a1d" relativeResultsDirectory="9307ee1b-f343-4923-8d97-766c1c454264" />
    <UnitTestResult executionId="b0236475-f872-4755-98b4-7d9bdbaa6d43" testId="ac94a4d8-9280-1838-b939-0d6ee340b32f" testName="FS.GG.Coordination.GitHubTransportTests.revision and rate state preserve unknown stale and exhausted meaning" computerName="991ca70644d4" duration="00:00:00.0038480" startTime="2026-09-01T10:54:09.6283091+02:00" endTime="2026-09-01T10:54:09.6287483+02:00" testType="13cdc9d9-ddb5-4fa4-a97d-d965ccfc6d4b" outcome="Passed" testListId="8c84fa94-04c1-424b-9868-57a2d4851a1d" relativeResultsDirectory="b0236475-f872-4755-98b4-7d9bdbaa6d43" />
    <UnitTestResult executionId="9daa6c4e-09bd-4a32-ad24-84f1d9879b75" testId="2fbeaaba-a8a9-17ce-c0be-01e7c1dc3202" testName="FS.GG.Coordination.GitHubActionsReleaseFeedTests.qualificationInventoryIsMutationSensitive" computerName="991ca70644d4" duration="00:00:00.0114452" startTime="2026-09-01T10:54:09.6410148+02:00" endTime="2026-09-01T10:54:09.6458613+02:00" testType="13cdc9d9-ddb5-4fa4-a97d-d965ccfc6d4b" outcome="Passed" testListId="8c84fa94-04c1-424b-9868-57a2d4851a1d" relativeResultsDirectory="9daa6c4e-09bd-4a32-ad24-84f1d9879b75" />
    <UnitTestResult executionId="44c982a8-8ac6-40e1-b137-4fa3422fb59e" testId="8708375f-c756-e690-ff37-4dd96ac5475a" testName="FS.GG.Coordination.GitHubTransportTests.REST and GraphQL traversal require terminal completeness" computerName="991ca70644d4" duration="00:00:00.0148463" startTime="2026-09-01T10:54:09.6291156+02:00" endTime="2026-09-01T10:54:09.6407918+02:00" testType="13cdc9d9-ddb5-4fa4-a97d-d965ccfc6d4b" outcome="Passed" testListId="8c84fa94-04c1-424b-9868-57a2d4851a1d" relativeResultsDirectory="44c982a8-8ac6-40e1-b137-4fa3422fb59e" />
    <UnitTestResult executionId="85c746dd-5e5c-4c67-a553-8d71e4764222" testId="4ba1ebb8-b117-2143-abc7-171f03572f16" testName="FS.GG.Coordination.GitHubSandboxClosureTests.ambiguousEffectResidualCleanupAndWarmReuseFailIndependently" computerName="991ca70644d4" duration="00:00:00.0413856" startTime="2026-09-01T10:54:09.5910619+02:00" endTime="2026-09-01T10:54:09.6341812+02:00" testType="13cdc9d9-ddb5-4fa4-a97d-d965ccfc6d4b" outcome="Passed" testListId="8c84fa94-04c1-424b-9868-57a2d4851a1d" relativeResultsDirectory="85c746dd-5e5c-4c67-a553-8d71e4764222" />
    <UnitTestResult executionId="a25b7ab3-9a8c-4c74-b1fd-735093c56349" testId="df68f269-8d05-043f-b724-7211498274f5" testName="FS.GG.Coordination.GitHubCommentProjectionTests.comment reads preserve terminal pages and reject duplicate reordered incomplete unauthorized and unreadable observations" computerName="991ca70644d4" duration="00:00:00.0257437" startTime="2026-09-01T10:54:09.5905076+02:00" endTime="2026-09-01T10:54:09.6284664+02:00" testType="13cdc9d9-ddb5-4fa4-a97d-d965ccfc6d4b" outcome="Passed" testListId="8c84fa94-04c1-424b-9868-57a2d4851a1d" relativeResultsDirectory="a25b7ab3-9a8c-4c74-b1fd-735093c56349" />
    <UnitTestResult executionId="1ac32642-20b0-4b0d-9462-503c28e9e18e" testId="def10827-0426-3d6e-0ce0-8fa5fcb46b0a" testName="FS.GG.Coordination.GitHubProjectAdapterTests.Project reads require terminal pagination and reject duplicate item and content identities" computerName="991ca70644d4" duration="00:00:00.0043267" startTime="2026-09-01T10:54:09.6301234+02:00" endTime="2026-09-01T10:54:09.6312311+02:00" testType="13cdc9d9-ddb5-4fa4-a97d-d965ccfc6d4b" outcome="Passed" testListId="8c84fa94-04c1-424b-9868-57a2d4851a1d" relativeResultsDirectory="1ac32642-20b0-4b0d-9462-503c28e9e18e" />
    <UnitTestResult executionId="6b633acf-5a85-4731-89f3-801726865dff" testId="29980ace-f39c-4fba-ba1e-0b14ab7b85b9" testName="FS.GG.Coordination.GitHubRepositorySettingsTests.qualification inventory is closed and mutations must turn red" computerName="991ca70644d4" duration="00:00:00.0025181" startTime="2026-09-01T10:54:09.6467202+02:00" endTime="2026-09-01T10:54:09.6491196+02:00" testType="13cdc9d9-ddb5-4fa4-a97d-d965ccfc6d4b" outcome="Passed" testListId="8c84fa94-04c1-424b-9868-57a2d4851a1d" relativeResultsDirectory="6b633acf-5a85-4731-89f3-801726865dff" />
    <UnitTestResult executionId="11d96378-0788-4717-8116-d79edac1ad02" testId="aca8777c-25c6-e291-5a0e-d9561d5f40d7" testName="FS.GG.Coordination.GitHubNativeRelationTests.native relation qualification inventory is exact and every mutation must turn red" computerName="991ca70644d4" duration="00:00:00.0053901" startTime="2026-09-01T10:54:09.6284477+02:00" endTime="2026-09-01T10:54:09.6296161+02:00" testType="13cdc9d9-ddb5-4fa4-a97d-d965ccfc6d4b" outcome="Passed" testListId="8c84fa94-04c1-424b-9868-57a2d4851a1d" relativeResultsDirectory="11d96378-0788-4717-8116-d79edac1ad02" />
    <UnitTestResult executionId="7b2906f9-fc1e-4345-9f34-ed7c7a59a533" testId="f59c41a6-8963-af54-78b7-ba0241c419b0" testName="FS.GG.Coordination.GitHubNativeRelationTests.post-state verification requires exact delta revision and unrelated-edge preservation" computerName="991ca70644d4" duration="00:00:00.0224420" startTime="2026-09-01T10:54:09.5911455+02:00" endTime="2026-09-01T10:54:09.6275141+02:00" testType="13cdc9d9-ddb5-4fa4-a97d-d965ccfc6d4b" outcome="Passed" testListId="8c84fa94-04c1-424b-9868-57a2d4851a1d" relativeResultsDirectory="7b2906f9-fc1e-4345-9f34-ed7c7a59a533" />
    <UnitTestResult executionId="eaa68997-41ca-4a4f-bccf-805f890ed4e3" testId="2747ae7f-aa47-9fb1-a156-779aabc305e5" testName="FS.GG.Coordination.UnitTests.app boundary is inert" computerName="991ca70644d4" duration="00:00:00.0002937" startTime="2026-09-01T10:54:09.6726869+02:00" endTime="2026-09-01T10:54:09.6729478+02:00" testType="13cdc9d9-ddb5-4fa4-a97d-d965ccfc6d4b" outcome="Passed" testListId="8c84fa94-04c1-424b-9868-57a2d4851a1d" relativeResultsDirectory="eaa68997-41ca-4a4f-bccf-805f890ed4e3" />
    <UnitTestResult executionId="de49ca98-ae3a-46b1-8e5e-601c14985e69" testId="e457ed48-8ee5-ce79-cc56-d8c88b435d5a" testName="FS.GG.Coordination.GitHubCommentProjectionTests.projection planning is byte deterministic idempotent and distinguishes create replace and no-op" computerName="991ca70644d4" duration="00:00:00.0089009" startTime="2026-09-01T10:54:09.6341649+02:00" endTime="2026-09-01T10:54:09.6410231+02:00" testType="13cdc9d9-ddb5-4fa4-a97d-d965ccfc6d4b" outcome="Passed" testListId="8c84fa94-04c1-424b-9868-57a2d4851a1d" relativeResultsDirectory="de49ca98-ae3a-46b1-8e5e-601c14985e69" />
    <UnitTestResult executionId="b67342b2-4ec1-4cb5-b149-fa448c347ba0" testId="8f7fbbcb-cdcc-919c-10cc-b06d39ba99ae" testName="FS.GG.Coordination.QualificationManifestTests.qualification manifest omissions substitutions and independence failures are red" computerName="991ca70644d4" duration="00:00:00.0687242" startTime="2026-09-01T10:54:09.5910864+02:00" endTime="2026-09-01T10:54:09.6593341+02:00" testType="13cdc9d9-ddb5-4fa4-a97d-d965ccfc6d4b" outcome="Passed" testListId="8c84fa94-04c1-424b-9868-57a2d4851a1d" relativeResultsDirectory="b67342b2-4ec1-4cb5-b149-fa448c347ba0" />
    <UnitTestResult executionId="78926fed-ac56-4a3e-aae6-8dc23b4ec3b0" testId="44367496-e783-b684-3cc5-133adeca91ff" testName="FS.GG.Coordination.GitHubActionsReleaseFeedTests.completeExactObservationsValidate" computerName="991ca70644d4" duration="00:00:00.0037633" startTime="2026-09-01T10:54:09.6323323+02:00" endTime="2026-09-01T10:54:09.6409587+02:00" testType="13cdc9d9-ddb5-4fa4-a97d-d965ccfc6d4b" outcome="Passed" testListId="8c84fa94-04c1-424b-9868-57a2d4851a1d" relativeResultsDirectory="78926fed-ac56-4a3e-aae6-8dc23b4ec3b0" />
    <UnitTestResult executionId="4b04c25f-0d6a-4bd7-8360-34328c81da39" testId="409ab282-62aa-45c1-edcf-d1dd675238b6" testName="FS.GG.Coordination.GitHubActionsReleaseFeedTests.evidenceLadderDoesNotPromoteUploadAcceptance" computerName="991ca70644d4" duration="00:00:00.0034312" startTime="2026-09-01T10:54:09.6307230+02:00" endTime="2026-09-01T10:54:09.6313915+02:00" testType="13cdc9d9-ddb5-4fa4-a97d-d965ccfc6d4b" outcome="Passed" testListId="8c84fa94-04c1-424b-9868-57a2d4851a1d" relativeResultsDirectory="4b04c25f-0d6a-4bd7-8360-34328c81da39" />
    <UnitTestResult executionId="1bf4344f-a5e1-440e-8b94-cf7821a7e93d" testId="1ac10b01-5cd9-0000-5a9f-1624aa5a8838" testName="FS.GG.Coordination.GitHubTransportTests.API version and replay authority fail closed" computerName="991ca70644d4" duration="00:00:00.0085646" startTime="2026-09-01T10:54:09.6270820+02:00" endTime="2026-09-01T10:54:09.6281749+02:00" testType="13cdc9d9-ddb5-4fa4-a97d-d965ccfc6d4b" outcome="Passed" testListId="8c84fa94-04c1-424b-9868-57a2d4851a1d" relativeResultsDirectory="1bf4344f-a5e1-440e-8b94-cf7821a7e93d" />
    <UnitTestResult executionId="04e28246-a1f1-4996-b8b0-1cf33e730477" testId="25ab73f2-c36a-624e-368c-e3eb6ac9fcf4" testName="FS.GG.Coordination.UnitTests.published Quint kernel manifest has the accepted identity and bundle digest" computerName="991ca70644d4" duration="00:00:00.0111110" startTime="2026-09-01T10:54:09.5911185+02:00" endTime="2026-09-01T10:54:09.6052225+02:00" testType="13cdc9d9-ddb5-4fa4-a97d-d965ccfc6d4b" outcome="Passed" testListId="8c84fa94-04c1-424b-9868-57a2d4851a1d" relativeResultsDirectory="04e28246-a1f1-4996-b8b0-1cf33e730477" />
    <UnitTestResult executionId="7ff035bf-2ba4-402b-a999-d7f2688aa074" testId="60aa9a0b-42df-bd98-cb91-770ba8a1d572" testName="FS.GG.Coordination.QualificationManifestTests.harness mutation proof derives all controls and negative observations" computerName="991ca70644d4" duration="00:00:00.1187573" startTime="2026-09-01T10:54:09.6776084+02:00" endTime="2026-09-01T10:54:09.7963835+02:00" testType="13cdc9d9-ddb5-4fa4-a97d-d965ccfc6d4b" outcome="Passed" testListId="8c84fa94-04c1-424b-9868-57a2d4851a1d" relativeResultsDirectory="7ff035bf-2ba4-402b-a999-d7f2688aa074" />
    <UnitTestResult executionId="1d22c741-cf7d-4a4c-8765-fe68eec917d1" testId="3b1fc2e3-ee96-105f-ad0f-e9c11d9490be" testName="FS.GG.Coordination.CritiqueEvidenceTests.invalid authority inventory phase evidence and time are refused before rendering" computerName="991ca70644d4" duration="00:00:00.0195541" startTime="2026-09-01T10:54:09.5910494+02:00" endTime="2026-09-01T10:54:09.6272909+02:00" testType="13cdc9d9-ddb5-4fa4-a97d-d965ccfc6d4b" outcome="Passed" testListId="8c84fa94-04c1-424b-9868-57a2d4851a1d" relativeResultsDirectory="1d22c741-cf7d-4a4c-8765-fe68eec917d1" />
    <UnitTestResult executionId="8e9c0d75-e6bf-45a0-82ad-894d338a0318" testId="6ee22b99-cf0c-9df7-35b3-3f63aa47cc06" testName="FS.GG.Coordination.WorkTaxonomyTests.legacy authority maps to the seven native issue types" computerName="991ca70644d4" duration="00:00:00.0022626" startTime="2026-09-01T10:54:09.6310911+02:00" endTime="2026-09-01T10:54:09.6315585+02:00" testType="13cdc9d9-ddb5-4fa4-a97d-d965ccfc6d4b" outcome="Passed" testListId="8c84fa94-04c1-424b-9868-57a2d4851a1d" relativeResultsDirectory="8e9c0d75-e6bf-45a0-82ad-894d338a0318" />
    <UnitTestResult executionId="d72ff0fe-f916-4820-9915-0c045ccbce64" testId="deaef829-c3c1-63ef-1128-94114bfe098f" testName="FS.GG.Coordination.CritiqueEvidenceTests.changes required remains valid evidence but cannot derive green" computerName="991ca70644d4" duration="00:00:00.0010482" startTime="2026-09-01T10:54:09.6317815+02:00" endTime="2026-09-01T10:54:09.6321218+02:00" testType="13cdc9d9-ddb5-4fa4-a97d-d965ccfc6d4b" outcome="Passed" testListId="8c84fa94-04c1-424b-9868-57a2d4851a1d" relativeResultsDirectory="d72ff0fe-f916-4820-9915-0c045ccbce64" />
    <UnitTestResult executionId="6281d2ce-0813-4294-80d4-a843d0e9f261" testId="e96e2923-251e-0d6a-72e8-f2d99de732b9" testName="FS.GG.Coordination.GitHubShardedJournalTests.CAS uses exact old oid and ambiguous results require exact authoritative reread" computerName="991ca70644d4" duration="00:00:00.0252403" startTime="2026-09-01T10:54:09.6292635+02:00" endTime="2026-09-01T10:54:09.6439679+02:00" testType="13cdc9d9-ddb5-4fa4-a97d-d965ccfc6d4b" outcome="Passed" testListId="8c84fa94-04c1-424b-9868-57a2d4851a1d" relativeResultsDirectory="6281d2ce-0813-4294-80d4-a843d0e9f261" />
    <UnitTestResult executionId="dce1f9fe-690f-4841-af7c-7fd11286210b" testId="d9915b25-4b14-f590-868a-a4c6d53b8be7" testName="FS.GG.Coordination.OrganizationIssueFieldsTests.contract and touch set projections require exact authoritative bindings" computerName="991ca70644d4" duration="00:00:00.0327710" startTime="2026-09-01T10:54:09.5904764+02:00" endTime="2026-09-01T10:54:09.6301505+02:00" testType="13cdc9d9-ddb5-4fa4-a97d-d965ccfc6d4b" outcome="Passed" testListId="8c84fa94-04c1-424b-9868-57a2d4851a1d" relativeResultsDirectory="dce1f9fe-690f-4841-af7c-7fd11286210b" />
    <UnitTestResult executionId="1f8e9a70-7bc6-454b-8c45-26e600d0fa17" testId="18289f8b-d920-1e72-9dca-186dcf4a89d2" testName="FS.GG.Coordination.WorkTaxonomyTests.planning is total ordered all or nothing and byte stable" computerName="991ca70644d4" duration="00:00:00.0073026" startTime="2026-09-01T10:54:09.6294332+02:00" endTime="2026-09-01T10:54:09.6309997+02:00" testType="13cdc9d9-ddb5-4fa4-a97d-d965ccfc6d4b" outcome="Passed" testListId="8c84fa94-04c1-424b-9868-57a2d4851a1d" relativeResultsDirectory="1f8e9a70-7bc6-454b-8c45-26e600d0fa17" />
    <UnitTestResult executionId="1a666ea4-d424-41f5-8c3d-20b2390293f2" testId="ad8f6f68-90d6-6cad-38f7-1f7be53d4f24" testName="FS.GG.Coordination.QualificationManifestTests.generated producers cannot be the sole evidence for another gate class" computerName="991ca70644d4" duration="00:00:00.0065189" startTime="2026-09-01T10:54:09.7965399+02:00" endTime="2026-09-01T10:54:09.8028916+02:00" testType="13cdc9d9-ddb5-4fa4-a97d-d965ccfc6d4b" outcome="Passed" testListId="8c84fa94-04c1-424b-9868-57a2d4851a1d" relativeResultsDirectory="1a666ea4-d424-41f5-8c3d-20b2390293f2" />
    <UnitTestResult executionId="3843fd74-866a-4606-9e2e-ac11dccdf126" testId="bb256565-231a-f626-9a1a-9369f76b19c1" testName="FS.GG.Coordination.GitHubShardedJournalTests.canonical json recursively sorts keys and terminates with LF" computerName="991ca70644d4" duration="00:00:00.0001660" startTime="2026-09-01T10:54:09.6532243+02:00" endTime="2026-09-01T10:54:09.6533491+02:00" testType="13cdc9d9-ddb5-4fa4-a97d-d965ccfc6d4b" outcome="Passed" testListId="8c84fa94-04c1-424b-9868-57a2d4851a1d" relativeResultsDirectory="3843fd74-866a-4606-9e2e-ac11dccdf126" />
    <UnitTestResult executionId="63289537-db03-4a45-8c46-df30276b132b" testId="df542948-895d-a197-b689-3b00fe0ff245" testName="FS.GG.Coordination.GitHubSandboxClosureTests.productionOrUnknownAuthorityFailsBeforeEffects" computerName="991ca70644d4" duration="00:00:00.0012867" startTime="2026-09-01T10:54:09.6343372+02:00" endTime="2026-09-01T10:54:09.6408816+02:00" testType="13cdc9d9-ddb5-4fa4-a97d-d965ccfc6d4b" outcome="Passed" testListId="8c84fa94-04c1-424b-9868-57a2d4851a1d" relativeResultsDirectory="63289537-db03-4a45-8c46-df30276b132b" />
    <UnitTestResult executionId="3c26c776-2327-4277-a49b-326055abf659" testId="5925632d-2736-88c0-37bb-0cf0a8cc4be9" testName="FS.GG.Coordination.WorkTaxonomyTests.invalid member refuses the complete migration plan" computerName="991ca70644d4" duration="00:00:00.0016424" startTime="2026-09-01T10:54:09.6287240+02:00" endTime="2026-09-01T10:54:09.6292787+02:00" testType="13cdc9d9-ddb5-4fa4-a97d-d965ccfc6d4b" outcome="Passed" testListId="8c84fa94-04c1-424b-9868-57a2d4851a1d" relativeResultsDirectory="3c26c776-2327-4277-a49b-326055abf659" />
    <UnitTestResult executionId="6cb0a61c-35a1-4093-b5cb-30d85f962f1c" testId="bb908e81-0227-e6cb-5b30-7c6f52044c4f" testName="FS.GG.Coordination.WorkTaxonomyTests.every fail closed observation family has a stable diagnostic" computerName="991ca70644d4" duration="00:00:00.0139879" startTime="2026-09-01T10:54:09.5910972+02:00" endTime="2026-09-01T10:54:09.6168086+02:00" testType="13cdc9d9-ddb5-4fa4-a97d-d965ccfc6d4b" outcome="Passed" testListId="8c84fa94-04c1-424b-9868-57a2d4851a1d" relativeResultsDirectory="6cb0a61c-35a1-4093-b5cb-30d85f962f1c" />
  </Results>
  <TestDefinitions>
    <UnitTest name="FS.GG.Coordination.GitHubSandboxClosureTests.qualificationInventoryRequiresEveryIndependentControl" storage="/home/developer/projects/fs.gg.coordination-196/tests/fs.gg.coordination.unittests/bin/debug/net10.0/fs.gg.coordination.unittests.dll" id="539df7da-8265-453e-29c0-d88d53988cf5">
      <Execution id="f76d621e-3398-4df1-a112-647ac7099684" />
      <TestMethod codeBase="/home/developer/projects/FS.GG.Coordination-196/tests/FS.GG.Coordination.UnitTests/bin/Debug/net10.0/FS.GG.Coordination.UnitTests.dll" adapterTypeName="executor://xunit/VsTestRunner3/netcore/" className="FS.GG.Coordination.GitHubSandboxClosureTests" name="qualificationInventoryRequiresEveryIndependentControl" />
    </UnitTest>
    <UnitTest name="FS.GG.Coordination.GitHubNativeRelationTests.stale reread and concurrent pre-state changes refuse before execution" storage="/home/developer/projects/fs.gg.coordination-196/tests/fs.gg.coordination.unittests/bin/debug/net10.0/fs.gg.coordination.unittests.dll" id="cb9937f8-0bab-5ea4-eb24-1b535fb7d080">
      <Execution id="d43c2460-65f6-47ca-a349-a86817f5daca" />
      <TestMethod codeBase="/home/developer/projects/FS.GG.Coordination-196/tests/FS.GG.Coordination.UnitTests/bin/Debug/net10.0/FS.GG.Coordination.UnitTests.dll" adapterTypeName="executor://xunit/VsTestRunner3/netcore/" className="FS.GG.Coordination.GitHubNativeRelationTests" name="stale reread and concurrent pre-state changes refuse before execution" />
    </UnitTest>
    <UnitTest name="FS.GG.Coordination.RoadmapWorkTests.unknown qualification gate and JSON members are refused" storage="/home/developer/projects/fs.gg.coordination-196/tests/fs.gg.coordination.unittests/bin/debug/net10.0/fs.gg.coordination.unittests.dll" id="e180d8b1-d8f6-fe9c-2380-5cabfb589e47">
      <Execution id="65cbc0ff-e5ec-4987-baa5-e067c0bf8c4c" />
      <TestMethod codeBase="/home/developer/projects/FS.GG.Coordination-196/tests/FS.GG.Coordination.UnitTests/bin/Debug/net10.0/FS.GG.Coordination.UnitTests.dll" adapterTypeName="executor://xunit/VsTestRunner3/netcore/" className="FS.GG.Coordination.RoadmapWorkTests" name="unknown qualification gate and JSON members are refused" />
    </UnitTest>
    <UnitTest name="FS.GG.Coordination.GitHubIssueFieldTests.current value read preserves revision and terminal page evidence" storage="/home/developer/projects/fs.gg.coordination-196/tests/fs.gg.coordination.unittests/bin/debug/net10.0/fs.gg.coordination.unittests.dll" id="2e6d5482-62c4-7eea-07c5-c62db66724f8">
      <Execution id="8ee3b0b6-c3d1-4353-a9bf-bb7e69ebe8ad" />
      <TestMethod codeBase="/home/developer/projects/FS.GG.Coordination-196/tests/FS.GG.Coordination.UnitTests/bin/Debug/net10.0/FS.GG.Coordination.UnitTests.dll" adapterTypeName="executor://xunit/VsTestRunner3/netcore/" className="FS.GG.Coordination.GitHubIssueFieldTests" name="current value read preserves revision and terminal page evidence" />
    </UnitTest>
    <UnitTest name="FS.GG.Coordination.GitHubProjectAdapterTests.Project reads require terminal pagination and reject duplicate item and content identities" storage="/home/developer/projects/fs.gg.coordination-196/tests/fs.gg.coordination.unittests/bin/debug/net10.0/fs.gg.coordination.unittests.dll" id="def10827-0426-3d6e-0ce0-8fa5fcb46b0a">
      <Execution id="1ac32642-20b0-4b0d-9462-503c28e9e18e" />
      <TestMethod codeBase="/home/developer/projects/FS.GG.Coordination-196/tests/FS.GG.Coordination.UnitTests/bin/Debug/net10.0/FS.GG.Coordination.UnitTests.dll" adapterTypeName="executor://xunit/VsTestRunner3/netcore/" className="FS.GG.Coordination.GitHubProjectAdapterTests" name="Project reads require terminal pagination and reject duplicate item and content identities" />
    </UnitTest>
    <UnitTest name="FS.GG.Coordination.RoadmapWorkTests.changed roadmap and unknown unit are refused distinctly" storage="/home/developer/projects/fs.gg.coordination-196/tests/fs.gg.coordination.unittests/bin/debug/net10.0/fs.gg.coordination.unittests.dll" id="f3529ae4-e62a-83e3-8fb6-1b6d60f162bd">
      <Execution id="9307ee1b-f343-4923-8d97-766c1c454264" />
      <TestMethod codeBase="/home/developer/projects/FS.GG.Coordination-196/tests/FS.GG.Coordination.UnitTests/bin/Debug/net10.0/FS.GG.Coordination.UnitTests.dll" adapterTypeName="executor://xunit/VsTestRunner3/netcore/" className="FS.GG.Coordination.RoadmapWorkTests" name="changed roadmap and unknown unit are refused distinctly" />
    </UnitTest>
    <UnitTest name="FS.GG.Coordination.GitHubActionsReleaseFeedTests.evidenceLadderDoesNotPromoteUploadAcceptance" storage="/home/developer/projects/fs.gg.coordination-196/tests/fs.gg.coordination.unittests/bin/debug/net10.0/fs.gg.coordination.unittests.dll" id="409ab282-62aa-45c1-edcf-d1dd675238b6">
      <Execution id="4b04c25f-0d6a-4bd7-8360-34328c81da39" />
      <TestMethod codeBase="/home/developer/projects/FS.GG.Coordination-196/tests/FS.GG.Coordination.UnitTests/bin/Debug/net10.0/FS.GG.Coordination.UnitTests.dll" adapterTypeName="executor://xunit/VsTestRunner3/netcore/" className="FS.GG.Coordination.GitHubActionsReleaseFeedTests" name="evidenceLadderDoesNotPromoteUploadAcceptance" />
    </UnitTest>
    <UnitTest name="FS.GG.Coordination.QualificationManifestTests.harness mutation proof derives all controls and negative observations" storage="/home/developer/projects/fs.gg.coordination-196/tests/fs.gg.coordination.unittests/bin/debug/net10.0/fs.gg.coordination.unittests.dll" id="60aa9a0b-42df-bd98-cb91-770ba8a1d572">
      <Execution id="7ff035bf-2ba4-402b-a999-d7f2688aa074" />
      <TestMethod codeBase="/home/developer/projects/FS.GG.Coordination-196/tests/FS.GG.Coordination.UnitTests/bin/Debug/net10.0/FS.GG.Coordination.UnitTests.dll" adapterTypeName="executor://xunit/VsTestRunner3/netcore/" className="FS.GG.Coordination.QualificationManifestTests" name="harness mutation proof derives all controls and negative observations" />
    </UnitTest>
    <UnitTest name="FS.GG.Coordination.GitHubNativeRelationTests.native relation qualification inventory is exact and every mutation must turn red" storage="/home/developer/projects/fs.gg.coordination-196/tests/fs.gg.coordination.unittests/bin/debug/net10.0/fs.gg.coordination.unittests.dll" id="aca8777c-25c6-e291-5a0e-d9561d5f40d7">
      <Execution id="11d96378-0788-4717-8116-d79edac1ad02" />
      <TestMethod codeBase="/home/developer/projects/FS.GG.Coordination-196/tests/FS.GG.Coordination.UnitTests/bin/Debug/net10.0/FS.GG.Coordination.UnitTests.dll" adapterTypeName="executor://xunit/VsTestRunner3/netcore/" className="FS.GG.Coordination.GitHubNativeRelationTests" name="native relation qualification inventory is exact and every mutation must turn red" />
    </UnitTest>
    <UnitTest name="FS.GG.Coordination.GitHubCommentProjectionTests.comment projection qualification inventory is closed and every mutation must turn red" storage="/home/developer/projects/fs.gg.coordination-196/tests/fs.gg.coordination.unittests/bin/debug/net10.0/fs.gg.coordination.unittests.dll" id="61121a86-abe9-d11b-a51a-c2e6a7289ac1">
      <Execution id="a5cccf21-8092-4791-92df-a613fd4a3aa5" />
      <TestMethod codeBase="/home/developer/projects/FS.GG.Coordination-196/tests/FS.GG.Coordination.UnitTests/bin/Debug/net10.0/FS.GG.Coordination.UnitTests.dll" adapterTypeName="executor://xunit/VsTestRunner3/netcore/" className="FS.GG.Coordination.GitHubCommentProjectionTests" name="comment projection qualification inventory is closed and every mutation must turn red" />
    </UnitTest>
    <UnitTest name="FS.GG.Coordination.GitHubCommentProjectionTests.projection planning is byte deterministic idempotent and distinguishes create replace and no-op" storage="/home/developer/projects/fs.gg.coordination-196/tests/fs.gg.coordination.unittests/bin/debug/net10.0/fs.gg.coordination.unittests.dll" id="e457ed48-8ee5-ce79-cc56-d8c88b435d5a">
      <Execution id="de49ca98-ae3a-46b1-8e5e-601c14985e69" />
      <TestMethod codeBase="/home/developer/projects/FS.GG.Coordination-196/tests/FS.GG.Coordination.UnitTests/bin/Debug/net10.0/FS.GG.Coordination.UnitTests.dll" adapterTypeName="executor://xunit/VsTestRunner3/netcore/" className="FS.GG.Coordination.GitHubCommentProjectionTests" name="projection planning is byte deterministic idempotent and distinguishes create replace and no-op" />
    </UnitTest>
    <UnitTest name="FS.GG.Coordination.RoadmapWorkTests.accepted exact prerequisite is ready" storage="/home/developer/projects/fs.gg.coordination-196/tests/fs.gg.coordination.unittests/bin/debug/net10.0/fs.gg.coordination.unittests.dll" id="0892fb94-202a-b0d4-2d11-72086f4774eb">
      <Execution id="1668f16d-6b1d-4ff5-84ff-efa0d522ea25" />
      <TestMethod codeBase="/home/developer/projects/FS.GG.Coordination-196/tests/FS.GG.Coordination.UnitTests/bin/Debug/net10.0/FS.GG.Coordination.UnitTests.dll" adapterTypeName="executor://xunit/VsTestRunner3/netcore/" className="FS.GG.Coordination.RoadmapWorkTests" name="accepted exact prerequisite is ready" />
    </UnitTest>
    <UnitTest name="FS.GG.Coordination.GitHubProjectAdapterTests.membership planning is deterministic idempotent typed for no-ops and blocks archived items" storage="/home/developer/projects/fs.gg.coordination-196/tests/fs.gg.coordination.unittests/bin/debug/net10.0/fs.gg.coordination.unittests.dll" id="18b26f84-2188-64f2-4f9a-9ab639b42f9d">
      <Execution id="fdfdace1-b35a-4b74-a5bf-4948214c1bc7" />
      <TestMethod codeBase="/home/developer/projects/FS.GG.Coordination-196/tests/FS.GG.Coordination.UnitTests/bin/Debug/net10.0/FS.GG.Coordination.UnitTests.dll" adapterTypeName="executor://xunit/VsTestRunner3/netcore/" className="FS.GG.Coordination.GitHubProjectAdapterTests" name="membership planning is deterministic idempotent typed for no-ops and blocks archived items" />
    </UnitTest>
    <UnitTest name="FS.GG.Coordination.GitHubRepositorySettingsTests.reconciliation verifies only exact poststate and classifies partial repair" storage="/home/developer/projects/fs.gg.coordination-196/tests/fs.gg.coordination.unittests/bin/debug/net10.0/fs.gg.coordination.unittests.dll" id="c61c2d27-b327-145e-c832-c1074d62e1dd">
      <Execution id="0b66f847-74b8-48d2-8b6e-7abbe92bd5dc" />
      <TestMethod codeBase="/home/developer/projects/FS.GG.Coordination-196/tests/FS.GG.Coordination.UnitTests/bin/Debug/net10.0/FS.GG.Coordination.UnitTests.dll" adapterTypeName="executor://xunit/VsTestRunner3/netcore/" className="FS.GG.Coordination.GitHubRepositorySettingsTests" name="reconciliation verifies only exact poststate and classifies partial repair" />
    </UnitTest>
    <UnitTest name="FS.GG.Coordination.UnitTests.generated protocol contract exposes stable profile-2 identities" storage="/home/developer/projects/fs.gg.coordination-196/tests/fs.gg.coordination.unittests/bin/debug/net10.0/fs.gg.coordination.unittests.dll" id="55045b65-427f-d4f9-98ee-3bd2668df296">
      <Execution id="f3506ba5-0365-4f43-be35-2a1e1dc0505a" />
      <TestMethod codeBase="/home/developer/projects/FS.GG.Coordination-196/tests/FS.GG.Coordination.UnitTests/bin/Debug/net10.0/FS.GG.Coordination.UnitTests.dll" adapterTypeName="executor://xunit/VsTestRunner3/netcore/" className="FS.GG.Coordination.UnitTests" name="generated protocol contract exposes stable profile-2 identities" />
    </UnitTest>
    <UnitTest name="FS.GG.Coordination.GitHubActionsReleaseFeedTests.qualificationInventoryIsMutationSensitive" storage="/home/developer/projects/fs.gg.coordination-196/tests/fs.gg.coordination.unittests/bin/debug/net10.0/fs.gg.coordination.unittests.dll" id="2fbeaaba-a8a9-17ce-c0be-01e7c1dc3202">
      <Execution id="9daa6c4e-09bd-4a32-ad24-84f1d9879b75" />
      <TestMethod codeBase="/home/developer/projects/FS.GG.Coordination-196/tests/FS.GG.Coordination.UnitTests/bin/Debug/net10.0/FS.GG.Coordination.UnitTests.dll" adapterTypeName="executor://xunit/VsTestRunner3/netcore/" className="FS.GG.Coordination.GitHubActionsReleaseFeedTests" name="qualificationInventoryIsMutationSensitive" />
    </UnitTest>
    <UnitTest name="FS.GG.Coordination.GitHubRepositorySettingsTests.qualification inventory is closed and mutations must turn red" storage="/home/developer/projects/fs.gg.coordination-196/tests/fs.gg.coordination.unittests/bin/debug/net10.0/fs.gg.coordination.unittests.dll" id="29980ace-f39c-4fba-ba1e-0b14ab7b85b9">
      <Execution id="6b633acf-5a85-4731-89f3-801726865dff" />
      <TestMethod codeBase="/home/developer/projects/FS.GG.Coordination-196/tests/FS.GG.Coordination.UnitTests/bin/Debug/net10.0/FS.GG.Coordination.UnitTests.dll" adapterTypeName="executor://xunit/VsTestRunner3/netcore/" className="FS.GG.Coordination.GitHubRepositorySettingsTests" name="qualification inventory is closed and mutations must turn red" />
    </UnitTest>
    <UnitTest name="FS.GG.Coordination.UnitTests.malformed published Quint kernel manifest is refused" storage="/home/developer/projects/fs.gg.coordination-196/tests/fs.gg.coordination.unittests/bin/debug/net10.0/fs.gg.coordination.unittests.dll" id="61bed709-d51c-4546-1e19-d28244e22284">
      <Execution id="b30f927e-3e94-462e-bae5-a83c60dcb0a5" />
      <TestMethod codeBase="/home/developer/projects/FS.GG.Coordination-196/tests/FS.GG.Coordination.UnitTests/bin/Debug/net10.0/FS.GG.Coordination.UnitTests.dll" adapterTypeName="executor://xunit/VsTestRunner3/netcore/" className="FS.GG.Coordination.UnitTests" name="malformed published Quint kernel manifest is refused" />
    </UnitTest>
    <UnitTest name="FS.GG.Coordination.UnitTests.qualification contracts carry a typed result" storage="/home/developer/projects/fs.gg.coordination-196/tests/fs.gg.coordination.unittests/bin/debug/net10.0/fs.gg.coordination.unittests.dll" id="d7872e2d-f53e-d344-3042-f7681a4789db">
      <Execution id="65f8d459-dedd-4ca6-949f-174ba86dedbe" />
      <TestMethod codeBase="/home/developer/projects/FS.GG.Coordination-196/tests/FS.GG.Coordination.UnitTests/bin/Debug/net10.0/FS.GG.Coordination.UnitTests.dll" adapterTypeName="executor://xunit/VsTestRunner3/netcore/" className="FS.GG.Coordination.UnitTests" name="qualification contracts carry a typed result" />
    </UnitTest>
    <UnitTest name="FS.GG.Coordination.GitHubShardedJournalTests.journal qualification inventory is closed and every mutation must be red" storage="/home/developer/projects/fs.gg.coordination-196/tests/fs.gg.coordination.unittests/bin/debug/net10.0/fs.gg.coordination.unittests.dll" id="e4b15f3a-1ed7-cb06-8ab8-95f0cc87ccf1">
      <Execution id="a31a6afa-1a6f-4a58-82c9-62dbe0841eac" />
      <TestMethod codeBase="/home/developer/projects/FS.GG.Coordination-196/tests/FS.GG.Coordination.UnitTests/bin/Debug/net10.0/FS.GG.Coordination.UnitTests.dll" adapterTypeName="executor://xunit/VsTestRunner3/netcore/" className="FS.GG.Coordination.GitHubShardedJournalTests" name="journal qualification inventory is closed and every mutation must be red" />
    </UnitTest>
    <UnitTest name="FS.GG.Coordination.GitHubProjectAdapterTests.Status reread and post-state verification require exact projection delta and advanced revision" storage="/home/developer/projects/fs.gg.coordination-196/tests/fs.gg.coordination.unittests/bin/debug/net10.0/fs.gg.coordination.unittests.dll" id="6ef5f56e-5e52-caf3-d938-79766dae7f56">
      <Execution id="c7ec7511-4d73-4749-80e7-c0c1e20ae12a" />
      <TestMethod codeBase="/home/developer/projects/FS.GG.Coordination-196/tests/FS.GG.Coordination.UnitTests/bin/Debug/net10.0/FS.GG.Coordination.UnitTests.dll" adapterTypeName="executor://xunit/VsTestRunner3/netcore/" className="FS.GG.Coordination.GitHubProjectAdapterTests" name="Status reread and post-state verification require exact projection delta and advanced revision" />
    </UnitTest>
    <UnitTest name="FS.GG.Coordination.GitHubTransportTests.fixture projection is stable allow-listed and leak rejecting" storage="/home/developer/projects/fs.gg.coordination-196/tests/fs.gg.coordination.unittests/bin/debug/net10.0/fs.gg.coordination.unittests.dll" id="00e743bc-27bd-66df-6e4f-3908d69690e5">
      <Execution id="1697cf82-9fe3-431e-82c3-9c2f2ec28248" />
      <TestMethod codeBase="/home/developer/projects/FS.GG.Coordination-196/tests/FS.GG.Coordination.UnitTests/bin/Debug/net10.0/FS.GG.Coordination.UnitTests.dll" adapterTypeName="executor://xunit/VsTestRunner3/netcore/" className="FS.GG.Coordination.GitHubTransportTests" name="fixture projection is stable allow-listed and leak rejecting" />
    </UnitTest>
    <UnitTest name="FS.GG.Coordination.GitHubIssueFieldTests.field validation enforces type and an exact closed option set" storage="/home/developer/projects/fs.gg.coordination-196/tests/fs.gg.coordination.unittests/bin/debug/net10.0/fs.gg.coordination.unittests.dll" id="0278831f-de33-3620-02c8-05a10930a728">
      <Execution id="cbb29b2f-29f9-4f91-88c4-1334a5ade5b7" />
      <TestMethod codeBase="/home/developer/projects/FS.GG.Coordination-196/tests/FS.GG.Coordination.UnitTests/bin/Debug/net10.0/FS.GG.Coordination.UnitTests.dll" adapterTypeName="executor://xunit/VsTestRunner3/netcore/" className="FS.GG.Coordination.GitHubIssueFieldTests" name="field validation enforces type and an exact closed option set" />
    </UnitTest>
    <UnitTest name="FS.GG.Coordination.OrganizationIssueFieldsTests.intent is authoritative and status is its derived projection" storage="/home/developer/projects/fs.gg.coordination-196/tests/fs.gg.coordination.unittests/bin/debug/net10.0/fs.gg.coordination.unittests.dll" id="a345150d-1c7c-ebf2-6fb0-cc14fee0cea6">
      <Execution id="a8870fba-f23e-4d85-8e9d-3c4704f083f2" />
      <TestMethod codeBase="/home/developer/projects/FS.GG.Coordination-196/tests/FS.GG.Coordination.UnitTests/bin/Debug/net10.0/FS.GG.Coordination.UnitTests.dll" adapterTypeName="executor://xunit/VsTestRunner3/netcore/" className="FS.GG.Coordination.OrganizationIssueFieldsTests" name="intent is authoritative and status is its derived projection" />
    </UnitTest>
    <UnitTest name="FS.GG.Coordination.RoadmapWorkTests.candidate manifest is deterministic and never claims acceptance" storage="/home/developer/projects/fs.gg.coordination-196/tests/fs.gg.coordination.unittests/bin/debug/net10.0/fs.gg.coordination.unittests.dll" id="495add0d-b1de-9680-8b6c-0653c6468de1">
      <Execution id="5caa25cd-0c94-4795-a1b3-075bbe7722d4" />
      <TestMethod codeBase="/home/developer/projects/FS.GG.Coordination-196/tests/FS.GG.Coordination.UnitTests/bin/Debug/net10.0/FS.GG.Coordination.UnitTests.dll" adapterTypeName="executor://xunit/VsTestRunner3/netcore/" className="FS.GG.Coordination.RoadmapWorkTests" name="candidate manifest is deterministic and never claims acceptance" />
    </UnitTest>
    <UnitTest name="FS.GG.Coordination.GitHubShardedJournalTests.protection binds exact repository rulesets target and bypass split" storage="/home/developer/projects/fs.gg.coordination-196/tests/fs.gg.coordination.unittests/bin/debug/net10.0/fs.gg.coordination.unittests.dll" id="de2533a6-ed70-63c9-3789-a8faee796d5d">
      <Execution id="a478ea18-0a9a-4d95-be33-26bbe5fa9033" />
      <TestMethod codeBase="/home/developer/projects/FS.GG.Coordination-196/tests/FS.GG.Coordination.UnitTests/bin/Debug/net10.0/FS.GG.Coordination.UnitTests.dll" adapterTypeName="executor://xunit/VsTestRunner3/netcore/" className="FS.GG.Coordination.GitHubShardedJournalTests" name="protection binds exact repository rulesets target and bypass split" />
    </UnitTest>
    <UnitTest name="FS.GG.Coordination.GitHubProjectAdapterTests.Status planning validates options and produces mutation-free no-ops" storage="/home/developer/projects/fs.gg.coordination-196/tests/fs.gg.coordination.unittests/bin/debug/net10.0/fs.gg.coordination.unittests.dll" id="52ea0405-1c70-99fb-e9be-12121b624b4e">
      <Execution id="051d85e9-27df-4f3f-9fcb-5bf72e364791" />
      <TestMethod codeBase="/home/developer/projects/FS.GG.Coordination-196/tests/FS.GG.Coordination.UnitTests/bin/Debug/net10.0/FS.GG.Coordination.UnitTests.dll" adapterTypeName="executor://xunit/VsTestRunner3/netcore/" className="FS.GG.Coordination.GitHubProjectAdapterTests" name="Status planning validates options and produces mutation-free no-ops" />
    </UnitTest>
    <UnitTest name="FS.GG.Coordination.GitHubRepositorySettingsTests.planning is minimal stable digest bound and least privilege" storage="/home/developer/projects/fs.gg.coordination-196/tests/fs.gg.coordination.unittests/bin/debug/net10.0/fs.gg.coordination.unittests.dll" id="c88b8c8c-bb7b-6989-12d8-d78486adb75e">
      <Execution id="db7ea2dd-69ea-442a-ae4a-521707c6650d" />
      <TestMethod codeBase="/home/developer/projects/FS.GG.Coordination-196/tests/FS.GG.Coordination.UnitTests/bin/Debug/net10.0/FS.GG.Coordination.UnitTests.dll" adapterTypeName="executor://xunit/VsTestRunner3/netcore/" className="FS.GG.Coordination.GitHubRepositorySettingsTests" name="planning is minimal stable digest bound and least privilege" />
    </UnitTest>
    <UnitTest name="FS.GG.Coordination.GitHubShardedJournalTests.aggregate addresses are lowercase length-prefixed sharded and protected" storage="/home/developer/projects/fs.gg.coordination-196/tests/fs.gg.coordination.unittests/bin/debug/net10.0/fs.gg.coordination.unittests.dll" id="dbd8751f-20b8-ab54-bf07-8c06ca0b7bd7">
      <Execution id="b3522eea-27c8-457d-88f6-21d8af04a1e2" />
      <TestMethod codeBase="/home/developer/projects/FS.GG.Coordination-196/tests/FS.GG.Coordination.UnitTests/bin/Debug/net10.0/FS.GG.Coordination.UnitTests.dll" adapterTypeName="executor://xunit/VsTestRunner3/netcore/" className="FS.GG.Coordination.GitHubShardedJournalTests" name="aggregate addresses are lowercase length-prefixed sharded and protected" />
    </UnitTest>
    <UnitTest name="FS.GG.Coordination.GitHubIntakeTests.controlled apply fences order post state and partial failures" storage="/home/developer/projects/fs.gg.coordination-196/tests/fs.gg.coordination.unittests/bin/debug/net10.0/fs.gg.coordination.unittests.dll" id="4a817449-d5b4-2127-8865-c5592dbcb9b6">
      <Execution id="666f8ebf-722b-4e9b-8453-1b3ca2c6e88d" />
      <TestMethod codeBase="/home/developer/projects/FS.GG.Coordination-196/tests/FS.GG.Coordination.UnitTests/bin/Debug/net10.0/FS.GG.Coordination.UnitTests.dll" adapterTypeName="executor://xunit/VsTestRunner3/netcore/" className="FS.GG.Coordination.GitHubIntakeTests" name="controlled apply fences order post state and partial failures" />
    </UnitTest>
    <UnitTest name="FS.GG.Coordination.GitHubShardedJournalTests.journal validation requires one-parent monotonic append-only ancestry" storage="/home/developer/projects/fs.gg.coordination-196/tests/fs.gg.coordination.unittests/bin/debug/net10.0/fs.gg.coordination.unittests.dll" id="e32de836-8d73-a5c6-893c-4cd3f2589552">
      <Execution id="1fb93ca7-4a39-45a9-b25d-9082978820f6" />
      <TestMethod codeBase="/home/developer/projects/FS.GG.Coordination-196/tests/FS.GG.Coordination.UnitTests/bin/Debug/net10.0/FS.GG.Coordination.UnitTests.dll" adapterTypeName="executor://xunit/VsTestRunner3/netcore/" className="FS.GG.Coordination.GitHubShardedJournalTests" name="journal validation requires one-parent monotonic append-only ancestry" />
    </UnitTest>
    <UnitTest name="FS.GG.Coordination.UnitTests.protocol boundary has a stable initial identity" storage="/home/developer/projects/fs.gg.coordination-196/tests/fs.gg.coordination.unittests/bin/debug/net10.0/fs.gg.coordination.unittests.dll" id="d3cd4303-01d6-7feb-d596-2e241121b5d7">
[...]
      <Execution id="d1f816e1-562e-473a-aca3-838d94d97678" />
      <TestMethod codeBase="/home/developer/projects/FS.GG.Coordination-196/tests/FS.GG.Coordination.UnitTests/bin/Debug/net10.0/FS.GG.Coordination.UnitTests.dll" adapterTypeName="executor://xunit/VsTestRunner3/netcore/" className="FS.GG.Coordination.CritiqueEvidenceTests" name="absent stale duplicate forged truncated and prose only bundles are red" />
    </UnitTest>
    <UnitTest name="FS.GG.Coordination.GitHubIntakeTests.intake qualification inventory is independently exact" storage="/home/developer/projects/fs.gg.coordination-196/tests/fs.gg.coordination.unittests/bin/debug/net10.0/fs.gg.coordination.unittests.dll" id="68faa4e3-e33a-6efa-9acf-29058e162f68">
      <Execution id="d165beca-6fe0-4535-bde8-71b29462c19b" />
      <TestMethod codeBase="/home/developer/projects/FS.GG.Coordination-196/tests/FS.GG.Coordination.UnitTests/bin/Debug/net10.0/FS.GG.Coordination.UnitTests.dll" adapterTypeName="executor://xunit/VsTestRunner3/netcore/" className="FS.GG.Coordination.GitHubIntakeTests" name="intake qualification inventory is independently exact" />
    </UnitTest>
    <UnitTest name="FS.GG.Coordination.GitHubIssueFieldTests.guarded plans are deterministic and distinguish create update clear and no-op" storage="/home/developer/projects/fs.gg.coordination-196/tests/fs.gg.coordination.unittests/bin/debug/net10.0/fs.gg.coordination.unittests.dll" id="26288f43-204e-5ba5-528a-2d1cb5e9a002">
      <Execution id="5dd70f85-8f7a-484d-88ea-f9c61800b387" />
      <TestMethod codeBase="/home/developer/projects/FS.GG.Coordination-196/tests/FS.GG.Coordination.UnitTests/bin/Debug/net10.0/FS.GG.Coordination.UnitTests.dll" adapterTypeName="executor://xunit/VsTestRunner3/netcore/" className="FS.GG.Coordination.GitHubIssueFieldTests" name="guarded plans are deterministic and distinguish create update clear and no-op" />
    </UnitTest>
    <UnitTest name="FS.GG.Coordination.GitHubNativeRelationTests.planning is edge-local deterministic collision-safe and typed for no-ops" storage="/home/developer/projects/fs.gg.coordination-196/tests/fs.gg.coordination.unittests/bin/debug/net10.0/fs.gg.coordination.unittests.dll" id="22349532-e200-579c-8cad-8416d1e77fcb">
      <Execution id="97cc57bc-8219-45b5-aebb-092f02824377" />
      <TestMethod codeBase="/home/developer/projects/FS.GG.Coordination-196/tests/FS.GG.Coordination.UnitTests/bin/Debug/net10.0/FS.GG.Coordination.UnitTests.dll" adapterTypeName="executor://xunit/VsTestRunner3/netcore/" className="FS.GG.Coordination.GitHubNativeRelationTests" name="planning is edge-local deterministic collision-safe and typed for no-ops" />
    </UnitTest>
  </TestDefinitions>
  <TestEntries>
    <TestEntry testId="5a296b85-fafd-bfe0-cd25-1c34f4b414bb" executionId="f64f7f18-2509-45f6-a939-17d1025776f2" testListId="8c84fa94-04c1-424b-9868-57a2d4851a1d" />
    <TestEntry testId="dba848b9-fd6f-8cd1-9530-478b4c0d4aa7" executionId="e90fd1f2-3079-4f1b-bc5a-ef9394b806b4" testListId="8c84fa94-04c1-424b-9868-57a2d4851a1d" />
    <TestEntry testId="de2533a6-ed70-63c9-3789-a8faee796d5d" executionId="a478ea18-0a9a-4d95-be33-26bbe5fa9033" testListId="8c84fa94-04c1-424b-9868-57a2d4851a1d" />
    <TestEntry testId="55045b65-427f-d4f9-98ee-3bd2668df296" executionId="f3506ba5-0365-4f43-be35-2a1e1dc0505a" testListId="8c84fa94-04c1-424b-9868-57a2d4851a1d" />
    <TestEntry testId="d3cd4303-01d6-7feb-d596-2e241121b5d7" executionId="55921045-e984-4d09-a760-af730c279d84" testListId="8c84fa94-04c1-424b-9868-57a2d4851a1d" />
    <TestEntry testId="a7158601-de91-7712-e5fb-4224343c3bfb" executionId="d4b0285e-3a37-494a-88e8-d0688f0213b8" testListId="8c84fa94-04c1-424b-9868-57a2d4851a1d" />
    <TestEntry testId="96d0a3f6-0243-2c4d-0d2d-6e36cb59bca9" executionId="1a632451-4d69-46fb-8fbf-70cc57786cba" testListId="8c84fa94-04c1-424b-9868-57a2d4851a1d" />
    <TestEntry testId="68faa4e3-e33a-6efa-9acf-29058e162f68" executionId="d165beca-6fe0-4535-bde8-71b29462c19b" testListId="8c84fa94-04c1-424b-9868-57a2d4851a1d" />
    <TestEntry testId="f8209350-7aee-804a-8dfc-17d347f0f2f0" executionId="95fa4e4d-68d9-409d-a031-babc634058e1" testListId="8c84fa94-04c1-424b-9868-57a2d4851a1d" />
    <TestEntry testId="18b26f84-2188-64f2-4f9a-9ab639b42f9d" executionId="fdfdace1-b35a-4b74-a5bf-4948214c1bc7" testListId="8c84fa94-04c1-424b-9868-57a2d4851a1d" />
    <TestEntry testId="00e743bc-27bd-66df-6e4f-3908d69690e5" executionId="1697cf82-9fe3-431e-82c3-9c2f2ec28248" testListId="8c84fa94-04c1-424b-9868-57a2d4851a1d" />
    <TestEntry testId="52ea0405-1c70-99fb-e9be-12121b624b4e" executionId="051d85e9-27df-4f3f-9fcb-5bf72e364791" testListId="8c84fa94-04c1-424b-9868-57a2d4851a1d" />
    <TestEntry testId="e43369eb-7d4d-f9be-76ad-70e1691d2209" executionId="cf647728-abf1-4c95-be9d-890fa8e4a226" testListId="8c84fa94-04c1-424b-9868-57a2d4851a1d" />
    <TestEntry testId="f48c0cab-589c-7761-3c61-b936f176f7a8" executionId="8ba8ff8b-64c2-4764-96ba-54399c17bec6" testListId="8c84fa94-04c1-424b-9868-57a2d4851a1d" />
    <TestEntry testId="198214af-b787-992f-c99b-52a3437edaa3" executionId="b19563de-1222-4ce0-bb3d-d1dd752a2983" testListId="8c84fa94-04c1-424b-9868-57a2d4851a1d" />
    <TestEntry testId="f61e8cb7-ae05-9d23-1451-f643359075aa" executionId="a7dd7876-9133-4ce9-af7c-9c00a73710b1" testListId="8c84fa94-04c1-424b-9868-57a2d4851a1d" />
    <TestEntry testId="7d64b838-8c5c-7918-f40d-6e360ef36539" executionId="5817b745-664f-4d6f-8db5-be38ecf0041a" testListId="8c84fa94-04c1-424b-9868-57a2d4851a1d" />
    <TestEntry testId="43d13dcf-0a86-d1b2-717a-a104a049098b" executionId="65c8cf61-d1c9-4c21-864a-d4b8e1d8e0b3" testListId="8c84fa94-04c1-424b-9868-57a2d4851a1d" />
    <TestEntry testId="dbd8751f-20b8-ab54-bf07-8c06ca0b7bd7" executionId="b3522eea-27c8-457d-88f6-21d8af04a1e2" testListId="8c84fa94-04c1-424b-9868-57a2d4851a1d" />
    <TestEntry testId="d9d15056-37d3-c7b8-96ab-5ccd94ebe60b" executionId="9d5d59e8-a9a5-4e12-8256-d9094250bf78" testListId="8c84fa94-04c1-424b-9868-57a2d4851a1d" />
    <TestEntry testId="a1d1aaed-d8a1-c06c-bf6e-2522073eff5b" executionId="ad8e0dbe-fae0-463b-95d2-1d06e1a5bf06" testListId="8c84fa94-04c1-424b-9868-57a2d4851a1d" />
    <TestEntry testId="a0dc49f4-25da-4758-6d0c-fe5a20113682" executionId="10e48e92-8747-4798-999d-8825f8ffee24" testListId="8c84fa94-04c1-424b-9868-57a2d4851a1d" />
    <TestEntry testId="b998af87-0cf0-728f-702d-6bbf6e3903c0" executionId="d1f816e1-562e-473a-aca3-838d94d97678" testListId="8c84fa94-04c1-424b-9868-57a2d4851a1d" />
    <TestEntry testId="539df7da-8265-453e-29c0-d88d53988cf5" executionId="f76d621e-3398-4df1-a112-647ac7099684" testListId="8c84fa94-04c1-424b-9868-57a2d4851a1d" />
    <TestEntry testId="082f8a1f-a7c1-c72b-5dad-655e3fa08b89" executionId="f642eb00-27df-404b-8b6d-163a1ad2d39a" testListId="8c84fa94-04c1-424b-9868-57a2d4851a1d" />
    <TestEntry testId="af634480-f99a-44a3-5b8d-9cf3e90e0b48" executionId="63b53a65-0e7c-4bde-9040-75f83c7033ce" testListId="8c84fa94-04c1-424b-9868-57a2d4851a1d" />
    <TestEntry testId="6ef5f56e-5e52-caf3-d938-79766dae7f56" executionId="c7ec7511-4d73-4749-80e7-c0c1e20ae12a" testListId="8c84fa94-04c1-424b-9868-57a2d4851a1d" />
    <TestEntry testId="c61c2d27-b327-145e-c832-c1074d62e1dd" executionId="0b66f847-74b8-48d2-8b6e-7abbe92bd5dc" testListId="8c84fa94-04c1-424b-9868-57a2d4851a1d" />
    <TestEntry testId="9c5b0143-0c78-0360-20de-5bcde8070ba6" executionId="40982dcb-21e0-43d1-b02e-1e638140fad2" testListId="8c84fa94-04c1-424b-9868-57a2d4851a1d" />
    <TestEntry testId="0096c3b1-7ef2-465b-b28a-62bfbf61f789" executionId="807a488d-62fe-4f4d-b35e-8d8b5156a2eb" testListId="8c84fa94-04c1-424b-9868-57a2d4851a1d" />
    <TestEntry testId="e4b15f3a-1ed7-cb06-8ab8-95f0cc87ccf1" executionId="a31a6afa-1a6f-4a58-82c9-62dbe0841eac" testListId="8c84fa94-04c1-424b-9868-57a2d4851a1d" />
    <TestEntry testId="c88b8c8c-bb7b-6989-12d8-d78486adb75e" executionId="db7ea2dd-69ea-442a-ae4a-521707c6650d" testListId="8c84fa94-04c1-424b-9868-57a2d4851a1d" />
    <TestEntry testId="0278831f-de33-3620-02c8-05a10930a728" executionId="cbb29b2f-29f9-4f91-88c4-1334a5ade5b7" testListId="8c84fa94-04c1-424b-9868-57a2d4851a1d" />
    <TestEntry testId="1840b241-3f6a-fe41-841d-d3fe8027aa6a" executionId="3055ad13-a968-40e2-a0a8-54ba959c1463" testListId="8c84fa94-04c1-424b-9868-57a2d4851a1d" />
    <TestEntry testId="d7872e2d-f53e-d344-3042-f7681a4789db" executionId="65f8d459-dedd-4ca6-949f-174ba86dedbe" testListId="8c84fa94-04c1-424b-9868-57a2d4851a1d" />
    <TestEntry testId="8b9f3e93-161c-b466-0cee-c90413ff4920" executionId="92aa676b-1760-4c32-b801-712dd9d5760b" testListId="8c84fa94-04c1-424b-9868-57a2d4851a1d" />
    <TestEntry testId="5397bb41-7758-caf1-b9ff-104079f7580d" executionId="e5bff1c9-5253-4866-b4e8-2a3337423d8e" testListId="8c84fa94-04c1-424b-9868-57a2d4851a1d" />
    <TestEntry testId="3d8afe67-bce1-6359-953b-f2a317cd79b4" executionId="103a8a98-2775-4b1f-abfa-f9b57aada3df" testListId="8c84fa94-04c1-424b-9868-57a2d4851a1d" />
    <TestEntry testId="cb570e71-d08c-70d1-a140-e9bb092c96b7" executionId="54349a68-1dcc-41ca-b929-660d8697b193" testListId="8c84fa94-04c1-424b-9868-57a2d4851a1d" />
    <TestEntry testId="5b79c6fd-1996-1f30-4e35-657124431b55" executionId="4ad12cef-8434-4e8a-aa3c-7d3a11709155" testListId="8c84fa94-04c1-424b-9868-57a2d4851a1d" />
    <TestEntry testId="5404cb40-c077-ba10-abb0-b8fc4a1e11c5" executionId="2d748e30-8936-4b9f-8c8d-3bd2d1bece36" testListId="8c84fa94-04c1-424b-9868-57a2d4851a1d" />
    <TestEntry testId="3dce6b98-fe9c-df5d-18d8-e11a6c1f48d0" executionId="6e017ffd-8c93-4743-87e7-cbe134c2310b" testListId="8c84fa94-04c1-424b-9868-57a2d4851a1d" />
    <TestEntry testId="26288f43-204e-5ba5-528a-2d1cb5e9a002" executionId="5dd70f85-8f7a-484d-88ea-f9c61800b387" testListId="8c84fa94-04c1-424b-9868-57a2d4851a1d" />
    <TestEntry testId="22349532-e200-579c-8cad-8416d1e77fcb" executionId="97cc57bc-8219-45b5-aebb-092f02824377" testListId="8c84fa94-04c1-424b-9868-57a2d4851a1d" />
    <TestEntry testId="44cc783b-4ec2-3d12-64be-bc6538265bf5" executionId="291183ae-515f-4a90-8a48-bb92045afa19" testListId="8c84fa94-04c1-424b-9868-57a2d4851a1d" />
    <TestEntry testId="c7144581-9fbc-1fcb-6004-a2dd3a93c46b" executionId="0ac7956a-d7e5-4c68-9e48-77019ac79730" testListId="8c84fa94-04c1-424b-9868-57a2d4851a1d" />
    <TestEntry testId="da9c3699-c19d-05c4-6b5c-57570b41b5db" executionId="4686f2e0-3718-4ae0-9046-5597916a4c54" testListId="8c84fa94-04c1-424b-9868-57a2d4851a1d" />
    <TestEntry testId="a345150d-1c7c-ebf2-6fb0-cc14fee0cea6" executionId="a8870fba-f23e-4d85-8e9d-3c4704f083f2" testListId="8c84fa94-04c1-424b-9868-57a2d4851a1d" />
    <TestEntry testId="987bc09c-e0ec-41e6-a75a-9f58af1d1e4b" executionId="a479516c-d9c8-4ded-8e3c-92013df8b75e" testListId="8c84fa94-04c1-424b-9868-57a2d4851a1d" />
    <TestEntry testId="e32de836-8d73-a5c6-893c-4cd3f2589552" executionId="1fb93ca7-4a39-45a9-b25d-9082978820f6" testListId="8c84fa94-04c1-424b-9868-57a2d4851a1d" />
    <TestEntry testId="f03df1bf-97b8-3b05-9eba-658137a2830c" executionId="4f11b710-1de6-4a30-8a12-041a2a23dc16" testListId="8c84fa94-04c1-424b-9868-57a2d4851a1d" />
    <TestEntry testId="61121a86-abe9-d11b-a51a-c2e6a7289ac1" executionId="a5cccf21-8092-4791-92df-a613fd4a3aa5" testListId="8c84fa94-04c1-424b-9868-57a2d4851a1d" />
    <TestEntry testId="cb9937f8-0bab-5ea4-eb24-1b535fb7d080" executionId="d43c2460-65f6-47ca-a349-a86817f5daca" testListId="8c84fa94-04c1-424b-9868-57a2d4851a1d" />
    <TestEntry testId="5544a9a1-0103-6242-1bb9-ade21e6c56c1" executionId="e5f68b89-4035-446c-80b5-a2a80f29f752" testListId="8c84fa94-04c1-424b-9868-57a2d4851a1d" />
    <TestEntry testId="c9a7ceca-bc8a-248e-7214-f31cfe8112b4" executionId="33899888-8814-41c9-8fab-3f0382f47819" testListId="8c84fa94-04c1-424b-9868-57a2d4851a1d" />
    <TestEntry testId="45e6d131-d495-086e-6195-82dc0987b325" executionId="5f68aca3-5f7f-4ec3-82cf-7592fe2cad53" testListId="8c84fa94-04c1-424b-9868-57a2d4851a1d" />
    <TestEntry testId="6db2c0c3-3f05-10d4-3ea3-c5102bdce5db" executionId="2a91f8fd-c4bd-4a27-b63e-a8e7b133321f" testListId="8c84fa94-04c1-424b-9868-57a2d4851a1d" />
    <TestEntry testId="0892fb94-202a-b0d4-2d11-72086f4774eb" executionId="1668f16d-6b1d-4ff5-84ff-efa0d522ea25" testListId="8c84fa94-04c1-424b-9868-57a2d4851a1d" />
    <TestEntry testId="fe12808d-0506-6eab-eb05-77bd2e02ec15" executionId="b96b041c-bc39-4048-9096-34be6e85dffb" testListId="8c84fa94-04c1-424b-9868-57a2d4851a1d" />
    <TestEntry testId="e0eb296b-4f3e-ebde-30b1-d5458928166d" executionId="fb19b9c9-53a2-4a0a-b579-3cf016b2337b" testListId="8c84fa94-04c1-424b-9868-57a2d4851a1d" />
    <TestEntry testId="e180d8b1-d8f6-fe9c-2380-5cabfb589e47" executionId="65cbc0ff-e5ec-4987-baa5-e067c0bf8c4c" testListId="8c84fa94-04c1-424b-9868-57a2d4851a1d" />
    <TestEntry testId="4a817449-d5b4-2127-8865-c5592dbcb9b6" executionId="666f8ebf-722b-4e9b-8453-1b3ca2c6e88d" testListId="8c84fa94-04c1-424b-9868-57a2d4851a1d" />
    <TestEntry testId="00f8f62d-e0f2-cfca-7df2-e276009f44c7" executionId="1f0a1463-a9ba-4332-82bd-24e0669c3d78" testListId="8c84fa94-04c1-424b-9868-57a2d4851a1d" />
    <TestEntry testId="2e6d5482-62c4-7eea-07c5-c62db66724f8" executionId="8ee3b0b6-c3d1-4353-a9bf-bb7e69ebe8ad" testListId="8c84fa94-04c1-424b-9868-57a2d4851a1d" />
    <TestEntry testId="61bed709-d51c-4546-1e19-d28244e22284" executionId="b30f927e-3e94-462e-bae5-a83c60dcb0a5" testListId="8c84fa94-04c1-424b-9868-57a2d4851a1d" />
    <TestEntry testId="8a0ae61c-4390-2737-b069-0cf2cf1684e5" executionId="310bf954-63e1-43a9-a7ae-23ebe9b9ab6b" testListId="8c84fa94-04c1-424b-9868-57a2d4851a1d" />
    <TestEntry testId="495add0d-b1de-9680-8b6c-0653c6468de1" executionId="5caa25cd-0c94-4795-a1b3-075bbe7722d4" testListId="8c84fa94-04c1-424b-9868-57a2d4851a1d" />
    <TestEntry testId="453fd9e2-6016-3f5e-a73e-7c8f2b5cd39d" executionId="a73044d0-8949-45c3-94e2-f92fb8938831" testListId="8c84fa94-04c1-424b-9868-57a2d4851a1d" />
    <TestEntry testId="4c695d88-2485-dbd5-4d1d-815a2487fa74" executionId="398bfa48-6a30-4e83-80ea-a1b98ec7192a" testListId="8c84fa94-04c1-424b-9868-57a2d4851a1d" />
    <TestEntry testId="32efae01-4715-95f5-9ff2-199cc469668a" executionId="a1b122b6-19f6-4438-9570-bb2dfc48f3b9" testListId="8c84fa94-04c1-424b-9868-57a2d4851a1d" />
    <TestEntry testId="f3529ae4-e62a-83e3-8fb6-1b6d60f162bd" executionId="9307ee1b-f343-4923-8d97-766c1c454264" testListId="8c84fa94-04c1-424b-9868-57a2d4851a1d" />
    <TestEntry testId="ac94a4d8-9280-1838-b939-0d6ee340b32f" executionId="b0236475-f872-4755-98b4-7d9bdbaa6d43" testListId="8c84fa94-04c1-424b-9868-57a2d4851a1d" />
    <TestEntry testId="2fbeaaba-a8a9-17ce-c0be-01e7c1dc3202" executionId="9daa6c4e-09bd-4a32-ad24-84f1d9879b75" testListId="8c84fa94-04c1-424b-9868-57a2d4851a1d" />
    <TestEntry testId="8708375f-c756-e690-ff37-4dd96ac5475a" executionId="44c982a8-8ac6-40e1-b137-4fa3422fb59e" testListId="8c84fa94-04c1-424b-9868-57a2d4851a1d" />
    <TestEntry testId="4ba1ebb8-b117-2143-abc7-171f03572f16" executionId="85c746dd-5e5c-4c67-a553-8d71e4764222" testListId="8c84fa94-04c1-424b-9868-57a2d4851a1d" />
    <TestEntry testId="df68f269-8d05-043f-b724-7211498274f5" executionId="a25b7ab3-9a8c-4c74-b1fd-735093c56349" testListId="8c84fa94-04c1-424b-9868-57a2d4851a1d" />
    <TestEntry testId="def10827-0426-3d6e-0ce0-8fa5fcb46b0a" executionId="1ac32642-20b0-4b0d-9462-503c28e9e18e" testListId="8c84fa94-04c1-424b-9868-57a2d4851a1d" />
    <TestEntry testId="29980ace-f39c-4fba-ba1e-0b14ab7b85b9" executionId="6b633acf-5a85-4731-89f3-801726865dff" testListId="8c84fa94-04c1-424b-9868-57a2d4851a1d" />
    <TestEntry testId="aca8777c-25c6-e291-5a0e-d9561d5f40d7" executionId="11d96378-0788-4717-8116-d79edac1ad02" testListId="8c84fa94-04c1-424b-9868-57a2d4851a1d" />
    <TestEntry testId="f59c41a6-8963-af54-78b7-ba0241c419b0" executionId="7b2906f9-fc1e-4345-9f34-ed7c7a59a533" testListId="8c84fa94-04c1-424b-9868-57a2d4851a1d" />
    <TestEntry testId="2747ae7f-aa47-9fb1-a156-779aabc305e5" executionId="eaa68997-41ca-4a4f-bccf-805f890ed4e3" testListId="8c84fa94-04c1-424b-9868-57a2d4851a1d" />
    <TestEntry testId="e457ed48-8ee5-ce79-cc56-d8c88b435d5a" executionId="de49ca98-ae3a-46b1-8e5e-601c14985e69" testListId="8c84fa94-04c1-424b-9868-57a2d4851a1d" />
    <TestEntry testId="8f7fbbcb-cdcc-919c-10cc-b06d39ba99ae" executionId="b67342b2-4ec1-4cb5-b149-fa448c347ba0" testListId="8c84fa94-04c1-424b-9868-57a2d4851a1d" />
    <TestEntry testId="44367496-e783-b684-3cc5-133adeca91ff" executionId="78926fed-ac56-4a3e-aae6-8dc23b4ec3b0" testListId="8c84fa94-04c1-424b-9868-57a2d4851a1d" />
    <TestEntry testId="409ab282-62aa-45c1-edcf-d1dd675238b6" executionId="4b04c25f-0d6a-4bd7-8360-34328c81da39" testListId="8c84fa94-04c1-424b-9868-57a2d4851a1d" />
    <TestEntry testId="1ac10b01-5cd9-0000-5a9f-1624aa5a8838" executionId="1bf4344f-a5e1-440e-8b94-cf7821a7e93d" testListId="8c84fa94-04c1-424b-9868-57a2d4851a1d" />
    <TestEntry testId="25ab73f2-c36a-624e-368c-e3eb6ac9fcf4" executionId="04e28246-a1f1-4996-b8b0-1cf33e730477" testListId="8c84fa94-04c1-424b-9868-57a2d4851a1d" />
    <TestEntry testId="60aa9a0b-42df-bd98-cb91-770ba8a1d572" executionId="7ff035bf-2ba4-402b-a999-d7f2688aa074" testListId="8c84fa94-04c1-424b-9868-57a2d4851a1d" />
    <TestEntry testId="3b1fc2e3-ee96-105f-ad0f-e9c11d9490be" executionId="1d22c741-cf7d-4a4c-8765-fe68eec917d1" testListId="8c84fa94-04c1-424b-9868-57a2d4851a1d" />
    <TestEntry testId="6ee22b99-cf0c-9df7-35b3-3f63aa47cc06" executionId="8e9c0d75-e6bf-45a0-82ad-894d338a0318" testListId="8c84fa94-04c1-424b-9868-57a2d4851a1d" />
    <TestEntry testId="deaef829-c3c1-63ef-1128-94114bfe098f" executionId="d72ff0fe-f916-4820-9915-0c045ccbce64" testListId="8c84fa94-04c1-424b-9868-57a2d4851a1d" />
    <TestEntry testId="e96e2923-251e-0d6a-72e8-f2d99de732b9" executionId="6281d2ce-0813-4294-80d4-a843d0e9f261" testListId="8c84fa94-04c1-424b-9868-57a2d4851a1d" />
    <TestEntry testId="d9915b25-4b14-f590-868a-a4c6d53b8be7" executionId="dce1f9fe-690f-4841-af7c-7fd11286210b" testListId="8c84fa94-04c1-424b-9868-57a2d4851a1d" />
    <TestEntry testId="18289f8b-d920-1e72-9dca-186dcf4a89d2" executionId="1f8e9a70-7bc6-454b-8c45-26e600d0fa17" testListId="8c84fa94-04c1-424b-9868-57a2d4851a1d" />
    <TestEntry testId="ad8f6f68-90d6-6cad-38f7-1f7be53d4f24" executionId="1a666ea4-d424-41f5-8c3d-20b2390293f2" testListId="8c84fa94-04c1-424b-9868-57a2d4851a1d" />
    <TestEntry testId="bb256565-231a-f626-9a1a-9369f76b19c1" executionId="3843fd74-866a-4606-9e2e-ac11dccdf126" testListId="8c84fa94-04c1-424b-9868-57a2d4851a1d" />
    <TestEntry testId="df542948-895d-a197-b689-3b00fe0ff245" executionId="63289537-db03-4a45-8c46-df30276b132b" testListId="8c84fa94-04c1-424b-9868-57a2d4851a1d" />
    <TestEntry testId="5925632d-2736-88c0-37bb-0cf0a8cc4be9" executionId="3c26c776-2327-4277-a49b-326055abf659" testListId="8c84fa94-04c1-424b-9868-57a2d4851a1d" />
    <TestEntry testId="bb908e81-0227-e6cb-5b30-7c6f52044c4f" executionId="6cb0a61c-35a1-4093-b5cb-30d85f962f1c" testListId="8c84fa94-04c1-424b-9868-57a2d4851a1d" />
  </TestEntries>
  <TestLists>
    <TestList name="Results Not in a List" id="8c84fa94-04c1-424b-9868-57a2d4851a1d" />
    <TestList name="All Loaded Results" id="19431567-8539-422a-85d7-44ee4e166bda" />
  </TestLists>
  <ResultSummary outcome="Completed">
    <Counters total="99" executed="99" passed="99" failed="0" error="0" timeout="0" aborted="0" inconclusive="0" passedButRunAborted="0" notRunnable="0" notExecuted="0" disconnected="0" warning="0" completed="0" inProgress="0" pending="0" />
    <Output>
      <StdOut>[xUnit.net 00:00:00.00] xUnit.net VSTest Adapter v3.1.5+1b188a7b0a (64-bit .NET 10.0.11)
[xUnit.net 00:00:00.04]   Discovering: FS.GG.Coordination.UnitTests
[xUnit.net 00:00:00.07]   Discovered:  FS.GG.Coordination.UnitTests
[xUnit.net 00:00:00.08]   Starting:    FS.GG.Coordination.UnitTests
[xUnit.net 00:00:00.32]   Finished:    FS.GG.Coordination.UnitTests
</StdOut>
    </Output>
  </ResultSummary>
</TestRun>