<?xml version="1.0" encoding="utf-8"?>
<TestRun id="f77e0f59-be13-4c62-af51-c9778c8ae58a" name="@0e1d0e6659b7 2026-08-31 17:37:38" xmlns="http://microsoft.com/schemas/VisualStudio/TeamTest/2010">
  <Times creation="2026-08-31T17:37:38.3368580+02:00" queuing="2026-08-31T17:37:38.3368580+02:00" start="2026-08-31T17:37:37.6877311+02:00" finish="2026-08-31T17:37:41.8236588+02:00" />
  <TestSettings name="default" id="b4b29568-3ebb-474d-a7cd-0a0c6991a31d">
    <Deployment runDeploymentRoot="_0e1d0e6659b7_2026-08-31_17_37_38" />
  </TestSettings>
  <Results>
    <UnitTestResult executionId="37f9e7c6-943b-4ac5-8d9f-cd0aacb4038a" testId="5642435e-b5b7-65da-84c5-070f59cfd732" testName="FS.GG.Coordination.GitHubProjectAdapterArchitectureTests.registered Project adapter validator is offline uses two producers and passes" computerName="0e1d0e6659b7" duration="00:00:03.5395486" startTime="2026-08-31T17:37:38.2340545+02:00" endTime="2026-08-31T17:37:41.7634216+02:00" testType="13cdc9d9-ddb5-4fa4-a97d-d965ccfc6d4b" outcome="Passed" testListId="8c84fa94-04c1-424b-9868-57a2d4851a1d" relativeResultsDirectory="37f9e7c6-943b-4ac5-8d9f-cd0aacb4038a" />
    <UnitTestResult executionId="c1afee11-2981-41c0-97dd-30c603ede2e8" testId="f9cf34d8-494c-8309-66e0-03060f1d1301" testName="FS.GG.Coordination.GitHubProjectAdapterTests.Status planning validates options and produces mutation-free no-ops" computerName="0e1d0e6659b7" duration="00:00:00.0037354" startTime="2026-08-31T17:37:38.2774135+02:00" endTime="2026-08-31T17:37:38.2810198+02:00" testType="13cdc9d9-ddb5-4fa4-a97d-d965ccfc6d4b" outcome="Passed" testListId="8c84fa94-04c1-424b-9868-57a2d4851a1d" relativeResultsDirectory="c1afee11-2981-41c0-97dd-30c603ede2e8" />
    <UnitTestResult executionId="18e08fa6-71db-43e6-986b-2b3f75745974" testId="e1da26ac-f6d7-475d-3ca4-6fcd449b6654" testName="FS.GG.Coordination.GitHubProjectAdapterArchitectureTests.Project adapter fixture is canonical synthetic offline and closed" computerName="0e1d0e6659b7" duration="00:00:00.0043507" startTime="2026-08-31T17:37:41.7639089+02:00" endTime="2026-08-31T17:37:41.7678802+02:00" testType="13cdc9d9-ddb5-4fa4-a97d-d965ccfc6d4b" outcome="Passed" testListId="8c84fa94-04c1-424b-9868-57a2d4851a1d" relativeResultsDirectory="18e08fa6-71db-43e6-986b-2b3f75745974" />
    <UnitTestResult executionId="eac3f9dd-cd3c-4660-b7c2-0b013f63a2b7" testId="1fc10ba4-a9e8-57e3-0c0b-ac7d7d1311d8" testName="FS.GG.Coordination.GitHubProjectAdapterTests.Project qualification inventory is exact and every mutation must turn red" computerName="0e1d0e6659b7" duration="00:00:00.0041940" startTime="2026-08-31T17:37:38.2893305+02:00" endTime="2026-08-31T17:37:38.2934699+02:00" testType="13cdc9d9-ddb5-4fa4-a97d-d965ccfc6d4b" outcome="Passed" testListId="8c84fa94-04c1-424b-9868-57a2d4851a1d" relativeResultsDirectory="eac3f9dd-cd3c-4660-b7c2-0b013f63a2b7" />
    <UnitTestResult executionId="f9164d34-e176-4c2d-950b-0ffa777034a1" testId="3c1349d9-d681-76a2-1bcb-13b3d6624a8f" testName="FS.GG.Coordination.GitHubProjectAdapterTests.membership planning is deterministic idempotent typed for no-ops and blocks archived items" computerName="0e1d0e6659b7" duration="00:00:00.0026340" startTime="2026-08-31T17:37:38.2866323+02:00" endTime="2026-08-31T17:37:38.2891704+02:00" testType="13cdc9d9-ddb5-4fa4-a97d-d965ccfc6d4b" outcome="Passed" testListId="8c84fa94-04c1-424b-9868-57a2d4851a1d" relativeResultsDirectory="f9164d34-e176-4c2d-950b-0ffa777034a1" />
    <UnitTestResult executionId="acf9d123-72fe-4f23-8665-0fb4122699fd" testId="962b8dbe-baf8-4297-f973-2e6fc491d018" testName="FS.GG.Coordination.GitHubProjectAdapterTests.Project reads require terminal pagination and reject duplicate item and content identities" computerName="0e1d0e6659b7" duration="00:00:00.0343156" startTime="2026-08-31T17:37:38.2158890+02:00" endTime="2026-08-31T17:37:38.2525406+02:00" testType="13cdc9d9-ddb5-4fa4-a97d-d965ccfc6d4b" outcome="Passed" testListId="8c84fa94-04c1-424b-9868-57a2d4851a1d" relativeResultsDirectory="acf9d123-72fe-4f23-8665-0fb4122699fd" />
    <UnitTestResult executionId="5f958a9f-2032-469e-9381-51a66ca5bc37" testId="b01b0094-30a3-d703-d1e0-3ce969f87c84" testName="FS.GG.Coordination.GitHubProjectAdapterTests.mandatory rereads and exact post-state checks reject stale and concurrent changes" computerName="0e1d0e6659b7" duration="00:00:00.0033967" startTime="2026-08-31T17:37:38.3009910+02:00" endTime="2026-08-31T17:37:38.3010239+02:00" testType="13cdc9d9-ddb5-4fa4-a97d-d965ccfc6d4b" outcome="Passed" testListId="8c84fa94-04c1-424b-9868-57a2d4851a1d" relativeResultsDirectory="5f958a9f-2032-469e-9381-51a66ca5bc37" />
    <UnitTestResult executionId="5436659a-d1ce-4972-b5be-a13a7bee95f6" testId="6ef38b38-dd70-0485-e5ed-bd315666401b" testName="FS.GG.Coordination.GitHubProjectAdapterTests.Status reread and post-state verification require exact projection delta and advanced revision" computerName="0e1d0e6659b7" duration="00:00:00.0245878" startTime="2026-08-31T17:37:38.2532546+02:00" endTime="2026-08-31T17:37:38.2772031+02:00" testType="13cdc9d9-ddb5-4fa4-a97d-d965ccfc6d4b" outcome="Passed" testListId="8c84fa94-04c1-424b-9868-57a2d4851a1d" relativeResultsDirectory="5436659a-d1ce-4972-b5be-a13a7bee95f6" />
    <UnitTestResult executionId="cb2cc203-c8b3-430f-b0db-bfb09ff5bb2d" testId="188a3259-5a53-112b-56f0-17ee5fb7bfa1" testName="FS.GG.Coordination.GitHubProjectAdapterTests.Status reads are explicitly projection-only complete and duplicate-safe" computerName="0e1d0e6659b7" duration="00:00:00.0023613" startTime="2026-08-31T17:37:38.2842358+02:00" endTime="2026-08-31T17:37:38.2864648+02:00" testType="13cdc9d9-ddb5-4fa4-a97d-d965ccfc6d4b" outcome="Passed" testListId="8c84fa94-04c1-424b-9868-57a2d4851a1d" relativeResultsDirectory="cb2cc203-c8b3-430f-b0db-bfb09ff5bb2d" />
    <UnitTestResult executionId="b4bc8295-a333-47c2-be91-aa4005bf0f6d" testId="593e9924-e20c-7a98-2814-fd7b7b3f3357" testName="FS.GG.Coordination.GitHubProjectAdapterTests.membership preserves archived external draft redacted unknown missing and unreadable outcomes" computerName="0e1d0e6659b7" duration="00:00:00.0029518" startTime="2026-08-31T17:37:38.2812076+02:00" endTime="2026-08-31T17:37:38.2840513+02:00" testType="13cdc9d9-ddb5-4fa4-a97d-d965ccfc6d4b" outcome="Passed" testListId="8c84fa94-04c1-424b-9868-57a2d4851a1d" relativeResultsDirectory="b4bc8295-a333-47c2-be91-aa4005bf0f6d" />
    <UnitTestResult executionId="106c7af9-839b-4df8-bbc2-ee0622a2f060" testId="dff1904f-6989-4ed1-0758-6f588704aa49" testName="FS.GG.Coordination.GitHubProjectAdapterArchitectureTests.Project adapter public and qualification signatures precede implementations" computerName="0e1d0e6659b7" duration="00:00:00.0034895" startTime="2026-08-31T17:37:38.2145838+02:00" endTime="2026-08-31T17:37:38.2237752+02:00" testType="13cdc9d9-ddb5-4fa4-a97d-d965ccfc6d4b" outcome="Passed" testListId="8c84fa94-04c1-424b-9868-57a2d4851a1d" relativeResultsDirectory="106c7af9-839b-4df8-bbc2-ee0622a2f060" />
  </Results>
  <TestDefinitions>
    <UnitTest name="FS.GG.Coordination.GitHubProjectAdapterTests.Project reads require terminal pagination and reject duplicate item and content identities" storage="/home/developer/projects/fs.gg.coordination-item-143/tests/fs.gg.coordination.architecturetests/bin/release/net10.0/fs.gg.coordination.architecturetests.dll" id="962b8dbe-baf8-4297-f973-2e6fc491d018">
      <Execution id="acf9d123-72fe-4f23-8665-0fb4122699fd" />
      <TestMethod codeBase="/home/developer/projects/FS.GG.Coordination-item-143/tests/FS.GG.Coordination.ArchitectureTests/bin/Release/net10.0/FS.GG.Coordination.ArchitectureTests.dll" adapterTypeName="executor://xunit/VsTestRunner3/netcore/" className="FS.GG.Coordination.GitHubProjectAdapterTests" name="Project reads require terminal pagination and reject duplicate item and content identities" />
    </UnitTest>
    <UnitTest name="FS.GG.Coordination.GitHubProjectAdapterTests.membership preserves archived external draft redacted unknown missing and unreadable outcomes" storage="/home/developer/projects/fs.gg.coordination-item-143/tests/fs.gg.coordination.architecturetests/bin/release/net10.0/fs.gg.coordination.architecturetests.dll" id="593e9924-e20c-7a98-2814-fd7b7b3f3357">
      <Execution id="b4bc8295-a333-47c2-be91-aa4005bf0f6d" />
      <TestMethod codeBase="/home/developer/projects/FS.GG.Coordination-item-143/tests/FS.GG.Coordination.ArchitectureTests/bin/Release/net10.0/FS.GG.Coordination.ArchitectureTests.dll" adapterTypeName="executor://xunit/VsTestRunner3/netcore/" className="FS.GG.Coordination.GitHubProjectAdapterTests" name="membership preserves archived external draft redacted unknown missing and unreadable outcomes" />
    </UnitTest>
    <UnitTest name="FS.GG.Coordination.GitHubProjectAdapterArchitectureTests.Project adapter fixture is canonical synthetic offline and closed" storage="/home/developer/projects/fs.gg.coordination-item-143/tests/fs.gg.coordination.architecturetests/bin/release/net10.0/fs.gg.coordination.architecturetests.dll" id="e1da26ac-f6d7-475d-3ca4-6fcd449b6654">
      <Execution id="18e08fa6-71db-43e6-986b-2b3f75745974" />
      <TestMethod codeBase="/home/developer/projects/FS.GG.Coordination-item-143/tests/FS.GG.Coordination.ArchitectureTests/bin/Release/net10.0/FS.GG.Coordination.ArchitectureTests.dll" adapterTypeName="executor://xunit/VsTestRunner3/netcore/" className="FS.GG.Coordination.GitHubProjectAdapterArchitectureTests" name="Project adapter fixture is canonical synthetic offline and closed" />
    </UnitTest>
    <UnitTest name="FS.GG.Coordination.GitHubProjectAdapterArchitectureTests.registered Project adapter validator is offline uses two producers and passes" storage="/home/developer/projects/fs.gg.coordination-item-143/tests/fs.gg.coordination.architecturetests/bin/release/net10.0/fs.gg.coordination.architecturetests.dll" id="5642435e-b5b7-65da-84c5-070f59cfd732">
      <Execution id="37f9e7c6-943b-4ac5-8d9f-cd0aacb4038a" />
      <TestMethod codeBase="/home/developer/projects/FS.GG.Coordination-item-143/tests/FS.GG.Coordination.ArchitectureTests/bin/Release/net10.0/FS.GG.Coordination.ArchitectureTests.dll" adapterTypeName="executor://xunit/VsTestRunner3/netcore/" className="FS.GG.Coordination.GitHubProjectAdapterArchitectureTests" name="registered Project adapter validator is offline uses two producers and passes" />
    </UnitTest>
    <UnitTest name="FS.GG.Coordination.GitHubProjectAdapterTests.Project qualification inventory is exact and every mutation must turn red" storage="/home/developer/projects/fs.gg.coordination-item-143/tests/fs.gg.coordination.architecturetests/bin/release/net10.0/fs.gg.coordination.architecturetests.dll" id="1fc10ba4-a9e8-57e3-0c0b-ac7d7d1311d8">
      <Execution id="eac3f9dd-cd3c-4660-b7c2-0b013f63a2b7" />
      <TestMethod codeBase="/home/developer/projects/FS.GG.Coordination-item-143/tests/FS.GG.Coordination.ArchitectureTests/bin/Release/net10.0/FS.GG.Coordination.ArchitectureTests.dll" adapterTypeName="executor://xunit/VsTestRunner3/netcore/" className="FS.GG.Coordination.GitHubProjectAdapterTests" name="Project qualification inventory is exact and every mutation must turn red" />
    </UnitTest>
    <UnitTest name="FS.GG.Coordination.GitHubProjectAdapterTests.Status planning validates options and produces mutation-free no-ops" storage="/home/developer/projects/fs.gg.coordination-item-143/tests/fs.gg.coordination.architecturetests/bin/release/net10.0/fs.gg.coordination.architecturetests.dll" id="f9cf34d8-494c-8309-66e0-03060f1d1301">
      <Execution id="c1afee11-2981-41c0-97dd-30c603ede2e8" />
      <TestMethod codeBase="/home/developer/projects/FS.GG.Coordination-item-143/tests/FS.GG.Coordination.ArchitectureTests/bin/Release/net10.0/FS.GG.Coordination.ArchitectureTests.dll" adapterTypeName="executor://xunit/VsTestRunner3/netcore/" className="FS.GG.Coordination.GitHubProjectAdapterTests" name="Status planning validates options and produces mutation-free no-ops" />
    </UnitTest>
    <UnitTest name="FS.GG.Coordination.GitHubProjectAdapterTests.Status reads are explicitly projection-only complete and duplicate-safe" storage="/home/developer/projects/fs.gg.coordination-item-143/tests/fs.gg.coordination.architecturetests/bin/release/net10.0/fs.gg.coordination.architecturetests.dll" id="188a3259-5a53-112b-56f0-17ee5fb7bfa1">
      <Execution id="cb2cc203-c8b3-430f-b0db-bfb09ff5bb2d" />
      <TestMethod codeBase="/home/developer/projects/FS.GG.Coordination-item-143/tests/FS.GG.Coordination.ArchitectureTests/bin/Release/net10.0/FS.GG.Coordination.ArchitectureTests.dll" adapterTypeName="executor://xunit/VsTestRunner3/netcore/" className="FS.GG.Coordination.GitHubProjectAdapterTests" name="Status reads are explicitly projection-only complete and duplicate-safe" />
    </UnitTest>
    <UnitTest name="FS.GG.Coordination.GitHubProjectAdapterTests.mandatory rereads and exact post-state checks reject stale and concurrent changes" storage="/home/developer/projects/fs.gg.coordination-item-143/tests/fs.gg.coordination.architecturetests/bin/release/net10.0/fs.gg.coordination.architecturetests.dll" id="b01b0094-30a3-d703-d1e0-3ce969f87c84">
      <Execution id="5f958a9f-2032-469e-9381-51a66ca5bc37" />
      <TestMethod codeBase="/home/developer/projects/FS.GG.Coordination-item-143/tests/FS.GG.Coordination.ArchitectureTests/bin/Release/net10.0/FS.GG.Coordination.ArchitectureTests.dll" adapterTypeName="executor://xunit/VsTestRunner3/netcore/" className="FS.GG.Coordination.GitHubProjectAdapterTests" name="mandatory rereads and exact post-state checks reject stale and concurrent changes" />
    </UnitTest>
    <UnitTest name="FS.GG.Coordination.GitHubProjectAdapterArchitectureTests.Project adapter public and qualification signatures precede implementations" storage="/home/developer/projects/fs.gg.coordination-item-143/tests/fs.gg.coordination.architecturetests/bin/release/net10.0/fs.gg.coordination.architecturetests.dll" id="dff1904f-6989-4ed1-0758-6f588704aa49">
      <Execution id="106c7af9-839b-4df8-bbc2-ee0622a2f060" />
      <TestMethod codeBase="/home/developer/projects/FS.GG.Coordination-item-143/tests/FS.GG.Coordination.ArchitectureTests/bin/Release/net10.0/FS.GG.Coordination.ArchitectureTests.dll" adapterTypeName="executor://xunit/VsTestRunner3/netcore/" className="FS.GG.Coordination.GitHubProjectAdapterArchitectureTests" name="Project adapter public and qualification signatures precede implementations" />
    </UnitTest>
    <UnitTest name="FS.GG.Coordination.GitHubProjectAdapterTests.membership planning is deterministic idempotent typed for no-ops and blocks archived items" storage="/home/developer/projects/fs.gg.coordination-item-143/tests/fs.gg.coordination.architecturetests/bin/release/net10.0/fs.gg.coordination.architecturetests.dll" id="3c1349d9-d681-76a2-1bcb-13b3d6624a8f">
      <Execution id="f9164d34-e176-4c2d-950b-0ffa777034a1" />
      <TestMethod codeBase="/home/developer/projects/FS.GG.Coordination-item-143/tests/FS.GG.Coordination.ArchitectureTests/bin/Release/net10.0/FS.GG.Coordination.ArchitectureTests.dll" adapterTypeName="executor://xunit/VsTestRunner3/netcore/" className="FS.GG.Coordination.GitHubProjectAdapterTests" name="membership planning is deterministic idempotent typed for no-ops and blocks archived items" />
    </UnitTest>
    <UnitTest name="FS.GG.Coordination.GitHubProjectAdapterTests.Status reread and post-state verification require exact projection delta and advanced revision" storage="/home/developer/projects/fs.gg.coordination-item-143/tests/fs.gg.coordination.architecturetests/bin/release/net10.0/fs.gg.coordination.architecturetests.dll" id="6ef38b38-dd70-0485-e5ed-bd315666401b">
      <Execution id="5436659a-d1ce-4972-b5be-a13a7bee95f6" />
      <TestMethod codeBase="/home/developer/projects/FS.GG.Coordination-item-143/tests/FS.GG.Coordination.ArchitectureTests/bin/Release/net10.0/FS.GG.Coordination.ArchitectureTests.dll" adapterTypeName="executor://xunit/VsTestRunner3/netcore/" className="FS.GG.Coordination.GitHubProjectAdapterTests" name="Status reread and post-state verification require exact projection delta and advanced revision" />
    </UnitTest>
  </TestDefinitions>
  <TestEntries>
    <TestEntry testId="5642435e-b5b7-65da-84c5-070f59cfd732" executionId="37f9e7c6-943b-4ac5-8d9f-cd0aacb4038a" testListId="8c84fa94-04c1-424b-9868-57a2d4851a1d" />
    <TestEntry testId="f9cf34d8-494c-8309-66e0-03060f1d1301" executionId="c1afee11-2981-41c0-97dd-30c603ede2e8" testListId="8c84fa94-04c1-424b-9868-57a2d4851a1d" />
    <TestEntry testId="e1da26ac-f6d7-475d-3ca4-6fcd449b6654" executionId="18e08fa6-71db-43e6-986b-2b3f75745974" testListId="8c84fa94-04c1-424b-9868-57a2d4851a1d" />
    <TestEntry testId="1fc10ba4-a9e8-57e3-0c0b-ac7d7d1311d8" executionId="eac3f9dd-cd3c-4660-b7c2-0b013f63a2b7" testListId="8c84fa94-04c1-424b-9868-57a2d4851a1d" />
    <TestEntry testId="3c1349d9-d681-76a2-1bcb-13b3d6624a8f" executionId="f9164d34-e176-4c2d-950b-0ffa777034a1" testListId="8c84fa94-04c1-424b-9868-57a2d4851a1d" />
    <TestEntry testId="962b8dbe-baf8-4297-f973-2e6fc491d018" executionId="acf9d123-72fe-4f23-8665-0fb4122699fd" testListId="8c84fa94-04c1-424b-9868-57a2d4851a1d" />
    <TestEntry testId="b01b0094-30a3-d703-d1e0-3ce969f87c84" executionId="5f958a9f-2032-469e-9381-51a66ca5bc37" testListId="8c84fa94-04c1-424b-9868-57a2d4851a1d" />
    <TestEntry testId="6ef38b38-dd70-0485-e5ed-bd315666401b" executionId="5436659a-d1ce-4972-b5be-a13a7bee95f6" testListId="8c84fa94-04c1-424b-9868-57a2d4851a1d" />
    <TestEntry testId="188a3259-5a53-112b-56f0-17ee5fb7bfa1" executionId="cb2cc203-c8b3-430f-b0db-bfb09ff5bb2d" testListId="8c84fa94-04c1-424b-9868-57a2d4851a1d" />
    <TestEntry testId="593e9924-e20c-7a98-2814-fd7b7b3f3357" executionId="b4bc8295-a333-47c2-be91-aa4005bf0f6d" testListId="8c84fa94-04c1-424b-9868-57a2d4851a1d" />
    <TestEntry testId="dff1904f-6989-4ed1-0758-6f588704aa49" executionId="106c7af9-839b-4df8-bbc2-ee0622a2f060" testListId="8c84fa94-04c1-424b-9868-57a2d4851a1d" />
  </TestEntries>
  <TestLists>
    <TestList name="Results Not in a List" id="8c84fa94-04c1-424b-9868-57a2d4851a1d" />
    <TestList name="All Loaded Results" id="19431567-8539-422a-85d7-44ee4e166bda" />
  </TestLists>
  <ResultSummary outcome="Completed">
    <Counters total="11" executed="11" passed="11" failed="0" error="0" timeout="0" aborted="0" inconclusive="0" passedButRunAborted="0" notRunnable="0" notExecuted="0" disconnected="0" warning="0" completed="0" inProgress="0" pending="0" />
    <Output>
      <StdOut>[xUnit.net 00:00:00.00] xUnit.net VSTest Adapter v3.1.5+1b188a7b0a (64-bit .NET 10.0.11)
[xUnit.net 00:00:00.09]   Discovering: FS.GG.Coordination.ArchitectureTests
[xUnit.net 00:00:00.17]   Discovered:  FS.GG.Coordination.ArchitectureTests
[xUnit.net 00:00:00.19]   Starting:    FS.GG.Coordination.ArchitectureTests
[xUnit.net 00:00:03.77]   Finished:    FS.GG.Coordination.ArchitectureTests
</StdOut>
    </Output>
  </ResultSummary>
</TestRun>