<?xml version="1.0" encoding="utf-8"?>
<TestRun id="048feb73-b1b9-45fd-b20c-018e6849613d" name="@780ae460ce3c 2026-08-30 07:34:00" xmlns="http://microsoft.com/schemas/VisualStudio/TeamTest/2010">
  <Times creation="2026-08-30T07:34:00.7358936+02:00" queuing="2026-08-30T07:34:00.7358936+02:00" start="2026-08-30T07:34:00.3355932+02:00" finish="2026-08-30T07:34:48.2124615+02:00" />
  <TestSettings name="default" id="607733fe-7d49-45f1-b532-69be0012a07d">
    <Deployment runDeploymentRoot="_780ae460ce3c_2026-08-30_07_34_00" />
  </TestSettings>
  <Results>
    <UnitTestResult executionId="a00f713d-aac4-40e9-8bd9-7b85d8f91e33" testId="384a10ed-40d5-b4fa-b295-2a0425d671c2" testName="FS.GG.Coordination.RoadmapWorkTests.gate catalog arguments are pinned independently and list-only mutation is refused" computerName="780ae460ce3c" duration="00:00:00.0038449" startTime="2026-08-30T07:34:00.7572009+02:00" endTime="2026-08-30T07:34:00.7609501+02:00" testType="13cdc9d9-ddb5-4fa4-a97d-d965ccfc6d4b" outcome="Passed" testListId="8c84fa94-04c1-424b-9868-57a2d4851a1d" relativeResultsDirectory="a00f713d-aac4-40e9-8bd9-7b85d8f91e33" />
    <UnitTestResult executionId="8ee88348-f12f-477b-83b5-5d0134a85b9d" testId="5e70c367-f456-3f5d-3e59-27a2fabd034d" testName="FS.GG.Coordination.BootstrapRecoveryTests.recovery receipt contract is compact exact and hosted read only" computerName="780ae460ce3c" duration="00:00:00.0015640" startTime="2026-08-30T07:34:00.7208878+02:00" endTime="2026-08-30T07:34:00.7210640+02:00" testType="13cdc9d9-ddb5-4fa4-a97d-d965ccfc6d4b" outcome="Passed" testListId="8c84fa94-04c1-424b-9868-57a2d4851a1d" relativeResultsDirectory="8ee88348-f12f-477b-83b5-5d0134a85b9d" />
    <UnitTestResult executionId="0a5270f1-3e74-445f-b9d6-16597e49282b" testId="d9cc264e-7804-c9d7-ebad-c32f89471ba3" testName="FS.GG.Coordination.QualificationManifestArchitectureTests.retained qualification manifest is complete canonical and independently bound" computerName="780ae460ce3c" duration="00:00:00.0015867" startTime="2026-08-30T07:34:00.8677434+02:00" endTime="2026-08-30T07:34:00.8691481+02:00" testType="13cdc9d9-ddb5-4fa4-a97d-d965ccfc6d4b" outcome="Passed" testListId="8c84fa94-04c1-424b-9868-57a2d4851a1d" relativeResultsDirectory="0a5270f1-3e74-445f-b9d6-16597e49282b" />
    <UnitTestResult executionId="b2004b9c-c70c-4b61-9c50-7dad7b8a8d94" testId="f3c587ed-5a30-bc9e-7a89-584ae796bc2f" testName="FS.GG.Coordination.BootstrapCiTests.bootstrap workflow rejects shell success suppression" computerName="780ae460ce3c" duration="00:00:00.0008297" startTime="2026-08-30T07:34:04.5666029+02:00" endTime="2026-08-30T07:34:04.5674244+02:00" testType="13cdc9d9-ddb5-4fa4-a97d-d965ccfc6d4b" outcome="Passed" testListId="8c84fa94-04c1-424b-9868-57a2d4851a1d" relativeResultsDirectory="b2004b9c-c70c-4b61-9c50-7dad7b8a8d94" />
    <UnitTestResult executionId="c2f8ec4c-a837-4e47-b52c-52699f17a1e0" testId="ad99df18-28ec-cf62-9806-2b13f6a732fc" testName="FS.GG.Coordination.FaultInjectionArchitectureTests.independent inversions fail closed(name: &quot;missing&quot;, expected: &quot;FI-SCENARIO-COUNT&quot;)" computerName="780ae460ce3c" duration="00:00:00.0068754" startTime="2026-08-30T07:34:00.7926604+02:00" endTime="2026-08-30T07:34:00.7994181+02:00" testType="13cdc9d9-ddb5-4fa4-a97d-d965ccfc6d4b" outcome="Passed" testListId="8c84fa94-04c1-424b-9868-57a2d4851a1d" relativeResultsDirectory="c2f8ec4c-a837-4e47-b52c-52699f17a1e0" />
    <UnitTestResult executionId="72d84413-3e26-4cd1-9d80-cd04d7446165" testId="6bd0d041-fa9d-beba-5419-208a5022dbd7" testName="FS.GG.Coordination.RepositorySettingsTests.validator rejects material receipt mutation(oldValue: &quot;/repos/FS-GG/FS.GG.Coordination/actions/permission&quot;···, newValue: &quot;/repos/FS-GG/FS.GG.Coordination/actions/permission&quot;···, expectedRule: &quot;RS-OPERATION-CONTRACT&quot;)" computerName="780ae460ce3c" duration="00:00:01.1373165" startTime="2026-08-30T07:34:30.8090997+02:00" endTime="2026-08-30T07:34:31.9463274+02:00" testType="13cdc9d9-ddb5-4fa4-a97d-d965ccfc6d4b" outcome="Passed" testListId="8c84fa94-04c1-424b-9868-57a2d4851a1d" relativeResultsDirectory="72d84413-3e26-4cd1-9d80-cd04d7446165" />
    <UnitTestResult executionId="67195688-f1d2-4ac3-983f-450c10c41b84" testId="dd514ddc-52c0-a807-81de-8144a45e4abd" testName="FS.GG.Coordination.BootstrapCiTests.bootstrap workflow rejects checkout not bound to the evidence candidate" computerName="780ae460ce3c" duration="00:00:00.0011207" startTime="2026-08-30T07:34:04.5450767+02:00" endTime="2026-08-30T07:34:04.5461564+02:00" testType="13cdc9d9-ddb5-4fa4-a97d-d965ccfc6d4b" outcome="Passed" testListId="8c84fa94-04c1-424b-9868-57a2d4851a1d" relativeResultsDirectory="67195688-f1d2-4ac3-983f-450c10c41b84" />
    <UnitTestResult executionId="1f0cf6e6-3428-42bb-9d8e-bc4fab72923f" testId="d5addafa-3ee5-2f03-90da-19b68577f0e9" testName="FS.GG.Coordination.SupplyChainTests.candidate implementation has one pack call and two clean consumers" computerName="780ae460ce3c" duration="00:00:00.0098280" startTime="2026-08-30T07:34:03.0124404+02:00" endTime="2026-08-30T07:34:03.0221606+02:00" testType="13cdc9d9-ddb5-4fa4-a97d-d965ccfc6d4b" outcome="Passed" testListId="8c84fa94-04c1-424b-9868-57a2d4851a1d" relativeResultsDirectory="1f0cf6e6-3428-42bb-9d8e-bc4fab72923f" />
    <UnitTestResult executionId="9c1c5408-ddee-4fab-9f3d-0d8ed05b08fb" testId="c46c877f-a9e9-49d0-f825-804dfd5214e4" testName="FS.GG.Coordination.FaultInjectionArchitectureTests.every modeled external step has before and after convergence" computerName="780ae460ce3c" duration="00:00:00.0119878" startTime="2026-08-30T07:34:00.6863195+02:00" endTime="2026-08-30T07:34:00.7029346+02:00" testType="13cdc9d9-ddb5-4fa4-a97d-d965ccfc6d4b" outcome="Passed" testListId="8c84fa94-04c1-424b-9868-57a2d4851a1d" relativeResultsDirectory="9c1c5408-ddee-4fab-9f3d-0d8ed05b08fb" />
    <UnitTestResult executionId="530cf77c-e3f5-4a56-982a-9d4d98bfb590" testId="743ab05e-2957-3dc0-e52c-3a2b2206f272" testName="FS.GG.Coordination.BootstrapCiTests.stable gate entry point refuses a removed repository subject(gateId: &quot;reuse-decision&quot;, expectedSubject: &quot;eng/bootstrap-qualification-plan.json&quot;)" computerName="780ae460ce3c" duration="00:00:00.0051529" startTime="2026-08-30T07:34:04.4673244+02:00" endTime="2026-08-30T07:34:04.4723855+02:00" testType="13cdc9d9-ddb5-4fa4-a97d-d965ccfc6d4b" outcome="Passed" testListId="8c84fa94-04c1-424b-9868-57a2d4851a1d" relativeResultsDirectory="530cf77c-e3f5-4a56-982a-9d4d98bfb590" />
    <UnitTestResult executionId="ce37b738-7709-4bf2-8e92-14a3d0250c24" testId="53eb92f7-aca9-0eb3-c475-01494b8a033d" testName="FS.GG.Coordination.FaultInjectionArchitectureTests.independent inversions fail closed(name: &quot;digest&quot;, expected: &quot;FI-SELF-DIGEST&quot;)" computerName="780ae460ce3c" duration="00:00:00.0139875" startTime="2026-08-30T07:34:00.7685197+02:00" endTime="2026-08-30T07:34:00.7833483+02:00" testType="13cdc9d9-ddb5-4fa4-a97d-d965ccfc6d4b" outcome="Passed" testListId="8c84fa94-04c1-424b-9868-57a2d4851a1d" relativeResultsDirectory="ce37b738-7709-4bf2-8e92-14a3d0250c24" />
    <UnitTestResult executionId="5b6a370f-ef26-48a1-aa08-8036f5248ea6" testId="d21522e6-848e-4b53-33f8-b669c2c6c428" testName="FS.GG.Coordination.RepositorySettingsTests.validator rejects material receipt mutation(oldValue: &quot;\&quot;httpStatus\&quot;:204&quot;, newValue: &quot;\&quot;httpStatus\&quot;:200&quot;, expectedRule: &quot;RS-OPERATION-CONTRACT&quot;)" computerName="780ae460ce3c" duration="00:00:01.1282509" startTime="2026-08-30T07:34:35.3444145+02:00" endTime="2026-08-30T07:34:36.4727286+02:00" testType="13cdc9d9-ddb5-4fa4-a97d-d965ccfc6d4b" outcome="Passed" testListId="8c84fa94-04c1-424b-9868-57a2d4851a1d" relativeResultsDirectory="5b6a370f-ef26-48a1-aa08-8036f5248ea6" />
    <UnitTestResult executionId="f34359e5-477f-4fef-9de0-38748fb46973" testId="b1739702-073c-ab88-78ef-26b614b55f1a" testName="FS.GG.Coordination.EvidenceStorageTests.evidence storage contract and all independent negative cases pass" computerName="780ae460ce3c" duration="00:00:02.6538367" startTime="2026-08-30T07:34:00.7210478+02:00" endTime="2026-08-30T07:34:03.3528980+02:00" testType="13cdc9d9-ddb5-4fa4-a97d-d965ccfc6d4b" outcome="Passed" testListId="8c84fa94-04c1-424b-9868-57a2d4851a1d" relativeResultsDirectory="f34359e5-477f-4fef-9de0-38748fb46973" />
    <UnitTestResult executionId="7f2a7e33-2177-48dc-b30a-c40ed433f5e3" testId="5fc45aed-a1dd-483a-a85a-b5591ce2a04c" testName="FS.GG.Coordination.QuintQualificationTests.missing or over budget measurements are rejected before reuse" computerName="780ae460ce3c" duration="00:00:01.8011134" startTime="2026-08-30T07:34:02.8580829+02:00" endTime="2026-08-30T07:34:04.6590619+02:00" testType="13cdc9d9-ddb5-4fa4-a97d-d965ccfc6d4b" outcome="Passed" testListId="8c84fa94-04c1-424b-9868-57a2d4851a1d" relativeResultsDirectory="7f2a7e33-2177-48dc-b30a-c40ed433f5e3" />
    <UnitTestResult executionId="b93e0d7d-23e1-42b0-a7fe-da95eade4369" testId="dba43a3d-3379-9f71-3c5b-d68eb13461ed" testName="FS.GG.Coordination.FaultInjectionArchitectureTests.independent inversions fail closed(name: &quot;order&quot;, expected: &quot;FI-SCENARIO-ORDER&quot;)" computerName="780ae460ce3c" duration="00:00:00.0062129" startTime="2026-08-30T07:34:00.7543322+02:00" endTime="2026-08-30T07:34:00.7601993+02:00" testType="13cdc9d9-ddb5-4fa4-a97d-d965ccfc6d4b" outcome="Passed" testListId="8c84fa94-04c1-424b-9868-57a2d4851a1d" relativeResultsDirectory="b93e0d7d-23e1-42b0-a7fe-da95eade4369" />
    <UnitTestResult executionId="73a198c5-f34b-4dfb-8c1a-3ec3c1263b66" testId="6b28909d-bd4c-433c-7700-19e62aca6093" testName="FS.GG.Coordination.BootstrapCiTests.workflow comments cannot bypass the exact byte contract" computerName="780ae460ce3c" duration="00:00:00.0007526" startTime="2026-08-30T07:34:04.5342077+02:00" endTime="2026-08-30T07:34:04.5349609+02:00" testType="13cdc9d9-ddb5-4fa4-a97d-d965ccfc6d4b" outcome="Passed" testListId="8c84fa94-04c1-424b-9868-57a2d4851a1d" relativeResultsDirectory="73a198c5-f34b-4dfb-8c1a-3ec3c1263b66" />
    <UnitTestResult executionId="b1f9acc5-6ff1-4efc-9cb7-4da338a1684c" testId="dc5e4f8a-9275-83ad-9bd6-fcb03cd33036" testName="FS.GG.Coordination.BootstrapCiTests.same-count wrong-project vulnerability report is rejected" computerName="780ae460ce3c" duration="00:00:00.0005220" startTime="2026-08-30T07:34:04.5622923+02:00" endTime="2026-08-30T07:34:04.5627772+02:00" testType="13cdc9d9-ddb5-4fa4-a97d-d965ccfc6d4b" outcome="Passed" testListId="8c84fa94-04c1-424b-9868-57a2d4851a1d" relativeResultsDirectory="b1f9acc5-6ff1-4efc-9cb7-4da338a1684c" />
    <UnitTestResult executionId="0fb47e4a-4547-4f88-8932-325d9c299245" testId="c945bb8f-3941-2b41-d1a6-d6a9ee4f48f1" testName="FS.GG.Coordination.BootstrapCiTests.bootstrap workflow rejects pinned but unapproved actions" computerName="780ae460ce3c" duration="00:00:00.0333310" startTime="2026-08-30T07:34:00.6871300+02:00" endTime="2026-08-30T07:34:00.7227620+02:00" testType="13cdc9d9-ddb5-4fa4-a97d-d965ccfc6d4b" outcome="Passed" testListId="8c84fa94-04c1-424b-9868-57a2d4851a1d" relativeResultsDirectory="0fb47e4a-4547-4f88-8932-325d9c299245" />
    <UnitTestResult executionId="76269436-0cf4-40f4-80c6-89d72588a3d3" testId="c30816c9-f175-ffb0-8181-55217779c2c2" testName="FS.GG.Coordination.RepositorySettingsTests.validator rejects material receipt mutation(oldValue: &quot;\&quot;associationStatus\&quot;:\&quot;attached\&quot;&quot;, newValue: &quot;\&quot;associationStatus\&quot;:\&quot;detached\&quot;&quot;, expectedRule: &quot;RS-STATE-MISMATCH&quot;)" computerName="780ae460ce3c" duration="00:00:01.0554210" startTime="2026-08-30T07:34:37.5272486+02:00" endTime="2026-08-30T07:34:38.5826267+02:00" testType="13cdc9d9-ddb5-4fa4-a97d-d965ccfc6d4b" outcome="Passed" testListId="8c84fa94-04c1-424b-9868-57a2d4851a1d" relativeResultsDirectory="76269436-0cf4-40f4-80c6-89d72588a3d3" />
    <UnitTestResult executionId="80a325e2-8d9d-4072-ae44-9afe0810f3de" testId="11e90f1b-8454-e66e-0ffd-e658c78a726e" testName="FS.GG.Coordination.QuintQualificationTests.bounded roots classifications selection and admission are complete" computerName="780ae460ce3c" duration="00:00:01.7433510" startTime="2026-08-30T07:34:04.6591987+02:00" endTime="2026-08-30T07:34:06.4024865+02:00" testType="13cdc9d9-ddb5-4fa4-a97d-d965ccfc6d4b" outcome="Passed" testListId="8c84fa94-04c1-424b-9868-57a2d4851a1d" relativeResultsDirectory="80a325e2-8d9d-4072-ae44-9afe0810f3de" />
    <UnitTestResult executionId="4ef0802c-a1c3-46cf-9ff6-a58fe40c0158" testId="8da9f379-9ea5-4b5f-26e9-493ecf068d4f" testName="FS.GG.Coordination.GeneratedStructuralTestsArchitectureTests.every generated category rejects missing coverage(category: &quot;schema&quot;)" computerName="780ae460ce3c" duration="00:00:00.0170953" startTime="2026-08-30T07:34:01.1262299+02:00" endTime="2026-08-30T07:34:01.1431639+02:00" testType="13cdc9d9-ddb5-4fa4-a97d-d965ccfc6d4b" outcome="Passed" testListId="8c84fa94-04c1-424b-9868-57a2d4851a1d" relativeResultsDirectory="4ef0802c-a1c3-46cf-9ff6-a58fe40c0158" />
    <UnitTestResult executionId="cff2ebc7-a077-4955-96c1-ef1af3602dc1" testId="1eab6ab4-3fbf-11ef-de59-1a8f60c16fcd" testName="FS.GG.Coordination.GeneratedStructuralTestsArchitectureTests.stale typed output is rejected before generated evidence" computerName="780ae460ce3c" duration="00:00:00.0073127" startTime="2026-08-30T07:34:01.1039827+02:00" endTime="2026-08-30T07:34:01.1110718+02:00" testType="13cdc9d9-ddb5-4fa4-a97d-d965ccfc6d4b" outcome="Passed" testListId="8c84fa94-04c1-424b-9868-57a2d4851a1d" relativeResultsDirectory="cff2ebc7-a077-4955-96c1-ef1af3602dc1" />
    <UnitTestResult executionId="6da1161e-61a2-4dea-b6fc-bf590d04352d" testId="49ae36e3-360c-7ed2-951c-5ea02fe41ac8" testName="FS.GG.Coordination.RepositorySettingsTests.validator rejects material receipt mutation(oldValue: &quot;\&quot;enforcement\&quot;:\&quot;unenforced\&quot;,\&quot;id\&quot;:17&quot;, newValue: &quot;\&quot;enforcement\&quot;:\&quot;unenforced\&quot;,\&quot;id\&quot;:18&quot;, expectedRule: &quot;RS-STATE-MISMATCH&quot;)" computerName="780ae460ce3c" duration="00:00:01.1340492" startTime="2026-08-30T07:34:18.6191426+02:00" endTime="2026-08-30T07:34:19.7531753+02:00" testType="13cdc9d9-ddb5-4fa4-a97d-d965ccfc6d4b" outcome="Passed" testListId="8c84fa94-04c1-424b-9868-57a2d4851a1d" relativeResultsDirectory="6da1161e-61a2-4dea-b6fc-bf590d04352d" />
    <UnitTestResult executionId="b60477f1-197e-4f45-9894-31be7445a335" testId="dd5ac656-df94-b3fa-0e11-471d73780a3a" testName="FS.GG.Coordination.RepositorySettingsTests.validator rejects material receipt mutation(oldValue: &quot;\&quot;requireCodeOwnerReview\&quot;:false&quot;, newValue: &quot;\&quot;requireCodeOwnerReview\&quot;:true&quot;, expectedRule: &quot;RS-RULESET-MISMATCH&quot;)" computerName="780ae460ce3c" duration="00:00:01.0749019" startTime="2026-08-30T07:34:41.8012493+02:00" endTime="2026-08-30T07:34:42.8761084+02:00" testType="13cdc9d9-ddb5-4fa4-a97d-d965ccfc6d4b" outcome="Passed" testListId="8c84fa94-04c1-424b-9868-57a2d4851a1d" relativeResultsDirectory="b60477f1-197e-4f45-9894-31be7445a335" />
    <UnitTestResult executionId="2b108885-6c90-4bfb-b5e2-ce78dd1795cc" testId="6ae199d7-70a4-18cb-413e-8e38af71baaa" testName="FS.GG.Coordination.BootstrapCiTests.representative gate addition changes only the plan and its stable entry point" computerName="780ae460ce3c" duration="00:00:00.0013743" startTime="2026-08-30T07:34:06.7038507+02:00" endTime="2026-08-30T07:34:06.7052104+02:00" testType="13cdc9d9-ddb5-4fa4-a97d-d965ccfc6d4b" outcome="Passed" testListId="8c84fa94-04c1-424b-9868-57a2d4851a1d" relativeResultsDirectory="2b108885-6c90-4bfb-b5e2-ce78dd1795cc" />
    <UnitTestResult executionId="01858c1d-9600-4307-aec3-9bca3b1eb183" testId="d4e901b4-d82c-2411-1010-d5af5f14f397" testName="FS.GG.Coordination.RepositorySettingsTests.validator rejects material receipt mutation(oldValue: &quot;\&quot;httpStatus\&quot;:403&quot;, newValue: &quot;\&quot;httpStatus\&quot;:200&quot;, expectedRule: &quot;RS-STATE-MISMATCH&quot;)" computerName="780ae460ce3c" duration="00:00:01.1579385" startTime="2026-08-30T07:34:04.8688642+02:00" endTime="2026-08-30T07:34:06.0268110+02:00" testType="13cdc9d9-ddb5-4fa4-a97d-d965ccfc6d4b" outcome="Passed" testListId="8c84fa94-04c1-424b-9868-57a2d4851a1d" relativeResultsDirectory="01858c1d-9600-4307-aec3-9bca3b1eb183" />
    <UnitTestResult executionId="f6ae211c-2e9d-4cd3-8606-89dff9ac7491" testId="8fd56a80-71fb-4306-d269-4087f87ddd27" testName="FS.GG.Coordination.BootstrapRecoveryTests.recovery roadmap gate command is independently pinned" computerName="780ae460ce3c" duration="00:00:00.0089161" startTime="2026-08-30T07:34:00.7212662+02:00" endTime="2026-08-30T07:34:00.7212826+02:00" testType="13cdc9d9-ddb5-4fa4-a97d-d965ccfc6d4b" outcome="Passed" testListId="8c84fa94-04c1-424b-9868-57a2d4851a1d" relativeResultsDirectory="f6ae211c-2e9d-4cd3-8606-89dff9ac7491" />
    <UnitTestResult executionId="8b6f1019-126a-43b9-b08f-8838e84e9942" testId="7d8ba7f3-e619-0959-18d5-ffcd976ec7bd" testName="FS.GG.Coordination.BootstrapCiTests.evidence rejects a stale candidate" computerName="780ae460ce3c" duration="00:00:00.0022264" startTime="2026-08-30T07:34:07.3606324+02:00" endTime="2026-08-30T07:34:07.3621772+02:00" testType="13cdc9d9-ddb5-4fa4-a97d-d965ccfc6d4b" outcome="Passed" testListId="8c84fa94-04c1-424b-9868-57a2d4851a1d" relativeResultsDirectory="8b6f1019-126a-43b9-b08f-8838e84e9942" />
    <UnitTestResult executionId="3b9a922b-6420-4036-bbcb-51d122468c42" testId="68c575cc-e924-c3ff-07da-c1174d5642d5" testName="FS.GG.Coordination.RoadmapWorkTests.known unit inspection is bound to exact roadmap bytes" computerName="780ae460ce3c" duration="00:00:00.0004814" startTime="2026-08-30T07:34:00.7566857+02:00" endTime="2026-08-30T07:34:00.7570709+02:00" testType="13cdc9d9-ddb5-4fa4-a97d-d965ccfc6d4b" outcome="Passed" testListId="8c84fa94-04c1-424b-9868-57a2d4851a1d" relativeResultsDirectory="3b9a922b-6420-4036-bbcb-51d122468c42" />
    <UnitTestResult executionId="689ab5b7-c04a-40fa-8091-65e489b9a804" testId="b7400d55-d18e-ff59-1a1b-146592df1aa6" testName="FS.GG.Coordination.BootstrapCiTests.unsafe vulnerability source is rejected" computerName="780ae460ce3c" duration="00:00:00.0005731" startTime="2026-08-30T07:34:06.7018206+02:00" endTime="2026-08-30T07:34:06.7021942+02:00" testType="13cdc9d9-ddb5-4fa4-a97d-d965ccfc6d4b" outcome="Passed" testListId="8c84fa94-04c1-424b-9868-57a2d4851a1d" relativeResultsDirectory="689ab5b7-c04a-40fa-8091-65e489b9a804" />
    <UnitTestResult executionId="093e7fce-97da-4b5d-921f-bb533f417f7a" testId="3798e43f-0d14-8412-f460-48456f8e50fb" testName="FS.GG.Coordination.BootstrapCiTests.reuse telemetry measures completed runner jobs without becoming route authority" computerName="780ae460ce3c" duration="00:00:00.0002281" startTime="2026-08-30T07:34:07.3660404+02:00" endTime="2026-08-30T07:34:07.3662360+02:00" testType="13cdc9d9-ddb5-4fa4-a97d-d965ccfc6d4b" outcome="Passed" testListId="8c84fa94-04c1-424b-9868-57a2d4851a1d" relativeResultsDirectory="093e7fce-97da-4b5d-921f-bb533f417f7a" />
    <UnitTestResult executionId="90611e52-58fe-4ea1-9661-a889e0bef216" testId="3a30967d-3289-240f-b020-643e64655def" testName="FS.GG.Coordination.RoadmapWorkArchitectureTests.canonical Quint retained process inventory near miss fails closed" computerName="780ae460ce3c" duration="00:00:01.9340639" startTime="2026-08-30T07:34:34.8332520+02:00" endTime="2026-08-30T07:34:36.7673563+02:00" testType="13cdc9d9-ddb5-4fa4-a97d-d965ccfc6d4b" outcome="Passed" testListId="8c84fa94-04c1-424b-9868-57a2d4851a1d" relativeResultsDirectory="90611e52-58fe-4ea1-9661-a889e0bef216" />
    <UnitTestResult executionId="6ece6c52-ba2f-478e-b615-6a31b2a182e0" testId="e6fcc78b-de6e-7788-ad5e-9f32d1583fa9" testName="FS.GG.Coordination.BootstrapCiTests.qualification subject changes for independently mutated tree bytes mode or path(mode: &quot;100644&quot;, path: &quot;a.txt&quot;, contents: &quot;value-2&quot;)" computerName="780ae460ce3c" duration="00:00:00.0001675" startTime="2026-08-30T07:34:04.5167096+02:00" endTime="2026-08-30T07:34:04.5168965+02:00" testType="13cdc9d9-ddb5-4fa4-a97d-d965ccfc6d4b" outcome="Passed" testListId="8c84fa94-04c1-424b-9868-57a2d4851a1d" relativeResultsDirectory="6ece6c52-ba2f-478e-b615-6a31b2a182e0" />
    <UnitTestResult executionId="3a809cdb-f562-4096-bff9-a30ad11e3731" testId="02f82849-ee8e-54bb-270d-62feb74ea5ff" testName="FS.GG.Coordination.ArchitectureTests.source project reference to the published kernel producer is independently rejected" computerName="780ae460ce3c" duration="00:00:02.9982522" startTime="2026-08-30T07:34:19.5031985+02:00" endTime="2026-08-30T07:34:22.5014727+02:00" testType="13cdc9d9-ddb5-4fa4-a97d-d965ccfc6d4b" outcome="Passed" testListId="8c84fa94-04c1-424b-9868-57a2d4851a1d" relativeResultsDirectory="3a809cdb-f562-4096-bff9-a30ad11e3731" />
    <UnitTestResult executionId="e202c7cd-5400-4b3c-b4b6-24e401c5d53b" testId="467c0a00-b8bc-0cec-1726-87be1e8d376b" testName="FS.GG.Coordination.GeneratedStructuralTestsArchitectureTests.stable generator and validator adapters execute the committed artifact" computerName="780ae460ce3c" duration="00:00:03.5317343" startTime="2026-08-30T07:34:01.3241654+02:00" endTime="2026-08-30T07:34:04.8557664+02:00" testType="13cdc9d9-ddb5-4fa4-a97d-d965ccfc6d4b" outcome="Passed" testListId="8c84fa94-04c1-424b-9868-57a2d4851a1d" relativeResultsDirectory="e202c7cd-5400-4b3c-b4b6-24e401c5d53b" />
    <UnitTestResult executionId="d6bfaaaa-fe89-4f5e-8ed0-8cb2ae1f8db5" testId="58e3a66d-f8b5-feea-42f9-e547a83f7a5c" testName="FS.GG.Coordination.BootstrapCiTests.canonical Quint receipt rejects incomplete or contradictory evidence(original: &quot;\&quot;resultSha256\&quot;:\&quot;&quot;, replacement: &quot;\&quot;resultSha256\&quot;:\&quot;0&quot;, rule: &quot;quint-receipt-result-digest&quot;)" computerName="780ae460ce3c" duration="00:00:00.0016997" startTime="2026-08-30T07:34:04.4889526+02:00" endTime="2026-08-30T07:34:04.4906314+02:00" testType="13cdc9d9-ddb5-4fa4-a97d-d965ccfc6d4b" outcome="Passed" testListId="8c84fa94-04c1-424b-9868-57a2d4851a1d" relativeResultsDirectory="d6bfaaaa-fe89-4f5e-8ed0-8cb2ae1f8db5" />
    <UnitTestResult executionId="2afa6e66-f817-413d-9ff6-5d626577ddd5" testId="315fe5db-ae80-604e-c2c9-821a8495b295" testName="FS.GG.Coordination.GeneratedStructuralTestsArchitectureTests.every generated category rejects source substitution(category: &quot;mutation&quot;)" computerName="780ae460ce3c" duration="00:00:00.0161431" startTime="2026-08-30T07:34:01.0751982+02:00" endTime="2026-08-30T07:34:01.0899931+02:00" testType="13cdc9d9-ddb5-4fa4-a97d-d965ccfc6d4b" outcome="Passed" testListId="8c84fa94-04c1-424b-9868-57a2d4851a1d" relativeResultsDirectory="2afa6e66-f817-413d-9ff6-5d626577ddd5" />
    <UnitTestResult executionId="1b083c49-84fa-4eef-899c-2a4fe5d5c873" testId="bddaea43-2c96-5386-cdf4-9be7b01ef7c4" testName="FS.GG.Coordination.GeneratedStructuralTestsArchitectureTests.every generated category rejects missing coverage(category: &quot;transition&quot;)" computerName="780ae460ce3c" duration="00:00:00.0126714" startTime="2026-08-30T07:34:01.1702927+02:00" endTime="2026-08-30T07:34:01.1827276+02:00" testType="13cdc9d9-ddb5-4fa4-a97d-d965ccfc6d4b" outcome="Passed" testListId="8c84fa94-04c1-424b-9868-57a2d4851a1d" relativeResultsDirectory="1b083c49-84fa-4eef-899c-2a4fe5d5c873" />
    <UnitTestResult executionId="d99cca51-697c-498f-ae75-0daa579cbee1" testId="e513ba01-8131-76c9-579b-f011b4f1b594" testName="FS.GG.Coordination.FaultInjectionArchitectureTests.committed matrix is deterministic complete and source bound" computerName="780ae460ce3c" duration="00:00:00.0178211" startTime="2026-08-30T07:34:00.8259346+02:00" endTime="2026-08-30T07:34:00.8426683+02:00" testType="13cdc9d9-ddb5-4fa4-a97d-d965ccfc6d4b" outcome="Passed" testListId="8c84fa94-04c1-424b-9868-57a2d4851a1d" relativeResultsDirectory="d99cca51-697c-498f-ae75-0daa579cbee1" />
    <UnitTestResult executionId="2f4e1476-77b4-4555-b12f-17f9279f0f9c" testId="7831b164-0f7e-5998-83bb-8ca2e9237e62" testName="FS.GG.Coordination.RepositorySettingsTests.validator rejects material receipt mutation(oldValue: &quot;dependency-graph/sbom&quot;, newValue: &quot;issues&quot;, expectedRule: &quot;RS-OPERATION-CONTRACT&quot;)" computerName="780ae460ce3c" duration="00:00:01.2144120" startTime="2026-08-30T07:34:02.3668471+02:00" endTime="2026-08-30T07:34:03.5810483+02:00" testType="13cdc9d9-ddb5-4fa4-a97d-d965ccfc6d4b" outcome="Passed" testListId="8c84fa94-04c1-424b-9868-57a2d4851a1d" relativeResultsDirectory="2f4e1476-77b4-4555-b12f-17f9279f0f9c" />
    <UnitTestResult executionId="97080581-43e1-439e-adb9-09ae6ac7db5e" testId="66b0172d-9774-228c-8176-3b8d335967c8" testName="FS.GG.Coordination.GeneratedStructuralTestsArchitectureTests.every generated category rejects source substitution(category: &quot;schema&quot;)" computerName="780ae460ce3c" duration="00:00:00.0131627" startTime="2026-08-30T07:34:01.0188396+02:00" endTime="2026-08-30T07:34:01.0319408+02:00" testType="13cdc9d9-ddb5-4fa4-a97d-d965ccfc6d4b" outcome="Passed" testListId="8c84fa94-04c1-424b-9868-57a2d4851a1d" relativeResultsDirectory="97080581-43e1-439e-adb9-09ae6ac7db5e" />
    <UnitTestResult executionId="01acf06f-7314-4fd9-ac84-e71ce364104e" testId="c9a1c1ae-2000-e109-26d1-4db13d66e1f8" testName="FS.GG.Coordination.GeneratedStructuralTestsArchitectureTests.artifact inversions fail through the production validator(name: &quot;digest&quot;, expectedCode: &quot;GST-SELF-DIGEST&quot;)" computerName="780ae460ce3c" duration="00:00:00.0197762" startTime="2026-08-30T07:34:00.9470481+02:00" endTime="2026-08-30T07:34:00.9666208+02:00" testType="13cdc9d9-ddb5-4fa4-a97d-d965ccfc6d4b" outcome="Passed" testListId="8c84fa94-04c1-424b-9868-57a2d4851a1d" relativeResultsDirectory="01acf06f-7314-4fd9-ac84-e71ce364104e" />
    <UnitTestResult executionId="ec73a04e-916f-46e2-860d-89f428d36f4e" testId="006668c5-f37c-7b64-ad6b-f6047f930b59" testName="FS.GG.Coordination.BootstrapCiTests.evidence rejects a missing gate" computerName="780ae460ce3c" duration="00:00:00.0021354" startTime="2026-08-30T07:34:04.5184854+02:00" endTime="2026-08-30T07:34:04.5205576+02:00" testType="13cdc9d9-ddb5-4fa4-a97d-d965ccfc6d4b" outcome="Passed" testListId="8c84fa94-04c1-424b-9868-57a2d4851a1d" relativeResultsDirectory="ec73a04e-916f-46e2-860d-89f428d36f4e" />
    <UnitTestResult executionId="81e2560b-e0a0-4c1c-9fce-6252712fb749" testId="b608847b-6708-612d-b157-c6ed82426c68" testName="FS.GG.Coordination.BootstrapCiTests.evidence rejects altered command contracts and artifact paths" computerName="780ae460ce3c" duration="00:00:00.0026468" startTime="2026-08-30T07:34:04.5754226+02:00" endTime="2026-08-30T07:34:04.5780034+02:00" testType="13cdc9d9-ddb5-4fa4-a97d-d965ccfc6d4b" outcome="Passed" testListId="8c84fa94-04c1-424b-9868-57a2d4851a1d" relativeResultsDirectory="81e2560b-e0a0-4c1c-9fce-6252712fb749" />
    <UnitTestResult executionId="4d810ae0-4acd-47ae-8ead-b749dd8802e5" testId="e2ed6265-9ad6-3317-02eb-be1d96edaeaf" testName="FS.GG.Coordination.BootstrapCiTests.partial and vulnerable reports are rejected(projectCount: 8, vulnerable: True, rule: &quot;vulnerable-package&quot;)" computerName="780ae460ce3c" duration="00:00:00.0030404" startTime="2026-08-30T07:34:04.5051928+02:00" endTime="2026-08-30T07:34:04.5082102+02:00" testType="13cdc9d9-ddb5-4fa4-a97d-d965ccfc6d4b" outcome="Passed" testListId="8c84fa94-04c1-424b-9868-57a2d4851a1d" relativeResultsDirectory="4d810ae0-4acd-47ae-8ead-b749dd8802e5" />
    <UnitTestResult executionId="010da708-4b30-4890-8dfd-8655b158bfc8" testId="5a1f32ae-cef3-18eb-6104-ce46e385b713" testName="FS.GG.Coordination.BootstrapCiTests.recovery evidence rejects malformed JSON" computerName="780ae460ce3c" duration="00:00:00.0020670" startTime="2026-08-30T07:34:04.5636162+02:00" endTime="2026-08-30T07:34:04.5656794+02:00" testType="13cdc9d9-ddb5-4fa4-a97d-d965ccfc6d4b" outcome="Passed" testListId="8c84fa94-04c1-424b-9868-57a2d4851a1d" relativeResultsDirectory="010da708-4b30-4890-8dfd-8655b158bfc8" />
    <UnitTestResult executionId="5c6677e4-9e7a-432d-ad7d-662c30a3297c" testId="31f7b495-515f-e349-8aae-4a6cb4716fc4" testName="FS.GG.Coordination.ArchitectureTests.forbidden App import SDK is independently rejected" computerName="780ae460ce3c" duration="00:00:03.4875368" startTime="2026-08-30T07:34:00.6872155+02:00" endTime="2026-08-30T07:34:04.1712471+02:00" testType="13cdc9d9-ddb5-4fa4-a97d-d965ccfc6d4b" outcome="Passed" testListId="8c84fa94-04c1-424b-9868-57a2d4851a1d" relativeResultsDirectory="5c6677e4-9e7a-432d-ad7d-662c30a3297c" />
    <UnitTestResult executionId="03320b48-ccdb-4195-822e-11cd2eb5db82" testId="2a4d5804-0283-d372-231b-d4994f7e8918" testName="FS.GG.Coordination.BootstrapCiTests.recovery evidence rejects unexpected fields and noncanonical bytes" computerName="780ae460ce3c" duration="00:00:00.0045651" startTime="2026-08-30T07:34:04.5091608+02:00" endTime="2026-08-30T07:34:04.5137249+02:00" testType="13cdc9d9-ddb5-4fa4-a97d-d965ccfc6d4b" outcome="Passed" testListId="8c84fa94-04c1-424b-9868-57a2d4851a1d" relativeResultsDirectory="03320b48-ccdb-4195-822e-11cd2eb5db82" />
    <UnitTestResult executionId="e2a7618d-569f-4bb9-8c03-8c4f2dfe1ab0" testId="4657d42e-b64a-27e5-5f72-57a129faf25c" testName="FS.GG.Coordination.RepositorySettingsTests.validator rejects material receipt mutation(oldValue: &quot;/orgs/FS-GG/actions/permissions\&quot;&quot;, newValue: &quot;/orgs/FS-GG/actions/permissions-wrong\&quot;&quot;, expectedRule: &quot;RS-OPERATION-CONTRACT&quot;)" computerName="780ae460ce3c" duration="00:00:01.1179361" startTime="2026-08-30T07:34:12.9751796+02:00" endTime="2026-08-30T07:34:14.0930784+02:00" testType="13cdc9d9-ddb5-4fa4-a97d-d965ccfc6d4b" outcome="Passed" testListId="8c84fa94-04c1-424b-9868-57a2d4851a1d" relativeResultsDirectory="e2a7618d-569f-4bb9-8c03-8c4f2dfe1ab0" />
    <UnitTestResult executionId="d7407069-a744-40c4-b5d6-8905b2d25b43" testId="53555d56-fb0f-cccf-eea6-2cb4d1562cbd" testName="FS.GG.Coordination.RoadmapWorkTests.unknown qualification gate and JSON members are refused" computerName="780ae460ce3c" duration="00:00:00.0007774" startTime="2026-08-30T07:34:00.7498632+02:00" endTime="2026-08-30T07:34:00.7504562+02:00" testType="13cdc9d9-ddb5-4fa4-a97d-d965ccfc6d4b" outcome="Passed" testListId="8c84fa94-04c1-424b-9868-57a2d4851a1d" relativeResultsDirectory="d7407069-a744-40c4-b5d6-8905b2d25b43" />
    <UnitTestResult executionId="c0d3ed68-45c9-414b-8a43-790851ff40fd" testId="a19ee5e9-ebaf-998b-2b4c-bb6a284c1b01" testName="FS.GG.Coordination.BootstrapCiTests.canonical Quint receipt rejects incomplete or contradictory evidence(original: &quot;\&quot;quintCli\&quot;:126&quot;, replacement: &quot;\&quot;quintCli\&quot;:125&quot;, rule: &quot;quint-receipt-process-count&quot;)" computerName="780ae460ce3c" duration="00:00:00.0017631" startTime="2026-08-30T07:34:04.4908709+02:00" endTime="2026-08-30T07:34:04.4924188+02:00" testType="13cdc9d9-ddb5-4fa4-a97d-d965ccfc6d4b" outcome="Passed" testListId="8c84fa94-04c1-424b-9868-57a2d4851a1d" relativeResultsDirectory="c0d3ed68-45c9-414b-8a43-790851ff40fd" />
    <UnitTestResult executionId="fa9dcce2-19c8-4b23-8402-6b2417111a65" testId="d55c5af6-af1b-7769-9edf-09a0359d192f" testName="FS.GG.Coordination.BootstrapCiTests.recovery evidence rejects a malformed package digest" computerName="780ae460ce3c" duration="00:00:00.0023605" startTime="2026-08-30T07:34:04.5781180+02:00" endTime="2026-08-30T07:34:04.5804130+02:00" testType="13cdc9d9-ddb5-4fa4-a97d-d965ccfc6d4b" outcome="Passed" testListId="8c84fa94-04c1-424b-9868-57a2d4851a1d" relativeResultsDirectory="fa9dcce2-19c8-4b23-8402-6b2417111a65" />
    <UnitTestResult executionId="04620a1a-9f10-41cc-a087-e40401c177a2" testId="7e15fec1-8531-37b5-cdd3-4102dbb088f2" testName="FS.GG.Coordination.RepositorySettingsTests.canonical provisioning fixture passes the strict validator" computerName="780ae460ce3c" duration="00:00:01.0417154" startTime="2026-08-30T07:34:43.9377553+02:00" endTime="2026-08-30T07:34:44.9794030+02:00" testType="13cdc9d9-ddb5-4fa4-a97d-d965ccfc6d4b" outcome="Passed" testListId="8c84fa94-04c1-424b-9868-57a2d4851a1d" relativeResultsDirectory="04620a1a-9f10-41cc-a087-e40401c177a2" />
    <UnitTestResult executionId="6c4536f1-b40b-4c30-ae9e-c04c249a0b9b" testId="687cbe11-109b-6bf6-1b4a-3fed8906eafc" testName="FS.GG.Coordination.RoadmapWorkTests.candidate manifest is deterministic and never claims acceptance" computerName="780ae460ce3c" duration="00:00:00.0060541" startTime="2026-08-30T07:34:00.7505839+02:00" endTime="2026-08-30T07:34:00.7565475+02:00" testType="13cdc9d9-ddb5-4fa4-a97d-d965ccfc6d4b" outcome="Passed" testListId="8c84fa94-04c1-424b-9868-57a2d4851a1d" relativeResultsDirectory="6c4536f1-b40b-4c30-ae9e-c04c249a0b9b" />
    <UnitTestResult executionId="dd0f3bd3-4ca9-44d5-ac58-07cade1072eb" testId="47ef1408-17ba-558f-c067-82d7df0d59f6" testName="FS.GG.Coordination.BootstrapCiTests.bootstrap workflow rejects a missing gate" computerName="780ae460ce3c" duration="00:00:00.0007899" startTime="2026-08-30T07:34:07.3662912+02:00" endTime="2026-08-30T07:34:07.3670801+02:00" testType="13cdc9d9-ddb5-4fa4-a97d-d965ccfc6d4b" outcome="Passed" testListId="8c84fa94-04c1-424b-9868-57a2d4851a1d" relativeResultsDirectory="dd0f3bd3-4ca9-44d5-ac58-07cade1072eb" />
    <UnitTestResult executionId="e118e560-cb13-4982-a7e5-2cdc0ac1fd3e" testId="28f9b0cf-7023-ef48-4185-31bc9c3f2e7e" testName="FS.GG.Coordination.RepositorySettingsTests.validator rejects material receipt mutation(oldValue: &quot;\&quot;httpStatus\&quot;:200,\&quot;method\&quot;:\&quot;GET\&quot;,\&quot;name\&quot;:\&quot;m&quot;···, newValue: &quot;\&quot;httpStatus\&quot;:204,\&quot;method\&quot;:\&quot;GET\&quot;,\&quot;name\&quot;:\&quot;m&quot;···, expectedRule: &quot;RS-RULESET-RESPONSE&quot;)" computerName="780ae460ce3c" duration="00:00:01.1499794" startTime="2026-08-30T07:34:19.7532406+02:00" endTime="2026-08-30T07:34:20.9032096+02:00" testType="13cdc9d9-ddb5-4fa4-a97d-d965ccfc6d4b" outcome="Passed" testListId="8c84fa94-04c1-424b-9868-57a2d4851a1d" relativeResultsDirectory="e118e560-cb13-4982-a7e5-2cdc0ac1fd3e" />
    <UnitTestResult executionId="753d7cde-2b70-4758-8a93-055fd24c4519" testId="11acb6e5-5b46-d68c-c22b-5a67cd527224" testName="FS.GG.Coordination.BootstrapCiTests.bootstrap workflow rejects any unexpected executable command" computerName="780ae460ce3c" duration="00:00:00.0008650" startTime="2026-08-30T07:34:04.5170435+02:00" endTime="2026-08-30T07:34:04.5178887+02:00" testType="13cdc9d9-ddb5-4fa4-a97d-d965ccfc6d4b" outcome="Passed" testListId="8c84fa94-04c1-424b-9868-57a2d4851a1d" relativeResultsDirectory="753d7cde-2b70-4758-8a93-055fd24c4519" />
    <UnitTestResult executionId="00210feb-7b6f-4d4b-a299-39a01a215987" testId="8c89d525-0b34-461b-0078-e2af8166d19a" testName="FS.GG.Coordination.BootstrapCiTests.qualification subject is canonical across tracked-file enumeration order" computerName="780ae460ce3c" duration="00:00:00.0057481" startTime="2026-08-30T07:34:04.4987571+02:00" endTime="2026-08-30T07:34:04.5044652+02:00" testType="13cdc9d9-ddb5-4fa4-a97d-d965ccfc6d4b" outcome="Passed" testListId="8c84fa94-04c1-424b-9868-57a2d4851a1d" relativeResultsDirectory="00210feb-7b6f-4d4b-a299-39a01a215987" />
    <UnitTestResult executionId="754bd2fb-b952-4288-8061-95e6857bf697" testId="3fb75d09-118f-baac-e05b-07a96755748b" testName="FS.GG.Coordination.RepositorySettingsTests.validator rejects material receipt mutation(oldValue: &quot;\&quot;secretScanningNonProviderPatterns\&quot;:\&quot;disabled\&quot;&quot;, newValue: &quot;\&quot;secretScanningNonProviderPatterns\&quot;:\&quot;enabled\&quot;&quot;, expectedRule: &quot;RS-STATE-MISMATCH&quot;)" computerName="780ae460ce3c" duration="00:00:01.0671974" startTime="2026-08-30T07:34:25.3561881+02:00" endTime="2026-08-30T07:34:26.4233482+02:00" testType="13cdc9d9-ddb5-4fa4-a97d-d965ccfc6d4b" outcome="Passed" testListId="8c84fa94-04c1-424b-9868-57a2d4851a1d" relativeResultsDirectory="754bd2fb-b952-4288-8061-95e6857bf697" />
    <UnitTestResult executionId="0d9bd3d9-6a52-4571-96b1-3ba50f17894a" testId="57978317-7ad9-2387-9281-675dc47fe386" testName="FS.GG.Coordination.RepositorySettingsTests.repository provisioning contract is closed and least privilege" computerName="780ae460ce3c" duration="00:00:00.0009863" startTime="2026-08-30T07:34:43.9367074+02:00" endTime="2026-08-30T07:34:43.9376393+02:00" testType="13cdc9d9-ddb5-4fa4-a97d-d965ccfc6d4b" outcome="Passed" testListId="8c84fa94-04c1-424b-9868-57a2d4851a1d" relativeResultsDirectory="0d9bd3d9-6a52-4571-96b1-3ba50f17894a" />
    <UnitTestResult executionId="4c40d60e-66bc-440e-9c93-d843524cdbc1" testId="cb093ed9-762e-e4bc-3d6c-2fc39b39a67d" testName="FS.GG.Coordination.GeneratedStructuralTestsArchitectureTests.artifact inversions fail through the production validator(name: &quot;identity&quot;, expectedCode: &quot;GST-ARTIFACT-IDENTITY&quot;)" computerName="780ae460ce3c" duration="00:00:00.0260618" startTime="2026-08-30T07:34:00.7811366+02:00" endTime="2026-08-30T07:34:00.8078448+02:00" testType="13cdc9d9-ddb5-4fa4-a97d-d965ccfc6d4b" outcome="Passed" testListId="8c84fa94-04c1-424b-9868-57a2d4851a1d" relativeResultsDirectory="4c40d60e-66bc-440e-9c93-d843524cdbc1" />
    <UnitTestResult executionId="441d5cba-8eb5-46b3-a1a3-d426ec45ae88" testId="b1fab0d3-0130-1e07-db69-7ea8add31c67" testName="FS.GG.Coordination.GeneratedStructuralTestsArchitectureTests.every generated category rejects missing coverage(category: &quot;vocabulary&quot;)" computerName="780ae460ce3c" duration="00:00:00.0147804" startTime="2026-08-30T07:34:01.1112804+02:00" endTime="2026-08-30T07:34:01.1260231+02:00" testType="13cdc9d9-ddb5-4fa4-a97d-d965ccfc6d4b" outcome="Passed" testListId="8c84fa94-04c1-424b-9868-57a2d4851a1d" relativeResultsDirectory="441d5cba-8eb5-46b3-a1a3-d426ec45ae88" />
    <UnitTestResult executionId="7b048c6d-c010-4786-8ca4-9b4a8dc89a5c" testId="55b85c70-694b-b728-975d-b5b1cbded6a8" testName="FS.GG.Coordination.BootstrapCiTests.bootstrap workflow rejects a vacuous action inventory" computerName="780ae460ce3c" duration="00:00:00.0007347" startTime="2026-08-30T07:34:06.7067268+02:00" endTime="2026-08-30T07:34:06.7074623+02:00" testType="13cdc9d9-ddb5-4fa4-a97d-d965ccfc6d4b" outcome="Passed" testListId="8c84fa94-04c1-424b-9868-57a2d4851a1d" relativeResultsDirectory="7b048c6d-c010-4786-8ca4-9b4a8dc89a5c" />
    <UnitTestResult executionId="1b63d790-278d-4526-a25f-925426ce14dc" testId="b7048a46-2d5e-b862-640e-fa2e864c32b2" testName="FS.GG.Coordination.BootstrapCiTests.recovery evidence rejects missing reordered and extra stages(original: &quot;\&quot;execute\&quot;&quot;, replacement: &quot;\&quot;execute\&quot;,\&quot;publish\&quot;&quot;)" computerName="780ae460ce3c" duration="00:00:00.0021730" startTime="2026-08-30T07:34:04.5301410+02:00" endTime="2026-08-30T07:34:04.5321646+02:00" testType="13cdc9d9-ddb5-4fa4-a97d-d965ccfc6d4b" outcome="Passed" testListId="8c84fa94-04c1-424b-9868-57a2d4851a1d" relativeResultsDirectory="1b63d790-278d-4526-a25f-925426ce14dc" />
    <UnitTestResult executionId="8e2468a4-90bf-427a-b7e9-ae6d1af81870" testId="d3ef6c57-7b8d-fd60-d7e3-ce2787aa943c" testName="FS.GG.Coordination.QualificationManifestArchitectureTests.retained qualification manifest rejects a substituted candidate" computerName="780ae460ce3c" duration="00:00:00.0592942" startTime="2026-08-30T07:34:00.6862764+02:00" endTime="2026-08-30T07:34:00.7429971+02:00" testType="13cdc9d9-ddb5-4fa4-a97d-d965ccfc6d4b" outcome="Passed" testListId="8c84fa94-04c1-424b-9868-57a2d4851a1d" relativeResultsDirectory="8e2468a4-90bf-427a-b7e9-ae6d1af81870" />
    <UnitTestResult executionId="305df0a0-e78b-4b76-b33d-e3b362a6cff3" testId="fcc2425d-33c0-e06c-0083-56485a694bc8" testName="FS.GG.Coordination.BootstrapCiTests.qualification plan rejects an incomplete terminal dependency edge" computerName="780ae460ce3c" duration="00:00:00.0006579" startTime="2026-08-30T07:34:06.7060536+02:00" endTime="2026-08-30T07:34:06.7066803+02:00" testType="13cdc9d9-ddb5-4fa4-a97d-d965ccfc6d4b" outcome="Passed" testListId="8c84fa94-04c1-424b-9868-57a2d4851a1d" relativeResultsDirectory="305df0a0-e78b-4b76-b33d-e3b362a6cff3" />
    <UnitTestResult executionId="627228c3-a4e9-4f33-842b-c1de34ef1599" testId="8e1612f7-7f81-bf00-e955-97971adfed46" testName="FS.GG.Coordination.BootstrapCiTests.reuse performance evidence retains the exact execute hit pair and thresholds" computerName="780ae460ce3c" duration="00:00:00.0004733" startTime="2026-08-30T07:34:04.5180140+02:00" endTime="2026-08-30T07:34:04.5183881+02:00" testType="13cdc9d9-ddb5-4fa4-a97d-d965ccfc6d4b" outcome="Passed" testListId="8c84fa94-04c1-424b-9868-57a2d4851a1d" relativeResultsDirectory="627228c3-a4e9-4f33-842b-c1de34ef1599" />
    <UnitTestResult executionId="220e0e3e-8f5f-4459-a074-b78bf66c2c65" testId="8649c5eb-dc1a-c4cc-5436-4a60bfa9609c" testName="FS.GG.Coordination.FaultInjectionArchitectureTests.independent inversions fail closed(name: &quot;step&quot;, expected: &quot;FI-STEP-INVENTORY&quot;)" computerName="780ae460ce3c" duration="00:00:00.0419544" startTime="2026-08-30T07:34:00.7172847+02:00" endTime="2026-08-30T07:34:00.7408139+02:00" testType="13cdc9d9-ddb5-4fa4-a97d-d965ccfc6d4b" outcome="Passed" testListId="8c84fa94-04c1-424b-9868-57a2d4851a1d" relativeResultsDirectory="220e0e3e-8f5f-4459-a074-b78bf66c2c65" />
    <UnitTestResult executionId="4b2d87d3-198b-42cc-9f31-786b0c352b8a" testId="06c80758-67e6-b6e2-8df0-fd496313329d" testName="FS.GG.Coordination.BootstrapCiTests.canonical Quint receipt rejects incomplete or contradictory evidence(original: &quot;\&quot;quintCli\&quot;:126&quot;, replacement: &quot;\&quot;quintCli\&quot;:0&quot;, rule: &quot;quint-receipt-process-count&quot;)" computerName="780ae460ce3c" duration="00:00:00.0019057" startTime="2026-08-30T07:34:04.4947898+02:00" endTime="2026-08-30T07:34:04.4967063+02:00" testType="13cdc9d9-ddb5-4fa4-a97d-d965ccfc6d4b" outcome="Passed" testListId="8c84fa94-04c1-424b-9868-57a2d4851a1d" relativeResultsDirectory="4b2d87d3-198b-42cc-9f31-786b0c352b8a" />
    <UnitTestResult executionId="43ddc831-c1d2-430e-8c45-2a767bc93d20" testId="8788a394-2a75-7658-78d5-7a61e3cafad6" testName="FS.GG.Coordination.RepositorySettingsTests.validator rejects material receipt mutation(oldValue: &quot;,\&quot;update\&quot;]&quot;, newValue: &quot;]&quot;, expectedRule: &quot;RS-RULESET-MISMATCH&quot;)" computerName="780ae460ce3c" duration="00:00:01.1343442" startTime="2026-08-30T07:34:22.0091960+02:00" endTime="2026-08-30T07:34:23.1435070+02:00" testType="13cdc9d9-ddb5-4fa4-a97d-d965ccfc6d4b" outcome="Passed" testListId="8c84fa94-04c1-424b-9868-57a2d4851a1d" relativeResultsDirectory="43ddc831-c1d2-430e-8c45-2a767bc93d20" />
    <UnitTestResult executionId="29b91bac-4eaf-4978-a669-5999703a628c" testId="7624fa74-a3bb-d634-d6dc-c059936ef4e0" testName="FS.GG.Coordination.BootstrapCiTests.bootstrap workflow rejects mutable action references" computerName="780ae460ce3c" duration="00:00:00.0007896" startTime="2026-08-30T07:34:06.7022487+02:00" endTime="2026-08-30T07:34:06.7030321+02:00" testType="13cdc9d9-ddb5-4fa4-a97d-d965ccfc6d4b" outcome="Passed" testListId="8c84fa94-04c1-424b-9868-57a2d4851a1d" relativeResultsDirectory="29b91bac-4eaf-4978-a669-5999703a628c" />
    <UnitTestResult executionId="becfcfe1-17e1-407e-900c-86aa5b8262a3" testId="6d2d3398-79a0-2425-4927-173503ad8fe9" testName="FS.GG.Coordination.GeneratedStructuralTestsArchitectureTests.every generated category rejects source substitution(category: &quot;transition&quot;)" computerName="780ae460ce3c" duration="00:00:00.0137460" startTime="2026-08-30T07:34:01.0049992+02:00" endTime="2026-08-30T07:34:01.0187072+02:00" testType="13cdc9d9-ddb5-4fa4-a97d-d965ccfc6d4b" outcome="Passed" testListId="8c84fa94-04c1-424b-9868-57a2d4851a1d" relativeResultsDirectory="becfcfe1-17e1-407e-900c-86aa5b8262a3" />
    <UnitTestResult executionId="9c187e71-5bb3-471a-aeed-10031e6e0ef2" testId="debdafea-3a55-dcc2-2ef8-f8c5f90138a5" testName="FS.GG.Coordination.BootstrapCiTests.recovery evidence rejects missing reordered and extra stages(original: &quot;\&quot;clone\&quot;,&quot;, replacement: &quot;&quot;)" computerName="780ae460ce3c" duration="00:00:00.0019442" startTime="2026-08-30T07:34:04.5322195+02:00" endTime="2026-08-30T07:34:04.5341432+02:00" testType="13cdc9d9-ddb5-4fa4-a97d-d965ccfc6d4b" outcome="Passed" testListId="8c84fa94-04c1-424b-9868-57a2d4851a1d" relativeResultsDirectory="9c187e71-5bb3-471a-aeed-10031e6e0ef2" />
    <UnitTestResult executionId="40e34d1b-1a14-4e9e-8eb1-08907ec5f799" testId="fddadee3-6b0b-5208-3758-de610b73d405" testName="FS.GG.Coordination.BootstrapCiTests.reuse receipt round trips canonical bytes and rejects tampering" computerName="780ae460ce3c" duration="00:00:00.0002164" startTime="2026-08-30T07:34:06.7081993+02:00" endTime="2026-08-30T07:34:06.7083966+02:00" testType="13cdc9d9-ddb5-4fa4-a97d-d965ccfc6d4b" outcome="Passed" testListId="8c84fa94-04c1-424b-9868-57a2d4851a1d" relativeResultsDirectory="40e34d1b-1a14-4e9e-8eb1-08907ec5f799" />
    <UnitTestResult executionId="aa4d7e7e-5ae6-4f77-a922-277c450c195c" testId="d85338ad-fe22-c3d2-9e93-4044be6611e5" testName="FS.GG.Coordination.BootstrapCiTests.qualification subject changes for independently mutated tree bytes mode or path(mode: &quot;100644&quot;, path: &quot;renamed.txt&quot;, contents: &quot;value&quot;)" computerName="780ae460ce3c" duration="00:00:00.0000366" startTime="2026-08-30T07:34:04.5169352+02:00" endTime="2026-08-30T07:34:04.5169809+02:00" testType="13cdc9d9-ddb5-4fa4-a97d-d965ccfc6d4b" outcome="Passed" testListId="8c84fa94-04c1-424b-9868-57a2d4851a1d" relativeResultsDirectory="aa4d7e7e-5ae6-4f77-a922-277c450c195c" />
    <UnitTestResult executionId="61978d58-d90a-482a-a5c3-054b3cf26437" testId="04e6fdb8-0415-ac81-c2db-37189ed30da9" testName="FS.GG.Coordination.BootstrapCiTests.partial and vulnerable reports are rejected(projectCount: 7, vulnerable: False, rule: &quot;vulnerability-report-completeness&quot;)" computerName="780ae460ce3c" duration="00:00:00.0007911" startTime="2026-08-30T07:34:04.5082961+02:00" endTime="2026-08-30T07:34:04.5090874+02:00" testType="13cdc9d9-ddb5-4fa4-a97d-d965ccfc6d4b" outcome="Passed" testListId="8c84fa94-04c1-424b-9868-57a2d4851a1d" relativeResultsDirectory="61978d58-d90a-482a-a5c3-054b3cf26437" />
    <UnitTestResult executionId="b2b3ee76-731d-4b86-a417-90190edc4fbd" testId="c32c87dc-63a8-5ed7-bb74-127f43c172fa" testName="FS.GG.Coordination.GeneratedStructuralTestsArchitectureTests.artifact inversions fail through the production validator(name: &quot;malformed&quot;, expectedCode: &quot;GST-ARTIFACT-MALFORMED&quot;)" computerName="780ae460ce3c" duration="00:00:00.0121514" startTime="2026-08-30T07:34:00.9149925+02:00" endTime="2026-08-30T07:34:00.9270478+02:00" testType="13cdc9d9-ddb5-4fa4-a97d-d965ccfc6d4b" outcome="Passed" testListId="8c84fa94-04c1-424b-9868-57a2d4851a1d" relativeResultsDirectory="b2b3ee76-731d-4b86-a417-90190edc4fbd" />
    <UnitTestResult executionId="c43aa274-dd72-4870-b55d-fd2ef0be20aa" testId="8d836323-a516-c2c2-ad07-60316cf671a0" testName="FS.GG.Coordination.GeneratedStructuralTestsArchitectureTests.every generated category rejects source substitution(category: &quot;vocabulary&quot;)" computerName="780ae460ce3c" duration="00:00:00.0146530" startTime="2026-08-30T07:34:01.0462819+02:00" endTime="2026-08-30T07:34:01.0604857+02:00" testType="13cdc9d9-ddb5-4fa4-a97d-d965ccfc6d4b" outcome="Passed" testListId="8c84fa94-04c1-424b-9868-57a2d4851a1d" relativeResultsDirectory="c43aa274-dd72-4870-b55d-fd2ef0be20aa" />
    <UnitTestResult executionId="700bba33-ebc0-44a6-9df1-bf5c92a72e50" testId="02830d40-a893-fc03-43c4-1d5f9c2cdafe" testName="FS.GG.Coordination.BootstrapCiTests.bootstrap workflow rejects duplicate job identities" computerName="780ae460ce3c" duration="00:00:00.0008521" startTime="2026-08-30T07:34:04.4802649+02:00" endTime="2026-08-30T07:34:04.4810596+02:00" testType="13cdc9d9-ddb5-4fa4-a97d-d965ccfc6d4b" outcome="Passed" testListId="8c84fa94-04c1-424b-9868-57a2d4851a1d" relativeResultsDirectory="700bba33-ebc0-44a6-9df1-bf5c92a72e50" />
    <UnitTestResult executionId="03744c84-3bcb-485b-bc23-679644521be9" testId="ee46777a-ce67-4424-5391-900dda338873" testName="FS.GG.Coordination.GeneratedStructuralTestsArchitectureTests.every generated category rejects missing coverage(category: &quot;permission&quot;)" computerName="780ae460ce3c" duration="00:00:00.0109637" startTime="2026-08-30T07:34:01.1432856+02:00" endTime="2026-08-30T07:34:01.1542023+02:00" testType="13cdc9d9-ddb5-4fa4-a97d-d965ccfc6d4b" outcome="Passed" testListId="8c84fa94-04c1-424b-9868-57a2d4851a1d" relativeResultsDirectory="03744c84-3bcb-485b-bc23-679644521be9" />
    <UnitTestResult executionId="1d8131c4-9baf-4a96-990a-9198ddb12679" testId="f3bdf4d7-e688-3fbd-50b0-6707b3b58082" testName="FS.GG.Coordination.RepositorySettingsTests.validator rejects material receipt mutation(oldValue: &quot;\&quot;preStateSha256\&quot;:\&quot;9&quot;, newValue: &quot;\&quot;preStateSha256\&quot;:\&quot;8&quot;, expectedRule: &quot;RS-PRESTATE-DIGEST&quot;)" computerName="780ae460ce3c" duration="00:00:01.0544100" startTime="2026-08-30T07:34:36.4728809+02:00" endTime="2026-08-30T07:34:37.5271715+02:00" testType="13cdc9d9-ddb5-4fa4-a97d-d965ccfc6d4b" outcome="Passed" testListId="8c84fa94-04c1-424b-9868-57a2d4851a1d" relativeResultsDirectory="1d8131c4-9baf-4a96-990a-9198ddb12679" />
    <UnitTestResult executionId="00f39ef1-f958-42f0-afca-d49955dff4af" testId="6ed6eb0d-dc47-e6f9-d055-952dc4b410e7" testName="FS.GG.Coordination.BootstrapCiTests.stable gate entry point refuses a removed repository subject(gateId: &quot;compiler-and-tests&quot;, expectedSubject: &quot;FS.GG.Coordination.sln&quot;)" computerName="780ae460ce3c" duration="00:00:00.0954892" startTime="2026-08-30T07:34:04.0661063+02:00" endTime="2026-08-30T07:34:04.1609278+02:00" testType="13cdc9d9-ddb5-4fa4-a97d-d965ccfc6d4b" outcome="Passed" testListId="8c84fa94-04c1-424b-9868-57a2d4851a1d" relativeResultsDirectory="00f39ef1-f958-42f0-afca-d49955dff4af" />
    <UnitTestResult executionId="e762869f-257e-4877-ac05-58a157ba0320" testId="33cd19fe-cce2-ec7a-df16-f56bfdc0c7f3" testName="FS.GG.Coordination.BootstrapCiTests.canonical Quint receipt rejects incomplete or contradictory evidence(original: &quot;\&quot;external\&quot;:151&quot;, replacement: &quot;\&quot;external\&quot;:150&quot;, rule: &quot;quint-receipt-process-count&quot;)" computerName="780ae460ce3c" duration="00:00:00.0022317" startTime="2026-08-30T07:34:04.4924591+02:00" endTime="2026-08-30T07:34:04.4947096+02:00" testType="13cdc9d9-ddb5-4fa4-a97d-d965ccfc6d4b" outcome="Passed" testListId="8c84fa94-04c1-424b-9868-57a2d4851a1d" relativeResultsDirectory="e762869f-257e-4877-ac05-58a157ba0320" />
    <UnitTestResult executionId="1e3a8217-9e54-4639-b4df-41e0f07643d1" testId="83799156-5636-eb01-e974-1bc7f4d9edb7" testName="FS.GG.Coordination.RepositorySettingsTests.validator rejects material receipt mutation(oldValue: &quot;\&quot;doNotEnforceOnCreate\&quot;:true&quot;, newValue: &quot;\&quot;doNotEnforceOnCreate\&quot;:false&quot;, expectedRule: &quot;RS-RULESET-MISMATCH&quot;)" computerName="780ae460ce3c" duration="00:00:01.0796197" startTime="2026-08-30T07:34:28.6109597+02:00" endTime="2026-08-30T07:34:29.6905470+02:00" testType="13cdc9d9-ddb5-4fa4-a97d-d965ccfc6d4b" outcome="Passed" testListId="8c84fa94-04c1-424b-9868-57a2d4851a1d" relativeResultsDirectory="1e3a8217-9e54-4639-b4df-41e0f07643d1" />
    <UnitTestResult executionId="6b1db3de-71d4-48a3-9a40-755fe2001b16" testId="1662ef98-ad5e-a82d-7931-db89c83942fe" testName="FS.GG.Coordination.BootstrapCiTests.exact-head evidence and artifact digests are accepted" computerName="780ae460ce3c" duration="00:00:00.0021750" startTime="2026-08-30T07:34:04.5731609+02:00" endTime="2026-08-30T07:34:04.5753099+02:00" testType="13cdc9d9-ddb5-4fa4-a97d-d965ccfc6d4b" outcome="Passed" testListId="8c84fa94-04c1-424b-9868-57a2d4851a1d" relativeResultsDirectory="6b1db3de-71d4-48a3-9a40-755fe2001b16" />
    <UnitTestResult executionId="a21ffa41-ac45-4df3-aa2c-438296bfd969" testId="5c5b9c16-d0fb-b695-fa9c-fd6b95072395" testName="FS.GG.Coordination.RoadmapWorkArchitectureTests.hosted canonical Quint gate cannot silently downgrade to static validation" computerName="780ae460ce3c" duration="00:00:00.0002134" startTime="2026-08-30T07:34:36.7674449+02:00" endTime="2026-08-30T07:34:36.7675486+02:00" testType="13cdc9d9-ddb5-4fa4-a97d-d965ccfc6d4b" outcome="Passed" testListId="8c84fa94-04c1-424b-9868-57a2d4851a1d" relativeResultsDirectory="a21ffa41-ac45-4df3-aa2c-438296bfd969" />
    <UnitTestResult executionId="4a79c08c-170f-4add-bb77-f0ec2e9447f7" testId="afcf0ca6-0d76-aba8-3964-5e1d0b89a6b2" testName="FS.GG.Coordination.GeneratedStructuralTestsArchitectureTests.committed generated suite is complete deterministic and source bound" computerName="780ae460ce3c" duration="00:00:00.0506069" startTime="2026-08-30T07:34:01.2084485+02:00" endTime="2026-08-30T07:34:01.2590893+02:00" testType="13cdc9d9-ddb5-4fa4-a97d-d965ccfc6d4b" outcome="Passed" testListId="8c84fa94-04c1-424b-9868-57a2d4851a1d" relativeResultsDirectory="4a79c08c-170f-4add-bb77-f0ec2e9447f7" />
    <UnitTestResult executionId="f5d2add0-b32b-4b1d-8231-eeb29213d5a5" testId="bb9c7e71-d47b-9155-7202-27fc38de3d61" testName="FS.GG.Coordination.BootstrapCiTests.stable gate entry point refuses a removed repository subject(gateId: &quot;package-install-smoke&quot;, expectedSubject: &quot;FS.GG.Coordination.Protocol.fsproj&quot;)" computerName="780ae460ce3c" duration="00:00:00.1001071" startTime="2026-08-30T07:34:04.2626997+02:00" endTime="2026-08-30T07:34:04.3627668+02:00" testType="13cdc9d9-ddb5-4fa4-a97d-d965ccfc6d4b" outcome="Passed" testListId="8c84fa94-04c1-424b-9868-57a2d4851a1d" relativeResultsDirectory="f5d2add0-b32b-4b1d-8231-eeb29213d5a5" />
    <UnitTestResult executionId="024d6c4d-946a-452b-85c5-dc0fb6f76206" testId="b6759a99-8910-65b5-f319-be4c6cdfa9e5" testName="FS.GG.Coordination.BootstrapCiTests.canonical Quint receipt rejects incomplete or contradictory evidence(original: &quot;\&quot;q1Outcome\&quot;:\&quot;passed\&quot;&quot;, replacement: &quot;\&quot;q1Outcome\&quot;:\&quot;failed\&quot;&quot;, rule: &quot;quint-receipt-outcome&quot;)" computerName="780ae460ce3c" duration="00:00:00.0017890" startTime="2026-08-30T07:34:04.4853175+02:00" endTime="2026-08-30T07:34:04.4870761+02:00" testType="13cdc9d9-ddb5-4fa4-a97d-d965ccfc6d4b" outcome="Passed" testListId="8c84fa94-04c1-424b-9868-57a2d4851a1d" relativeResultsDirectory="024d6c4d-946a-452b-85c5-dc0fb6f76206" />
    <UnitTestResult executionId="1818a194-5c5b-420a-b978-7ae23a778577" testId="94fdd078-3428-fac5-d543-5cbce1077c33" testName="FS.GG.Coordination.FaultInjectionArchitectureTests.independent inversions fail closed(name: &quot;trace&quot;, expected: &quot;FI-EXECUTION-TRACE&quot;)" computerName="780ae460ce3c" duration="00:00:00.0072639" startTime="2026-08-30T07:34:00.7997202+02:00" endTime="2026-08-30T07:34:00.8080294+02:00" testType="13cdc9d9-ddb5-4fa4-a97d-d965ccfc6d4b" outcome="Passed" testListId="8c84fa94-04c1-424b-9868-57a2d4851a1d" relativeResultsDirectory="1818a194-5c5b-420a-b978-7ae23a778577" />
    <UnitTestResult executionId="6d40292c-fb4a-4dfd-9fc1-e24e59f9158e" testId="110c8bfc-81c9-5f0e-1a8e-34eee46acc3d" testName="FS.GG.Coordination.SupplyChainTests.candidate workflow is manual exact-sha and pre-production only" computerName="780ae460ce3c" duration="00:00:00.0128086" startTime="2026-08-30T07:34:00.6863006+02:00" endTime="2026-08-30T07:34:00.6988445+02:00" testType="13cdc9d9-ddb5-4fa4-a97d-d965ccfc6d4b" outcome="Passed" testListId="8c84fa94-04c1-424b-9868-57a2d4851a1d" relativeResultsDirectory="6d40292c-fb4a-4dfd-9fc1-e24e59f9158e" />
    <UnitTestResult executionId="5b558b9e-ef27-4224-8f04-ef98c797a9b4" testId="5f1da74a-65bb-e560-f53a-af86dd8914d9" testName="FS.GG.Coordination.RepositorySettingsTests.validator rejects material receipt mutation(oldValue: &quot;\&quot;permission\&quot;:\&quot;maintain\&quot;&quot;, newValue: &quot;\&quot;permission\&quot;:\&quot;admin\&quot;&quot;, expectedRule: &quot;RS-STATE-MISMATCH&quot;)" computerName="780ae460ce3c" duration="00:00:01.1075248" startTime="2026-08-30T07:34:31.9464065+02:00" endTime="2026-08-30T07:34:33.0538910+02:00" testType="13cdc9d9-ddb5-4fa4-a97d-d965ccfc6d4b" outcome="Passed" testListId="8c84fa94-04c1-424b-9868-57a2d4851a1d" relativeResultsDirectory="5b558b9e-ef27-4224-8f04-ef98c797a9b4" />
    <UnitTestResult executionId="5cdd2b63-bf96-4e72-9d31-d366238186ee" testId="a985413a-50fe-8660-87bd-d564d9569a16" testName="FS.GG.Coordination.RoadmapWorkArchitectureTests.gate catalog is literal dotnet only and matches selected unit" computerName="780ae460ce3c" duration="00:00:00.0024724" startTime="2026-08-30T07:34:34.8308358+02:00" endTime="2026-08-30T07:34:34.8332073+02:00" testType="13cdc9d9-ddb5-4fa4-a97d-d965ccfc6d4b" outcome="Passed" testListId="8c84fa94-04c1-424b-9868-57a2d4851a1d" relativeResultsDirectory="5cdd2b63-bf96-4e72-9d31-d366238186ee" />
    <UnitTestResult executionId="8114699f-6696-4a6c-aeb2-497664746c00" testId="53a28fb1-9064-7b39-2f4f-7e2ad78af29f" testName="FS.GG.Coordination.BootstrapCiTests.performance evidence retains five source-linked timing samples and every acceptance threshold" computerName="780ae460ce3c" duration="00:00:00.0012512" startTime="2026-08-30T07:34:04.5569829+02:00" endTime="2026-08-30T07:34:04.5579573+02:00" testType="13cdc9d9-ddb5-4fa4-a97d-d965ccfc6d4b" outcome="Passed" testListId="8c84fa94-04c1-424b-9868-57a2d4851a1d" relativeResultsDirectory="8114699f-6696-4a6c-aeb2-497664746c00" />
    <UnitTestResult executionId="565777f3-5a07-4d85-a586-e1dd1d51c249" testId="4ff50d03-ba56-7314-6e5a-68af3f51cff9" testName="FS.GG.Coordination.BootstrapCiTests.bootstrap workflow satisfies the reuse decision plus exact seven-gate contract" computerName="780ae460ce3c" duration="00:00:00.0001708" startTime="2026-08-30T07:34:07.3624970+02:00" endTime="2026-08-30T07:34:07.3625077+02:00" testType="13cdc9d9-ddb5-4fa4-a97d-d965ccfc6d4b" outcome="Passed" testListId="8c84fa94-04c1-424b-9868-57a2d4851a1d" relativeResultsDirectory="565777f3-5a07-4d85-a586-e1dd1d51c249" />
    <UnitTestResult executionId="8b311277-d423-4dc4-a288-3d67ec45def4" testId="2870acb4-160b-9e11-e416-e5436010812b" testName="FS.GG.Coordination.UnitTests.app boundary is inert" computerName="780ae460ce3c" duration="00:00:00.0003599" startTime="2026-08-30T07:34:00.7812516+02:00" endTime="2026-08-30T07:34:00.7812649+02:00" testType="13cdc9d9-ddb5-4fa4-a97d-d965ccfc6d4b" outcome="Passed" testListId="8c84fa94-04c1-424b-9868-57a2d4851a1d" relativeResultsDirectory="8b311277-d423-4dc4-a288-3d67ec45def4" />
    <UnitTestResult executionId="1bbff9c3-d713-4ba1-9345-bcd558e3277b" testId="64950bc8-512f-4f47-05ee-6ff2b0e55be1" testName="FS.GG.Coordination.RepositorySettingsTests.validator rejects material receipt mutation(oldValue: &quot;\&quot;bypassActorCount\&quot;:0&quot;, newValue: &quot;\&quot;bypassActorCount\&quot;:1&quot;, expectedRule: &quot;RS-RULESET-MISMATCH&quot;)" computerName="780ae460ce3c" duration="00:00:01.1058806" startTime="2026-08-30T07:34:20.9032759+02:00" endTime="2026-08-30T07:34:22.0091350+02:00" testType="13cdc9d9-ddb5-4fa4-a97d-d965ccfc6d4b" outcome="Passed" testListId="8c84fa94-04c1-424b-9868-57a2d4851a1d" relativeResultsDirectory="1bbff9c3-d713-4ba1-9345-bcd558e3277b" />
    <UnitTestResult executionId="1635710a-2a68-4788-afa6-94582812288a" testId="22223ed1-c642-271c-0a1b-f28429751262" testName="FS.GG.Coordination.FaultInjectionArchitectureTests.independent inversions fail closed(name: &quot;source&quot;, expected: &quot;FI-ARTIFACT-SOURCE&quot;)" computerName="780ae460ce3c" duration="00:00:00.0099984" startTime="2026-08-30T07:34:00.7834182+02:00" endTime="2026-08-30T07:34:00.7924994+02:00" testType="13cdc9d9-ddb5-4fa4-a97d-d965ccfc6d4b" outcome="Passed" testListId="8c84fa94-04c1-424b-9868-57a2d4851a1d" relativeResultsDirectory="1635710a-2a68-4788-afa6-94582812288a" />
    <UnitTestResult executionId="b1dc1253-7c1f-4575-9fe5-2e1dbea4c472" testId="8ef25723-4dac-3919-5e0f-c18f93881311" testName="FS.GG.Coordination.ArchitectureTests.forbidden pure-core web SDK forms are independently rejected(fixture: &quot;forbidden-child-web-sdk&quot;)" computerName="780ae460ce3c" duration="00:00:03.0175624" startTime="2026-08-30T07:34:16.4854503+02:00" endTime="2026-08-30T07:34:19.5029846+02:00" testType="13cdc9d9-ddb5-4fa4-a97d-d965ccfc6d4b" outcome="Passed" testListId="8c84fa94-04c1-424b-9868-57a2d4851a1d" relativeResultsDirectory="b1dc1253-7c1f-4575-9fe5-2e1dbea4c472" />
    <UnitTestResult executionId="31d59bf7-1811-48f2-97ba-98bd554ba705" testId="46c456c7-ee65-5b5a-8b9f-be98584453cb" testName="FS.GG.Coordination.GeneratedStructuralTestsArchitectureTests.accepted GS2-03.3 evidence remains bound to its accepted generated bytes" computerName="780ae460ce3c" duration="00:00:00.0005719" startTime="2026-08-30T07:34:04.8561579+02:00" endTime="2026-08-30T07:34:04.8563843+02:00" testType="13cdc9d9-ddb5-4fa4-a97d-d965ccfc6d4b" outcome="Passed" testListId="8c84fa94-04c1-424b-9868-57a2d4851a1d" relativeResultsDirectory="31d59bf7-1811-48f2-97ba-98bd554ba705" />
    <UnitTestResult executionId="fab11c73-5c90-4a99-b3e8-cce5ddab2a3a" testId="f6f5cf64-9775-599a-db74-3144504da18e" testName="FS.GG.Coordination.BootstrapCiTests.canonical Quint receipt rejects incomplete or contradictory evidence(original: &quot;\&quot;positiveInvariantCount\&quot;:8&quot;, replacement: &quot;\&quot;positiveInvariantCount\&quot;:7&quot;, rule: &quot;quint-receipt-inventory&quot;)" computerName="780ae460ce3c" duration="00:00:00.0018928" startTime="2026-08-30T07:34:04.4833599+02:00" endTime="2026-08-30T07:34:04.4852514+02:00" testType="13cdc9d9-ddb5-4fa4-a97d-d965ccfc6d4b" outcome="Passed" testListId="8c84fa94-04c1-424b-9868-57a2d4851a1d" relativeResultsDirectory="fab11c73-5c90-4a99-b3e8-cce5ddab2a3a" />
    <UnitTestResult executionId="222a1349-2b41-41be-9e34-1baf2e7d971e" testId="18f90f37-5525-312d-cabf-70586e475d3b" testName="FS.GG.Coordination.RoadmapWorkArchitectureTests.canonical Quint failure receipts retain the failed phase(phase: &quot;q1&quot;, q1: &quot;failed&quot;, q2: &quot;not-run&quot;, code: &quot;RECEIPT-SELF-TEST-Q1&quot;, preparationKind: Null)" computerName="780ae460ce3c" duration="00:00:01.9682648" startTime="2026-08-30T07:34:08.0019050+02:00" endTime="2026-08-30T07:34:09.9701566+02:00" testType="13cdc9d9-ddb5-4fa4-a97d-d965ccfc6d4b" outcome="Passed" testListId="8c84fa94-04c1-424b-9868-57a2d4851a1d" relativeResultsDirectory="222a1349-2b41-41be-9e34-1baf2e7d971e" />
    <UnitTestResult executionId="ac174354-ff9f-415b-8125-d033c08973d6" testId="9de7f11e-acb9-b72d-c5db-067b1dc321c1" testName="FS.GG.Coordination.ArchitectureTests.failed pure-core project evaluation is independently rejected" computerName="780ae460ce3c" duration="00:00:02.8039582" startTime="2026-08-30T07:34:31.2196521+02:00" endTime="2026-08-30T07:34:34.0235756+02:00" testType="13cdc9d9-ddb5-4fa4-a97d-d965ccfc6d4b" outcome="Passed" testListId="8c84fa94-04c1-424b-9868-57a2d4851a1d" relativeResultsDirectory="ac174354-ff9f-415b-8125-d033c08973d6" />
    <UnitTestResult executionId="c7b797f4-6152-4334-abf0-2379253a99c5" testId="5e37a7f2-bf49-c70e-940a-be742640eeee" testName="FS.GG.Coordination.BootstrapCiTests.bootstrap workflow rejects an unbound cross-run artifact download" computerName="780ae460ce3c" duration="00:00:00.0007198" startTime="2026-08-30T07:34:06.6972665+02:00" endTime="2026-08-30T07:34:06.6979890+02:00" testType="13cdc9d9-ddb5-4fa4-a97d-d965ccfc6d4b" outcome="Passed" testListId="8c84fa94-04c1-424b-9868-57a2d4851a1d" relativeResultsDirectory="c7b797f4-6152-4334-abf0-2379253a99c5" />
    <UnitTestResult executionId="032aaca6-b176-4a38-8fd9-2e7dadb1f5b3" testId="508d23af-f661-5e4c-9313-cd41c95e9b82" testName="FS.GG.Coordination.GeneratedStructuralTestsArchitectureTests.every generated category rejects source substitution(category: &quot;projection&quot;)" computerName="780ae460ce3c" duration="00:00:00.0137088" startTime="2026-08-30T07:34:01.0325668+02:00" endTime="2026-08-30T07:34:01.0457520+02:00" testType="13cdc9d9-ddb5-4fa4-a97d-d965ccfc6d4b" outcome="Passed" testListId="8c84fa94-04c1-424b-9868-57a2d4851a1d" relativeResultsDirectory="032aaca6-b176-4a38-8fd9-2e7dadb1f5b3" />
    <UnitTestResult executionId="70b616d4-6a12-4d08-8913-221e5f848248" testId="23371f09-1d7a-eba9-a8e3-9e51fed16403" testName="FS.GG.Coordination.QuintQualificationTests.native formal catalogue covers all domains and retains normalized ITF counterexamples" computerName="780ae460ce3c" duration="00:00:00.1195252" startTime="2026-08-30T07:34:02.7384521+02:00" endTime="2026-08-30T07:34:02.8578423+02:00" testType="13cdc9d9-ddb5-4fa4-a97d-d965ccfc6d4b" outcome="Passed" testListId="8c84fa94-04c1-424b-9868-57a2d4851a1d" relativeResultsDirectory="70b616d4-6a12-4d08-8913-221e5f848248" />
    <UnitTestResult executionId="e5a85d48-2b7f-49c6-bff4-42386ee54345" testId="add24603-0ad6-e737-cc71-d73057f1992e" testName="FS.GG.Coordination.UnitTests.published Quint kernel manifest has the accepted identity and bundle digest" computerName="780ae460ce3c" duration="00:00:00.0002746" startTime="2026-08-30T07:34:00.7813470+02:00" endTime="2026-08-30T07:34:00.7832467+02:00" testType="13cdc9d9-ddb5-4fa4-a97d-d965ccfc6d4b" outcome="Passed" testListId="8c84fa94-04c1-424b-9868-57a2d4851a1d" relativeResultsDirectory="e5a85d48-2b7f-49c6-bff4-42386ee54345" />
    <UnitTestResult executionId="dd1828f7-3740-43a6-906a-141406fd1373" testId="375f59fb-d7b0-9df0-2f8f-dd3035738657" testName="FS.GG.Coordination.GeneratedStructuralTestsArchitectureTests.artifact inversions fail through the production validator(name: &quot;evidence&quot;, expectedCode: &quot;GST-EVIDENCE-CLASS&quot;)" computerName="780ae460ce3c" duration="00:00:00.0180472" startTime="2026-08-30T07:34:00.8968613+02:00" endTime="2026-08-30T07:34:00.9148174+02:00" testType="13cdc9d9-ddb5-4fa4-a97d-d965ccfc6d4b" outcome="Passed" testListId="8c84fa94-04c1-424b-9868-57a2d4851a1d" relativeResultsDirectory="dd1828f7-3740-43a6-906a-141406fd1373" />
    <UnitTestResult executionId="22b7b931-ac45-498e-bb3f-9dae383086b6" testId="5de13919-3bc0-0ff4-070c-f486bd2684f8" testName="FS.GG.Coordination.FaultInjectionArchitectureTests.independent oracle accepts the executed subject and rejects every subject defect" computerName="780ae460ce3c" duration="00:00:00.0293060" startTime="2026-08-30T07:34:00.8451191+02:00" endTime="2026-08-30T07:34:00.8729723+02:00" testType="13cdc9d9-ddb5-4fa4-a97d-d965ccfc6d4b" outcome="Passed" testListId="8c84fa94-04c1-424b-9868-57a2d4851a1d" relativeResultsDirectory="22b7b931-ac45-498e-bb3f-9dae383086b6" />
    <UnitTestResult executionId="2937fbbb-5d48-4f7b-8fb0-53ac59cc0116" testId="369aaaf7-6100-cca0-d7d3-9489a3cedab0" testName="FS.GG.Coordination.ArchitectureTests.production graph satisfies dependency policy" computerName="780ae460ce3c" duration="00:00:03.0484339" startTime="2026-08-30T07:34:07.3738544+02:00" endTime="2026-08-30T07:34:10.4223180+02:00" testType="13cdc9d9-ddb5-4fa4-a97d-d965ccfc6d4b" outcome="Passed" testListId="8c84fa94-04c1-424b-9868-57a2d4851a1d" relativeResultsDirectory="2937fbbb-5d48-4f7b-8fb0-53ac59cc0116" />
    <UnitTestResult executionId="2a7bfcf4-aaae-48cb-9fd2-0c79c8cd3e8f" testId="15bced26-05a3-21e2-ad20-036c37c14618" testName="FS.GG.Coordination.BootstrapCiTests.stable gate entry point refuses a removed repository subject(gateId: &quot;deterministic-build&quot;, expectedSubject: &quot;FS.GG.Coordination.sln&quot;)" computerName="780ae460ce3c" duration="00:00:00.1035303" startTime="2026-08-30T07:34:03.9618633+02:00" endTime="2026-08-30T07:34:04.0653480+02:00" testType="13cdc9d9-ddb5-4fa4-a97d-d965ccfc6d4b" outcome="Passed" testListId="8c84fa94-04c1-424b-9868-57a2d4851a1d" relativeResultsDirectory="2a7bfcf4-aaae-48cb-9fd2-0c79c8cd3e8f" />
    <UnitTestResult executionId="8a34cc75-0442-4277-a998-90c783de21bd" testId="abedabce-316a-56c3-2319-bd5284b2e4c6" testName="FS.GG.Coordination.RepositorySettingsTests.validator rejects material receipt mutation(oldValue: &quot;\&quot;languages\&quot;:[\&quot;actions\&quot;]&quot;, newValue: &quot;\&quot;languages\&quot;:[\&quot;javascript-typescript\&quot;]&quot;, expectedRule: &quot;RS-STATE-MISMATCH&quot;)" computerName="780ae460ce3c" duration="00:00:01.1536093" startTime="2026-08-30T07:34:11.8215153+02:00" endTime="2026-08-30T07:34:12.9751017+02:00" testType="13cdc9d9-ddb5-4fa4-a97d-d965ccfc6d4b" outcome="Passed" testListId="8c84fa94-04c1-424b-9868-57a2d4851a1d" relativeResultsDirectory="8a34cc75-0442-4277-a998-90c783de21bd" />
    <UnitTestResult executionId="38bfd90f-382b-42ae-a628-83d08136beab" testId="2d3c6618-b253-ee8f-9f62-9f552f584991" testName="FS.GG.Coordination.RepositorySettingsTests.codeowners protects every provisioning authority surface" computerName="780ae460ce3c" duration="00:00:00.0001885" startTime="2026-08-30T07:34:47.0898937+02:00" endTime="2026-08-30T07:34:47.0899798+02:00" testType="13cdc9d9-ddb5-4fa4-a97d-d965ccfc6d4b" outcome="Passed" testListId="8c84fa94-04c1-424b-9868-57a2d4851a1d" relativeResultsDirectory="38bfd90f-382b-42ae-a628-83d08136beab" />
    <UnitTestResult executionId="de9b190c-4063-4b98-8dee-a0c994296246" testId="2ddb61bc-82f2-0ad3-72a3-08b9990b6b8c" testName="FS.GG.Coordination.BootstrapCiTests.bootstrap workflow rejects checkout ref outside with" computerName="780ae460ce3c" duration="00:00:00.0007515" startTime="2026-08-30T07:34:06.7052543+02:00" endTime="2026-08-30T07:34:06.7060007+02:00" testType="13cdc9d9-ddb5-4fa4-a97d-d965ccfc6d4b" outcome="Passed" testListId="8c84fa94-04c1-424b-9868-57a2d4851a1d" relativeResultsDirectory="de9b190c-4063-4b98-8dee-a0c994296246" />
    <UnitTestResult executionId="09828cd0-c638-4070-853a-d394f4eab506" testId="4d1240e3-3c7f-baf1-eb39-2cbb080c2d74" testName="FS.GG.Coordination.GeneratedStructuralTestsArchitectureTests.unregistered command mutation and projection changes are rejected" computerName="780ae460ce3c" duration="00:00:00.0647899" startTime="2026-08-30T07:34:01.2592456+02:00" endTime="2026-08-30T07:34:01.3239826+02:00" testType="13cdc9d9-ddb5-4fa4-a97d-d965ccfc6d4b" outcome="Passed" testListId="8c84fa94-04c1-424b-9868-57a2d4851a1d" relativeResultsDirectory="09828cd0-c638-4070-853a-d394f4eab506" />
    <UnitTestResult executionId="d61880af-8dc2-45e1-be47-835a3ef1619b" testId="cecb0b8f-d034-974e-eb9b-b81ab310972d" testName="FS.GG.Coordination.ArchitectureTests.NuGet config checkout relative package source is independently rejected" computerName="780ae460ce3c" duration="00:00:03.2024037" startTime="2026-08-30T07:34:04.1713681+02:00" endTime="2026-08-30T07:34:07.3737380+02:00" testType="13cdc9d9-ddb5-4fa4-a97d-d965ccfc6d4b" outcome="Passed" testListId="8c84fa94-04c1-424b-9868-57a2d4851a1d" relativeResultsDirectory="d61880af-8dc2-45e1-be47-835a3ef1619b" />
    <UnitTestResult executionId="100463f5-3fc6-41bd-b928-4dc9a3e0f00d" testId="ecd2b138-9f27-a8f4-6e15-d1802a148f93" testName="FS.GG.Coordination.ArchitectureTests.local producer machinery copy is independently rejected" computerName="780ae460ce3c" duration="00:00:02.7998005" startTime="2026-08-30T07:34:42.5418293+02:00" endTime="2026-08-30T07:34:45.3415433+02:00" testType="13cdc9d9-ddb5-4fa4-a97d-d965ccfc6d4b" outcome="Passed" testListId="8c84fa94-04c1-424b-9868-57a2d4851a1d" relativeResultsDirectory="100463f5-3fc6-41bd-b928-4dc9a3e0f00d" />
    <UnitTestResult executionId="38a70384-2dc5-44d2-ba85-b06a5c28629b" testId="32d57e6f-5665-4618-be2d-a27336f52186" testName="FS.GG.Coordination.RepositorySettingsTests.validator rejects material receipt mutation(oldValue: &quot;\&quot;method\&quot;:\&quot;GET\&quot;,\&quot;name\&quot;:\&quot;dependency-graph\&quot;&quot;, newValue: &quot;\&quot;method\&quot;:\&quot;POST\&quot;,\&quot;name\&quot;:\&quot;dependency-graph\&quot;&quot;, expectedRule: &quot;RS-OPERATION-CONTRACT&quot;)" computerName="780ae460ce3c" duration="00:00:01.1020502" startTime="2026-08-30T07:34:26.4234107+02:00" endTime="2026-08-30T07:34:27.5254360+02:00" testType="13cdc9d9-ddb5-4fa4-a97d-d965ccfc6d4b" outcome="Passed" testListId="8c84fa94-04c1-424b-9868-57a2d4851a1d" relativeResultsDirectory="38a70384-2dc5-44d2-ba85-b06a5c28629b" />
    <UnitTestResult executionId="46f6f8a0-2b59-4724-b90e-1e3d2ab24502" testId="a9e3c517-b4ad-770c-1cee-92bdbd36db3a" testName="FS.GG.Coordination.BootstrapCiTests.bootstrap workflow rejects imported v1 completion machinery" computerName="780ae460ce3c" duration="00:00:00.0008034" startTime="2026-08-30T07:34:04.5350764+02:00" endTime="2026-08-30T07:34:04.5357983+02:00" testType="13cdc9d9-ddb5-4fa4-a97d-d965ccfc6d4b" outcome="Passed" testListId="8c84fa94-04c1-424b-9868-57a2d4851a1d" relativeResultsDirectory="46f6f8a0-2b59-4724-b90e-1e3d2ab24502" />
    <UnitTestResult executionId="588defa0-ea16-4dd3-bf31-78989c707f9b" testId="a8427bf4-72b0-a6ed-0dc0-0d36e241a5f3" testName="FS.GG.Coordination.GeneratedStructuralTestsArchitectureTests.every generated category rejects source substitution(category: &quot;command&quot;)" computerName="780ae460ce3c" duration="00:00:00.0131839" startTime="2026-08-30T07:34:01.0606210+02:00" endTime="2026-08-30T07:34:01.0737488+02:00" testType="13cdc9d9-ddb5-4fa4-a97d-d965ccfc6d4b" outcome="Passed" testListId="8c84fa94-04c1-424b-9868-57a2d4851a1d" relativeResultsDirectory="588defa0-ea16-4dd3-bf31-78989c707f9b" />
    <UnitTestResult executionId="426c7eee-7f4c-464a-a420-4ada4d0adb2a" testId="60cafca1-4c55-3045-2d78-080db2e1fcf9" testName="FS.GG.Coordination.BootstrapCiTests.stable gate entry point refuses a removed repository subject(gateId: &quot;evidence-manifest&quot;, expectedSubject: &quot;bootstrap-decision/decision.json&quot;)" computerName="780ae460ce3c" duration="00:00:00.0056034" startTime="2026-08-30T07:34:03.9563348+02:00" endTime="2026-08-30T07:34:03.9617026+02:00" testType="13cdc9d9-ddb5-4fa4-a97d-d965ccfc6d4b" outcome="Passed" testListId="8c84fa94-04c1-424b-9868-57a2d4851a1d" relativeResultsDirectory="426c7eee-7f4c-464a-a420-4ada4d0adb2a" />
    <UnitTestResult executionId="be5caf79-55b7-45b7-a71b-b644c16713ad" testId="2261eba8-909e-67e1-1bec-7019dae394e9" testName="FS.GG.Coordination.RoadmapWorkArchitectureTests.canonical Quint authority passes the independent static gate" computerName="780ae460ce3c" duration="00:00:06.1751946" startTime="2026-08-30T07:34:00.6846228+02:00" endTime="2026-08-30T07:34:06.8589419+02:00" testType="13cdc9d9-ddb5-4fa4-a97d-d965ccfc6d4b" outcome="Passed" testListId="8c84fa94-04c1-424b-9868-57a2d4851a1d" relativeResultsDirectory="be5caf79-55b7-45b7-a71b-b644c16713ad" />
    <UnitTestResult executionId="f0246655-5f0b-4f32-9956-3de65b8a2fbe" testId="865c5e0d-cbf0-4823-5cba-5bb171d3179f" testName="FS.GG.Coordination.GeneratedStructuralTestsArchitectureTests.every generated category rejects missing coverage(category: &quot;mutation&quot;)" computerName="780ae460ce3c" duration="00:00:00.0144402" startTime="2026-08-30T07:34:01.1939568+02:00" endTime="2026-08-30T07:34:01.2083449+02:00" testType="13cdc9d9-ddb5-4fa4-a97d-d965ccfc6d4b" outcome="Passed" testListId="8c84fa94-04c1-424b-9868-57a2d4851a1d" relativeResultsDirectory="f0246655-5f0b-4f32-9956-3de65b8a2fbe" />
    <UnitTestResult executionId="4cb65cd6-fa23-4b0a-b58d-241c65835437" testId="8df22bd7-ade2-9817-d71a-0fb40e8a5430" testName="FS.GG.Coordination.BootstrapCiTests.qualification plan rejects a legacy action runtime" computerName="780ae460ce3c" duration="00:00:00.0093131" startTime="2026-08-30T07:34:07.3506012+02:00" endTime="2026-08-30T07:34:07.3600779+02:00" testType="13cdc9d9-ddb5-4fa4-a97d-d965ccfc6d4b" outcome="Passed" testListId="8c84fa94-04c1-424b-9868-57a2d4851a1d" relativeResultsDirectory="4cb65cd6-fa23-4b0a-b58d-241c65835437" />
    <UnitTestResult executionId="9bb176d9-cb2c-4140-99e4-2c0117c403b5" testId="e456fb8b-7d01-611d-3876-0f87e739ae02" testName="FS.GG.Coordination.BootstrapCiTests.bootstrap control surface stays typed thin and bounded" computerName="780ae460ce3c" duration="00:00:00.0071415" startTime="2026-08-30T07:34:04.5206799+02:00" endTime="2026-08-30T07:34:04.5277645+02:00" testType="13cdc9d9-ddb5-4fa4-a97d-d965ccfc6d4b" outcome="Passed" testListId="8c84fa94-04c1-424b-9868-57a2d4851a1d" relativeResultsDirectory="9bb176d9-cb2c-4140-99e4-2c0117c403b5" />
    <UnitTestResult executionId="2de17a51-1c72-492a-8eec-89b73b1b901e" testId="0b5e7f0b-6235-9909-d0b6-b0f6f7fef403" testName="FS.GG.Coordination.BootstrapCiTests.canonical Quint receipt rejects malformed JSON" computerName="780ae460ce3c" duration="00:00:00.0024099" startTime="2026-08-30T07:34:04.5140381+02:00" endTime="2026-08-30T07:34:04.5162023+02:00" testType="13cdc9d9-ddb5-4fa4-a97d-d965ccfc6d4b" outcome="Passed" testListId="8c84fa94-04c1-424b-9868-57a2d4851a1d" relativeResultsDirectory="2de17a51-1c72-492a-8eec-89b73b1b901e" />
    <UnitTestResult executionId="b83d86f1-e59b-48db-b4f6-3445984d3382" testId="a4f26f2a-563a-a74d-b418-f0eeeec1455e" testName="FS.GG.Coordination.UnitTests.protocol boundary has a stable initial identity" computerName="780ae460ce3c" duration="00:00:00.0030626" startTime="2026-08-30T07:34:00.7661095+02:00" endTime="2026-08-30T07:34:00.7688866+02:00" testType="13cdc9d9-ddb5-4fa4-a97d-d965ccfc6d4b" outcome="Passed" testListId="8c84fa94-04c1-424b-9868-57a2d4851a1d" relativeResultsDirectory="b83d86f1-e59b-48db-b4f6-3445984d3382" />
    <UnitTestResult executionId="4f0ab286-ad85-4f61-b8e5-407220f08081" testId="3a17355b-b5ef-63ca-dd07-78db3212c187" testName="FS.GG.Coordination.GeneratedStructuralTestsArchitectureTests.artifact inversions fail through the production validator(name: &quot;source&quot;, expectedCode: &quot;GST-CASE-SOURCE&quot;)" computerName="780ae460ce3c" duration="00:00:00.0196195" startTime="2026-08-30T07:34:00.9272058+02:00" endTime="2026-08-30T07:34:00.9468289+02:00" testType="13cdc9d9-ddb5-4fa4-a97d-d965ccfc6d4b" outcome="Passed" testListId="8c84fa94-04c1-424b-9868-57a2d4851a1d" relativeResultsDirectory="4f0ab286-ad85-4f61-b8e5-407220f08081" />
    <UnitTestResult executionId="c9673039-913e-4e59-942b-865037900244" testId="226a84f0-3e06-00c3-8c15-c5f0377a1804" testName="FS.GG.Coordination.RepositorySettingsTests.validator rejects material receipt mutation(oldValue: &quot;/repos/FS-GG/FS.GG.Coordination/code-security-conf&quot;···, newValue: &quot;/repos/FS-GG/FS.GG.Coordination/code-security-conf&quot;···, expectedRule: &quot;RS-OPERATION-CONTRACT&quot;)" computerName="780ae460ce3c" duration="00:00:01.0898239" startTime="2026-08-30T07:34:38.5827088+02:00" endTime="2026-08-30T07:34:39.6724860+02:00" testType="13cdc9d9-ddb5-4fa4-a97d-d965ccfc6d4b" outcome="Passed" testListId="8c84fa94-04c1-424b-9868-57a2d4851a1d" relativeResultsDirectory="c9673039-913e-4e59-942b-865037900244" />
    <UnitTestResult executionId="490c9c46-18ab-49ed-81f8-2677b075c576" testId="184b7023-98b0-86d1-f942-a6efed0018b1" testName="FS.GG.Coordination.RoadmapWorkTests.manifest refuses traversal and validation refuses changed candidate" computerName="780ae460ce3c" duration="00:00:00.0032731" startTime="2026-08-30T07:34:00.7627620+02:00" endTime="2026-08-30T07:34:00.7672077+02:00" testType="13cdc9d9-ddb5-4fa4-a97d-d965ccfc6d4b" outcome="Passed" testListId="8c84fa94-04c1-424b-9868-57a2d4851a1d" relativeResultsDirectory="490c9c46-18ab-49ed-81f8-2677b075c576" />
[...]
    <TestEntry testId="226a84f0-3e06-00c3-8c15-c5f0377a1804" executionId="c9673039-913e-4e59-942b-865037900244" testListId="8c84fa94-04c1-424b-9868-57a2d4851a1d" />
    <TestEntry testId="184b7023-98b0-86d1-f942-a6efed0018b1" executionId="490c9c46-18ab-49ed-81f8-2677b075c576" testListId="8c84fa94-04c1-424b-9868-57a2d4851a1d" />
    <TestEntry testId="824a7d89-8799-2ddd-191b-f73d384a3b93" executionId="091ce057-4fab-447a-a1ed-e2612cebad69" testListId="8c84fa94-04c1-424b-9868-57a2d4851a1d" />
    <TestEntry testId="f02d16cd-06d5-9192-6e5b-f803248d6a44" executionId="757983ff-1ed5-44fd-8fd6-56c1155bd387" testListId="8c84fa94-04c1-424b-9868-57a2d4851a1d" />
    <TestEntry testId="b5b8e17f-328a-209a-a1c5-008e32c3de7d" executionId="cf651df5-bc92-4f4c-9220-9dfbe6a4784b" testListId="8c84fa94-04c1-424b-9868-57a2d4851a1d" />
    <TestEntry testId="2ca2e799-ed84-cf88-263b-5543abc4d1de" executionId="9322466f-eaf7-49c0-86fb-9e8dc0ff14b5" testListId="8c84fa94-04c1-424b-9868-57a2d4851a1d" />
    <TestEntry testId="0ed62ce5-362c-25d5-44dd-7672b4163453" executionId="30631ec6-5930-4744-88de-ae8a4be440cb" testListId="8c84fa94-04c1-424b-9868-57a2d4851a1d" />
    <TestEntry testId="cc511400-8aa7-e128-7fdf-537262a59f67" executionId="478b9454-a2f8-4a5b-8079-6b6f5d192031" testListId="8c84fa94-04c1-424b-9868-57a2d4851a1d" />
    <TestEntry testId="86e10bf9-e284-ee30-2b8f-ce12f7214001" executionId="da7c77c4-bdda-4387-952b-350d37034dd6" testListId="8c84fa94-04c1-424b-9868-57a2d4851a1d" />
    <TestEntry testId="fe661cad-649d-8e63-1c6a-bc20637a0a6e" executionId="107ce460-9f74-473b-950b-d2be65b29c45" testListId="8c84fa94-04c1-424b-9868-57a2d4851a1d" />
    <TestEntry testId="8948db95-d30f-a627-4faf-b2bb3f3e579a" executionId="97e3493f-a435-4127-ac62-0024061d757d" testListId="8c84fa94-04c1-424b-9868-57a2d4851a1d" />
    <TestEntry testId="d6ae166b-a8b1-f5fa-4a30-b9b1de26fbbc" executionId="f5fe414b-8b41-40b0-8704-a8d8210b104d" testListId="8c84fa94-04c1-424b-9868-57a2d4851a1d" />
    <TestEntry testId="39f8ab79-37a0-1d2a-e71d-aa3fedd689c7" executionId="a65b2bef-117f-44b0-b436-b08cc4d3edfc" testListId="8c84fa94-04c1-424b-9868-57a2d4851a1d" />
    <TestEntry testId="f6291e44-82f3-c11d-3f9a-85e5a1b664f9" executionId="a61ee7d5-7b3a-45f5-85fd-6896b227a585" testListId="8c84fa94-04c1-424b-9868-57a2d4851a1d" />
    <TestEntry testId="7545d762-260b-9daf-3e89-b38c1a9151d0" executionId="cb0cc4b6-0274-4ac2-9fd6-534ce561bbe9" testListId="8c84fa94-04c1-424b-9868-57a2d4851a1d" />
    <TestEntry testId="000bd595-b157-7736-1706-b4f9740001b4" executionId="bcd5804c-4770-46c7-8b38-f945998be92f" testListId="8c84fa94-04c1-424b-9868-57a2d4851a1d" />
    <TestEntry testId="3c2ec7ab-5278-213f-fb74-62b0ab8b337b" executionId="ee20ab76-135b-472f-acb5-5e97882c6324" testListId="8c84fa94-04c1-424b-9868-57a2d4851a1d" />
    <TestEntry testId="cbbf7f8e-85f2-04e5-e092-3414bf60bf56" executionId="4f5a7a6b-596d-48cf-a4d7-597c54e130d8" testListId="8c84fa94-04c1-424b-9868-57a2d4851a1d" />
    <TestEntry testId="8e1d29c4-a9c8-22b7-7492-b9e7c239f074" executionId="f9ba46b8-9ee4-4185-8ebc-f95da0151b8d" testListId="8c84fa94-04c1-424b-9868-57a2d4851a1d" />
    <TestEntry testId="b08f6f36-0b10-6610-cb80-351101b5b27d" executionId="2f35a771-630b-4194-aced-6c770c1bb0ac" testListId="8c84fa94-04c1-424b-9868-57a2d4851a1d" />
    <TestEntry testId="6070a912-eaf6-2122-1c21-4d003fe9d25b" executionId="0011ea1e-413d-463a-92b0-b9049c3b953a" testListId="8c84fa94-04c1-424b-9868-57a2d4851a1d" />
    <TestEntry testId="c3fe9c5c-e4de-db6f-ab40-d5a0f891fc64" executionId="9723008a-6bf5-4cbc-b859-1490733cec0d" testListId="8c84fa94-04c1-424b-9868-57a2d4851a1d" />
    <TestEntry testId="8295e9e1-878e-3b8b-63d6-71aee48482b5" executionId="5f4ebfa2-ec25-40ed-969b-0b57956917b7" testListId="8c84fa94-04c1-424b-9868-57a2d4851a1d" />
    <TestEntry testId="0b10b184-6c9e-8878-0d5a-be5793352f40" executionId="a91ed143-9108-4fff-96bb-ba2a03b52682" testListId="8c84fa94-04c1-424b-9868-57a2d4851a1d" />
    <TestEntry testId="e79d3006-cfef-99f0-dba3-49250a2709b9" executionId="9b1f456a-24c2-490e-ac27-8d1f27371c80" testListId="8c84fa94-04c1-424b-9868-57a2d4851a1d" />
    <TestEntry testId="95e7e315-8a96-52f6-7351-c18da2725708" executionId="dfdc0a8b-26b1-4b58-85cc-105f7fcaa2e3" testListId="8c84fa94-04c1-424b-9868-57a2d4851a1d" />
    <TestEntry testId="e2dd7bc0-c5dc-f6f8-0b91-63ca1332b680" executionId="5fb7ac0b-3150-4cf8-b725-1cc152f653ae" testListId="8c84fa94-04c1-424b-9868-57a2d4851a1d" />
    <TestEntry testId="f5b59788-0a50-06f5-7504-312bd4ee6f82" executionId="05941938-2887-4fd8-813f-7595099f593b" testListId="8c84fa94-04c1-424b-9868-57a2d4851a1d" />
    <TestEntry testId="033d90cb-3418-748c-2359-f8ee12bdb483" executionId="0a102dc9-8865-4d58-8daf-47f253c11804" testListId="8c84fa94-04c1-424b-9868-57a2d4851a1d" />
    <TestEntry testId="401c763c-196f-cffe-1d2c-cc18ee46e33f" executionId="7b234705-4ec1-4b84-aae5-c7cb9108e770" testListId="8c84fa94-04c1-424b-9868-57a2d4851a1d" />
    <TestEntry testId="90dc4f64-8c90-bb2c-e335-96350e69619a" executionId="cec6b5fb-534e-4acd-bc90-67fc7487ce9a" testListId="8c84fa94-04c1-424b-9868-57a2d4851a1d" />
    <TestEntry testId="ee5d9536-6682-c1b1-f2d2-f88e786afe05" executionId="c7e61826-c367-43ac-8674-029a46effbc5" testListId="8c84fa94-04c1-424b-9868-57a2d4851a1d" />
    <TestEntry testId="44244033-fbee-989d-46b2-2bc6f062a041" executionId="52e0dcf5-a4e2-482b-9de8-90aca94ecf60" testListId="8c84fa94-04c1-424b-9868-57a2d4851a1d" />
    <TestEntry testId="f89be956-7ce1-b980-74b6-dbd6d677e5f1" executionId="3b809cbd-0876-497f-b756-fd841c6d7f80" testListId="8c84fa94-04c1-424b-9868-57a2d4851a1d" />
    <TestEntry testId="cf63f75d-c259-cd31-ad43-d155cfaca9f6" executionId="652004d4-d245-404b-b599-0bf4f3b570ed" testListId="8c84fa94-04c1-424b-9868-57a2d4851a1d" />
    <TestEntry testId="44ab32e5-51d0-3487-2c35-faa58871caba" executionId="55d2ff77-364b-4e5d-9f5c-ac3ccbaa08ab" testListId="8c84fa94-04c1-424b-9868-57a2d4851a1d" />
    <TestEntry testId="5aa23e7c-1c28-415f-0942-24d62d9a51d2" executionId="f747ba54-989f-4d8d-957d-6c93c2f0c58d" testListId="8c84fa94-04c1-424b-9868-57a2d4851a1d" />
    <TestEntry testId="536956c2-f009-39bb-1927-1de61ab8483f" executionId="8a2a9b6e-b4ae-4bfb-9b11-cd0e773a799a" testListId="8c84fa94-04c1-424b-9868-57a2d4851a1d" />
    <TestEntry testId="b2ebd0fb-6854-cd6f-6731-a0ebc91f0657" executionId="f4114498-1d19-4220-bd4d-e2deaf8182cd" testListId="8c84fa94-04c1-424b-9868-57a2d4851a1d" />
    <TestEntry testId="21d188db-c47c-6732-02a2-825f2429bd68" executionId="630d09f5-be7f-4452-bfd3-69b8559aabb9" testListId="8c84fa94-04c1-424b-9868-57a2d4851a1d" />
    <TestEntry testId="172dccd0-9a84-6ffd-b919-5fdb50205e6f" executionId="ec785ece-0791-4c41-867d-48605430853f" testListId="8c84fa94-04c1-424b-9868-57a2d4851a1d" />
    <TestEntry testId="608caeb3-838b-ffd3-6ae8-642e43768145" executionId="acb31cd5-9147-4f82-b4c6-442000aea79e" testListId="8c84fa94-04c1-424b-9868-57a2d4851a1d" />
    <TestEntry testId="0725dd10-05ca-3846-5c7e-7781ee13dc5c" executionId="8df2cd71-7e58-48ac-9eb5-150c0ea63494" testListId="8c84fa94-04c1-424b-9868-57a2d4851a1d" />
    <TestEntry testId="f4f640b9-a659-5afb-269b-d5c46cb72c4b" executionId="ff35f5ec-396b-45d8-8379-e09c5217539f" testListId="8c84fa94-04c1-424b-9868-57a2d4851a1d" />
    <TestEntry testId="8e3eec6c-7ca0-89eb-f70d-e9106554c488" executionId="c3cc9c8f-3eb0-48e9-bb50-84715c449fcc" testListId="8c84fa94-04c1-424b-9868-57a2d4851a1d" />
    <TestEntry testId="44de41ba-d57b-f555-af3f-6f911e748611" executionId="436e4f06-288d-4ad6-9cb6-7f6365e835f0" testListId="8c84fa94-04c1-424b-9868-57a2d4851a1d" />
    <TestEntry testId="71607967-5848-af96-3874-f27a6d34c22b" executionId="0b58033d-bf6b-43ff-9168-aeb680dc86a6" testListId="8c84fa94-04c1-424b-9868-57a2d4851a1d" />
    <TestEntry testId="ea537849-10e4-3d35-db04-27b3d4af3361" executionId="9de4c6d2-4703-429d-adcd-f51419ad1cc6" testListId="8c84fa94-04c1-424b-9868-57a2d4851a1d" />
    <TestEntry testId="cbdb4abe-46b0-c35c-6fd5-276fe191dab6" executionId="bd413d7f-69a7-4b19-a16d-2817188764f1" testListId="8c84fa94-04c1-424b-9868-57a2d4851a1d" />
    <TestEntry testId="6b9ac75c-b2fb-94a3-be05-d385b058ce50" executionId="fc69fecf-2cf2-4b99-a4eb-715761db50c0" testListId="8c84fa94-04c1-424b-9868-57a2d4851a1d" />
    <TestEntry testId="ec558a0a-7a09-563a-659b-ca5ca480859b" executionId="70104ab4-34a3-4828-b66b-f5475336918c" testListId="8c84fa94-04c1-424b-9868-57a2d4851a1d" />
    <TestEntry testId="8ecc644c-6531-2b5a-0501-efd69d4663d1" executionId="e8d6c129-c192-44af-92c6-8c133fd9dad3" testListId="8c84fa94-04c1-424b-9868-57a2d4851a1d" />
    <TestEntry testId="60e14722-9332-a85c-7ab3-3025213bc602" executionId="9108f8d7-5827-4b1b-bf33-59617b810c35" testListId="8c84fa94-04c1-424b-9868-57a2d4851a1d" />
    <TestEntry testId="ea16dfe8-4973-3f43-0014-cf37582456bb" executionId="4c7a87bd-dce4-4ffb-a294-b15deba7153e" testListId="8c84fa94-04c1-424b-9868-57a2d4851a1d" />
    <TestEntry testId="915b19de-7829-f691-b118-d0a6cb0af5fe" executionId="4f6ab061-d50a-45cd-bf00-735fb0a5d5cb" testListId="8c84fa94-04c1-424b-9868-57a2d4851a1d" />
    <TestEntry testId="e92856f1-03eb-71f0-50d6-7ea3c549fb53" executionId="b2b4e61f-d553-4b93-8eda-7e5426814646" testListId="8c84fa94-04c1-424b-9868-57a2d4851a1d" />
    <TestEntry testId="8ea0a2d6-d1be-4c40-723d-556ffcd2c9b4" executionId="3fc5ddc6-0aa7-4898-ab13-55c080dce1a4" testListId="8c84fa94-04c1-424b-9868-57a2d4851a1d" />
    <TestEntry testId="e2be4511-7ed5-aba6-d103-1feca10f426e" executionId="63914967-8bee-43ac-a16e-f4ea0f78bd81" testListId="8c84fa94-04c1-424b-9868-57a2d4851a1d" />
    <TestEntry testId="49a8e429-651c-4622-729d-4a77a0845ab0" executionId="e3932df8-fb86-44f2-ad57-15c94999e385" testListId="8c84fa94-04c1-424b-9868-57a2d4851a1d" />
    <TestEntry testId="ae27a65c-457a-fc1e-cb6c-39a7ae45e6b3" executionId="a7512528-e962-4425-9266-d81362453493" testListId="8c84fa94-04c1-424b-9868-57a2d4851a1d" />
    <TestEntry testId="d24328ed-de3f-ce56-f209-65fbe5538cb8" executionId="f9585797-c062-4046-9fca-c81023b5c4e5" testListId="8c84fa94-04c1-424b-9868-57a2d4851a1d" />
    <TestEntry testId="b1b0e22d-7d80-9dbb-16e9-52d02eb03ea0" executionId="d31d7e29-9c88-4a50-bc86-749696c0df34" testListId="8c84fa94-04c1-424b-9868-57a2d4851a1d" />
    <TestEntry testId="896cb881-e4b5-8c7f-63ff-c045593164d0" executionId="ce98d5e0-5f3f-49d4-a287-70f149fdaa46" testListId="8c84fa94-04c1-424b-9868-57a2d4851a1d" />
    <TestEntry testId="b8e04517-f9f7-ea10-ed05-9390ebb814bd" executionId="c415df36-6e6c-4d86-95c2-63062d9b4055" testListId="8c84fa94-04c1-424b-9868-57a2d4851a1d" />
    <TestEntry testId="97247e51-8426-ebf7-fe16-0a05f03615da" executionId="eda48e10-d7eb-4fa2-8738-6c9ca9a4c340" testListId="8c84fa94-04c1-424b-9868-57a2d4851a1d" />
    <TestEntry testId="1f9514a4-c901-8cb0-ec7a-473794eb5b9d" executionId="bfc4186b-56c8-4035-82ae-d673ce0f2a70" testListId="8c84fa94-04c1-424b-9868-57a2d4851a1d" />
    <TestEntry testId="06fbe68c-1006-c1b0-a796-4e205f906eb5" executionId="cc30ae6e-782a-4e21-a8a6-20e1735ea2e3" testListId="8c84fa94-04c1-424b-9868-57a2d4851a1d" />
    <TestEntry testId="5e60bc65-c026-c022-89e6-2142fc65be48" executionId="6828f8c3-e44f-4285-bec4-bd28607228f4" testListId="8c84fa94-04c1-424b-9868-57a2d4851a1d" />
    <TestEntry testId="42146f1f-4371-a1bb-e6ce-bd1be45b89e3" executionId="18f84782-761b-49da-b78b-8c415aeeac2d" testListId="8c84fa94-04c1-424b-9868-57a2d4851a1d" />
    <TestEntry testId="80d59bce-0711-2002-67cc-e165cf664c49" executionId="d3822fd2-d9b3-48c4-a734-aab1f4623c86" testListId="8c84fa94-04c1-424b-9868-57a2d4851a1d" />
    <TestEntry testId="9adaf728-d686-825b-24e1-d675acf5756a" executionId="d1c15af1-13c4-4812-989c-5be5d6c5bf72" testListId="8c84fa94-04c1-424b-9868-57a2d4851a1d" />
    <TestEntry testId="0413d33f-ae8e-3307-be70-b2de5ed9b784" executionId="e9bde4ac-000b-47e1-9e5f-65dc1e93e586" testListId="8c84fa94-04c1-424b-9868-57a2d4851a1d" />
    <TestEntry testId="06ac4bcd-8fb4-2db7-c7ee-987452c7adc0" executionId="65586dd3-b3b1-4212-8523-27b6223e5c39" testListId="8c84fa94-04c1-424b-9868-57a2d4851a1d" />
    <TestEntry testId="3888a7e7-f3c5-e92d-171e-88e6e3a251e4" executionId="652c5608-4690-457f-b60f-ced80781af9a" testListId="8c84fa94-04c1-424b-9868-57a2d4851a1d" />
    <TestEntry testId="20da9518-fd53-5e8b-bb81-d55ad53fb1e2" executionId="6d5577fa-5bdb-415b-bd1a-d8d36de1a2b8" testListId="8c84fa94-04c1-424b-9868-57a2d4851a1d" />
    <TestEntry testId="c8efb054-8288-e11e-8e59-00570cfd13b0" executionId="bdd98cf3-2b54-44d0-81d2-f85320548a16" testListId="8c84fa94-04c1-424b-9868-57a2d4851a1d" />
    <TestEntry testId="88e0201d-3e54-d11e-52e1-df57d4b86e41" executionId="6fa3d140-ac14-42eb-a2c1-c0239ddfcc2a" testListId="8c84fa94-04c1-424b-9868-57a2d4851a1d" />
    <TestEntry testId="490f5cf5-67e0-a60e-a045-5885e3535548" executionId="81caae87-00d9-4df6-b03f-ef7d6b80119f" testListId="8c84fa94-04c1-424b-9868-57a2d4851a1d" />
    <TestEntry testId="a390b591-052c-5b36-5245-7751ee0a25bb" executionId="897974de-ccab-4c87-b7f7-4e9f9185f572" testListId="8c84fa94-04c1-424b-9868-57a2d4851a1d" />
    <TestEntry testId="4e019234-8eee-4b19-b3f5-62140caa9e71" executionId="8fd9a11c-71aa-4acd-a83a-a27cc078cef2" testListId="8c84fa94-04c1-424b-9868-57a2d4851a1d" />
    <TestEntry testId="d28ce86c-4bde-4516-b632-c3ef82c9082c" executionId="dff633a1-7422-45ea-961c-cf76a0beeeea" testListId="8c84fa94-04c1-424b-9868-57a2d4851a1d" />
    <TestEntry testId="ea3d85c4-1f09-df6b-9275-81aa51d58200" executionId="5d61659d-c755-4af3-a89a-130a8b55c007" testListId="8c84fa94-04c1-424b-9868-57a2d4851a1d" />
    <TestEntry testId="5f25ae2b-4820-ef5c-c62d-0319b789faa5" executionId="87263704-2f35-4158-8fed-c5db7b8e513c" testListId="8c84fa94-04c1-424b-9868-57a2d4851a1d" />
    <TestEntry testId="691f9ba8-d70e-ce99-7198-b0e85696dec9" executionId="08979780-ab9e-4c9b-802f-06c3248f8785" testListId="8c84fa94-04c1-424b-9868-57a2d4851a1d" />
    <TestEntry testId="77177cf2-23d0-64ed-0c0a-45fd0b42aefa" executionId="86fd942f-dda7-4bae-bedb-19f9819cbbab" testListId="8c84fa94-04c1-424b-9868-57a2d4851a1d" />
    <TestEntry testId="3fe7094e-1f9b-5c64-2a7c-616fadd354a3" executionId="98587289-e938-42a3-96de-e31f7f3e3e73" testListId="8c84fa94-04c1-424b-9868-57a2d4851a1d" />
    <TestEntry testId="4e05651c-df07-4f6f-4491-95bda60eb1d5" executionId="e336405d-6ff0-48c5-adf1-3629335ebf8d" testListId="8c84fa94-04c1-424b-9868-57a2d4851a1d" />
    <TestEntry testId="decd683f-55bc-1737-b2f7-ca4f74bae67f" executionId="dad31df5-ccb7-4812-998a-f7c1197959e2" testListId="8c84fa94-04c1-424b-9868-57a2d4851a1d" />
    <TestEntry testId="73deba43-4ab4-a8cb-baad-5687f55b8ea7" executionId="8b80d836-e84a-4a5b-be77-070f2a173f03" testListId="8c84fa94-04c1-424b-9868-57a2d4851a1d" />
    <TestEntry testId="bdceec1a-2969-bf32-5426-78ec493010a7" executionId="db9dfcf0-ae66-4d83-9f7d-01059b90b5ed" testListId="8c84fa94-04c1-424b-9868-57a2d4851a1d" />
    <TestEntry testId="4b8e0eff-4423-fb7b-0eea-e39b6317718b" executionId="c59fc38a-b624-45d1-a4b5-e9ddba1e2050" testListId="8c84fa94-04c1-424b-9868-57a2d4851a1d" />
    <TestEntry testId="f7bb2814-7f9d-ecac-3fc3-457afc7bfcdf" executionId="4aa8c026-9e3b-4acc-97ef-f7c80a729aee" testListId="8c84fa94-04c1-424b-9868-57a2d4851a1d" />
    <TestEntry testId="fd3ad439-0637-f5e1-d302-72db010eeb83" executionId="31a7abdb-391c-4c80-b620-81c84e1ed9d8" testListId="8c84fa94-04c1-424b-9868-57a2d4851a1d" />
    <TestEntry testId="992cf1d0-90a4-0268-7da7-945de81754b8" executionId="d851840c-9b97-43e6-a1e2-0e267551e2d9" testListId="8c84fa94-04c1-424b-9868-57a2d4851a1d" />
    <TestEntry testId="0dd709f4-14d0-e0b0-9b90-f25d96275478" executionId="15ee5078-5f13-474c-aa51-58fe343be68e" testListId="8c84fa94-04c1-424b-9868-57a2d4851a1d" />
    <TestEntry testId="8f7e45a4-7f88-0b5c-de8f-3e458eb704eb" executionId="4b0931dc-7e8c-4b93-8371-8b002db25de3" testListId="8c84fa94-04c1-424b-9868-57a2d4851a1d" />
    <TestEntry testId="dd53aae5-3b3f-13df-4a84-7acc589e73b1" executionId="d803159d-4e96-4dc0-955f-4493a6b86e54" testListId="8c84fa94-04c1-424b-9868-57a2d4851a1d" />
    <TestEntry testId="9bbbfbee-2879-99e7-09af-e2833c9f9ab5" executionId="d9a26bb0-8fd7-4183-bb6f-f7567112e38e" testListId="8c84fa94-04c1-424b-9868-57a2d4851a1d" />
    <TestEntry testId="374dd098-5da8-7355-3762-130a6146a653" executionId="062f128e-0003-4263-9771-f32a0f98d66d" testListId="8c84fa94-04c1-424b-9868-57a2d4851a1d" />
    <TestEntry testId="7536f91e-ac09-3271-536a-00f0c938fa8c" executionId="754ca41d-637b-43c5-a50a-9738a08b509d" testListId="8c84fa94-04c1-424b-9868-57a2d4851a1d" />
    <TestEntry testId="a1773636-9d85-8473-7326-b31f3fe0ff59" executionId="5e016efe-e3aa-407b-aa79-78fcfeba11f1" testListId="8c84fa94-04c1-424b-9868-57a2d4851a1d" />
    <TestEntry testId="7b6743d9-4c15-ccf0-4ecd-9e1ca18f0539" executionId="37574c20-6fdf-48aa-a08e-11e5b33d186c" testListId="8c84fa94-04c1-424b-9868-57a2d4851a1d" />
    <TestEntry testId="c4f983bc-ddce-f8bb-5cdb-d7815e82c548" executionId="d971a713-10b0-4cba-af16-b2aedeb5628d" testListId="8c84fa94-04c1-424b-9868-57a2d4851a1d" />
    <TestEntry testId="2684b46b-be93-92b0-2825-719be53fdc0d" executionId="1d3e23b1-8a88-4095-857b-7b60ccb10d68" testListId="8c84fa94-04c1-424b-9868-57a2d4851a1d" />
    <TestEntry testId="e3b9481f-0d81-54e1-dffb-f4f2ff9b7c04" executionId="752de74d-2c36-4a53-b099-1f8535b33885" testListId="8c84fa94-04c1-424b-9868-57a2d4851a1d" />
    <TestEntry testId="5df063a3-97ae-10c9-fb7e-068323f69abc" executionId="68f5c1d0-42a3-48b5-b0b0-5ed7e417aa8b" testListId="8c84fa94-04c1-424b-9868-57a2d4851a1d" />
    <TestEntry testId="7e50855b-f25b-5351-84d5-45ce881e5f56" executionId="53f94c8c-a3da-4f16-bf9a-e93fa3df3561" testListId="8c84fa94-04c1-424b-9868-57a2d4851a1d" />
    <TestEntry testId="732af89c-743c-ac6b-ad1b-a8320c54fa33" executionId="03666453-0d72-4c5c-b26b-a937cf5c67a4" testListId="8c84fa94-04c1-424b-9868-57a2d4851a1d" />
    <TestEntry testId="0b8740b2-66e2-c90b-efc2-912e9a765aea" executionId="0f8e7f5d-7f51-4e07-acb8-db5f8daa513f" testListId="8c84fa94-04c1-424b-9868-57a2d4851a1d" />
    <TestEntry testId="c75eb0b5-c773-1362-cd19-cc16ab0b12f3" executionId="f2e3120b-8726-44b7-b3ec-3b47582078af" testListId="8c84fa94-04c1-424b-9868-57a2d4851a1d" />
    <TestEntry testId="a04ffb91-dda6-689e-d915-d48e3926d28b" executionId="b10a0f87-b178-431d-8313-919f1c5e540c" testListId="8c84fa94-04c1-424b-9868-57a2d4851a1d" />
    <TestEntry testId="45d0e615-0750-a104-7cac-d73a3865b9b5" executionId="7b708040-a781-413f-856d-7070f067fc42" testListId="8c84fa94-04c1-424b-9868-57a2d4851a1d" />
    <TestEntry testId="cb660388-139c-da96-9697-16f6ad852f93" executionId="f79249ca-11e9-4331-b088-bcaea95e2435" testListId="8c84fa94-04c1-424b-9868-57a2d4851a1d" />
    <TestEntry testId="03a5139c-dc43-3bff-02b6-fba02bb69ff7" executionId="990966ae-b2a5-4c5c-9da2-b00e6353fc85" testListId="8c84fa94-04c1-424b-9868-57a2d4851a1d" />
    <TestEntry testId="a2fafb53-45a2-fdba-70e8-ff2c41fc7c1a" executionId="3760b2ee-6ba5-416c-a207-83029b87801c" testListId="8c84fa94-04c1-424b-9868-57a2d4851a1d" />
  </TestEntries>
  <TestLists>
    <TestList name="Results Not in a List" id="8c84fa94-04c1-424b-9868-57a2d4851a1d" />
    <TestList name="All Loaded Results" id="19431567-8539-422a-85d7-44ee4e166bda" />
  </TestLists>
  <ResultSummary outcome="Completed">
    <Counters total="243" executed="243" passed="243" failed="0" error="0" timeout="0" aborted="0" inconclusive="0" passedButRunAborted="0" notRunnable="0" notExecuted="0" disconnected="0" warning="0" completed="0" inProgress="0" pending="0" />
    <Output>
      <StdOut>[xUnit.net 00:00:00.00] xUnit.net VSTest Adapter v3.1.5+1b188a7b0a (64-bit .NET 10.0.11)
[xUnit.net 00:00:00.05]   Discovering: FS.GG.Coordination.ArchitectureTests
[xUnit.net 00:00:00.10]   Discovered:  FS.GG.Coordination.ArchitectureTests
[xUnit.net 00:00:00.13]   Starting:    FS.GG.Coordination.ArchitectureTests
[xUnit.net 00:00:47.64]   Finished:    FS.GG.Coordination.ArchitectureTests
</StdOut>
    </Output>
  </ResultSummary>
</TestRun>