<?xml version="1.0" encoding="utf-8"?>
<TestRun id="ad04bb83-0bd5-4b5e-8b53-74acd8af0000" name="@780ae460ce3c 2026-08-31 01:33:24" xmlns="http://microsoft.com/schemas/VisualStudio/TeamTest/2010">
  <Times creation="2026-08-31T01:33:24.2328518+02:00" queuing="2026-08-31T01:33:24.2328518+02:00" start="2026-08-31T01:33:23.8310024+02:00" finish="2026-08-31T01:34:15.6563136+02:00" />
  <TestSettings name="default" id="6dccae85-05f4-4b22-9315-c90e5861849b">
    <Deployment runDeploymentRoot="_780ae460ce3c_2026-08-31_01_33_24" />
  </TestSettings>
  <Results>
    <UnitTestResult executionId="ead5ebe4-d241-4351-a2ef-38509dcc4177" testId="5e37a7f2-bf49-c70e-940a-be742640eeee" testName="FS.GG.Coordination.BootstrapCiTests.bootstrap workflow rejects an unbound cross-run artifact download" computerName="780ae460ce3c" duration="00:00:00.0007364" startTime="2026-08-31T01:33:30.9439082+02:00" endTime="2026-08-31T01:33:30.9445511+02:00" testType="13cdc9d9-ddb5-4fa4-a97d-d965ccfc6d4b" outcome="Passed" testListId="8c84fa94-04c1-424b-9868-57a2d4851a1d" relativeResultsDirectory="ead5ebe4-d241-4351-a2ef-38509dcc4177" />
    <UnitTestResult executionId="b57a8b34-f16f-494f-8f6f-f98ed55d3c72" testId="fddadee3-6b0b-5208-3758-de610b73d405" testName="FS.GG.Coordination.BootstrapCiTests.reuse receipt round trips canonical bytes and rejects tampering" computerName="780ae460ce3c" duration="00:00:00.0002171" startTime="2026-08-31T01:33:30.9551818+02:00" endTime="2026-08-31T01:33:30.9557725+02:00" testType="13cdc9d9-ddb5-4fa4-a97d-d965ccfc6d4b" outcome="Passed" testListId="8c84fa94-04c1-424b-9868-57a2d4851a1d" relativeResultsDirectory="b57a8b34-f16f-494f-8f6f-f98ed55d3c72" />
    <UnitTestResult executionId="f8beab0b-e63b-4d2d-9217-6acb9089e178" testId="3888a7e7-f3c5-e92d-171e-88e6e3a251e4" testName="FS.GG.Coordination.BootstrapCiTests.recovery evidence rejects missing reordered and extra stages(original: &quot;\&quot;clone\&quot;,\&quot;restore\&quot;&quot;, replacement: &quot;\&quot;restore\&quot;,\&quot;clone\&quot;&quot;)" computerName="780ae460ce3c" duration="00:00:00.0025336" startTime="2026-08-31T01:33:28.4018292+02:00" endTime="2026-08-31T01:33:28.4043442+02:00" testType="13cdc9d9-ddb5-4fa4-a97d-d965ccfc6d4b" outcome="Passed" testListId="8c84fa94-04c1-424b-9868-57a2d4851a1d" relativeResultsDirectory="f8beab0b-e63b-4d2d-9217-6acb9089e178" />
    <UnitTestResult executionId="d2f985eb-bf99-45e7-8b0a-11c427ee9148" testId="7536f91e-ac09-3271-536a-00f0c938fa8c" testName="FS.GG.Coordination.RepositorySettingsTests.validator rejects altered canonical pre-state bytes" computerName="780ae460ce3c" duration="00:00:01.1298933" startTime="2026-08-31T01:34:13.2685966+02:00" endTime="2026-08-31T01:34:14.3984451+02:00" testType="13cdc9d9-ddb5-4fa4-a97d-d965ccfc6d4b" outcome="Passed" testListId="8c84fa94-04c1-424b-9868-57a2d4851a1d" relativeResultsDirectory="d2f985eb-bf99-45e7-8b0a-11c427ee9148" />
    <UnitTestResult executionId="c75ff360-af65-4895-bbdb-bfa0807c2cdb" testId="a8427bf4-72b0-a6ed-0dc0-0d36e241a5f3" testName="FS.GG.Coordination.GeneratedStructuralTestsArchitectureTests.every generated category rejects source substitution(category: &quot;command&quot;)" computerName="780ae460ce3c" duration="00:00:00.0116833" startTime="2026-08-31T01:33:24.5291692+02:00" endTime="2026-08-31T01:33:24.5408191+02:00" testType="13cdc9d9-ddb5-4fa4-a97d-d965ccfc6d4b" outcome="Passed" testListId="8c84fa94-04c1-424b-9868-57a2d4851a1d" relativeResultsDirectory="c75ff360-af65-4895-bbdb-bfa0807c2cdb" />
    <UnitTestResult executionId="055deff4-cc7b-4c25-a46b-cdef34ca15c5" testId="a390b591-052c-5b36-5245-7751ee0a25bb" testName="FS.GG.Coordination.RepositorySettingsTests.validator rejects material receipt mutation(oldValue: &quot;\&quot;allowedActions\&quot;:\&quot;selected\&quot;&quot;, newValue: &quot;\&quot;allowedActions\&quot;:\&quot;all\&quot;&quot;, expectedRule: &quot;RS-STATE-MISMATCH&quot;)" computerName="780ae460ce3c" duration="00:00:01.1812295" startTime="2026-08-31T01:33:56.2259184+02:00" endTime="2026-08-31T01:33:57.4070928+02:00" testType="13cdc9d9-ddb5-4fa4-a97d-d965ccfc6d4b" outcome="Passed" testListId="8c84fa94-04c1-424b-9868-57a2d4851a1d" relativeResultsDirectory="055deff4-cc7b-4c25-a46b-cdef34ca15c5" />
    <UnitTestResult executionId="40d0b795-286c-4fba-a5e8-e11b8e413214" testId="a04ffb91-dda6-689e-d915-d48e3926d28b" testName="FS.GG.Coordination.RepositorySettingsTests.exact live provisioning receipt passes the strict validator" computerName="780ae460ce3c" duration="00:00:01.0792135" startTime="2026-08-31T01:34:12.1892875+02:00" endTime="2026-08-31T01:34:13.2684965+02:00" testType="13cdc9d9-ddb5-4fa4-a97d-d965ccfc6d4b" outcome="Passed" testListId="8c84fa94-04c1-424b-9868-57a2d4851a1d" relativeResultsDirectory="40d0b795-286c-4fba-a5e8-e11b8e413214" />
    <UnitTestResult executionId="8f4b610c-c3f9-4e33-bd41-45e283cfcb3b" testId="a9e3c517-b4ad-770c-1cee-92bdbd36db3a" testName="FS.GG.Coordination.BootstrapCiTests.bootstrap workflow rejects imported v1 completion machinery" computerName="780ae460ce3c" duration="00:00:00.0007367" startTime="2026-08-31T01:33:28.4091358+02:00" endTime="2026-08-31T01:33:28.4098851+02:00" testType="13cdc9d9-ddb5-4fa4-a97d-d965ccfc6d4b" outcome="Passed" testListId="8c84fa94-04c1-424b-9868-57a2d4851a1d" relativeResultsDirectory="8f4b610c-c3f9-4e33-bd41-45e283cfcb3b" />
    <UnitTestResult executionId="cc2816db-9ae8-49c6-8ffa-95c9a247ee3a" testId="c8efb054-8288-e11e-8e59-00570cfd13b0" testName="FS.GG.Coordination.BootstrapCiTests.recovery evidence rejects feed substitution" computerName="780ae460ce3c" duration="00:00:00.0029163" startTime="2026-08-31T01:33:30.9559839+02:00" endTime="2026-08-31T01:33:30.9583368+02:00" testType="13cdc9d9-ddb5-4fa4-a97d-d965ccfc6d4b" outcome="Passed" testListId="8c84fa94-04c1-424b-9868-57a2d4851a1d" relativeResultsDirectory="cc2816db-9ae8-49c6-8ffa-95c9a247ee3a" />
    <UnitTestResult executionId="dfed2706-c3c0-488d-9976-362c0f84b3b6" testId="508d23af-f661-5e4c-9313-cd41c95e9b82" testName="FS.GG.Coordination.GeneratedStructuralTestsArchitectureTests.every generated category rejects source substitution(category: &quot;projection&quot;)" computerName="780ae460ce3c" duration="00:00:00.0171628" startTime="2026-08-31T01:33:24.4963986+02:00" endTime="2026-08-31T01:33:24.5135223+02:00" testType="13cdc9d9-ddb5-4fa4-a97d-d965ccfc6d4b" outcome="Passed" testListId="8c84fa94-04c1-424b-9868-57a2d4851a1d" relativeResultsDirectory="dfed2706-c3c0-488d-9976-362c0f84b3b6" />
    <UnitTestResult executionId="2f91cb59-e1b0-4e4c-9e7e-421afece651a" testId="bdceec1a-2969-bf32-5426-78ec493010a7" testName="FS.GG.Coordination.QuintQualificationTests.changed paths surfaces reuse and future proposals bind selection inputs" computerName="780ae460ce3c" duration="00:00:15.7022929" startTime="2026-08-31T01:33:30.8313358+02:00" endTime="2026-08-31T01:33:46.5336057+02:00" testType="13cdc9d9-ddb5-4fa4-a97d-d965ccfc6d4b" outcome="Passed" testListId="8c84fa94-04c1-424b-9868-57a2d4851a1d" relativeResultsDirectory="2f91cb59-e1b0-4e4c-9e7e-421afece651a" />
    <UnitTestResult executionId="7d1746d3-4558-42b3-ae10-fac249d7186d" testId="4657d42e-b64a-27e5-5f72-57a129faf25c" testName="FS.GG.Coordination.RepositorySettingsTests.validator rejects material receipt mutation(oldValue: &quot;/orgs/FS-GG/actions/permissions\&quot;&quot;, newValue: &quot;/orgs/FS-GG/actions/permissions-wrong\&quot;&quot;, expectedRule: &quot;RS-OPERATION-CONTRACT&quot;)" computerName="780ae460ce3c" duration="00:00:01.2874080" startTime="2026-08-31T01:33:38.0230834+02:00" endTime="2026-08-31T01:33:39.3104569+02:00" testType="13cdc9d9-ddb5-4fa4-a97d-d965ccfc6d4b" outcome="Passed" testListId="8c84fa94-04c1-424b-9868-57a2d4851a1d" relativeResultsDirectory="7d1746d3-4558-42b3-ae10-fac249d7186d" />
    <UnitTestResult executionId="105f6a70-7a66-46b8-9bf2-ded0c0069636" testId="2a4d5804-0283-d372-231b-d4994f7e8918" testName="FS.GG.Coordination.BootstrapCiTests.recovery evidence rejects unexpected fields and noncanonical bytes" computerName="780ae460ce3c" duration="00:00:00.0046453" startTime="2026-08-31T01:33:28.3816960+02:00" endTime="2026-08-31T01:33:28.3863865+02:00" testType="13cdc9d9-ddb5-4fa4-a97d-d965ccfc6d4b" outcome="Passed" testListId="8c84fa94-04c1-424b-9868-57a2d4851a1d" relativeResultsDirectory="105f6a70-7a66-46b8-9bf2-ded0c0069636" />
    <UnitTestResult executionId="a1b8700a-59f0-492f-a4e2-8f8d53e86c40" testId="39f8ab79-37a0-1d2a-e71d-aa3fedd689c7" testName="FS.GG.Coordination.GeneratedStructuralTestsArchitectureTests.artifact inversions fail through the production validator(name: &quot;order&quot;, expectedCode: &quot;GST-CASE-ORDER&quot;)" computerName="780ae460ce3c" duration="00:00:00.0273154" startTime="2026-08-31T01:33:24.2801678+02:00" endTime="2026-08-31T01:33:24.3073615+02:00" testType="13cdc9d9-ddb5-4fa4-a97d-d965ccfc6d4b" outcome="Passed" testListId="8c84fa94-04c1-424b-9868-57a2d4851a1d" relativeResultsDirectory="a1b8700a-59f0-492f-a4e2-8f8d53e86c40" />
    <UnitTestResult executionId="ea50ab9f-d8d5-4a27-b9ef-3ca667f42995" testId="3fb75d09-118f-baac-e05b-07a96755748b" testName="FS.GG.Coordination.RepositorySettingsTests.validator rejects material receipt mutation(oldValue: &quot;\&quot;secretScanningNonProviderPatterns\&quot;:\&quot;disabled\&quot;&quot;, newValue: &quot;\&quot;secretScanningNonProviderPatterns\&quot;:\&quot;enabled\&quot;&quot;, expectedRule: &quot;RS-STATE-MISMATCH&quot;)" computerName="780ae460ce3c" duration="00:00:01.2024785" startTime="2026-08-31T01:33:51.4383957+02:00" endTime="2026-08-31T01:33:52.6408637+02:00" testType="13cdc9d9-ddb5-4fa4-a97d-d965ccfc6d4b" outcome="Passed" testListId="8c84fa94-04c1-424b-9868-57a2d4851a1d" relativeResultsDirectory="ea50ab9f-d8d5-4a27-b9ef-3ca667f42995" />
    <UnitTestResult executionId="d732bbf1-fcd2-4a92-8ab8-369b110d9daa" testId="0413d33f-ae8e-3307-be70-b2de5ed9b784" testName="FS.GG.Coordination.RepositorySettingsTests.validator rejects material receipt mutation(oldValue: &quot;\&quot;httpStatus\&quot;:403,\&quot;method\&quot;:\&quot;GET\&quot;,\&quot;name\&quot;:\&quot;o&quot;···, newValue: &quot;\&quot;httpStatus\&quot;:200,\&quot;method\&quot;:\&quot;GET\&quot;,\&quot;name\&quot;:\&quot;o&quot;···, expectedRule: &quot;RS-OPERATION-STATUS&quot;)" computerName="780ae460ce3c" duration="00:00:01.1087142" startTime="2026-08-31T01:34:07.7703771+02:00" endTime="2026-08-31T01:34:08.8790648+02:00" testType="13cdc9d9-ddb5-4fa4-a97d-d965ccfc6d4b" outcome="Passed" testListId="8c84fa94-04c1-424b-9868-57a2d4851a1d" relativeResultsDirectory="d732bbf1-fcd2-4a92-8ab8-369b110d9daa" />
    <UnitTestResult executionId="e426a856-6052-47fa-beae-77fdbef82994" testId="dc5e4f8a-9275-83ad-9bd6-fcb03cd33036" testName="FS.GG.Coordination.BootstrapCiTests.same-count wrong-project vulnerability report is rejected" computerName="780ae460ce3c" duration="00:00:00.0005118" startTime="2026-08-31T01:33:28.4370240+02:00" endTime="2026-08-31T01:33:28.4375022+02:00" testType="13cdc9d9-ddb5-4fa4-a97d-d965ccfc6d4b" outcome="Passed" testListId="8c84fa94-04c1-424b-9868-57a2d4851a1d" relativeResultsDirectory="e426a856-6052-47fa-beae-77fdbef82994" />
    <UnitTestResult executionId="eb747fd3-21c1-4cbf-9139-40dfeac41855" testId="6ae199d7-70a4-18cb-413e-8e38af71baaa" testName="FS.GG.Coordination.BootstrapCiTests.representative gate addition changes only the plan and its stable entry point" computerName="780ae460ce3c" duration="00:00:00.0014869" startTime="2026-08-31T01:33:30.9506446+02:00" endTime="2026-08-31T01:33:30.9528220+02:00" testType="13cdc9d9-ddb5-4fa4-a97d-d965ccfc6d4b" outcome="Passed" testListId="8c84fa94-04c1-424b-9868-57a2d4851a1d" relativeResultsDirectory="eb747fd3-21c1-4cbf-9139-40dfeac41855" />
    <UnitTestResult executionId="290dc224-02a8-48fe-9c46-5c8013c81ab1" testId="369aaaf7-6100-cca0-d7d3-9489a3cedab0" testName="FS.GG.Coordination.ArchitectureTests.production graph satisfies dependency policy" computerName="780ae460ce3c" duration="00:00:03.5580325" startTime="2026-08-31T01:33:31.6554902+02:00" endTime="2026-08-31T01:33:35.2134896+02:00" testType="13cdc9d9-ddb5-4fa4-a97d-d965ccfc6d4b" outcome="Passed" testListId="8c84fa94-04c1-424b-9868-57a2d4851a1d" relativeResultsDirectory="290dc224-02a8-48fe-9c46-5c8013c81ab1" />
    <UnitTestResult executionId="697e965e-4b48-4e1c-9fe4-5a25e1fee680" testId="dd5ac656-df94-b3fa-0e11-471d73780a3a" testName="FS.GG.Coordination.RepositorySettingsTests.validator rejects material receipt mutation(oldValue: &quot;\&quot;requireCodeOwnerReview\&quot;:false&quot;, newValue: &quot;\&quot;requireCodeOwnerReview\&quot;:true&quot;, expectedRule: &quot;RS-RULESET-MISMATCH&quot;)" computerName="780ae460ce3c" duration="00:00:01.0877297" startTime="2026-08-31T01:34:08.8791219+02:00" endTime="2026-08-31T01:34:09.9668356+02:00" testType="13cdc9d9-ddb5-4fa4-a97d-d965ccfc6d4b" outcome="Passed" testListId="8c84fa94-04c1-424b-9868-57a2d4851a1d" relativeResultsDirectory="697e965e-4b48-4e1c-9fe4-5a25e1fee680" />
    <UnitTestResult executionId="ee6495b8-d61b-4baf-9065-be78669e0cc9" testId="11e90f1b-8454-e66e-0ffd-e658c78a726e" testName="FS.GG.Coordination.QuintQualificationTests.bounded roots classifications selection and admission are complete" computerName="780ae460ce3c" duration="00:00:02.1122914" startTime="2026-08-31T01:33:28.7189542+02:00" endTime="2026-08-31T01:33:30.8312085+02:00" testType="13cdc9d9-ddb5-4fa4-a97d-d965ccfc6d4b" outcome="Passed" testListId="8c84fa94-04c1-424b-9868-57a2d4851a1d" relativeResultsDirectory="ee6495b8-d61b-4baf-9065-be78669e0cc9" />
    <UnitTestResult executionId="b628f827-d536-4268-aa2e-ddf81dfb4f62" testId="c46c877f-a9e9-49d0-f825-804dfd5214e4" testName="FS.GG.Coordination.FaultInjectionArchitectureTests.every modeled external step has before and after convergence" computerName="780ae460ce3c" duration="00:00:00.0109789" startTime="2026-08-31T01:33:24.1880704+02:00" endTime="2026-08-31T01:33:24.2097661+02:00" testType="13cdc9d9-ddb5-4fa4-a97d-d965ccfc6d4b" outcome="Passed" testListId="8c84fa94-04c1-424b-9868-57a2d4851a1d" relativeResultsDirectory="b628f827-d536-4268-aa2e-ddf81dfb4f62" />
    <UnitTestResult executionId="bd6ae971-d2af-4384-89f4-8552253cd62d" testId="b894dc9d-6836-ed79-0a8d-8288f415d23a" testName="FS.GG.Coordination.BootstrapCiTests.canonical Quint receipt rejects incomplete or contradictory evidence(original: &quot;\&quot;external\&quot;:186&quot;, replacement: &quot;\&quot;external\&quot;:185&quot;, rule: &quot;quint-receipt-process-count&quot;)" computerName="780ae460ce3c" duration="00:00:00.0019431" startTime="2026-08-31T01:33:28.3593897+02:00" endTime="2026-08-31T01:33:28.3612939+02:00" testType="13cdc9d9-ddb5-4fa4-a97d-d965ccfc6d4b" outcome="Passed" testListId="8c84fa94-04c1-424b-9868-57a2d4851a1d" relativeResultsDirectory="bd6ae971-d2af-4384-89f4-8552253cd62d" />
    <UnitTestResult executionId="78944ec8-acfd-462c-b13a-a9f615365df3" testId="467c0a00-b8bc-0cec-1726-87be1e8d376b" testName="FS.GG.Coordination.GeneratedStructuralTestsArchitectureTests.stable generator and validator adapters execute the committed artifact" computerName="780ae460ce3c" duration="00:00:03.8598624" startTime="2026-08-31T01:33:24.7785475+02:00" endTime="2026-08-31T01:33:28.6380827+02:00" testType="13cdc9d9-ddb5-4fa4-a97d-d965ccfc6d4b" outcome="Passed" testListId="8c84fa94-04c1-424b-9868-57a2d4851a1d" relativeResultsDirectory="78944ec8-acfd-462c-b13a-a9f615365df3" />
    <UnitTestResult executionId="df67cae4-b89a-48bb-8c95-b3d3f81c3bc3" testId="11acb6e5-5b46-d68c-c22b-5a67cd527224" testName="FS.GG.Coordination.BootstrapCiTests.bootstrap workflow rejects any unexpected executable command" computerName="780ae460ce3c" duration="00:00:00.0007824" startTime="2026-08-31T01:33:28.3891295+02:00" endTime="2026-08-31T01:33:28.3898704+02:00" testType="13cdc9d9-ddb5-4fa4-a97d-d965ccfc6d4b" outcome="Passed" testListId="8c84fa94-04c1-424b-9868-57a2d4851a1d" relativeResultsDirectory="df67cae4-b89a-48bb-8c95-b3d3f81c3bc3" />
    <UnitTestResult executionId="eac887e3-8763-493f-b0b4-38556fd0d513" testId="8e1612f7-7f81-bf00-e955-97971adfed46" testName="FS.GG.Coordination.BootstrapCiTests.reuse performance evidence retains the exact execute hit pair and thresholds" computerName="780ae460ce3c" duration="00:00:00.0004260" startTime="2026-08-31T01:33:28.3899132+02:00" endTime="2026-08-31T01:33:28.3903462+02:00" testType="13cdc9d9-ddb5-4fa4-a97d-d965ccfc6d4b" outcome="Passed" testListId="8c84fa94-04c1-424b-9868-57a2d4851a1d" relativeResultsDirectory="eac887e3-8763-493f-b0b4-38556fd0d513" />
    <UnitTestResult executionId="28160679-b4e2-491f-8e1b-e37f31af4c76" testId="e92856f1-03eb-71f0-50d6-7ea3c549fb53" testName="FS.GG.Coordination.BootstrapCiTests.reuse revalidates prior execution artifacts and emits current-head evidence" computerName="780ae460ce3c" duration="00:00:00.0036792" startTime="2026-08-31T01:33:28.4332779+02:00" endTime="2026-08-31T01:33:28.4369569+02:00" testType="13cdc9d9-ddb5-4fa4-a97d-d965ccfc6d4b" outcome="Passed" testListId="8c84fa94-04c1-424b-9868-57a2d4851a1d" relativeResultsDirectory="28160679-b4e2-491f-8e1b-e37f31af4c76" />
    <UnitTestResult executionId="29595703-bed5-4126-8de5-87b609a15891" testId="a985413a-50fe-8660-87bd-d564d9569a16" testName="FS.GG.Coordination.RoadmapWorkArchitectureTests.gate catalog is literal dotnet only and matches selected unit" computerName="780ae460ce3c" duration="00:00:00.0030791" startTime="2026-08-31T01:34:02.1108803+02:00" endTime="2026-08-31T01:34:02.1139084+02:00" testType="13cdc9d9-ddb5-4fa4-a97d-d965ccfc6d4b" outcome="Passed" testListId="8c84fa94-04c1-424b-9868-57a2d4851a1d" relativeResultsDirectory="29595703-bed5-4126-8de5-87b609a15891" />
    <UnitTestResult executionId="3f6759d7-2d4a-4f59-88c8-0496dfed26c8" testId="71607967-5848-af96-3874-f27a6d34c22b" testName="FS.GG.Coordination.FaultInjectionArchitectureTests.independent inversions fail closed(name: &quot;canonical&quot;, expected: &quot;FI-ARTIFACT-CANONICAL&quot;)" computerName="780ae460ce3c" duration="00:00:00.0049691" startTime="2026-08-31T01:33:24.2483859+02:00" endTime="2026-08-31T01:33:24.2533704+02:00" testType="13cdc9d9-ddb5-4fa4-a97d-d965ccfc6d4b" outcome="Passed" testListId="8c84fa94-04c1-424b-9868-57a2d4851a1d" relativeResultsDirectory="3f6759d7-2d4a-4f59-88c8-0496dfed26c8" />
    <UnitTestResult executionId="ead41449-045f-4a52-86b4-e8461941300f" testId="b7048a46-2d5e-b862-640e-fa2e864c32b2" testName="FS.GG.Coordination.BootstrapCiTests.recovery evidence rejects missing reordered and extra stages(original: &quot;\&quot;execute\&quot;&quot;, replacement: &quot;\&quot;execute\&quot;,\&quot;publish\&quot;&quot;)" computerName="780ae460ce3c" duration="00:00:00.0020501" startTime="2026-08-31T01:33:28.4044062+02:00" endTime="2026-08-31T01:33:28.4064459+02:00" testType="13cdc9d9-ddb5-4fa4-a97d-d965ccfc6d4b" outcome="Passed" testListId="8c84fa94-04c1-424b-9868-57a2d4851a1d" relativeResultsDirectory="ead41449-045f-4a52-86b4-e8461941300f" />
    <UnitTestResult executionId="8e03eff6-9570-4e2c-bce6-6a716cc80241" testId="3a30967d-3289-240f-b020-643e64655def" testName="FS.GG.Coordination.RoadmapWorkArchitectureTests.canonical Quint retained process inventory near miss fails closed" computerName="780ae460ce3c" duration="00:00:02.0647859" startTime="2026-08-31T01:34:02.1141216+02:00" endTime="2026-08-31T01:34:04.1787505+02:00" testType="13cdc9d9-ddb5-4fa4-a97d-d965ccfc6d4b" outcome="Passed" testListId="8c84fa94-04c1-424b-9868-57a2d4851a1d" relativeResultsDirectory="8e03eff6-9570-4e2c-bce6-6a716cc80241" />
    <UnitTestResult executionId="53cf3d50-4815-49b7-ab08-33fa52acd013" testId="c3fe9c5c-e4de-db6f-ab40-d5a0f891fc64" testName="FS.GG.Coordination.BootstrapCiTests.stable gate entry point refuses a removed repository subject(gateId: &quot;bootstrap-recovery&quot;, expectedSubject: &quot;eng/bootstrap-recovery.fsx&quot;)" computerName="780ae460ce3c" duration="00:00:00.7216707" startTime="2026-08-31T01:33:27.0064189+02:00" endTime="2026-08-31T01:33:27.7281531+02:00" testType="13cdc9d9-ddb5-4fa4-a97d-d965ccfc6d4b" outcome="Passed" testListId="8c84fa94-04c1-424b-9868-57a2d4851a1d" relativeResultsDirectory="53cf3d50-4815-49b7-ab08-33fa52acd013" />
    <UnitTestResult executionId="b96781cc-7023-43e6-957b-e6bfb32a13f8" testId="88e0201d-3e54-d11e-52e1-df57d4b86e41" testName="FS.GG.Coordination.ArchitectureTests.non exact central published kernel pin is independently rejected" computerName="780ae460ce3c" duration="00:00:02.9852426" startTime="2026-08-31T01:34:03.8417921+02:00" endTime="2026-08-31T01:34:06.8269720+02:00" testType="13cdc9d9-ddb5-4fa4-a97d-d965ccfc6d4b" outcome="Passed" testListId="8c84fa94-04c1-424b-9868-57a2d4851a1d" relativeResultsDirectory="b96781cc-7023-43e6-957b-e6bfb32a13f8" />
    <UnitTestResult executionId="b4a62287-aa6f-48dd-a7c3-3099692ba0a5" testId="8f7e45a4-7f88-0b5c-de8f-3e458eb704eb" testName="FS.GG.Coordination.GeneratedStructuralTestsArchitectureTests.compiled output family contract and safe paths are authoritative" computerName="780ae460ce3c" duration="00:00:00.0073778" startTime="2026-08-31T01:33:28.6385185+02:00" endTime="2026-08-31T01:33:28.6458987+02:00" testType="13cdc9d9-ddb5-4fa4-a97d-d965ccfc6d4b" outcome="Passed" testListId="8c84fa94-04c1-424b-9868-57a2d4851a1d" relativeResultsDirectory="b4a62287-aa6f-48dd-a7c3-3099692ba0a5" />
    <UnitTestResult executionId="840f2659-8803-40fc-915f-607c302ae698" testId="53555d56-fb0f-cccf-eea6-2cb4d1562cbd" testName="FS.GG.Coordination.RoadmapWorkTests.unknown qualification gate and JSON members are refused" computerName="780ae460ce3c" duration="00:00:00.0005607" startTime="2026-08-31T01:33:24.2483289+02:00" endTime="2026-08-31T01:33:24.2488214+02:00" testType="13cdc9d9-ddb5-4fa4-a97d-d965ccfc6d4b" outcome="Passed" testListId="8c84fa94-04c1-424b-9868-57a2d4851a1d" relativeResultsDirectory="840f2659-8803-40fc-915f-607c302ae698" />
    <UnitTestResult executionId="fc68f042-d516-490a-937a-95f128440b22" testId="afcf0ca6-0d76-aba8-3964-5e1d0b89a6b2" testName="FS.GG.Coordination.GeneratedStructuralTestsArchitectureTests.committed generated suite is complete deterministic and source bound" computerName="780ae460ce3c" duration="00:00:00.0461134" startTime="2026-08-31T01:33:24.6813638+02:00" endTime="2026-08-31T01:33:24.7274774+02:00" testType="13cdc9d9-ddb5-4fa4-a97d-d965ccfc6d4b" outcome="Passed" testListId="8c84fa94-04c1-424b-9868-57a2d4851a1d" relativeResultsDirectory="fc68f042-d516-490a-937a-95f128440b22" />
    <UnitTestResult executionId="d12f5f1b-3a66-48f3-aab4-35c1368be9a4" testId="062b42c0-8593-4329-d4d8-8721f9f7b9e9" testName="FS.GG.Coordination.CritiqueEvidenceArchitectureTests.review schema evolves additively and storage policy executes v2" computerName="780ae460ce3c" duration="00:00:00.0007253" startTime="2026-08-31T01:33:24.2278435+02:00" endTime="2026-08-31T01:33:24.2282836+02:00" testType="13cdc9d9-ddb5-4fa4-a97d-d965ccfc6d4b" outcome="Passed" testListId="8c84fa94-04c1-424b-9868-57a2d4851a1d" relativeResultsDirectory="d12f5f1b-3a66-48f3-aab4-35c1368be9a4" />
    <UnitTestResult executionId="66c00004-b821-47f8-9902-38a7b4068d18" testId="d21522e6-848e-4b53-33f8-b669c2c6c428" testName="FS.GG.Coordination.RepositorySettingsTests.validator rejects material receipt mutation(oldValue: &quot;\&quot;httpStatus\&quot;:204&quot;, newValue: &quot;\&quot;httpStatus\&quot;:200&quot;, expectedRule: &quot;RS-OPERATION-CONTRACT&quot;)" computerName="780ae460ce3c" duration="00:00:01.1411592" startTime="2026-08-31T01:34:02.0790136+02:00" endTime="2026-08-31T01:34:03.2201506+02:00" testType="13cdc9d9-ddb5-4fa4-a97d-d965ccfc6d4b" outcome="Passed" testListId="8c84fa94-04c1-424b-9868-57a2d4851a1d" relativeResultsDirectory="66c00004-b821-47f8-9902-38a7b4068d18" />
    <UnitTestResult executionId="8b6aea7e-9417-42ca-8a2e-df79f5739d00" testId="7d8ba7f3-e619-0959-18d5-ffcd976ec7bd" testName="FS.GG.Coordination.BootstrapCiTests.evidence rejects a stale candidate" computerName="780ae460ce3c" duration="00:00:00.0018350" startTime="2026-08-31T01:33:31.7335169+02:00" endTime="2026-08-31T01:33:31.7353090+02:00" testType="13cdc9d9-ddb5-4fa4-a97d-d965ccfc6d4b" outcome="Passed" testListId="8c84fa94-04c1-424b-9868-57a2d4851a1d" relativeResultsDirectory="8b6aea7e-9417-42ca-8a2e-df79f5739d00" />
    <UnitTestResult executionId="0a7baaa0-2284-4fa7-9229-4aa4d11076e5" testId="66b0172d-9774-228c-8176-3b8d335967c8" testName="FS.GG.Coordination.GeneratedStructuralTestsArchitectureTests.every generated category rejects source substitution(category: &quot;schema&quot;)" computerName="780ae460ce3c" duration="00:00:00.0154326" startTime="2026-08-31T01:33:24.4808863+02:00" endTime="2026-08-31T01:33:24.4962472+02:00" testType="13cdc9d9-ddb5-4fa4-a97d-d965ccfc6d4b" outcome="Passed" testListId="8c84fa94-04c1-424b-9868-57a2d4851a1d" relativeResultsDirectory="0a7baaa0-2284-4fa7-9229-4aa4d11076e5" />
    <UnitTestResult executionId="9346d6f3-37f1-4e13-8160-aa6a6c52bc35" testId="cecb0b8f-d034-974e-eb9b-b81ab310972d" testName="FS.GG.Coordination.ArchitectureTests.NuGet config checkout relative package source is independently rejected" computerName="780ae460ce3c" duration="00:00:03.6709516" startTime="2026-08-31T01:33:27.9848440+02:00" endTime="2026-08-31T01:33:31.6553638+02:00" testType="13cdc9d9-ddb5-4fa4-a97d-d965ccfc6d4b" outcome="Passed" testListId="8c84fa94-04c1-424b-9868-57a2d4851a1d" relativeResultsDirectory="9346d6f3-37f1-4e13-8160-aa6a6c52bc35" />
    <UnitTestResult executionId="afe26235-a767-4e36-a72a-13a839afd03d" testId="d6ae166b-a8b1-f5fa-4a30-b9b1de26fbbc" testName="FS.GG.Coordination.ArchitectureTests.unapproved pure-core HTTP client package is independently rejected" computerName="780ae460ce3c" duration="00:00:03.0279689" startTime="2026-08-31T01:33:54.7926497+02:00" endTime="2026-08-31T01:33:57.8205692+02:00" testType="13cdc9d9-ddb5-4fa4-a97d-d965ccfc6d4b" outcome="Passed" testListId="8c84fa94-04c1-424b-9868-57a2d4851a1d" relativeResultsDirectory="afe26235-a767-4e36-a72a-13a839afd03d" />
    <UnitTestResult executionId="e20825b8-6ee3-4310-b985-aabd683d5d83" testId="3a17355b-b5ef-63ca-dd07-78db3212c187" testName="FS.GG.Coordination.GeneratedStructuralTestsArchitectureTests.artifact inversions fail through the production validator(name: &quot;source&quot;, expectedCode: &quot;GST-CASE-SOURCE&quot;)" computerName="780ae460ce3c" duration="00:00:00.0143774" startTime="2026-08-31T01:33:24.3969911+02:00" endTime="2026-08-31T01:33:24.4112800+02:00" testType="13cdc9d9-ddb5-4fa4-a97d-d965ccfc6d4b" outcome="Passed" testListId="8c84fa94-04c1-424b-9868-57a2d4851a1d" relativeResultsDirectory="e20825b8-6ee3-4310-b985-aabd683d5d83" />
    <UnitTestResult executionId="b13cb2ce-3a96-45e8-9742-808d42651e69" testId="60e14722-9332-a85c-7ab3-3025213bc602" testName="FS.GG.Coordination.RepositorySettingsTests.validator rejects material receipt mutation(oldValue: &quot;\&quot;id\&quot;:1,\&quot;include\&quot;&quot;, newValue: &quot;\&quot;id\&quot;:0,\&quot;include\&quot;&quot;, expectedRule: &quot;RS-RULESET-ID&quot;)" computerName="780ae460ce3c" duration="00:00:01.3936773" startTime="2026-08-31T01:33:30.0113090+02:00" endTime="2026-08-31T01:33:31.4039281+02:00" testType="13cdc9d9-ddb5-4fa4-a97d-d965ccfc6d4b" outcome="Passed" testListId="8c84fa94-04c1-424b-9868-57a2d4851a1d" relativeResultsDirectory="b13cb2ce-3a96-45e8-9742-808d42651e69" />
    <UnitTestResult executionId="2b394d56-562c-4025-857e-40d634d787f0" testId="a4f26f2a-563a-a74d-b418-f0eeeec1455e" testName="FS.GG.Coordination.UnitTests.protocol boundary has a stable initial identity" computerName="780ae460ce3c" duration="00:00:00.0067752" startTime="2026-08-31T01:33:24.2610803+02:00" endTime="2026-08-31T01:33:24.2674247+02:00" testType="13cdc9d9-ddb5-4fa4-a97d-d965ccfc6d4b" outcome="Passed" testListId="8c84fa94-04c1-424b-9868-57a2d4851a1d" relativeResultsDirectory="2b394d56-562c-4025-857e-40d634d787f0" />
    <UnitTestResult executionId="198cc0e4-72fd-4e57-b13c-d00da1bd3400" testId="8c89d525-0b34-461b-0078-e2af8166d19a" testName="FS.GG.Coordination.BootstrapCiTests.qualification subject is canonical across tracked-file enumeration order" computerName="780ae460ce3c" duration="00:00:00.0074054" startTime="2026-08-31T01:33:28.3679441+02:00" endTime="2026-08-31T01:33:28.3753376+02:00" testType="13cdc9d9-ddb5-4fa4-a97d-d965ccfc6d4b" outcome="Passed" testListId="8c84fa94-04c1-424b-9868-57a2d4851a1d" relativeResultsDirectory="198cc0e4-72fd-4e57-b13c-d00da1bd3400" />
    <UnitTestResult executionId="93a4eecd-95c6-4731-bcf4-89d7c5b12026" testId="02f82849-ee8e-54bb-270d-62feb74ea5ff" testName="FS.GG.Coordination.ArchitectureTests.source project reference to the published kernel producer is independently rejected" computerName="780ae460ce3c" duration="00:00:03.1915179" startTime="2026-08-31T01:33:45.1655075+02:00" endTime="2026-08-31T01:33:48.3570536+02:00" testType="13cdc9d9-ddb5-4fa4-a97d-d965ccfc6d4b" outcome="Passed" testListId="8c84fa94-04c1-424b-9868-57a2d4851a1d" relativeResultsDirectory="93a4eecd-95c6-4731-bcf4-89d7c5b12026" />
    <UnitTestResult executionId="bad77f8e-c6a7-4e54-ad6d-404544043fe8" testId="31f7b495-515f-e349-8aae-4a6cb4716fc4" testName="FS.GG.Coordination.ArchitectureTests.forbidden App import SDK is independently rejected" computerName="780ae460ce3c" duration="00:00:03.7966544" startTime="2026-08-31T01:33:24.1880598+02:00" endTime="2026-08-31T01:33:27.9846532+02:00" testType="13cdc9d9-ddb5-4fa4-a97d-d965ccfc6d4b" outcome="Passed" testListId="8c84fa94-04c1-424b-9868-57a2d4851a1d" relativeResultsDirectory="bad77f8e-c6a7-4e54-ad6d-404544043fe8" />
    <UnitTestResult executionId="49498105-5836-477b-853c-8be63c537db5" testId="5de13919-3bc0-0ff4-070c-f486bd2684f8" testName="FS.GG.Coordination.FaultInjectionArchitectureTests.independent oracle accepts the executed subject and rejects every subject defect" computerName="780ae460ce3c" duration="00:00:00.0251162" startTime="2026-08-31T01:33:24.3311070+02:00" endTime="2026-08-31T01:33:24.3555230+02:00" testType="13cdc9d9-ddb5-4fa4-a97d-d965ccfc6d4b" outcome="Passed" testListId="8c84fa94-04c1-424b-9868-57a2d4851a1d" relativeResultsDirectory="49498105-5836-477b-853c-8be63c537db5" />
    <UnitTestResult executionId="8cb1791f-fd8c-4cc5-9595-d594d24730aa" testId="23371f09-1d7a-eba9-a8e3-9e51fed16403" testName="FS.GG.Coordination.QuintQualificationTests.native formal catalogue covers all domains and retains normalized ITF counterexamples" computerName="780ae460ce3c" duration="00:00:00.2512989" startTime="2026-08-31T01:33:26.3377224+02:00" endTime="2026-08-31T01:33:26.5888699+02:00" testType="13cdc9d9-ddb5-4fa4-a97d-d965ccfc6d4b" outcome="Passed" testListId="8c84fa94-04c1-424b-9868-57a2d4851a1d" relativeResultsDirectory="8cb1791f-fd8c-4cc5-9595-d594d24730aa" />
    <UnitTestResult executionId="3d1787cd-efc5-44df-9b9e-a27d8128b6b7" testId="9de7f11e-acb9-b72d-c5db-067b1dc321c1" testName="FS.GG.Coordination.ArchitectureTests.failed pure-core project evaluation is independently rejected" computerName="780ae460ce3c" duration="00:00:02.9669625" startTime="2026-08-31T01:33:57.8206756+02:00" endTime="2026-08-31T01:34:00.7875568+02:00" testType="13cdc9d9-ddb5-4fa4-a97d-d965ccfc6d4b" outcome="Passed" testListId="8c84fa94-04c1-424b-9868-57a2d4851a1d" relativeResultsDirectory="3d1787cd-efc5-44df-9b9e-a27d8128b6b7" />
    <UnitTestResult executionId="0cc26d79-80a9-49f3-802b-ed1c59dff090" testId="77177cf2-23d0-64ed-0c0a-45fd0b42aefa" testName="FS.GG.Coordination.RoadmapWorkTests.changed roadmap and unknown unit are refused distinctly" computerName="780ae460ce3c" duration="00:00:00.0005220" startTime="2026-08-31T01:33:24.2665369+02:00" endTime="2026-08-31T01:33:24.2669591+02:00" testType="13cdc9d9-ddb5-4fa4-a97d-d965ccfc6d4b" outcome="Passed" testListId="8c84fa94-04c1-424b-9868-57a2d4851a1d" relativeResultsDirectory="0cc26d79-80a9-49f3-802b-ed1c59dff090" />
    <UnitTestResult executionId="d0053ecd-a018-42af-9bad-74b9046f15bc" testId="8da9f379-9ea5-4b5f-26e9-493ecf068d4f" testName="FS.GG.Coordination.GeneratedStructuralTestsArchitectureTests.every generated category rejects missing coverage(category: &quot;schema&quot;)" computerName="780ae460ce3c" duration="00:00:00.0171969" startTime="2026-08-31T01:33:24.5920862+02:00" endTime="2026-08-31T01:33:24.6093064+02:00" testType="13cdc9d9-ddb5-4fa4-a97d-d965ccfc6d4b" outcome="Passed" testListId="8c84fa94-04c1-424b-9868-57a2d4851a1d" relativeResultsDirectory="d0053ecd-a018-42af-9bad-74b9046f15bc" />
    <UnitTestResult executionId="0be8980b-a4c2-4399-87ef-4775c867ae57" testId="64950bc8-512f-4f47-05ee-6ff2b0e55be1" testName="FS.GG.Coordination.RepositorySettingsTests.validator rejects material receipt mutation(oldValue: &quot;\&quot;bypassActorCount\&quot;:0&quot;, newValue: &quot;\&quot;bypassActorCount\&quot;:1&quot;, expectedRule: &quot;RS-RULESET-MISMATCH&quot;)" computerName="780ae460ce3c" duration="00:00:01.1511216" startTime="2026-08-31T01:33:46.6479216+02:00" endTime="2026-08-31T01:33:47.7990227+02:00" testType="13cdc9d9-ddb5-4fa4-a97d-d965ccfc6d4b" outcome="Passed" testListId="8c84fa94-04c1-424b-9868-57a2d4851a1d" relativeResultsDirectory="0be8980b-a4c2-4399-87ef-4775c867ae57" />
    <UnitTestResult executionId="48cf9bc3-6a50-4a2f-a132-094de1b59dd4" testId="28f9b0cf-7023-ef48-4185-31bc9c3f2e7e" testName="FS.GG.Coordination.RepositorySettingsTests.validator rejects material receipt mutation(oldValue: &quot;\&quot;httpStatus\&quot;:200,\&quot;method\&quot;:\&quot;GET\&quot;,\&quot;name\&quot;:\&quot;m&quot;···, newValue: &quot;\&quot;httpStatus\&quot;:204,\&quot;method\&quot;:\&quot;GET\&quot;,\&quot;name\&quot;:\&quot;m&quot;···, expectedRule: &quot;RS-RULESET-RESPONSE&quot;)" computerName="780ae460ce3c" duration="00:00:01.2350721" startTime="2026-08-31T01:33:45.4128394+02:00" endTime="2026-08-31T01:33:46.6478634+02:00" testType="13cdc9d9-ddb5-4fa4-a97d-d965ccfc6d4b" outcome="Passed" testListId="8c84fa94-04c1-424b-9868-57a2d4851a1d" relativeResultsDirectory="48cf9bc3-6a50-4a2f-a132-094de1b59dd4" />
    <UnitTestResult executionId="b33c3728-991c-4d26-a66c-2bf75de3cb0c" testId="dd53aae5-3b3f-13df-4a84-7acc589e73b1" testName="FS.GG.Coordination.RepositorySettingsTests.validator rejects material receipt mutation(oldValue: &quot;code-scanning/default-setup&quot;, newValue: &quot;code-scanning/analyses&quot;, expectedRule: &quot;RS-OPERATION-CONTRACT&quot;)" computerName="780ae460ce3c" duration="00:00:01.2260104" startTime="2026-08-31T01:33:41.7451155+02:00" endTime="2026-08-31T01:33:42.9711229+02:00" testType="13cdc9d9-ddb5-4fa4-a97d-d965ccfc6d4b" outcome="Passed" testListId="8c84fa94-04c1-424b-9868-57a2d4851a1d" relativeResultsDirectory="b33c3728-991c-4d26-a66c-2bf75de3cb0c" />
    <UnitTestResult executionId="56a5037a-ad2c-49de-961a-9fe7370831c0" testId="04e6fdb8-0415-ac81-c2db-37189ed30da9" testName="FS.GG.Coordination.BootstrapCiTests.partial and vulnerable reports are rejected(projectCount: 7, vulnerable: False, rule: &quot;vulnerability-report-completeness&quot;)" computerName="780ae460ce3c" duration="00:00:00.0007454" startTime="2026-08-31T01:33:28.3807391+02:00" endTime="2026-08-31T01:33:28.3814349+02:00" testType="13cdc9d9-ddb5-4fa4-a97d-d965ccfc6d4b" outcome="Passed" testListId="8c84fa94-04c1-424b-9868-57a2d4851a1d" relativeResultsDirectory="56a5037a-ad2c-49de-961a-9fe7370831c0" />
    <UnitTestResult executionId="ffb5ab4d-9add-4e5f-8cef-d956b9ecab21" testId="2ddb61bc-82f2-0ad3-72a3-08b9990b6b8c" testName="FS.GG.Coordination.BootstrapCiTests.bootstrap workflow rejects checkout ref outside with" computerName="780ae460ce3c" duration="00:00:00.0009240" startTime="2026-08-31T01:33:30.9528839+02:00" endTime="2026-08-31T01:33:30.9530434+02:00" testType="13cdc9d9-ddb5-4fa4-a97d-d965ccfc6d4b" outcome="Passed" testListId="8c84fa94-04c1-424b-9868-57a2d4851a1d" relativeResultsDirectory="ffb5ab4d-9add-4e5f-8cef-d956b9ecab21" />
    <UnitTestResult executionId="2fe05ee5-7bb0-495b-a01a-125edb43eccf" testId="7624fa74-a3bb-d634-d6dc-c059936ef4e0" testName="FS.GG.Coordination.BootstrapCiTests.bootstrap workflow rejects mutable action references" computerName="780ae460ce3c" duration="00:00:00.0007364" startTime="2026-08-31T01:33:30.9489800+02:00" endTime="2026-08-31T01:33:30.9498251+02:00" testType="13cdc9d9-ddb5-4fa4-a97d-d965ccfc6d4b" outcome="Passed" testListId="8c84fa94-04c1-424b-9868-57a2d4851a1d" relativeResultsDirectory="2fe05ee5-7bb0-495b-a01a-125edb43eccf" />
    <UnitTestResult executionId="0f5522ed-9fd5-45da-962b-50a8f8551e2a" testId="110c8bfc-81c9-5f0e-1a8e-34eee46acc3d" testName="FS.GG.Coordination.SupplyChainTests.candidate workflow is manual exact-sha and pre-production only" computerName="780ae460ce3c" duration="00:00:00.0107807" startTime="2026-08-31T01:33:24.1864971+02:00" endTime="2026-08-31T01:33:24.2054354+02:00" testType="13cdc9d9-ddb5-4fa4-a97d-d965ccfc6d4b" outcome="Passed" testListId="8c84fa94-04c1-424b-9868-57a2d4851a1d" relativeResultsDirectory="0f5522ed-9fd5-45da-962b-50a8f8551e2a" />
    <UnitTestResult executionId="4326e461-cd52-45d2-bf1c-157d92c94758" testId="e79d3006-cfef-99f0-dba3-49250a2709b9" testName="FS.GG.Coordination.BootstrapCiTests.unexpected HTTPS vulnerability source is rejected" computerName="780ae460ce3c" duration="00:00:00.0004336" startTime="2026-08-31T01:33:30.9446035+02:00" endTime="2026-08-31T01:33:30.9450163+02:00" testType="13cdc9d9-ddb5-4fa4-a97d-d965ccfc6d4b" outcome="Passed" testListId="8c84fa94-04c1-424b-9868-57a2d4851a1d" relativeResultsDirectory="4326e461-cd52-45d2-bf1c-157d92c94758" />
    <UnitTestResult executionId="b527a1f4-d34f-4cf4-91f4-c4ac3cabab86" testId="e12fef71-4cbc-5fe3-da59-ae5d26e790d6" testName="FS.GG.Coordination.CritiqueEvidenceArchitectureTests.critique bundle binds five phases to one owner candidate and evidence set" computerName="780ae460ce3c" duration="00:00:00.0398568" startTime="2026-08-31T01:33:24.1873870+02:00" endTime="2026-08-31T01:33:24.2274613+02:00" testType="13cdc9d9-ddb5-4fa4-a97d-d965ccfc6d4b" outcome="Passed" testListId="8c84fa94-04c1-424b-9868-57a2d4851a1d" relativeResultsDirectory="b527a1f4-d34f-4cf4-91f4-c4ac3cabab86" />
    <UnitTestResult executionId="e96e22d9-4830-43a4-b6e5-3883efe7ce70" testId="decd683f-55bc-1737-b2f7-ca4f74bae67f" testName="FS.GG.Coordination.GeneratedStructuralTestsArchitectureTests.every generated category rejects missing coverage(category: &quot;projection&quot;)" computerName="780ae460ce3c" duration="00:00:00.0189687" startTime="2026-08-31T01:33:24.6221155+02:00" endTime="2026-08-31T01:33:24.6410717+02:00" testType="13cdc9d9-ddb5-4fa4-a97d-d965ccfc6d4b" outcome="Passed" testListId="8c84fa94-04c1-424b-9868-57a2d4851a1d" relativeResultsDirectory="e96e22d9-4830-43a4-b6e5-3883efe7ce70" />
    <UnitTestResult executionId="1891399f-dc71-484f-9403-ccc049c2133f" testId="20da9518-fd53-5e8b-bb81-d55ad53fb1e2" testName="FS.GG.Coordination.BootstrapCiTests.evidence rejects an artifact changed after collection" computerName="780ae460ce3c" duration="00:00:00.0025222" startTime="2026-08-31T01:33:30.9413612+02:00" endTime="2026-08-31T01:33:30.9437941+02:00" testType="13cdc9d9-ddb5-4fa4-a97d-d965ccfc6d4b" outcome="Passed" testListId="8c84fa94-04c1-424b-9868-57a2d4851a1d" relativeResultsDirectory="1891399f-dc71-484f-9403-ccc049c2133f" />
    <UnitTestResult executionId="dc64bba6-e227-453e-9052-adb64fca7c4f" testId="cbbf7f8e-85f2-04e5-e092-3414bf60bf56" testName="FS.GG.Coordination.GeneratedStructuralTestsArchitectureTests.artifact inversions fail through the production validator(name: &quot;canonical&quot;, expectedCode: &quot;GST-CANONICAL&quot;)" computerName="780ae460ce3c" duration="00:00:00.0792698" startTime="2026-08-31T01:33:24.1874102+02:00" endTime="2026-08-31T01:33:24.2668483+02:00" testType="13cdc9d9-ddb5-4fa4-a97d-d965ccfc6d4b" outcome="Passed" testListId="8c84fa94-04c1-424b-9868-57a2d4851a1d" relativeResultsDirectory="dc64bba6-e227-453e-9052-adb64fca7c4f" />
    <UnitTestResult executionId="eeacad05-5675-44e6-a068-b357a4962679" testId="4e05651c-df07-4f6f-4491-95bda60eb1d5" testName="FS.GG.Coordination.ArchitectureTests.forbidden App hosting and imported runtime binding forms are independently rejected" computerName="780ae460ce3c" duration="00:00:03.2435457" startTime="2026-08-31T01:33:48.3571320+02:00" endTime="2026-08-31T01:33:51.6006427+02:00" testType="13cdc9d9-ddb5-4fa4-a97d-d965ccfc6d4b" outcome="Passed" testListId="8c84fa94-04c1-424b-9868-57a2d4851a1d" relativeResultsDirectory="eeacad05-5675-44e6-a068-b357a4962679" />
    <UnitTestResult executionId="f344c5bf-001d-4f33-929d-a9601c3a11e8" testId="ee46777a-ce67-4424-5391-900dda338873" testName="FS.GG.Coordination.GeneratedStructuralTestsArchitectureTests.every generated category rejects missing coverage(category: &quot;permission&quot;)" computerName="780ae460ce3c" duration="00:00:00.0126379" startTime="2026-08-31T01:33:24.6094412+02:00" endTime="2026-08-31T01:33:24.6220005+02:00" testType="13cdc9d9-ddb5-4fa4-a97d-d965ccfc6d4b" outcome="Passed" testListId="8c84fa94-04c1-424b-9868-57a2d4851a1d" relativeResultsDirectory="f344c5bf-001d-4f33-929d-a9601c3a11e8" />
    <UnitTestResult executionId="a24aefe6-df68-49fa-910a-484433fa6363" testId="2ca2e799-ed84-cf88-263b-5543abc4d1de" testName="FS.GG.Coordination.RepositorySettingsTests.validator rejects material receipt mutation(oldValue: &quot;rulesets/1\&quot;&quot;, newValue: &quot;rulesets/9\&quot;&quot;, expectedRule: &quot;RS-RULESET-RESPONSE&quot;)" computerName="780ae460ce3c" duration="00:00:01.1028450" startTime="2026-08-31T01:34:06.6675134+02:00" endTime="2026-08-31T01:34:07.7703160+02:00" testType="13cdc9d9-ddb5-4fa4-a97d-d965ccfc6d4b" outcome="Passed" testListId="8c84fa94-04c1-424b-9868-57a2d4851a1d" relativeResultsDirectory="a24aefe6-df68-49fa-910a-484433fa6363" />
    <UnitTestResult executionId="2f2888bc-ff00-4f97-94d2-a5ae088aa3d1" testId="f6f5cf64-9775-599a-db74-3144504da18e" testName="FS.GG.Coordination.BootstrapCiTests.canonical Quint receipt rejects incomplete or contradictory evidence(original: &quot;\&quot;positiveInvariantCount\&quot;:8&quot;, replacement: &quot;\&quot;positiveInvariantCount\&quot;:7&quot;, rule: &quot;quint-receipt-inventory&quot;)" computerName="780ae460ce3c" duration="00:00:00.0023626" startTime="2026-08-31T01:33:28.3553103+02:00" endTime="2026-08-31T01:33:28.3573450+02:00" testType="13cdc9d9-ddb5-4fa4-a97d-d965ccfc6d4b" outcome="Passed" testListId="8c84fa94-04c1-424b-9868-57a2d4851a1d" relativeResultsDirectory="2f2888bc-ff00-4f97-94d2-a5ae088aa3d1" />
    <UnitTestResult executionId="c865a532-0ac1-44a5-848b-35fb7264ecd7" testId="49ae36e3-360c-7ed2-951c-5ea02fe41ac8" testName="FS.GG.Coordination.RepositorySettingsTests.validator rejects material receipt mutation(oldValue: &quot;\&quot;enforcement\&quot;:\&quot;unenforced\&quot;,\&quot;id\&quot;:17&quot;, newValue: &quot;\&quot;enforcement\&quot;:\&quot;unenforced\&quot;,\&quot;id\&quot;:18&quot;, expectedRule: &quot;RS-STATE-MISMATCH&quot;)" computerName="780ae460ce3c" duration="00:00:01.2260226" startTime="2026-08-31T01:33:44.1868089+02:00" endTime="2026-08-31T01:33:45.4127667+02:00" testType="13cdc9d9-ddb5-4fa4-a97d-d965ccfc6d4b" outcome="Passed" testListId="8c84fa94-04c1-424b-9868-57a2d4851a1d" relativeResultsDirectory="c865a532-0ac1-44a5-848b-35fb7264ecd7" />
    <UnitTestResult executionId="cf58b910-6b78-401d-80f0-7551978a681c" testId="0725dd10-05ca-3846-5c7e-7781ee13dc5c" testName="FS.GG.Coordination.QualificationManifestArchitectureTests.qualification manifest CLI validates the retained artifact read only" computerName="780ae460ce3c" duration="00:00:00.1050207" startTime="2026-08-31T01:33:24.2440670+02:00" endTime="2026-08-31T01:33:24.3477679+02:00" testType="13cdc9d9-ddb5-4fa4-a97d-d965ccfc6d4b" outcome="Passed" testListId="8c84fa94-04c1-424b-9868-57a2d4851a1d" relativeResultsDirectory="cf58b910-6b78-401d-80f0-7551978a681c" />
    <UnitTestResult executionId="c980e68d-f861-4afa-ad49-c36778e92e07" testId="3798e43f-0d14-8412-f460-48456f8e50fb" testName="FS.GG.Coordination.BootstrapCiTests.reuse telemetry measures completed runner jobs without becoming route authority" computerName="780ae460ce3c" duration="00:00:00.0003511" startTime="2026-08-31T01:33:31.7391606+02:00" endTime="2026-08-31T01:33:31.7395026+02:00" testType="13cdc9d9-ddb5-4fa4-a97d-d965ccfc6d4b" outcome="Passed" testListId="8c84fa94-04c1-424b-9868-57a2d4851a1d" relativeResultsDirectory="c980e68d-f861-4afa-ad49-c36778e92e07" />
    <UnitTestResult executionId="30e99484-6edc-40ee-854e-811429794ae6" testId="375f59fb-d7b0-9df0-2f8f-dd3035738657" testName="FS.GG.Coordination.GeneratedStructuralTestsArchitectureTests.artifact inversions fail through the production validator(name: &quot;evidence&quot;, expectedCode: &quot;GST-EVIDENCE-CLASS&quot;)" computerName="780ae460ce3c" duration="00:00:00.0167264" startTime="2026-08-31T01:33:24.3687720+02:00" endTime="2026-08-31T01:33:24.3855012+02:00" testType="13cdc9d9-ddb5-4fa4-a97d-d965ccfc6d4b" outcome="Passed" testListId="8c84fa94-04c1-424b-9868-57a2d4851a1d" relativeResultsDirectory="30e99484-6edc-40ee-854e-811429794ae6" />
    <UnitTestResult executionId="5fe2a0ae-49f9-4a35-b76e-3908b547ff45" testId="896cb881-e4b5-8c7f-63ff-c045593164d0" testName="FS.GG.Coordination.BootstrapCiTests.qualification plan rejects reuse before the reviewed evidence epoch" computerName="780ae460ce3c" duration="00:00:00.0116474" startTime="2026-08-31T01:33:28.3318145+02:00" endTime="2026-08-31T01:33:28.3434522+02:00" testType="13cdc9d9-ddb5-4fa4-a97d-d965ccfc6d4b" outcome="Passed" testListId="8c84fa94-04c1-424b-9868-57a2d4851a1d" relativeResultsDirectory="5fe2a0ae-49f9-4a35-b76e-3908b547ff45" />
    <UnitTestResult executionId="ef583248-5505-408e-8adb-9089668ffff6" testId="ecd2b138-9f27-a8f4-6e15-d1802a148f93" testName="FS.GG.Coordination.ArchitectureTests.local producer machinery copy is independently rejected" computerName="780ae460ce3c" duration="00:00:02.9306839" startTime="2026-08-31T01:34:09.7549352+02:00" endTime="2026-08-31T01:34:12.6855579+02:00" testType="13cdc9d9-ddb5-4fa4-a97d-d965ccfc6d4b" outcome="Passed" testListId="8c84fa94-04c1-424b-9868-57a2d4851a1d" relativeResultsDirectory="ef583248-5505-408e-8adb-9089668ffff6" />
    <UnitTestResult executionId="f8180d18-2408-466a-a00c-a0a52d52c37d" testId="bddaea43-2c96-5386-cdf4-9be7b01ef7c4" testName="FS.GG.Coordination.GeneratedStructuralTestsArchitectureTests.every generated category rejects missing coverage(category: &quot;transition&quot;)" computerName="780ae460ce3c" duration="00:00:00.0126256" startTime="2026-08-31T01:33:24.6411862+02:00" endTime="2026-08-31T01:33:24.6537470+02:00" testType="13cdc9d9-ddb5-4fa4-a97d-d965ccfc6d4b" outcome="Passed" testListId="8c84fa94-04c1-424b-9868-57a2d4851a1d" relativeResultsDirectory="f8180d18-2408-466a-a00c-a0a52d52c37d" />
    <UnitTestResult executionId="2d6d4510-e96c-4351-8e27-d2eb2750ff52" testId="bb9c7e71-d47b-9155-7202-27fc38de3d61" testName="FS.GG.Coordination.BootstrapCiTests.stable gate entry point refuses a removed repository subject(gateId: &quot;package-install-smoke&quot;, expectedSubject: &quot;FS.GG.Coordination.Protocol.fsproj&quot;)" computerName="780ae460ce3c" duration="00:00:00.1118923" startTime="2026-08-31T01:33:28.0969091+02:00" endTime="2026-08-31T01:33:28.2083925+02:00" testType="13cdc9d9-ddb5-4fa4-a97d-d965ccfc6d4b" outcome="Passed" testListId="8c84fa94-04c1-424b-9868-57a2d4851a1d" relativeResultsDirectory="2d6d4510-e96c-4351-8e27-d2eb2750ff52" />
    <UnitTestResult executionId="850343f7-7497-4a7a-97cd-5d0cfe58e003" testId="cb093ed9-762e-e4bc-3d6c-2fc39b39a67d" testName="FS.GG.Coordination.GeneratedStructuralTestsArchitectureTests.artifact inversions fail through the production validator(name: &quot;identity&quot;, expectedCode: &quot;GST-ARTIFACT-IDENTITY&quot;)" computerName="780ae460ce3c" duration="00:00:00.0127948" startTime="2026-08-31T01:33:24.2669376+02:00" endTime="2026-08-31T01:33:24.2797068+02:00" testType="13cdc9d9-ddb5-4fa4-a97d-d965ccfc6d4b" outcome="Passed" testListId="8c84fa94-04c1-424b-9868-57a2d4851a1d" relativeResultsDirectory="850343f7-7497-4a7a-97cd-5d0cfe58e003" />
    <UnitTestResult executionId="d57e0b78-4bd8-4bd4-b3d4-ce4698484556" testId="6070a912-eaf6-2122-1c21-4d003fe9d25b" testName="FS.GG.Coordination.BootstrapRecoveryTests.recovery runner closes clone cache feed and command overrides" computerName="780ae460ce3c" duration="00:00:00.0016665" startTime="2026-08-31T01:33:24.2226841+02:00" endTime="2026-08-31T01:33:24.2226984+02:00" testType="13cdc9d9-ddb5-4fa4-a97d-d965ccfc6d4b" outcome="Passed" testListId="8c84fa94-04c1-424b-9868-57a2d4851a1d" relativeResultsDirectory="d57e0b78-4bd8-4bd4-b3d4-ce4698484556" />
    <UnitTestResult executionId="068cb33f-0ccf-4a29-8370-9479838bfade" testId="42146f1f-4371-a1bb-e6ce-bd1be45b89e3" testName="FS.GG.Coordination.BootstrapCiTests.evidence rejects malformed manifests and contract digests" computerName="780ae460ce3c" duration="00:00:00.0019049" startTime="2026-08-31T01:33:31.7355604+02:00" endTime="2026-08-31T01:33:31.7374531+02:00" testType="13cdc9d9-ddb5-4fa4-a97d-d965ccfc6d4b" outcome="Passed" testListId="8c84fa94-04c1-424b-9868-57a2d4851a1d" relativeResultsDirectory="068cb33f-0ccf-4a29-8370-9479838bfade" />
    <UnitTestResult executionId="fc3ec7da-94ae-4b89-84de-e578ef2d6e29" testId="8d836323-a516-c2c2-ad07-60316cf671a0" testName="FS.GG.Coordination.GeneratedStructuralTestsArchitectureTests.every generated category rejects source substitution(category: &quot;vocabulary&quot;)" computerName="780ae460ce3c" duration="00:00:00.0154323" startTime="2026-08-31T01:33:24.5136388+02:00" endTime="2026-08-31T01:33:24.5290567+02:00" testType="13cdc9d9-ddb5-4fa4-a97d-d965ccfc6d4b" outcome="Passed" testListId="8c84fa94-04c1-424b-9868-57a2d4851a1d" relativeResultsDirectory="fc3ec7da-94ae-4b89-84de-e578ef2d6e29" />
    <UnitTestResult executionId="a1200078-45b9-41ea-98d0-9e95c0f16f00" testId="d3ef6c57-7b8d-fd60-d7e3-ce2787aa943c" testName="FS.GG.Coordination.QualificationManifestArchitectureTests.retained qualification manifest rejects a substituted candidate" computerName="780ae460ce3c" duration="00:00:00.0549632" startTime="2026-08-31T01:33:24.1873994+02:00" endTime="2026-08-31T01:33:24.2426001+02:00" testType="13cdc9d9-ddb5-4fa4-a97d-d965ccfc6d4b" outcome="Passed" testListId="8c84fa94-04c1-424b-9868-57a2d4851a1d" relativeResultsDirectory="a1200078-45b9-41ea-98d0-9e95c0f16f00" />
    <UnitTestResult executionId="930d1a26-9618-4ebe-969d-236de5e7d5f9" testId="536956c2-f009-39bb-1927-1de61ab8483f" testName="FS.GG.Coordination.RepositorySettingsTests.validator rejects material receipt mutation(oldValue: &quot;\&quot;integrationId\&quot;:15368&quot;, newValue: &quot;\&quot;integrationId\&quot;:15369&quot;, expectedRule: &quot;RS-STATE-MISMATCH&quot;)" computerName="780ae460ce3c" duration="00:00:01.1245042" startTime="2026-08-31T01:34:00.9544801+02:00" endTime="2026-08-31T01:34:02.0789520+02:00" testType="13cdc9d9-ddb5-4fa4-a97d-d965ccfc6d4b" outcome="Passed" testListId="8c84fa94-04c1-424b-9868-57a2d4851a1d" relativeResultsDirectory="930d1a26-9618-4ebe-969d-236de5e7d5f9" />
    <UnitTestResult executionId="5a7d868d-13d0-4a2e-a0ca-ecdf26907915" testId="b5b8e17f-328a-209a-a1c5-008e32c3de7d" testName="FS.GG.Coordination.RepositorySettingsTests.validator rejects material receipt mutation(oldValue: &quot;\&quot;name\&quot;:\&quot;teams\&quot;&quot;, newValue: &quot;\&quot;name\&quot;:\&quot;teams-missing\&quot;&quot;, expectedRule: &quot;RS-OPERATIONS&quot;)" computerName="780ae460ce3c" duration="00:00:01.2414563" startTime="2026-08-31T01:33:48.9862083+02:00" endTime="2026-08-31T01:33:50.2276400+02:00" testType="13cdc9d9-ddb5-4fa4-a97d-d965ccfc6d4b" outcome="Passed" testListId="8c84fa94-04c1-424b-9868-57a2d4851a1d" relativeResultsDirectory="5a7d868d-13d0-4a2e-a0ca-ecdf26907915" />
    <UnitTestResult executionId="7691a2da-57b2-43b2-b79d-095b456a9378" testId="44de41ba-d57b-f555-af3f-6f911e748611" testName="FS.GG.Coordination.SupplyChainTests.candidate supply chain proves positive and independent negative controls" computerName="780ae460ce3c" duration="00:00:02.3275248" startTime="2026-08-31T01:33:24.2191540+02:00" endTime="2026-08-31T01:33:26.5332121+02:00" testType="13cdc9d9-ddb5-4fa4-a97d-d965ccfc6d4b" outcome="Passed" testListId="8c84fa94-04c1-424b-9868-57a2d4851a1d" relativeResultsDirectory="7691a2da-57b2-43b2-b79d-095b456a9378" />
    <UnitTestResult executionId="8f0ac3a1-114e-42d0-ae40-3a601ab91ac2" testId="0b8740b2-66e2-c90b-efc2-912e9a765aea" testName="FS.GG.Coordination.ArchitectureTests.published kernel lock is exact and feed-served" computerName="780ae460ce3c" duration="00:00:00.0002414" startTime="2026-08-31T01:33:45.1653122+02:00" endTime="2026-08-31T01:33:45.1654784+02:00" testType="13cdc9d9-ddb5-4fa4-a97d-d965ccfc6d4b" outcome="Passed" testListId="8c84fa94-04c1-424b-9868-57a2d4851a1d" relativeResultsDirectory="8f0ac3a1-114e-42d0-ae40-3a601ab91ac2" />
    <UnitTestResult executionId="12704a31-e35a-4296-a077-fae4c6f96bb9" testId="0dd709f4-14d0-e0b0-9b90-f25d96275478" testName="FS.GG.Coordination.RepositorySettingsTests.validator rejects material receipt mutation(oldValue: &quot;\&quot;id\&quot;:1346720714&quot;, newValue: &quot;\&quot;id\&quot;:1346720715&quot;, expectedRule: &quot;RS-STATE-MISMATCH&quot;)" computerName="780ae460ce3c" duration="00:00:01.2155235" startTime="2026-08-31T01:33:42.9711915+02:00" endTime="2026-08-31T01:33:44.1867254+02:00" testType="13cdc9d9-ddb5-4fa4-a97d-d965ccfc6d4b" outcome="Passed" testListId="8c84fa94-04c1-424b-9868-57a2d4851a1d" relativeResultsDirectory="12704a31-e35a-4296-a077-fae4c6f96bb9" />
    <UnitTestResult executionId="53d24495-0dc6-464c-9521-7caa3b93dbc0" testId="5fc45aed-a1dd-483a-a85a-b5591ce2a04c" testName="FS.GG.Coordination.QuintQualificationTests.missing or over budget measurements are rejected before reuse" computerName="780ae460ce3c" duration="00:00:02.1298714" startTime="2026-08-31T01:33:26.5891466+02:00" endTime="2026-08-31T01:33:28.7188290+02:00" testType="13cdc9d9-ddb5-4fa4-a97d-d965ccfc6d4b" outcome="Passed" testListId="8c84fa94-04c1-424b-9868-57a2d4851a1d" relativeResultsDirectory="53d24495-0dc6-464c-9521-7caa3b93dbc0" />
    <UnitTestResult executionId="477539f6-800a-45e9-9feb-53708c48ddbc" testId="8295e9e1-878e-3b8b-63d6-71aee48482b5" testName="FS.GG.Coordination.BootstrapCiTests.bootstrap workflow rejects a missing required command" computerName="780ae460ce3c" duration="00:00:00.0009963" startTime="2026-08-31T01:33:27.0053705+02:00" endTime="2026-08-31T01:33:27.0061114+02:00" testType="13cdc9d9-ddb5-4fa4-a97d-d965ccfc6d4b" outcome="Passed" testListId="8c84fa94-04c1-424b-9868-57a2d4851a1d" relativeResultsDirectory="477539f6-800a-45e9-9feb-53708c48ddbc" />
    <UnitTestResult executionId="490e0d05-981b-491d-83fe-6ab5b3f366f2" testId="006668c5-f37c-7b64-ad6b-f6047f930b59" testName="FS.GG.Coordination.BootstrapCiTests.evidence rejects a missing gate" computerName="780ae460ce3c" duration="00:00:00.0020980" startTime="2026-08-31T01:33:28.3904141+02:00" endTime="2026-08-31T01:33:28.3924617+02:00" testType="13cdc9d9-ddb5-4fa4-a97d-d965ccfc6d4b" outcome="Passed" testListId="8c84fa94-04c1-424b-9868-57a2d4851a1d" relativeResultsDirectory="490e0d05-981b-491d-83fe-6ab5b3f366f2" />
    <UnitTestResult executionId="1f5f5066-2179-420e-9963-4de279a78e87" testId="cc511400-8aa7-e128-7fdf-537262a59f67" testName="FS.GG.Coordination.RepositorySettingsTests.validator rejects material receipt mutation(oldValue: &quot;\&quot;name\&quot;:\&quot;organization-actions-permissions\&quot;,\&quot;pa&quot;···, newValue: &quot;\&quot;name\&quot;:\&quot;organization-actions-permissions\&quot;,\&quot;pa&quot;···, expectedRule: &quot;RS-OPERATION-STATUS&quot;)" computerName="780ae460ce3c" duration="00:00:01.3628903" startTime="2026-08-31T01:33:27.2775312+02:00" endTime="2026-08-31T01:33:28.6403770+02:00" testType="13cdc9d9-ddb5-4fa4-a97d-d965ccfc6d4b" outcome="Passed" testListId="8c84fa94-04c1-424b-9868-57a2d4851a1d" relativeResultsDirectory="1f5f5066-2179-420e-9963-4de279a78e87" />
    <UnitTestResult executionId="5df5f1e8-838b-4c15-8799-739a7c26f0bd" testId="15bced26-05a3-21e2-ad20-036c37c14618" testName="FS.GG.Coordination.BootstrapCiTests.stable gate entry point refuses a removed repository subject(gateId: &quot;deterministic-build&quot;, expectedSubject: &quot;FS.GG.Coordination.sln&quot;)" computerName="780ae460ce3c" duration="00:00:00.1150303" startTime="2026-08-31T01:33:27.7374515+02:00" endTime="2026-08-31T01:33:27.8524276+02:00" testType="13cdc9d9-ddb5-4fa4-a97d-d965ccfc6d4b" outcome="Passed" testListId="8c84fa94-04c1-424b-9868-57a2d4851a1d" relativeResultsDirectory="5df5f1e8-838b-4c15-8799-739a7c26f0bd" />
    <UnitTestResult executionId="1754548f-12a0-4a62-8caf-670b8e54c9a3" testId="ea3d85c4-1f09-df6b-9275-81aa51d58200" testName="FS.GG.Coordination.BootstrapRecoveryTests.recovery evidence shape names every ordered stage" computerName="780ae460ce3c" duration="00:00:00.0110570" startTime="2026-08-31T01:33:24.1873608+02:00" endTime="2026-08-31T01:33:24.2098716+02:00" testType="13cdc9d9-ddb5-4fa4-a97d-d965ccfc6d4b" outcome="Passed" testListId="8c84fa94-04c1-424b-9868-57a2d4851a1d" relativeResultsDirectory="1754548f-12a0-4a62-8caf-670b8e54c9a3" />
    <UnitTestResult executionId="6be66b19-e74f-449e-ac24-0129b93a614c" testId="0b10b184-6c9e-8878-0d5a-be5793352f40" testName="FS.GG.Coordination.BootstrapCiTests.qualification plan rejects an unreviewed action revision" computerName="780ae460ce3c" duration="00:00:00.0007111" startTime="2026-08-31T01:33:28.4375604+02:00" endTime="2026-08-31T01:33:28.4382496+02:00" testType="13cdc9d9-ddb5-4fa4-a97d-d965ccfc6d4b" outcome="Passed" testListId="8c84fa94-04c1-424b-9868-57a2d4851a1d" relativeResultsDirectory="6be66b19-e74f-449e-ac24-0129b93a614c" />
    <UnitTestResult executionId="a45dd707-7e4e-4d4d-99f7-dbd0c6103acb" testId="68c575cc-e924-c3ff-07da-c1174d5642d5" testName="FS.GG.Coordination.RoadmapWorkTests.known unit inspection is bound to exact roadmap bytes" computerName="780ae460ce3c" duration="00:00:00.0006428" startTime="2026-08-31T01:33:24.2540184+02:00" endTime="2026-08-31T01:33:24.2543203+02:00" testType="13cdc9d9-ddb5-4fa4-a97d-d965ccfc6d4b" outcome="Passed" testListId="8c84fa94-04c1-424b-9868-57a2d4851a1d" relativeResultsDirectory="a45dd707-7e4e-4d4d-99f7-dbd0c6103acb" />
    <UnitTestResult executionId="ee1a7574-9974-45cb-a40a-484a27b69dcd" testId="1662ef98-ad5e-a82d-7931-db89c83942fe" testName="FS.GG.Coordination.BootstrapCiTests.exact-head evidence and artifact digests are accepted" computerName="780ae460ce3c" duration="00:00:00.0019827" startTime="2026-08-31T01:33:28.4490179+02:00" endTime="2026-08-31T01:33:28.4509437+02:00" testType="13cdc9d9-ddb5-4fa4-a97d-d965ccfc6d4b" outcome="Passed" testListId="8c84fa94-04c1-424b-9868-57a2d4851a1d" relativeResultsDirectory="ee1a7574-9974-45cb-a40a-484a27b69dcd" />
    <UnitTestResult executionId="abcf525c-ab23-4597-86a3-f482076430fb" testId="315fe5db-ae80-604e-c2c9-821a8495b295" testName="FS.GG.Coordination.GeneratedStructuralTestsArchitectureTests.every generated category rejects source substitution(category: &quot;mutation&quot;)" computerName="780ae460ce3c" duration="00:00:00.0167397" startTime="2026-08-31T01:33:24.5409201+02:00" endTime="2026-08-31T01:33:24.5576474+02:00" testType="13cdc9d9-ddb5-4fa4-a97d-d965ccfc6d4b" outcome="Passed" testListId="8c84fa94-04c1-424b-9868-57a2d4851a1d" relativeResultsDirectory="abcf525c-ab23-4597-86a3-f482076430fb" />
    <UnitTestResult executionId="7d7c8ccd-d0aa-4038-bd85-06e07d709341" testId="b6759a99-8910-65b5-f319-be4c6cdfa9e5" testName="FS.GG.Coordination.BootstrapCiTests.canonical Quint receipt rejects incomplete or contradictory evidence(original: &quot;\&quot;q1Outcome\&quot;:\&quot;passed\&quot;&quot;, replacement: &quot;\&quot;q1Outcome\&quot;:\&quot;failed\&quot;&quot;, rule: &quot;quint-receipt-outcome&quot;)" computerName="780ae460ce3c" duration="00:00:00.0019204" startTime="2026-08-31T01:33:28.3574304+02:00" endTime="2026-08-31T01:33:28.3593098+02:00" testType="13cdc9d9-ddb5-4fa4-a97d-d965ccfc6d4b" outcome="Passed" testListId="8c84fa94-04c1-424b-9868-57a2d4851a1d" relativeResultsDirectory="7d7c8ccd-d0aa-4038-bd85-06e07d709341" />
    <UnitTestResult executionId="8ce0738e-021c-4d0d-8b54-25d6cd399142" testId="32d57e6f-5665-4618-be2d-a27336f52186" testName="FS.GG.Coordination.RepositorySettingsTests.validator rejects material receipt mutation(oldValue: &quot;\&quot;method\&quot;:\&quot;GET\&quot;,\&quot;name\&quot;:\&quot;dependency-graph\&quot;&quot;, newValue: &quot;\&quot;method\&quot;:\&quot;POST\&quot;,\&quot;name\&quot;:\&quot;dependency-graph\&quot;&quot;, expectedRule: &quot;RS-OPERATION-CONTRACT&quot;)" computerName="780ae460ce3c" duration="00:00:01.2343038" startTime="2026-08-31T01:33:52.6409288+02:00" endTime="2026-08-31T01:33:53.8752039+02:00" testType="13cdc9d9-ddb5-4fa4-a97d-d965ccfc6d4b" outcome="Passed" testListId="8c84fa94-04c1-424b-9868-57a2d4851a1d" relativeResultsDirectory="8ce0738e-021c-4d0d-8b54-25d6cd399142" />
    <UnitTestResult executionId="5d8fa6dc-d678-4f59-8426-a8ea61456463" testId="8ea0a2d6-d1be-4c40-723d-556ffcd2c9b4" testName="FS.GG.Coordination.BootstrapCiTests.bootstrap workflow rejects authority expansion" computerName="780ae460ce3c" duration="00:00:00.0006881" startTime="2026-08-31T01:33:28.4461757+02:00" endTime="2026-08-31T01:33:28.4468190+02:00" testType="13cdc9d9-ddb5-4fa4-a97d-d965ccfc6d4b" outcome="Passed" testListId="8c84fa94-04c1-424b-9868-57a2d4851a1d" relativeResultsDirectory="5d8fa6dc-d678-4f59-8426-a8ea61456463" />
    <UnitTestResult executionId="79d163cc-f0d1-4594-b16b-7eeb1f060569" testId="7545d762-260b-9daf-3e89-b38c1a9151d0" testName="FS.GG.Coordination.BootstrapCiTests.bootstrap workflow rejects unavailable runner context in job environment" computerName="780ae460ce3c" duration="00:00:00.0013042" startTime="2026-08-31T01:33:24.2240141+02:00" endTime="2026-08-31T01:33:24.2240296+02:00" testType="13cdc9d9-ddb5-4fa4-a97d-d965ccfc6d4b" outcome="Passed" testListId="8c84fa94-04c1-424b-9868-57a2d4851a1d" relativeResultsDirectory="79d163cc-f0d1-4594-b16b-7eeb1f060569" />
    <UnitTestResult executionId="ac5e87ee-cf1c-4954-82e5-86027030e5db" testId="d28ce86c-4bde-4516-b632-c3ef82c9082c" testName="FS.GG.Coordination.BootstrapCiTests.bootstrap workflow rejects trigger children without top-level on" computerName="780ae460ce3c" duration="00:00:00.0008501" startTime="2026-08-31T01:33:30.9498810+02:00" endTime="2026-08-31T01:33:30.9505796+02:00" testType="13cdc9d9-ddb5-4fa4-a97d-d965ccfc6d4b" outcome="Passed" testListId="8c84fa94-04c1-424b-9868-57a2d4851a1d" relativeResultsDirectory="ac5e87ee-cf1c-4954-82e5-86027030e5db" />
    <UnitTestResult executionId="ad2b6ced-9e94-4231-8f47-42def3a0d859" testId="e3b9481f-0d81-54e1-dffb-f4f2ff9b7c04" testName="FS.GG.Coordination.RepositorySettingsTests.validator rejects material receipt mutation(oldValue: &quot;\&quot;privateVulnerabilityReporting\&quot;:\&quot;enabled\&quot;&quot;, newValue: &quot;\&quot;privateVulnerabilityReporting\&quot;:\&quot;disabled\&quot;&quot;, expectedRule: &quot;RS-STATE-MISMATCH&quot;)" computerName="780ae460ce3c" duration="00:00:01.2106416" startTime="2026-08-31T01:33:50.2277127+02:00" endTime="2026-08-31T01:33:51.4383294+02:00" testType="13cdc9d9-ddb5-4fa4-a97d-d965ccfc6d4b" outcome="Passed" testListId="8c84fa94-04c1-424b-9868-57a2d4851a1d" relativeResultsDirectory="ad2b6ced-9e94-4231-8f47-42def3a0d859" />
    <UnitTestResult executionId="81496794-2719-4c58-b6d9-1edcdd481d7c" testId="000bd595-b157-7736-1706-b4f9740001b4" testName="FS.GG.Coordination.ArchitectureTests.imported published kernel metadata override is independently rejected" computerName="780ae460ce3c" duration="00:00:02.9321452" startTime="2026-08-31T01:34:12.6856490+02:00" endTime="2026-08-31T01:34:15.6177514+02:00" testType="13cdc9d9-ddb5-4fa4-a97d-d965ccfc6d4b" outcome="Passed" testListId="8c84fa94-04c1-424b-9868-57a2d4851a1d" relativeResultsDirectory="81496794-2719-4c58-b6d9-1edcdd481d7c" />
    <UnitTestResult executionId="414371e9-101e-4286-b675-48cd3f9c319d" testId="57978317-7ad9-2387-9281-675dc47fe386" testName="FS.GG.Coordination.RepositorySettingsTests.repository provisioning contract is closed and least privilege" computerName="780ae460ce3c" duration="00:00:00.0009384" startTime="2026-08-31T01:34:11.0466441+02:00" endTime="2026-08-31T01:34:11.0475069+02:00" testType="13cdc9d9-ddb5-4fa4-a97d-d965ccfc6d4b" outcome="Passed" testListId="8c84fa94-04c1-424b-9868-57a2d4851a1d" relativeResultsDirectory="414371e9-101e-4286-b675-48cd3f9c319d" />
    <UnitTestResult executionId="26ab0ea1-e07c-47c4-a10b-b4d6ccb67131" testId="401c763c-196f-cffe-1d2c-cc18ee46e33f" testName="FS.GG.Coordination.BootstrapCiTests.reuse refuses a selected prior manifest whose bytes changed" computerName="780ae460ce3c" duration="00:00:00.0041524" startTime="2026-08-31T01:33:28.4205191+02:00" endTime="2026-08-31T01:33:28.4244890+02:00" testType="13cdc9d9-ddb5-4fa4-a97d-d965ccfc6d4b" outcome="Passed" testListId="8c84fa94-04c1-424b-9868-57a2d4851a1d" relativeResultsDirectory="26ab0ea1-e07c-47c4-a10b-b4d6ccb67131" />
    <UnitTestResult executionId="eb7886bb-49cb-4532-a8d8-c26de2d3c2c4" testId="5dee481b-6e13-3dfd-d8d3-14ae9440488b" testName="FS.GG.Coordination.BootstrapCiTests.subject indexed terminal evidence is projected and normalized fail closed" computerName="780ae460ce3c" duration="00:00:00.0005206" startTime="2026-08-31T01:33:28.3925240+02:00" endTime="2026-08-31T01:33:28.3930189+02:00" testType="13cdc9d9-ddb5-4fa4-a97d-d965ccfc6d4b" outcome="Passed" testListId="8c84fa94-04c1-424b-9868-57a2d4851a1d" relativeResultsDirectory="eb7886bb-49cb-4532-a8d8-c26de2d3c2c4" />
    <UnitTestResult executionId="ba2214e7-22b0-44bc-8e04-0d698c947121" testId="e456fb8b-7d01-611d-3876-0f87e739ae02" testName="FS.GG.Coordination.BootstrapCiTests.bootstrap control surface stays typed thin and bounded" computerName="780ae460ce3c" duration="00:00:00.0086506" startTime="2026-08-31T01:33:28.3932501+02:00" endTime="2026-08-31T01:33:28.4017264+02:00" testType="13cdc9d9-ddb5-4fa4-a97d-d965ccfc6d4b" outcome="Passed" testListId="8c84fa94-04c1-424b-9868-57a2d4851a1d" relativeResultsDirectory="ba2214e7-22b0-44bc-8e04-0d698c947121" />
    <UnitTestResult executionId="8ba757e3-db2b-42a2-a57f-7c0b40300f0d" testId="691f9ba8-d70e-ce99-7198-b0e85696dec9" testName="FS.GG.Coordination.BootstrapCiTests.evidence rejects missing artifact files" computerName="780ae460ce3c" duration="00:00:00.0310256" startTime="2026-08-31T01:33:24.2241233+02:00" endTime="2026-08-31T01:33:24.2546345+02:00" testType="13cdc9d9-ddb5-4fa4-a97d-d965ccfc6d4b" outcome="Passed" testListId="8c84fa94-04c1-424b-9868-57a2d4851a1d" relativeResultsDirectory="8ba757e3-db2b-42a2-a57f-7c0b40300f0d" />
    <UnitTestResult executionId="2f69bdc7-4c56-472f-9973-b14c9a2e5822" testId="18f90f37-5525-312d-cabf-70586e475d3b" testName="FS.GG.Coordination.RoadmapWorkArchitectureTests.canonical Quint failure receipts retain the failed phase(phase: &quot;q1&quot;, q1: &quot;failed&quot;, q2: &quot;not-run&quot;, code: &quot;RECEIPT-SELF-TEST-Q1&quot;, preparationKind: Null)" computerName="780ae460ce3c" duration="00:00:02.4335271" startTime="2026-08-31T01:33:32.3590485+02:00" endTime="2026-08-31T01:33:34.7925950+02:00" testType="13cdc9d9-ddb5-4fa4-a97d-d965ccfc6d4b" outcome="Passed" testListId="8c84fa94-04c1-424b-9868-57a2d4851a1d" relativeResultsDirectory="2f69bdc7-4c56-472f-9973-b14c9a2e5822" />
    <UnitTestResult executionId="ecdf87e6-8068-400d-9270-587cd5cf31cc" testId="3c2ec7ab-5278-213f-fb74-62b0ab8b337b" testName="FS.GG.Coordination.GeneratedStructuralTestsArchitectureTests.schema and permission censuses agree with their independent producers" computerName="780ae460ce3c" duration="00:00:00.0403688" startTime="2026-08-31T01:33:24.4282408+02:00" endTime="2026-08-31T01:33:24.4682248+02:00" testType="13cdc9d9-ddb5-4fa4-a97d-d965ccfc6d4b" outcome="Passed" testListId="8c84fa94-04c1-424b-9868-57a2d4851a1d" relativeResultsDirectory="ecdf87e6-8068-400d-9270-587cd5cf31cc" />
    <UnitTestResult executionId="24293e54-0323-4761-9a66-14c4b8521615" testId="8788a394-2a75-7658-78d5-7a61e3cafad6" testName="FS.GG.Coordination.RepositorySettingsTests.validator rejects material receipt mutation(oldValue: &quot;,\&quot;update\&quot;]&quot;, newValue: &quot;]&quot;, expectedRule: &quot;RS-RULESET-MISMATCH&quot;)" computerName="780ae460ce3c" duration="00:00:01.1870633" startTime="2026-08-31T01:33:47.7990840+02:00" endTime="2026-08-31T01:33:48.9861405+02:00" testType="13cdc9d9-ddb5-4fa4-a97d-d965ccfc6d4b" outcome="Passed" testListId="8c84fa94-04c1-424b-9868-57a2d4851a1d" relativeResultsDirectory="24293e54-0323-4761-9a66-14c4b8521615" />
    <UnitTestResult executionId="08771a69-3c39-4647-860d-2e651e8691e7" testId="e2dd7bc0-c5dc-f6f8-0b91-63ca1332b680" testName="FS.GG.Coordination.FaultInjectionArchitectureTests.independent inversions fail closed(name: &quot;outcome&quot;, expected: &quot;FI-EXECUTION-TRACE&quot;)" computerName="780ae460ce3c" duration="00:00:00.0104337" startTime="2026-08-31T01:33:24.2661515+02:00" endTime="2026-08-31T01:33:24.2713982+02:00" testType="13cdc9d9-ddb5-4fa4-a97d-d965ccfc6d4b" outcome="Passed" testListId="8c84fa94-04c1-424b-9868-57a2d4851a1d" relativeResultsDirectory="08771a69-3c39-4647-860d-2e651e8691e7" />
    <UnitTestResult executionId="566292a8-8308-4fd0-ab19-cab567ccf361" testId="debdafea-3a55-dcc2-2ef8-f8c5f90138a5" testName="FS.GG.Coordination.BootstrapCiTests.recovery evidence rejects missing reordered and extra stages(original: &quot;\&quot;clone\&quot;,&quot;, replacement: &quot;&quot;)" computerName="780ae460ce3c" duration="00:00:00.0018519" startTime="2026-08-31T01:33:28.4064908+02:00" endTime="2026-08-31T01:33:28.4083497+02:00" testType="13cdc9d9-ddb5-4fa4-a97d-d965ccfc6d4b" outcome="Passed" testListId="8c84fa94-04c1-424b-9868-57a2d4851a1d" relativeResultsDirectory="566292a8-8308-4fd0-ab19-cab567ccf361" />
    <UnitTestResult executionId="d5ba1b41-742f-452a-940b-3a9cc608d6b9" testId="b1b0e22d-7d80-9dbb-16e9-52d02eb03ea0" testName="FS.GG.Coordination.RoadmapWorkArchitectureTests.canonical Quint failure receipts retain the failed phase(phase: &quot;q2&quot;, q1: &quot;passed&quot;, q2: &quot;failed&quot;, code: &quot;RECEIPT-SELF-TEST-Q2&quot;, preparationKind: String)" computerName="780ae460ce3c" duration="00:00:02.2752781" startTime="2026-08-31T01:33:34.7926780+02:00" endTime="2026-08-31T01:33:37.0679146+02:00" testType="13cdc9d9-ddb5-4fa4-a97d-d965ccfc6d4b" outcome="Passed" testListId="8c84fa94-04c1-424b-9868-57a2d4851a1d" relativeResultsDirectory="d5ba1b41-742f-452a-940b-3a9cc608d6b9" />
    <UnitTestResult executionId="22a670c3-c5a8-4b5e-afae-293f349a5673" testId="4e019234-8eee-4b19-b3f5-62140caa9e71" testName="FS.GG.Coordination.BootstrapCiTests.incomplete vulnerability parameters are rejected" computerName="780ae460ce3c" duration="00:00:00.0005392" startTime="2026-08-31T01:33:30.9407716+02:00" endTime="2026-08-31T01:33:30.9412360+02:00" testType="13cdc9d9-ddb5-4fa4-a97d-d965ccfc6d4b" outcome="Passed" testListId="8c84fa94-04c1-424b-9868-57a2d4851a1d" relativeResultsDirectory="22a670c3-c5a8-4b5e-afae-293f349a5673" />
    <UnitTestResult executionId="fbb0655b-ab8d-4cd8-8a64-be6a63e1a187" testId="5aa23e7c-1c28-415f-0942-24d62d9a51d2" testName="FS.GG.Coordination.UnitTests.pure core declares only allowed inward dependencies" computerName="780ae460ce3c" duration="00:00:00.0007381" startTime="2026-08-31T01:33:24.2699018+02:00" endTime="2026-08-31T01:33:24.2705619+02:00" testType="13cdc9d9-ddb5-4fa4-a97d-d965ccfc6d4b" outcome="Passed" testListId="8c84fa94-04c1-424b-9868-57a2d4851a1d" relativeResultsDirectory="fbb0655b-ab8d-4cd8-8a64-be6a63e1a187" />
    <UnitTestResult executionId="6967b731-ec74-4165-9e20-ff0de2186d75" testId="2684b46b-be93-92b0-2825-719be53fdc0d" testName="FS.GG.Coordination.UnitTests.altered published Quint kernel manifest is refused by digest and identity" computerName="780ae460ce3c" duration="00:00:00.0020304" startTime="2026-08-31T01:33:24.2677609+02:00" endTime="2026-08-31T01:33:24.2695122+02:00" testType="13cdc9d9-ddb5-4fa4-a97d-d965ccfc6d4b" outcome="Passed" testListId="8c84fa94-04c1-424b-9868-57a2d4851a1d" relativeResultsDirectory="6967b731-ec74-4165-9e20-ff0de2186d75" />
    <UnitTestResult executionId="c01049fc-91e1-4836-878a-75563141c2b8" testId="8ecc644c-6531-2b5a-0501-efd69d4663d1" testName="FS.GG.Coordination.BootstrapCiTests.malformed vulnerability report is rejected" computerName="780ae460ce3c" duration="00:00:00.0006482" startTime="2026-08-31T01:33:30.9401151+02:00" endTime="2026-08-31T01:33:30.9406451+02:00" testType="13cdc9d9-ddb5-4fa4-a97d-d965ccfc6d4b" outcome="Passed" testListId="8c84fa94-04c1-424b-9868-57a2d4851a1d" relativeResultsDirectory="c01049fc-91e1-4836-878a-75563141c2b8" />
    <UnitTestResult executionId="948b6309-f776-4332-87df-8223cc00a41d" testId="06fbe68c-1006-c1b0-a796-4e205f906eb5" testName="FS.GG.Coordination.GeneratedStructuralTestsArchitectureTests.artifact inversions fail through the production validator(name: &quot;duplicate&quot;, expectedCode: &quot;GST-CASE-DUPLICATE&quot;)" computerName="780ae460ce3c" duration="00:00:00.0232836" startTime="2026-08-31T01:33:24.3074990+02:00" endTime="2026-08-31T01:33:24.3311218+02:00" testType="13cdc9d9-ddb5-4fa4-a97d-d965ccfc6d4b" outcome="Passed" testListId="8c84fa94-04c1-424b-9868-57a2d4851a1d" relativeResultsDirectory="948b6309-f776-4332-87df-8223cc00a41d" />
    <UnitTestResult executionId="4802bcea-1716-4283-b7d5-f00ca6472243" testId="e2be4511-7ed5-aba6-d103-1feca10f426e" testName="FS.GG.Coordination.RoadmapWorkTests.accepted exact prerequisite is ready" computerName="780ae460ce3c" duration="00:00:00.0606223" startTime="2026-08-31T01:33:24.1874313+02:00" endTime="2026-08-31T01:33:24.2482240+02:00" testType="13cdc9d9-ddb5-4fa4-a97d-d965ccfc6d4b" outcome="Passed" testListId="8c84fa94-04c1-424b-9868-57a2d4851a1d" relativeResultsDirectory="4802bcea-1716-4283-b7d5-f00ca6472243" />
    <UnitTestResult executionId="95696a08-6736-4b1c-815e-8224f18dc337" testId="21d188db-c47c-6732-02a2-825f2429bd68" testName="FS.GG.Coordination.BootstrapCiTests.complete vulnerability report is accepted" computerName="780ae460ce3c" duration="00:00:00.0006304" startTime="2026-08-31T01:33:28.4192076+02:00" endTime="2026-08-31T01:33:28.4195030+02:00" testType="13cdc9d9-ddb5-4fa4-a97d-d965ccfc6d4b" outcome="Passed" testListId="8c84fa94-04c1-424b-9868-57a2d4851a1d" relativeResultsDirectory="95696a08-6736-4b1c-815e-8224f18dc337" />
    <UnitTestResult executionId="70a62c64-100e-4d9a-9181-d1742b157bfd" testId="824a7d89-8799-2ddd-191b-f73d384a3b93" testName="FS.GG.Coordination.BootstrapCiTests.package smoke rejects an absent staged package" computerName="780ae460ce3c" duration="00:00:00.0088635" startTime="2026-08-31T01:33:28.4099480+02:00" endTime="2026-08-31T01:33:28.4191152+02:00" testType="13cdc9d9-ddb5-4fa4-a97d-d965ccfc6d4b" outcome="Passed" testListId="8c84fa94-04c1-424b-9868-57a2d4851a1d" relativeResultsDirectory="70a62c64-100e-4d9a-9181-d1742b157bfd" />
    <UnitTestResult executionId="9a007299-c7e0-4bac-84ec-33c103390d39" testId="80d59bce-0711-2002-67cc-e165cf664c49" testName="FS.GG.Coordination.BootstrapCiTests.qualification subject changes for independently mutated tree bytes mode or path(mode: &quot;100755&quot;, path: &quot;a.txt&quot;, contents: &quot;value&quot;)" computerName="780ae460ce3c" duration="00:00:00.0003533" startTime="2026-08-31T01:33:28.3884882+02:00" endTime="2026-08-31T01:33:28.3888108+02:00" testType="13cdc9d9-ddb5-4fa4-a97d-d965ccfc6d4b" outcome="Passed" testListId="8c84fa94-04c1-424b-9868-57a2d4851a1d" relativeResultsDirectory="9a007299-c7e0-4bac-84ec-33c103390d39" />
    <UnitTestResult executionId="250d47fd-26c7-4450-aa79-eec0bb3bf44e" testId="c945bb8f-3941-2b41-d1a6-d6a9ee4f48f1" testName="FS.GG.Coordination.BootstrapCiTests.bootstrap workflow rejects pinned but unapproved actions" computerName="780ae460ce3c" duration="00:00:00.0345965" startTime="2026-08-31T01:33:24.1880318+02:00" endTime="2026-08-31T01:33:24.2239010+02:00" testType="13cdc9d9-ddb5-4fa4-a97d-d965ccfc6d4b" outcome="Passed" testListId="8c84fa94-04c1-424b-9868-57a2d4851a1d" relativeResultsDirectory="250d47fd-26c7-4450-aa79-eec0bb3bf44e" />
    <UnitTestResult executionId="991a1adb-e52e-4492-a833-2814b6794931" testId="6d2d3398-79a0-2425-4927-173503ad8fe9" testName="FS.GG.Coordination.GeneratedStructuralTestsArchitectureTests.every generated category rejects source substitution(category: &quot;transition&quot;)" computerName="780ae460ce3c" duration="00:00:00.0124688" startTime="2026-08-31T01:33:24.4683765+02:00" endTime="2026-08-31T01:33:24.4807748+02:00" testType="13cdc9d9-ddb5-4fa4-a97d-d965ccfc6d4b" outcome="Passed" testListId="8c84fa94-04c1-424b-9868-57a2d4851a1d" relativeResultsDirectory="991a1adb-e52e-4492-a833-2814b6794931" />
    <UnitTestResult executionId="1febfd33-ac92-4fdc-a2f5-dd14e0208a74" testId="a2fafb53-45a2-fdba-70e8-ff2c41fc7c1a" testName="FS.GG.Coordination.RepositorySettingsTests.validator rejects material receipt mutation(oldValue: &quot;\&quot;enforcement\&quot;:\&quot;unenforced\&quot;,\&quot;id\&quot;:17&quot;, newValue: &quot;\&quot;enforcement\&quot;:\&quot;enforced\&quot;,\&quot;id\&quot;:17&quot;, expectedRule: &quot;RS-STATE-MISMATCH&quot;)" computerName="780ae460ce3c" duration="00:00:01.3638189" startTime="2026-08-31T01:33:32.7638676+02:00" endTime="2026-08-31T01:33:34.1276265+02:00" testType="13cdc9d9-ddb5-4fa4-a97d-d965ccfc6d4b" outcome="Passed" testListId="8c84fa94-04c1-424b-9868-57a2d4851a1d" relativeResultsDirectory="1febfd33-ac92-4fdc-a2f5-dd14e0208a74" />
    <UnitTestResult executionId="6d5f122b-bbb1-4b25-b74e-5e4aaf112854" testId="e2ed6265-9ad6-3317-02eb-be1d96edaeaf" testName="FS.GG.Coordination.BootstrapCiTests.partial and vulnerable reports are rejected(projectCount: 8, vulnerable: True, rule: &quot;vulnerable-package&quot;)" computerName="780ae460ce3c" duration="00:00:00.0044357" startTime="2026-08-31T01:33:28.3761813+02:00" endTime="2026-08-31T01:33:28.3806429+02:00" testType="13cdc9d9-ddb5-4fa4-a97d-d965ccfc6d4b" outcome="Passed" testListId="8c84fa94-04c1-424b-9868-57a2d4851a1d" relativeResultsDirectory="6d5f122b-bbb1-4b25-b74e-5e4aaf112854" />
    <UnitTestResult executionId="01e362cf-48bb-4f11-ab7e-fe9ae7d017e1" testId="c9a1c1ae-2000-e109-26d1-4db13d66e1f8" testName="FS.GG.Coordination.GeneratedStructuralTestsArchitectureTests.artifact inversions fail through the production validator(name: &quot;digest&quot;, expectedCode: &quot;GST-SELF-DIGEST&quot;)" computerName="780ae460ce3c" duration="00:00:00.0163862" startTime="2026-08-31T01:33:24.4113954+02:00" endTime="2026-08-31T01:33:24.4277822+02:00" testType="13cdc9d9-ddb5-4fa4-a97d-d965ccfc6d4b" outcome="Passed" testListId="8c84fa94-04c1-424b-9868-57a2d4851a1d" relativeResultsDirectory="01e362cf-48bb-4f11-ab7e-fe9ae7d017e1" />
    <UnitTestResult executionId="8859de55-41c9-4a67-a3e7-c3951d4156eb" testId="abedabce-316a-56c3-2319-bd5284b2e4c6" testName="FS.GG.Coordination.RepositorySettingsTests.validator rejects material receipt mutation(oldValue: &quot;\&quot;languages\&quot;:[\&quot;actions\&quot;]&quot;, newValue: &quot;\&quot;languages\&quot;:[\&quot;javascript-typescript\&quot;]&quot;, expectedRule: &quot;RS-STATE-MISMATCH&quot;)" computerName="780ae460ce3c" duration="00:00:01.2591891" startTime="2026-08-31T01:33:36.7638366+02:00" endTime="2026-08-31T01:33:38.0230032+02:00" testType="13cdc9d9-ddb5-4fa4-a97d-d965ccfc6d4b" outcome="Passed" testListId="8c84fa94-04c1-424b-9868-57a2d4851a1d" relativeResultsDirectory="8859de55-41c9-4a67-a3e7-c3951d4156eb" />
[...]
    <TestEntry testId="5c5b9c16-d0fb-b695-fa9c-fd6b95072395" executionId="940cbf67-393d-4ca1-9d46-0e829469d406" testListId="8c84fa94-04c1-424b-9868-57a2d4851a1d" />
    <TestEntry testId="915b19de-7829-f691-b118-d0a6cb0af5fe" executionId="a04f22ca-de81-47c3-9ec7-56409a7bb2d7" testListId="8c84fa94-04c1-424b-9868-57a2d4851a1d" />
    <TestEntry testId="e6fcc78b-de6e-7788-ad5e-9f32d1583fa9" executionId="1c0a29b3-fcfa-43e8-8473-cc7cfc274f2d" testListId="8c84fa94-04c1-424b-9868-57a2d4851a1d" />
    <TestEntry testId="b1739702-073c-ab88-78ef-26b614b55f1a" executionId="15ca8b9f-6fc0-4915-943e-017858456488" testListId="8c84fa94-04c1-424b-9868-57a2d4851a1d" />
    <TestEntry testId="732af89c-743c-ac6b-ad1b-a8320c54fa33" executionId="e835590e-b579-421d-9a0f-995d070a48ed" testListId="8c84fa94-04c1-424b-9868-57a2d4851a1d" />
    <TestEntry testId="55b85c70-694b-b728-975d-b5b1cbded6a8" executionId="6ee390a8-2710-46ea-b9dc-2f7c20576e67" testListId="8c84fa94-04c1-424b-9868-57a2d4851a1d" />
    <TestEntry testId="03a5139c-dc43-3bff-02b6-fba02bb69ff7" executionId="414e9ff8-636d-4555-a415-a2151359dd25" testListId="8c84fa94-04c1-424b-9868-57a2d4851a1d" />
    <TestEntry testId="8fd56a80-71fb-4306-d269-4087f87ddd27" executionId="2e2c61aa-ee75-41b7-8cdb-7c23f7f80750" testListId="8c84fa94-04c1-424b-9868-57a2d4851a1d" />
    <TestEntry testId="cf63f75d-c259-cd31-ad43-d155cfaca9f6" executionId="ec2501ed-1ff2-4a91-9224-4aec719b6c88" testListId="8c84fa94-04c1-424b-9868-57a2d4851a1d" />
    <TestEntry testId="cbdb4abe-46b0-c35c-6fd5-276fe191dab6" executionId="7e9c12fc-b190-434b-a53e-ec1f94bbd268" testListId="8c84fa94-04c1-424b-9868-57a2d4851a1d" />
    <TestEntry testId="ae27a65c-457a-fc1e-cb6c-39a7ae45e6b3" executionId="f627ce07-92db-4a4c-9dfe-9dda08373aab" testListId="8c84fa94-04c1-424b-9868-57a2d4851a1d" />
    <TestEntry testId="9122cc76-11e1-aa20-5c9b-e7be2e6e1bee" executionId="cb4c51b5-6d90-4aed-8c85-b17ab8f72ee6" testListId="8c84fa94-04c1-424b-9868-57a2d4851a1d" />
    <TestEntry testId="e513ba01-8131-76c9-579b-f011b4f1b594" executionId="8e81b5f7-5860-49c6-9b10-d568cb7cd8f6" testListId="8c84fa94-04c1-424b-9868-57a2d4851a1d" />
    <TestEntry testId="184b7023-98b0-86d1-f942-a6efed0018b1" executionId="163a9f0b-1c9b-4f3f-b3d6-e941d85b72ef" testListId="8c84fa94-04c1-424b-9868-57a2d4851a1d" />
    <TestEntry testId="f02d16cd-06d5-9192-6e5b-f803248d6a44" executionId="8de0c87c-3a67-4ed4-a973-fac8816b3e9a" testListId="8c84fa94-04c1-424b-9868-57a2d4851a1d" />
    <TestEntry testId="0b5e7f0b-6235-9909-d0b6-b0f6f7fef403" executionId="54fc07f4-a1f7-494f-a231-2a792af6bd91" testListId="8c84fa94-04c1-424b-9868-57a2d4851a1d" />
    <TestEntry testId="2261eba8-909e-67e1-1bec-7019dae394e9" executionId="4ab0e2ce-957f-44a6-b408-3ff2087c5dd3" testListId="8c84fa94-04c1-424b-9868-57a2d4851a1d" />
    <TestEntry testId="7b6743d9-4c15-ccf0-4ecd-9e1ca18f0539" executionId="2a517420-cda6-4fd9-9c47-7e2e781bdd11" testListId="8c84fa94-04c1-424b-9868-57a2d4851a1d" />
    <TestEntry testId="0d31e769-006e-dae3-fd1c-b2d3fb6ae8cd" executionId="17a84664-7c9e-4d90-9c99-64d848bd0ed6" testListId="8c84fa94-04c1-424b-9868-57a2d4851a1d" />
    <TestEntry testId="dba43a3d-3379-9f71-3c5b-d68eb13461ed" executionId="67b98b62-b8f4-4343-9422-da4fcd003f0b" testListId="8c84fa94-04c1-424b-9868-57a2d4851a1d" />
    <TestEntry testId="8e1d29c4-a9c8-22b7-7492-b9e7c239f074" executionId="d0fe87a1-27ef-40a8-b010-d5fde084fe26" testListId="8c84fa94-04c1-424b-9868-57a2d4851a1d" />
    <TestEntry testId="97247e51-8426-ebf7-fe16-0a05f03615da" executionId="e9404a1d-8d7a-4b9b-b06f-0306b41ebb9f" testListId="8c84fa94-04c1-424b-9868-57a2d4851a1d" />
    <TestEntry testId="5f1da74a-65bb-e560-f53a-af86dd8914d9" executionId="a74b8406-e33c-4508-806b-892ca6a0c346" testListId="8c84fa94-04c1-424b-9868-57a2d4851a1d" />
    <TestEntry testId="8649c5eb-dc1a-c4cc-5436-4a60bfa9609c" executionId="918b522b-cb3a-4b8f-97e4-abd20575d4ca" testListId="8c84fa94-04c1-424b-9868-57a2d4851a1d" />
    <TestEntry testId="06ac4bcd-8fb4-2db7-c7ee-987452c7adc0" executionId="9e960455-77c4-4f39-82d3-eada0b9b4770" testListId="8c84fa94-04c1-424b-9868-57a2d4851a1d" />
    <TestEntry testId="c30816c9-f175-ffb0-8181-55217779c2c2" executionId="79543b62-f45f-400a-b557-2882e67e59ac" testListId="8c84fa94-04c1-424b-9868-57a2d4851a1d" />
    <TestEntry testId="8df22bd7-ade2-9817-d71a-0fb40e8a5430" executionId="713f8adb-695f-4f42-a3da-5775deb99413" testListId="8c84fa94-04c1-424b-9868-57a2d4851a1d" />
    <TestEntry testId="44244033-fbee-989d-46b2-2bc6f062a041" executionId="cc8615a6-1517-4ba6-a49c-a2055c02b45a" testListId="8c84fa94-04c1-424b-9868-57a2d4851a1d" />
    <TestEntry testId="8948db95-d30f-a627-4faf-b2bb3f3e579a" executionId="20d99fa2-d4c3-4cd6-8b3d-65325ef696e3" testListId="8c84fa94-04c1-424b-9868-57a2d4851a1d" />
    <TestEntry testId="d24328ed-de3f-ce56-f209-65fbe5538cb8" executionId="294e7a2a-6798-4964-a029-2d305300df36" testListId="8c84fa94-04c1-424b-9868-57a2d4851a1d" />
    <TestEntry testId="58e3a66d-f8b5-feea-42f9-e547a83f7a5c" executionId="388fbc7e-b00c-4761-8923-877ebc3661f7" testListId="8c84fa94-04c1-424b-9868-57a2d4851a1d" />
    <TestEntry testId="b1fab0d3-0130-1e07-db69-7ea8add31c67" executionId="855c1dd3-5505-4e65-b91b-8f1b0ec5420a" testListId="8c84fa94-04c1-424b-9868-57a2d4851a1d" />
    <TestEntry testId="5466fa47-388f-d0f4-08d3-22900609fa58" executionId="42411b29-7f8b-4967-9012-02c7bc444a58" testListId="8c84fa94-04c1-424b-9868-57a2d4851a1d" />
    <TestEntry testId="1eab6ab4-3fbf-11ef-de59-1a8f60c16fcd" executionId="dc702bed-f1b7-47ff-a1e1-e9fab1b889a8" testListId="8c84fa94-04c1-424b-9868-57a2d4851a1d" />
    <TestEntry testId="b7400d55-d18e-ff59-1a1b-146592df1aa6" executionId="8f84e617-2987-43d6-8544-53e93acd356b" testListId="8c84fa94-04c1-424b-9868-57a2d4851a1d" />
    <TestEntry testId="743ab05e-2957-3dc0-e52c-3a2b2206f272" executionId="1cebc26b-54ed-4309-87fa-a375249e4406" testListId="8c84fa94-04c1-424b-9868-57a2d4851a1d" />
    <TestEntry testId="f3c587ed-5a30-bc9e-7a89-584ae796bc2f" executionId="ab396f28-d396-4dcb-9d33-ea8d23264bb3" testListId="8c84fa94-04c1-424b-9868-57a2d4851a1d" />
    <TestEntry testId="198cd53f-7743-3f3b-3e93-8db392b8cc14" executionId="66658d0e-523f-4f46-94f0-cb2a8bb94bd0" testListId="8c84fa94-04c1-424b-9868-57a2d4851a1d" />
    <TestEntry testId="172dccd0-9a84-6ffd-b919-5fdb50205e6f" executionId="f6263608-5604-4048-89d5-45038f0ec4f8" testListId="8c84fa94-04c1-424b-9868-57a2d4851a1d" />
    <TestEntry testId="2d3c6618-b253-ee8f-9f62-9f552f584991" executionId="f5ffb464-6f5b-46a1-a7c5-dc452a9c384d" testListId="8c84fa94-04c1-424b-9868-57a2d4851a1d" />
    <TestEntry testId="ec558a0a-7a09-563a-659b-ca5ca480859b" executionId="fa3b8bf9-434f-439c-80f7-457fb83397df" testListId="8c84fa94-04c1-424b-9868-57a2d4851a1d" />
    <TestEntry testId="b608847b-6708-612d-b157-c6ed82426c68" executionId="0d66b7b3-4ae0-4f9d-b583-617d3b4b0b7b" testListId="8c84fa94-04c1-424b-9868-57a2d4851a1d" />
    <TestEntry testId="6ed6eb0d-dc47-e6f9-d055-952dc4b410e7" executionId="2f4a2956-011b-446e-83d1-8312739acad7" testListId="8c84fa94-04c1-424b-9868-57a2d4851a1d" />
    <TestEntry testId="cb660388-139c-da96-9697-16f6ad852f93" executionId="abacd92a-2907-480d-b995-10ff69925c06" testListId="8c84fa94-04c1-424b-9868-57a2d4851a1d" />
    <TestEntry testId="4ff50d03-ba56-7314-6e5a-68af3f51cff9" executionId="146b43ad-5537-4ef8-9885-463240ccca61" testListId="8c84fa94-04c1-424b-9868-57a2d4851a1d" />
    <TestEntry testId="b08f6f36-0b10-6610-cb80-351101b5b27d" executionId="4160bcb5-6053-4fe7-99eb-9ba9feb8a03f" testListId="8c84fa94-04c1-424b-9868-57a2d4851a1d" />
    <TestEntry testId="7e15fec1-8531-37b5-cdd3-4102dbb088f2" executionId="f929c78e-8b0b-43bb-b200-eeabbda434b2" testListId="8c84fa94-04c1-424b-9868-57a2d4851a1d" />
    <TestEntry testId="f89be956-7ce1-b980-74b6-dbd6d677e5f1" executionId="ef2b2ef1-fdd4-4a58-9314-3b47f4ba4957" testListId="8c84fa94-04c1-424b-9868-57a2d4851a1d" />
    <TestEntry testId="ea16dfe8-4973-3f43-0014-cf37582456bb" executionId="dcbaa02d-9515-4cdd-b504-ed59d4fc715f" testListId="8c84fa94-04c1-424b-9868-57a2d4851a1d" />
    <TestEntry testId="687cbe11-109b-6bf6-1b4a-3fed8906eafc" executionId="a6cbfe40-b4e2-4f6f-acb2-138484129251" testListId="8c84fa94-04c1-424b-9868-57a2d4851a1d" />
    <TestEntry testId="865c5e0d-cbf0-4823-5cba-5bb171d3179f" executionId="9ec36c64-c3fa-4144-b113-4e2a7c014b8b" testListId="8c84fa94-04c1-424b-9868-57a2d4851a1d" />
    <TestEntry testId="46c456c7-ee65-5b5a-8b9f-be98584453cb" executionId="a3d4f6d7-b78c-4f8b-8aef-f84f87a496d8" testListId="8c84fa94-04c1-424b-9868-57a2d4851a1d" />
    <TestEntry testId="47ef1408-17ba-558f-c067-82d7df0d59f6" executionId="ca789a9d-20a5-435d-8d97-dc129528371d" testListId="8c84fa94-04c1-424b-9868-57a2d4851a1d" />
    <TestEntry testId="a1773636-9d85-8473-7326-b31f3fe0ff59" executionId="727117af-8a42-458b-a55e-fde1f04f14d1" testListId="8c84fa94-04c1-424b-9868-57a2d4851a1d" />
    <TestEntry testId="ea537849-10e4-3d35-db04-27b3d4af3361" executionId="ef77c09e-7a29-419f-b5bb-a1d17a827f4b" testListId="8c84fa94-04c1-424b-9868-57a2d4851a1d" />
    <TestEntry testId="02830d40-a893-fc03-43c4-1d5f9c2cdafe" executionId="46720e6c-4449-4189-bb04-051e170dcc5f" testListId="8c84fa94-04c1-424b-9868-57a2d4851a1d" />
    <TestEntry testId="5df063a3-97ae-10c9-fb7e-068323f69abc" executionId="7ed99cb2-8565-449c-b6c6-88543c32c334" testListId="8c84fa94-04c1-424b-9868-57a2d4851a1d" />
    <TestEntry testId="fe661cad-649d-8e63-1c6a-bc20637a0a6e" executionId="575dea6c-4b38-41db-b9ee-24631a612ba1" testListId="8c84fa94-04c1-424b-9868-57a2d4851a1d" />
    <TestEntry testId="f4f640b9-a659-5afb-269b-d5c46cb72c4b" executionId="ff3b3e1c-0a85-4a86-b242-1ce1f579625e" testListId="8c84fa94-04c1-424b-9868-57a2d4851a1d" />
    <TestEntry testId="44ab32e5-51d0-3487-2c35-faa58871caba" executionId="eafeb173-7cb2-464f-959f-cc96df2d3018" testListId="8c84fa94-04c1-424b-9868-57a2d4851a1d" />
    <TestEntry testId="1f9514a4-c901-8cb0-ec7a-473794eb5b9d" executionId="4c8dadc7-c400-4d3d-bffc-e210cde7a5d4" testListId="8c84fa94-04c1-424b-9868-57a2d4851a1d" />
    <TestEntry testId="5a1f32ae-cef3-18eb-6104-ce46e385b713" executionId="85f110cf-782e-4e84-9171-debc5a0088b5" testListId="8c84fa94-04c1-424b-9868-57a2d4851a1d" />
    <TestEntry testId="53eb92f7-aca9-0eb3-c475-01494b8a033d" executionId="29de4b90-4466-44a1-bbf3-d3bbc0188008" testListId="8c84fa94-04c1-424b-9868-57a2d4851a1d" />
    <TestEntry testId="b8e04517-f9f7-ea10-ed05-9390ebb814bd" executionId="d900ea8d-8643-4c98-9095-3b291020466b" testListId="8c84fa94-04c1-424b-9868-57a2d4851a1d" />
    <TestEntry testId="f3bdf4d7-e688-3fbd-50b0-6707b3b58082" executionId="ca022bdb-bfab-4890-90b7-b8fe24e77c8a" testListId="8c84fa94-04c1-424b-9868-57a2d4851a1d" />
    <TestEntry testId="6b9ac75c-b2fb-94a3-be05-d385b058ce50" executionId="c6ecb907-4dc3-47c0-89f4-66be3431a94f" testListId="8c84fa94-04c1-424b-9868-57a2d4851a1d" />
    <TestEntry testId="fcc2425d-33c0-e06c-0083-56485a694bc8" executionId="e2331d59-dc0f-4045-8caa-38582a70c065" testListId="8c84fa94-04c1-424b-9868-57a2d4851a1d" />
    <TestEntry testId="d5addafa-3ee5-2f03-90da-19b68577f0e9" executionId="bd822c2b-8a7e-4754-a6a0-85c7917d247a" testListId="8c84fa94-04c1-424b-9868-57a2d4851a1d" />
    <TestEntry testId="90dc4f64-8c90-bb2c-e335-96350e69619a" executionId="0f744fe0-ee53-4d12-89c5-5d07d1594f9a" testListId="8c84fa94-04c1-424b-9868-57a2d4851a1d" />
    <TestEntry testId="49a8e429-651c-4622-729d-4a77a0845ab0" executionId="0f8bfc55-fd72-4933-b92b-ef3cc203c8c9" testListId="8c84fa94-04c1-424b-9868-57a2d4851a1d" />
    <TestEntry testId="f6291e44-82f3-c11d-3f9a-85e5a1b664f9" executionId="2b2b65f5-7e34-46c3-a5c8-b88f74a0d88f" testListId="8c84fa94-04c1-424b-9868-57a2d4851a1d" />
    <TestEntry testId="ad99df18-28ec-cf62-9806-2b13f6a732fc" executionId="7d6da31e-4324-4416-8b73-316016980f06" testListId="8c84fa94-04c1-424b-9868-57a2d4851a1d" />
    <TestEntry testId="5e60bc65-c026-c022-89e6-2142fc65be48" executionId="3907dd4f-f964-4859-843a-bd9452c1abf1" testListId="8c84fa94-04c1-424b-9868-57a2d4851a1d" />
    <TestEntry testId="60cafca1-4c55-3045-2d78-080db2e1fcf9" executionId="e7655000-5848-4c31-8c20-02ef5db4727e" testListId="8c84fa94-04c1-424b-9868-57a2d4851a1d" />
    <TestEntry testId="3c79f2b9-3104-2bc5-7b68-0aeb5858a9ea" executionId="e9be208f-6823-455e-b2e1-5bf59496c8f1" testListId="8c84fa94-04c1-424b-9868-57a2d4851a1d" />
    <TestEntry testId="8ef25723-4dac-3919-5e0f-c18f93881311" executionId="f4891b0d-9be7-4d07-9232-133645f0f377" testListId="8c84fa94-04c1-424b-9868-57a2d4851a1d" />
    <TestEntry testId="83799156-5636-eb01-e974-1bc7f4d9edb7" executionId="457a5576-8025-4ffb-a4af-db480b9b78f8" testListId="8c84fa94-04c1-424b-9868-57a2d4851a1d" />
    <TestEntry testId="73deba43-4ab4-a8cb-baad-5687f55b8ea7" executionId="74605c2d-759f-4d61-8520-e9ac1c551bd2" testListId="8c84fa94-04c1-424b-9868-57a2d4851a1d" />
    <TestEntry testId="c32c87dc-63a8-5ed7-bb74-127f43c172fa" executionId="134303c5-ca48-43a6-81f4-0b87618e9ed5" testListId="8c84fa94-04c1-424b-9868-57a2d4851a1d" />
    <TestEntry testId="4d1240e3-3c7f-baf1-eb39-2cbb080c2d74" executionId="fdb6dfe2-27f6-4610-b636-b9f863d9d81d" testListId="8c84fa94-04c1-424b-9868-57a2d4851a1d" />
    <TestEntry testId="2870acb4-160b-9e11-e416-e5436010812b" executionId="e99b3ae6-4f36-422f-b3c5-905c0ab6d19f" testListId="8c84fa94-04c1-424b-9868-57a2d4851a1d" />
    <TestEntry testId="6bd0d041-fa9d-beba-5419-208a5022dbd7" executionId="8e223abb-d1d1-4dbb-a86b-ec5e300cff41" testListId="8c84fa94-04c1-424b-9868-57a2d4851a1d" />
    <TestEntry testId="86e10bf9-e284-ee30-2b8f-ce12f7214001" executionId="9b578000-14c6-48c2-abbc-ddba187b0ead" testListId="8c84fa94-04c1-424b-9868-57a2d4851a1d" />
    <TestEntry testId="6a0ac272-3a6a-2767-a5ee-20a3b286ccf6" executionId="42b516f5-1c61-4c12-be5b-c8ceb0b416f7" testListId="8c84fa94-04c1-424b-9868-57a2d4851a1d" />
    <TestEntry testId="c75eb0b5-c773-1362-cd19-cc16ab0b12f3" executionId="f271ea98-49eb-4730-b868-444bcc6a82d7" testListId="8c84fa94-04c1-424b-9868-57a2d4851a1d" />
    <TestEntry testId="374dd098-5da8-7355-3762-130a6146a653" executionId="1276315b-033b-4349-b1fc-6738b2e30158" testListId="8c84fa94-04c1-424b-9868-57a2d4851a1d" />
    <TestEntry testId="d9cc264e-7804-c9d7-ebad-c32f89471ba3" executionId="1a6e6938-665e-40b9-9174-c58b9b53dbc7" testListId="8c84fa94-04c1-424b-9868-57a2d4851a1d" />
    <TestEntry testId="608caeb3-838b-ffd3-6ae8-642e43768145" executionId="c6708535-03c1-4621-a0fb-16a777f4540c" testListId="8c84fa94-04c1-424b-9868-57a2d4851a1d" />
    <TestEntry testId="6b28909d-bd4c-433c-7700-19e62aca6093" executionId="6d7adf01-53ae-4fd7-a4ce-23753b4b5c69" testListId="8c84fa94-04c1-424b-9868-57a2d4851a1d" />
    <TestEntry testId="3fe7094e-1f9b-5c64-2a7c-616fadd354a3" executionId="2c4c0e07-d71d-4832-9496-7ee2142ec7fd" testListId="8c84fa94-04c1-424b-9868-57a2d4851a1d" />
    <TestEntry testId="5f25ae2b-4820-ef5c-c62d-0319b789faa5" executionId="2b20d1a3-7d03-4b4b-b7eb-0a584054bfda" testListId="8c84fa94-04c1-424b-9868-57a2d4851a1d" />
    <TestEntry testId="9adaf728-d686-825b-24e1-d675acf5756a" executionId="702dcb91-1f6a-4292-8dd4-a6efcdf96135" testListId="8c84fa94-04c1-424b-9868-57a2d4851a1d" />
    <TestEntry testId="d4e901b4-d82c-2411-1010-d5af5f14f397" executionId="ff8f5770-bc9b-419e-a6fc-cbfcddd16e1a" testListId="8c84fa94-04c1-424b-9868-57a2d4851a1d" />
    <TestEntry testId="0ed62ce5-362c-25d5-44dd-7672b4163453" executionId="0cf6205d-67f3-49a0-85c8-206c6c9f4be5" testListId="8c84fa94-04c1-424b-9868-57a2d4851a1d" />
    <TestEntry testId="4bd267e8-26d0-3b24-958b-5e22b0d3c9a7" executionId="d009138e-70fb-4824-b509-a09bc958157f" testListId="8c84fa94-04c1-424b-9868-57a2d4851a1d" />
    <TestEntry testId="9bbbfbee-2879-99e7-09af-e2833c9f9ab5" executionId="5f57ac98-df00-4405-a746-4e756fc29371" testListId="8c84fa94-04c1-424b-9868-57a2d4851a1d" />
    <TestEntry testId="7831b164-0f7e-5998-83bb-8ca2e9237e62" executionId="9d588302-9dea-448d-ae7e-547bf2f3791b" testListId="8c84fa94-04c1-424b-9868-57a2d4851a1d" />
    <TestEntry testId="384a10ed-40d5-b4fa-b295-2a0425d671c2" executionId="352b4270-6136-498b-88fa-7ebca1cdbcc7" testListId="8c84fa94-04c1-424b-9868-57a2d4851a1d" />
    <TestEntry testId="781e2e6e-b14c-64b0-8903-f8f081913594" executionId="4455d0bf-8154-4018-a589-74ce61448e6d" testListId="8c84fa94-04c1-424b-9868-57a2d4851a1d" />
    <TestEntry testId="490f5cf5-67e0-a60e-a045-5885e3535548" executionId="bf17f2c4-978c-4a48-b92e-96bb34eff8c5" testListId="8c84fa94-04c1-424b-9868-57a2d4851a1d" />
    <TestEntry testId="b2ebd0fb-6854-cd6f-6731-a0ebc91f0657" executionId="82eadd06-5a2b-49c6-b92b-c05bfe3bdc7a" testListId="8c84fa94-04c1-424b-9868-57a2d4851a1d" />
    <TestEntry testId="ee5d9536-6682-c1b1-f2d2-f88e786afe05" executionId="1c856aed-e177-428a-8b5d-a48d1b6f6c27" testListId="8c84fa94-04c1-424b-9868-57a2d4851a1d" />
    <TestEntry testId="5e70c367-f456-3f5d-3e59-27a2fabd034d" executionId="4326a179-fc71-4f1b-80fd-44ddf23b5c00" testListId="8c84fa94-04c1-424b-9868-57a2d4851a1d" />
    <TestEntry testId="d55c5af6-af1b-7769-9edf-09a0359d192f" executionId="8a2ddd9b-eead-46f7-9e64-162b962f3023" testListId="8c84fa94-04c1-424b-9868-57a2d4851a1d" />
    <TestEntry testId="95e7e315-8a96-52f6-7351-c18da2725708" executionId="5b1b8606-b232-4005-8b4a-301c8f2a2435" testListId="8c84fa94-04c1-424b-9868-57a2d4851a1d" />
    <TestEntry testId="4b8e0eff-4423-fb7b-0eea-e39b6317718b" executionId="375078b1-07d3-4399-a284-0ed67098e9c1" testListId="8c84fa94-04c1-424b-9868-57a2d4851a1d" />
    <TestEntry testId="45d0e615-0750-a104-7cac-d73a3865b9b5" executionId="c0cc2612-e6f3-49d6-b82d-78fc98e6704d" testListId="8c84fa94-04c1-424b-9868-57a2d4851a1d" />
    <TestEntry testId="f7bb2814-7f9d-ecac-3fc3-457afc7bfcdf" executionId="9a68d2a9-3be3-451b-80db-f699badc8792" testListId="8c84fa94-04c1-424b-9868-57a2d4851a1d" />
    <TestEntry testId="226a84f0-3e06-00c3-8c15-c5f0377a1804" executionId="9daeb5fd-f8a4-4539-9f2a-7a03907ef215" testListId="8c84fa94-04c1-424b-9868-57a2d4851a1d" />
    <TestEntry testId="f5b59788-0a50-06f5-7504-312bd4ee6f82" executionId="032b9f89-8480-4209-afe7-94685b79b5f1" testListId="8c84fa94-04c1-424b-9868-57a2d4851a1d" />
    <TestEntry testId="53a28fb1-9064-7b39-2f4f-7e2ad78af29f" executionId="326e76c5-23a8-462c-9e91-cbb9faba48e3" testListId="8c84fa94-04c1-424b-9868-57a2d4851a1d" />
    <TestEntry testId="dd514ddc-52c0-a807-81de-8144a45e4abd" executionId="137b4816-7bfa-4df6-9828-bdfa9f602c7c" testListId="8c84fa94-04c1-424b-9868-57a2d4851a1d" />
    <TestEntry testId="add24603-0ad6-e737-cc71-d73057f1992e" executionId="5c33d5d4-b136-487c-aa70-1b99034bbced" testListId="8c84fa94-04c1-424b-9868-57a2d4851a1d" />
    <TestEntry testId="94fdd078-3428-fac5-d543-5cbce1077c33" executionId="5b24fe49-8b13-45d3-822e-ebe1282f92da" testListId="8c84fa94-04c1-424b-9868-57a2d4851a1d" />
    <TestEntry testId="8e3eec6c-7ca0-89eb-f70d-e9106554c488" executionId="7f1947d4-cc37-4e2e-a763-4ac9b98218d5" testListId="8c84fa94-04c1-424b-9868-57a2d4851a1d" />
  </TestEntries>
  <TestLists>
    <TestList name="Results Not in a List" id="8c84fa94-04c1-424b-9868-57a2d4851a1d" />
    <TestList name="All Loaded Results" id="19431567-8539-422a-85d7-44ee4e166bda" />
  </TestLists>
  <ResultSummary outcome="Completed">
    <Counters total="249" executed="249" passed="249" failed="0" error="0" timeout="0" aborted="0" inconclusive="0" passedButRunAborted="0" notRunnable="0" notExecuted="0" disconnected="0" warning="0" completed="0" inProgress="0" pending="0" />
    <Output>
      <StdOut>[xUnit.net 00:00:00.00] xUnit.net VSTest Adapter v3.1.5+1b188a7b0a (64-bit .NET 10.0.11)
[xUnit.net 00:00:00.05]   Discovering: FS.GG.Coordination.ArchitectureTests
[xUnit.net 00:00:00.10]   Discovered:  FS.GG.Coordination.ArchitectureTests
[xUnit.net 00:00:00.14]   Starting:    FS.GG.Coordination.ArchitectureTests
[xUnit.net 00:00:51.59]   Finished:    FS.GG.Coordination.ArchitectureTests
</StdOut>
    </Output>
  </ResultSummary>
</TestRun>