<?xml version="1.0" encoding="utf-8"?>
<TestRun id="9b24679e-39a9-4cc3-8d63-3a905c2686c6" name="@780ae460ce3c 2026-08-31 06:56:21" xmlns="http://microsoft.com/schemas/VisualStudio/TeamTest/2010">
  <Times creation="2026-08-31T06:56:21.6695427+02:00" queuing="2026-08-31T06:56:21.6695428+02:00" start="2026-08-31T06:56:21.3580317+02:00" finish="2026-08-31T06:56:21.8635302+02:00" />
  <TestSettings name="default" id="439f10c9-9905-41ff-9621-8c8ba4b849dc">
    <Deployment runDeploymentRoot="_780ae460ce3c_2026-08-31_06_56_21" />
  </TestSettings>
  <Results>
    <UnitTestResult executionId="77b897af-b352-4d11-9cb0-fd4a667b1b7e" testId="af634480-f99a-44a3-5b8d-9cf3e90e0b48" testName="FS.GG.Coordination.UnitTests.altered published Quint kernel manifest is refused by digest and identity" computerName="780ae460ce3c" duration="00:00:00.0040048" startTime="2026-08-31T06:56:21.6441768+02:00" endTime="2026-08-31T06:56:21.6451082+02:00" testType="13cdc9d9-ddb5-4fa4-a97d-d965ccfc6d4b" outcome="Passed" testListId="8c84fa94-04c1-424b-9868-57a2d4851a1d" relativeResultsDirectory="77b897af-b352-4d11-9cb0-fd4a667b1b7e" />
    <UnitTestResult executionId="d9ff5d45-00ed-4325-bf54-27c65e314a91" testId="495add0d-b1de-9680-8b6c-0653c6468de1" testName="FS.GG.Coordination.RoadmapWorkTests.candidate manifest is deterministic and never claims acceptance" computerName="780ae460ce3c" duration="00:00:00.0048697" startTime="2026-08-31T06:56:21.6775038+02:00" endTime="2026-08-31T06:56:21.6788543+02:00" testType="13cdc9d9-ddb5-4fa4-a97d-d965ccfc6d4b" outcome="Passed" testListId="8c84fa94-04c1-424b-9868-57a2d4851a1d" relativeResultsDirectory="d9ff5d45-00ed-4325-bf54-27c65e314a91" />
    <UnitTestResult executionId="6d36ffe7-453e-4a57-9ca1-45f88ee10864" testId="f3529ae4-e62a-83e3-8fb6-1b6d60f162bd" testName="FS.GG.Coordination.RoadmapWorkTests.changed roadmap and unknown unit are refused distinctly" computerName="780ae460ce3c" duration="00:00:00.0309073" startTime="2026-08-31T06:56:21.6276033+02:00" endTime="2026-08-31T06:56:21.6599677+02:00" testType="13cdc9d9-ddb5-4fa4-a97d-d965ccfc6d4b" outcome="Passed" testListId="8c84fa94-04c1-424b-9868-57a2d4851a1d" relativeResultsDirectory="6d36ffe7-453e-4a57-9ca1-45f88ee10864" />
    <UnitTestResult executionId="f6460ebd-514f-4cb5-9e60-6aba47a98515" testId="deaef829-c3c1-63ef-1128-94114bfe098f" testName="FS.GG.Coordination.CritiqueEvidenceTests.changes required remains valid evidence but cannot derive green" computerName="780ae460ce3c" duration="00:00:00.0008307" startTime="2026-08-31T06:56:21.6554961+02:00" endTime="2026-08-31T06:56:21.6562234+02:00" testType="13cdc9d9-ddb5-4fa4-a97d-d965ccfc6d4b" outcome="Passed" testListId="8c84fa94-04c1-424b-9868-57a2d4851a1d" relativeResultsDirectory="f6460ebd-514f-4cb5-9e60-6aba47a98515" />
    <UnitTestResult executionId="767ba261-de13-43b1-a639-f501a9853e50" testId="8708375f-c756-e690-ff37-4dd96ac5475a" testName="FS.GG.Coordination.GitHubTransportTests.REST and GraphQL traversal require terminal completeness" computerName="780ae460ce3c" duration="00:00:00.0093552" startTime="2026-08-31T06:56:21.6507288+02:00" endTime="2026-08-31T06:56:21.6533560+02:00" testType="13cdc9d9-ddb5-4fa4-a97d-d965ccfc6d4b" outcome="Passed" testListId="8c84fa94-04c1-424b-9868-57a2d4851a1d" relativeResultsDirectory="767ba261-de13-43b1-a639-f501a9853e50" />
    <UnitTestResult executionId="fbbfcd6d-3a79-4f4c-bd34-a6daadbb87bd" testId="6db2c0c3-3f05-10d4-3ea3-c5102bdce5db" testName="FS.GG.Coordination.QualificationManifestTests.complete qualification manifest is canonical deterministic and self bound" computerName="780ae460ce3c" duration="00:00:00.0068943" startTime="2026-08-31T06:56:21.6722737+02:00" endTime="2026-08-31T06:56:21.6790307+02:00" testType="13cdc9d9-ddb5-4fa4-a97d-d965ccfc6d4b" outcome="Passed" testListId="8c84fa94-04c1-424b-9868-57a2d4851a1d" relativeResultsDirectory="fbbfcd6d-3a79-4f4c-bd34-a6daadbb87bd" />
    <UnitTestResult executionId="b8beffc0-676a-4f0b-b479-e5e4d5a65376" testId="4c695d88-2485-dbd5-4d1d-815a2487fa74" testName="FS.GG.Coordination.UnitTests.pure core declares only allowed inward dependencies" computerName="780ae460ce3c" duration="00:00:00.0009756" startTime="2026-08-31T06:56:21.6899245+02:00" endTime="2026-08-31T06:56:21.6906642+02:00" testType="13cdc9d9-ddb5-4fa4-a97d-d965ccfc6d4b" outcome="Passed" testListId="8c84fa94-04c1-424b-9868-57a2d4851a1d" relativeResultsDirectory="b8beffc0-676a-4f0b-b479-e5e4d5a65376" />
    <UnitTestResult executionId="e02cca97-6e2b-4564-a2b4-871da28c0213" testId="25ab73f2-c36a-624e-368c-e3eb6ac9fcf4" testName="FS.GG.Coordination.UnitTests.published Quint kernel manifest has the accepted identity and bundle digest" computerName="780ae460ce3c" duration="00:00:00.0063023" startTime="2026-08-31T06:56:21.6275456+02:00" endTime="2026-08-31T06:56:21.6368029+02:00" testType="13cdc9d9-ddb5-4fa4-a97d-d965ccfc6d4b" outcome="Passed" testListId="8c84fa94-04c1-424b-9868-57a2d4851a1d" relativeResultsDirectory="e02cca97-6e2b-4564-a2b4-871da28c0213" />
    <UnitTestResult executionId="f88493ea-f2ee-4862-a6cc-facf9f45f802" testId="1ac10b01-5cd9-0000-5a9f-1624aa5a8838" testName="FS.GG.Coordination.GitHubTransportTests.API version and replay authority fail closed" computerName="780ae460ce3c" duration="00:00:00.0040450" startTime="2026-08-31T06:56:21.6450897+02:00" endTime="2026-08-31T06:56:21.6452734+02:00" testType="13cdc9d9-ddb5-4fa4-a97d-d965ccfc6d4b" outcome="Passed" testListId="8c84fa94-04c1-424b-9868-57a2d4851a1d" relativeResultsDirectory="f88493ea-f2ee-4862-a6cc-facf9f45f802" />
    <UnitTestResult executionId="f4c3a1ef-2789-4105-b8ca-c22a7ef15b47" testId="d7872e2d-f53e-d344-3042-f7681a4789db" testName="FS.GG.Coordination.UnitTests.qualification contracts carry a typed result" computerName="780ae460ce3c" duration="00:00:00.0000526" startTime="2026-08-31T06:56:21.6896970+02:00" endTime="2026-08-31T06:56:21.6897067+02:00" testType="13cdc9d9-ddb5-4fa4-a97d-d965ccfc6d4b" outcome="Passed" testListId="8c84fa94-04c1-424b-9868-57a2d4851a1d" relativeResultsDirectory="f4c3a1ef-2789-4105-b8ca-c22a7ef15b47" />
    <UnitTestResult executionId="0675ce72-dd95-474b-a9c6-e31af30d4de3" testId="e180d8b1-d8f6-fe9c-2380-5cabfb589e47" testName="FS.GG.Coordination.RoadmapWorkTests.unknown qualification gate and JSON members are refused" computerName="780ae460ce3c" duration="00:00:00.0003289" startTime="2026-08-31T06:56:21.6660541+02:00" endTime="2026-08-31T06:56:21.6662813+02:00" testType="13cdc9d9-ddb5-4fa4-a97d-d965ccfc6d4b" outcome="Passed" testListId="8c84fa94-04c1-424b-9868-57a2d4851a1d" relativeResultsDirectory="0675ce72-dd95-474b-a9c6-e31af30d4de3" />
    <UnitTestResult executionId="38f7c96a-b3e5-46c5-9ff7-3f9afa18a99f" testId="55045b65-427f-d4f9-98ee-3bd2668df296" testName="FS.GG.Coordination.UnitTests.generated protocol contract exposes stable profile-2 identities" computerName="780ae460ce3c" duration="00:00:00.0466970" startTime="2026-08-31T06:56:21.6451844+02:00" endTime="2026-08-31T06:56:21.6876549+02:00" testType="13cdc9d9-ddb5-4fa4-a97d-d965ccfc6d4b" outcome="Passed" testListId="8c84fa94-04c1-424b-9868-57a2d4851a1d" relativeResultsDirectory="38f7c96a-b3e5-46c5-9ff7-3f9afa18a99f" />
    <UnitTestResult executionId="ecf0080d-62be-45f0-b175-ab9f37b677ae" testId="dba848b9-fd6f-8cd1-9530-478b4c0d4aa7" testName="FS.GG.Coordination.QualificationManifestTests.semantic input changes manifest identity" computerName="780ae460ce3c" duration="00:00:00.0024862" startTime="2026-08-31T06:56:21.8238847+02:00" endTime="2026-08-31T06:56:21.8262924+02:00" testType="13cdc9d9-ddb5-4fa4-a97d-d965ccfc6d4b" outcome="Passed" testListId="8c84fa94-04c1-424b-9868-57a2d4851a1d" relativeResultsDirectory="ecf0080d-62be-45f0-b175-ab9f37b677ae" />
    <UnitTestResult executionId="0e303d03-f5af-4186-a8b9-109a3e595e14" testId="c9a7ceca-bc8a-248e-7214-f31cfe8112b4" testName="FS.GG.Coordination.CritiqueEvidenceTests.candidate evidence and finding content change bundle identity" computerName="780ae460ce3c" duration="00:00:00.0016559" startTime="2026-08-31T06:56:21.6537626+02:00" endTime="2026-08-31T06:56:21.6554276+02:00" testType="13cdc9d9-ddb5-4fa4-a97d-d965ccfc6d4b" outcome="Passed" testListId="8c84fa94-04c1-424b-9868-57a2d4851a1d" relativeResultsDirectory="0e303d03-f5af-4186-a8b9-109a3e595e14" />
    <UnitTestResult executionId="c85f616c-fc0a-4e80-bbd6-6192d2f22f9a" testId="d3cd4303-01d6-7feb-d596-2e241121b5d7" testName="FS.GG.Coordination.UnitTests.protocol boundary has a stable initial identity" computerName="780ae460ce3c" duration="00:00:00.0011070" startTime="2026-08-31T06:56:21.6885230+02:00" endTime="2026-08-31T06:56:21.6895965+02:00" testType="13cdc9d9-ddb5-4fa4-a97d-d965ccfc6d4b" outcome="Passed" testListId="8c84fa94-04c1-424b-9868-57a2d4851a1d" relativeResultsDirectory="c85f616c-fc0a-4e80-bbd6-6192d2f22f9a" />
    <UnitTestResult executionId="f11822d3-5f24-44b1-adf8-5337abd98af9" testId="96d0a3f6-0243-2c4d-0d2d-6e36cb59bca9" testName="FS.GG.Coordination.QualificationManifestTests.resealed truncation of every closed inventory remains red" computerName="780ae460ce3c" duration="00:00:00.0103072" startTime="2026-08-31T06:56:21.6790874+02:00" endTime="2026-08-31T06:56:21.6893688+02:00" testType="13cdc9d9-ddb5-4fa4-a97d-d965ccfc6d4b" outcome="Passed" testListId="8c84fa94-04c1-424b-9868-57a2d4851a1d" relativeResultsDirectory="f11822d3-5f24-44b1-adf8-5337abd98af9" />
    <UnitTestResult executionId="91a35e07-4dcd-4af1-9e70-d550a9982549" testId="32efae01-4715-95f5-9ff2-199cc469668a" testName="FS.GG.Coordination.RoadmapWorkTests.manifest creation requires one canonical UTC instant form" computerName="780ae460ce3c" duration="00:00:00.0019945" startTime="2026-08-31T06:56:21.6602770+02:00" endTime="2026-08-31T06:56:21.6619955+02:00" testType="13cdc9d9-ddb5-4fa4-a97d-d965ccfc6d4b" outcome="Passed" testListId="8c84fa94-04c1-424b-9868-57a2d4851a1d" relativeResultsDirectory="91a35e07-4dcd-4af1-9e70-d550a9982549" />
    <UnitTestResult executionId="d7f708ad-6cfc-4fac-898b-2181ecfbce1a" testId="60aa9a0b-42df-bd98-cb91-770ba8a1d572" testName="FS.GG.Coordination.QualificationManifestTests.harness mutation proof derives all controls and negative observations" computerName="780ae460ce3c" duration="00:00:00.1278982" startTime="2026-08-31T06:56:21.6894223+02:00" endTime="2026-08-31T06:56:21.8173730+02:00" testType="13cdc9d9-ddb5-4fa4-a97d-d965ccfc6d4b" outcome="Passed" testListId="8c84fa94-04c1-424b-9868-57a2d4851a1d" relativeResultsDirectory="d7f708ad-6cfc-4fac-898b-2181ecfbce1a" />
    <UnitTestResult executionId="ce740dd1-ba94-4efc-a07b-4c09af067f75" testId="00e743bc-27bd-66df-6e4f-3908d69690e5" testName="FS.GG.Coordination.GitHubTransportTests.fixture projection is stable allow-listed and leak rejecting" computerName="780ae460ce3c" duration="00:00:00.0019562" startTime="2026-08-31T06:56:21.6534570+02:00" endTime="2026-08-31T06:56:21.6553293+02:00" testType="13cdc9d9-ddb5-4fa4-a97d-d965ccfc6d4b" outcome="Passed" testListId="8c84fa94-04c1-424b-9868-57a2d4851a1d" relativeResultsDirectory="ce740dd1-ba94-4efc-a07b-4c09af067f75" />
    <UnitTestResult executionId="5de2a74e-3efa-4099-9d4c-fc722c46e70f" testId="0892fb94-202a-b0d4-2d11-72086f4774eb" testName="FS.GG.Coordination.RoadmapWorkTests.accepted exact prerequisite is ready" computerName="780ae460ce3c" duration="00:00:00.0010666" startTime="2026-08-31T06:56:21.6664162+02:00" endTime="2026-08-31T06:56:21.6673736+02:00" testType="13cdc9d9-ddb5-4fa4-a97d-d965ccfc6d4b" outcome="Passed" testListId="8c84fa94-04c1-424b-9868-57a2d4851a1d" relativeResultsDirectory="5de2a74e-3efa-4099-9d4c-fc722c46e70f" />
    <UnitTestResult executionId="c0789714-be19-4e6b-bd91-e7351d64786f" testId="00f8f62d-e0f2-cfca-7df2-e276009f44c7" testName="FS.GG.Coordination.RoadmapWorkTests.manifest refuses traversal and validation refuses changed candidate" computerName="780ae460ce3c" duration="00:00:00.0037561" startTime="2026-08-31T06:56:21.6674962+02:00" endTime="2026-08-31T06:56:21.6711778+02:00" testType="13cdc9d9-ddb5-4fa4-a97d-d965ccfc6d4b" outcome="Passed" testListId="8c84fa94-04c1-424b-9868-57a2d4851a1d" relativeResultsDirectory="c0789714-be19-4e6b-bd91-e7351d64786f" />
    <UnitTestResult executionId="95ac043f-6091-4cab-b155-9c520446cc7e" testId="0096c3b1-7ef2-465b-b28a-62bfbf61f789" testName="FS.GG.Coordination.CritiqueEvidenceTests.five perspectives generate one canonical derived green rollup" computerName="780ae460ce3c" duration="00:00:00.0034006" startTime="2026-08-31T06:56:21.6508228+02:00" endTime="2026-08-31T06:56:21.6536775+02:00" testType="13cdc9d9-ddb5-4fa4-a97d-d965ccfc6d4b" outcome="Passed" testListId="8c84fa94-04c1-424b-9868-57a2d4851a1d" relativeResultsDirectory="95ac043f-6091-4cab-b155-9c520446cc7e" />
    <UnitTestResult executionId="a8532df1-2844-421d-ae60-6db590343195" testId="2747ae7f-aa47-9fb1-a156-779aabc305e5" testName="FS.GG.Coordination.UnitTests.app boundary is inert" computerName="780ae460ce3c" duration="00:00:00.0002261" startTime="2026-08-31T06:56:21.6882731+02:00" endTime="2026-08-31T06:56:21.6884663+02:00" testType="13cdc9d9-ddb5-4fa4-a97d-d965ccfc6d4b" outcome="Passed" testListId="8c84fa94-04c1-424b-9868-57a2d4851a1d" relativeResultsDirectory="a8532df1-2844-421d-ae60-6db590343195" />
    <UnitTestResult executionId="ab31c345-5f91-4706-8b82-fa336d515953" testId="fe12808d-0506-6eab-eb05-77bd2e02ec15" testName="FS.GG.Coordination.GitHubTransportTests.qualification rejects producer gaps and accepts two closed inventories" computerName="780ae460ce3c" duration="00:00:00.0019394" startTime="2026-08-31T06:56:21.6554149+02:00" endTime="2026-08-31T06:56:21.6577668+02:00" testType="13cdc9d9-ddb5-4fa4-a97d-d965ccfc6d4b" outcome="Passed" testListId="8c84fa94-04c1-424b-9868-57a2d4851a1d" relativeResultsDirectory="ab31c345-5f91-4706-8b82-fa336d515953" />
    <UnitTestResult executionId="328ae830-7d48-4eca-9269-a3ea59deaac4" testId="3b1fc2e3-ee96-105f-ad0f-e9c11d9490be" testName="FS.GG.Coordination.CritiqueEvidenceTests.invalid authority inventory phase evidence and time are refused before rendering" computerName="780ae460ce3c" duration="00:00:00.0132649" startTime="2026-08-31T06:56:21.6267682+02:00" endTime="2026-08-31T06:56:21.6451978+02:00" testType="13cdc9d9-ddb5-4fa4-a97d-d965ccfc6d4b" outcome="Passed" testListId="8c84fa94-04c1-424b-9868-57a2d4851a1d" relativeResultsDirectory="328ae830-7d48-4eca-9269-a3ea59deaac4" />
    <UnitTestResult executionId="fd204a83-1665-4ded-9649-80f28c62ac62" testId="453fd9e2-6016-3f5e-a73e-7c8f2b5cd39d" testName="FS.GG.Coordination.RoadmapWorkTests.known unit inspection is bound to exact roadmap bytes" computerName="780ae460ce3c" duration="00:00:00.0003562" startTime="2026-08-31T06:56:21.6713026+02:00" endTime="2026-08-31T06:56:21.6715557+02:00" testType="13cdc9d9-ddb5-4fa4-a97d-d965ccfc6d4b" outcome="Passed" testListId="8c84fa94-04c1-424b-9868-57a2d4851a1d" relativeResultsDirectory="fd204a83-1665-4ded-9649-80f28c62ac62" />
    <UnitTestResult executionId="65f0b1e2-a12d-4024-9a7b-6c7eb1fadd00" testId="b998af87-0cf0-728f-702d-6bbf6e3903c0" testName="FS.GG.Coordination.CritiqueEvidenceTests.absent stale duplicate forged truncated and prose only bundles are red" computerName="780ae460ce3c" duration="00:00:00.0078778" startTime="2026-08-31T06:56:21.6452657+02:00" endTime="2026-08-31T06:56:21.6507511+02:00" testType="13cdc9d9-ddb5-4fa4-a97d-d965ccfc6d4b" outcome="Passed" testListId="8c84fa94-04c1-424b-9868-57a2d4851a1d" relativeResultsDirectory="65f0b1e2-a12d-4024-9a7b-6c7eb1fadd00" />
    <UnitTestResult executionId="ebbd39ee-7065-4582-a69b-523d3b84f92e" testId="f03df1bf-97b8-3b05-9eba-658137a2830c" testName="FS.GG.Coordination.RoadmapWorkTests.gate catalog arguments are pinned independently and list-only mutation is refused" computerName="780ae460ce3c" duration="00:00:00.0023819" startTime="2026-08-31T06:56:21.6716818+02:00" endTime="2026-08-31T06:56:21.6739681+02:00" testType="13cdc9d9-ddb5-4fa4-a97d-d965ccfc6d4b" outcome="Passed" testListId="8c84fa94-04c1-424b-9868-57a2d4851a1d" relativeResultsDirectory="ebbd39ee-7065-4582-a69b-523d3b84f92e" />
    <UnitTestResult executionId="c8cce6f6-1077-4a44-b5cd-ac3a3de8993f" testId="ad8f6f68-90d6-6cad-38f7-1f7be53d4f24" testName="FS.GG.Coordination.QualificationManifestTests.generated producers cannot be the sole evidence for another gate class" computerName="780ae460ce3c" duration="00:00:00.0063948" startTime="2026-08-31T06:56:21.8175326+02:00" endTime="2026-08-31T06:56:21.8237775+02:00" testType="13cdc9d9-ddb5-4fa4-a97d-d965ccfc6d4b" outcome="Passed" testListId="8c84fa94-04c1-424b-9868-57a2d4851a1d" relativeResultsDirectory="c8cce6f6-1077-4a44-b5cd-ac3a3de8993f" />
    <UnitTestResult executionId="476dcf2c-57e9-429e-9ae5-48f25f43a3f1" testId="ac94a4d8-9280-1838-b939-0d6ee340b32f" testName="FS.GG.Coordination.GitHubTransportTests.revision and rate state preserve unknown stale and exhausted meaning" computerName="780ae460ce3c" duration="00:00:00.0012721" startTime="2026-08-31T06:56:21.6505360+02:00" endTime="2026-08-31T06:56:21.6505570+02:00" testType="13cdc9d9-ddb5-4fa4-a97d-d965ccfc6d4b" outcome="Passed" testListId="8c84fa94-04c1-424b-9868-57a2d4851a1d" relativeResultsDirectory="476dcf2c-57e9-429e-9ae5-48f25f43a3f1" />
    <UnitTestResult executionId="6ba836da-f824-4ed7-b668-ae0eebd966c4" testId="8f7fbbcb-cdcc-919c-10cc-b06d39ba99ae" testName="FS.GG.Coordination.QualificationManifestTests.qualification manifest omissions substitutions and independence failures are red" computerName="780ae460ce3c" duration="00:00:00.0430509" startTime="2026-08-31T06:56:21.6275884+02:00" endTime="2026-08-31T06:56:21.6721349+02:00" testType="13cdc9d9-ddb5-4fa4-a97d-d965ccfc6d4b" outcome="Passed" testListId="8c84fa94-04c1-424b-9868-57a2d4851a1d" relativeResultsDirectory="6ba836da-f824-4ed7-b668-ae0eebd966c4" />
    <UnitTestResult executionId="7e8fce79-64fd-4f2c-b90f-86cdd158cb0d" testId="61bed709-d51c-4546-1e19-d28244e22284" testName="FS.GG.Coordination.UnitTests.malformed published Quint kernel manifest is refused" computerName="780ae460ce3c" duration="00:00:00.0005320" startTime="2026-08-31T06:56:21.6877176+02:00" endTime="2026-08-31T06:56:21.6882172+02:00" testType="13cdc9d9-ddb5-4fa4-a97d-d965ccfc6d4b" outcome="Passed" testListId="8c84fa94-04c1-424b-9868-57a2d4851a1d" relativeResultsDirectory="7e8fce79-64fd-4f2c-b90f-86cdd158cb0d" />
    <UnitTestResult executionId="36cf1212-992f-464b-85bd-abd699564c92" testId="da9c3699-c19d-05c4-6b5c-57570b41b5db" testName="FS.GG.Coordination.RoadmapWorkTests.missing duplicate rejected stale and tampered receipts fail closed" computerName="780ae460ce3c" duration="00:00:00.0038803" startTime="2026-08-31T06:56:21.6621092+02:00" endTime="2026-08-31T06:56:21.6659182+02:00" testType="13cdc9d9-ddb5-4fa4-a97d-d965ccfc6d4b" outcome="Passed" testListId="8c84fa94-04c1-424b-9868-57a2d4851a1d" relativeResultsDirectory="36cf1212-992f-464b-85bd-abd699564c92" />
    <UnitTestResult executionId="7d39ca19-9a95-4572-8a90-cd4bd1060839" testId="7d64b838-8c5c-7918-f40d-6e360ef36539" testName="FS.GG.Coordination.GitHubTransportTests.REST Link parsing preserves next relation and rejects ambiguous mapping" computerName="780ae460ce3c" duration="00:00:00.0095121" startTime="2026-08-31T06:56:21.6275729+02:00" endTime="2026-08-31T06:56:21.6446993+02:00" testType="13cdc9d9-ddb5-4fa4-a97d-d965ccfc6d4b" outcome="Passed" testListId="8c84fa94-04c1-424b-9868-57a2d4851a1d" relativeResultsDirectory="7d39ca19-9a95-4572-8a90-cd4bd1060839" />
  </Results>
  <TestDefinitions>
    <UnitTest name="FS.GG.Coordination.CritiqueEvidenceTests.candidate evidence and finding content change bundle identity" storage="/tmp/fsgg-coordination-123/tests/fs.gg.coordination.unittests/bin/release/net10.0/fs.gg.coordination.unittests.dll" id="c9a7ceca-bc8a-248e-7214-f31cfe8112b4">
      <Execution id="0e303d03-f5af-4186-a8b9-109a3e595e14" />
      <TestMethod codeBase="/tmp/fsgg-coordination-123/tests/FS.GG.Coordination.UnitTests/bin/Release/net10.0/FS.GG.Coordination.UnitTests.dll" adapterTypeName="executor://xunit/VsTestRunner3/netcore/" className="FS.GG.Coordination.CritiqueEvidenceTests" name="candidate evidence and finding content change bundle identity" />
    </UnitTest>
    <UnitTest name="FS.GG.Coordination.QualificationManifestTests.resealed truncation of every closed inventory remains red" storage="/tmp/fsgg-coordination-123/tests/fs.gg.coordination.unittests/bin/release/net10.0/fs.gg.coordination.unittests.dll" id="96d0a3f6-0243-2c4d-0d2d-6e36cb59bca9">
      <Execution id="f11822d3-5f24-44b1-adf8-5337abd98af9" />
      <TestMethod codeBase="/tmp/fsgg-coordination-123/tests/FS.GG.Coordination.UnitTests/bin/Release/net10.0/FS.GG.Coordination.UnitTests.dll" adapterTypeName="executor://xunit/VsTestRunner3/netcore/" className="FS.GG.Coordination.QualificationManifestTests" name="resealed truncation of every closed inventory remains red" />
    </UnitTest>
    <UnitTest name="FS.GG.Coordination.QualificationManifestTests.semantic input changes manifest identity" storage="/tmp/fsgg-coordination-123/tests/fs.gg.coordination.unittests/bin/release/net10.0/fs.gg.coordination.unittests.dll" id="dba848b9-fd6f-8cd1-9530-478b4c0d4aa7">
      <Execution id="ecf0080d-62be-45f0-b175-ab9f37b677ae" />
      <TestMethod codeBase="/tmp/fsgg-coordination-123/tests/FS.GG.Coordination.UnitTests/bin/Release/net10.0/FS.GG.Coordination.UnitTests.dll" adapterTypeName="executor://xunit/VsTestRunner3/netcore/" className="FS.GG.Coordination.QualificationManifestTests" name="semantic input changes manifest identity" />
    </UnitTest>
    <UnitTest name="FS.GG.Coordination.RoadmapWorkTests.changed roadmap and unknown unit are refused distinctly" storage="/tmp/fsgg-coordination-123/tests/fs.gg.coordination.unittests/bin/release/net10.0/fs.gg.coordination.unittests.dll" id="f3529ae4-e62a-83e3-8fb6-1b6d60f162bd">
      <Execution id="6d36ffe7-453e-4a57-9ca1-45f88ee10864" />
      <TestMethod codeBase="/tmp/fsgg-coordination-123/tests/FS.GG.Coordination.UnitTests/bin/Release/net10.0/FS.GG.Coordination.UnitTests.dll" adapterTypeName="executor://xunit/VsTestRunner3/netcore/" className="FS.GG.Coordination.RoadmapWorkTests" name="changed roadmap and unknown unit are refused distinctly" />
    </UnitTest>
    <UnitTest name="FS.GG.Coordination.RoadmapWorkTests.candidate manifest is deterministic and never claims acceptance" storage="/tmp/fsgg-coordination-123/tests/fs.gg.coordination.unittests/bin/release/net10.0/fs.gg.coordination.unittests.dll" id="495add0d-b1de-9680-8b6c-0653c6468de1">
      <Execution id="d9ff5d45-00ed-4325-bf54-27c65e314a91" />
      <TestMethod codeBase="/tmp/fsgg-coordination-123/tests/FS.GG.Coordination.UnitTests/bin/Release/net10.0/FS.GG.Coordination.UnitTests.dll" adapterTypeName="executor://xunit/VsTestRunner3/netcore/" className="FS.GG.Coordination.RoadmapWorkTests" name="candidate manifest is deterministic and never claims acceptance" />
    </UnitTest>
    <UnitTest name="FS.GG.Coordination.UnitTests.app boundary is inert" storage="/tmp/fsgg-coordination-123/tests/fs.gg.coordination.unittests/bin/release/net10.0/fs.gg.coordination.unittests.dll" id="2747ae7f-aa47-9fb1-a156-779aabc305e5">
      <Execution id="a8532df1-2844-421d-ae60-6db590343195" />
      <TestMethod codeBase="/tmp/fsgg-coordination-123/tests/FS.GG.Coordination.UnitTests/bin/Release/net10.0/FS.GG.Coordination.UnitTests.dll" adapterTypeName="executor://xunit/VsTestRunner3/netcore/" className="FS.GG.Coordination.UnitTests" name="app boundary is inert" />
    </UnitTest>
    <UnitTest name="FS.GG.Coordination.QualificationManifestTests.harness mutation proof derives all controls and negative observations" storage="/tmp/fsgg-coordination-123/tests/fs.gg.coordination.unittests/bin/release/net10.0/fs.gg.coordination.unittests.dll" id="60aa9a0b-42df-bd98-cb91-770ba8a1d572">
      <Execution id="d7f708ad-6cfc-4fac-898b-2181ecfbce1a" />
      <TestMethod codeBase="/tmp/fsgg-coordination-123/tests/FS.GG.Coordination.UnitTests/bin/Release/net10.0/FS.GG.Coordination.UnitTests.dll" adapterTypeName="executor://xunit/VsTestRunner3/netcore/" className="FS.GG.Coordination.QualificationManifestTests" name="harness mutation proof derives all controls and negative observations" />
    </UnitTest>
    <UnitTest name="FS.GG.Coordination.QualificationManifestTests.complete qualification manifest is canonical deterministic and self bound" storage="/tmp/fsgg-coordination-123/tests/fs.gg.coordination.unittests/bin/release/net10.0/fs.gg.coordination.unittests.dll" id="6db2c0c3-3f05-10d4-3ea3-c5102bdce5db">
      <Execution id="fbbfcd6d-3a79-4f4c-bd34-a6daadbb87bd" />
      <TestMethod codeBase="/tmp/fsgg-coordination-123/tests/FS.GG.Coordination.UnitTests/bin/Release/net10.0/FS.GG.Coordination.UnitTests.dll" adapterTypeName="executor://xunit/VsTestRunner3/netcore/" className="FS.GG.Coordination.QualificationManifestTests" name="complete qualification manifest is canonical deterministic and self bound" />
    </UnitTest>
    <UnitTest name="FS.GG.Coordination.GitHubTransportTests.revision and rate state preserve unknown stale and exhausted meaning" storage="/tmp/fsgg-coordination-123/tests/fs.gg.coordination.unittests/bin/release/net10.0/fs.gg.coordination.unittests.dll" id="ac94a4d8-9280-1838-b939-0d6ee340b32f">
      <Execution id="476dcf2c-57e9-429e-9ae5-48f25f43a3f1" />
      <TestMethod codeBase="/tmp/fsgg-coordination-123/tests/FS.GG.Coordination.UnitTests/bin/Release/net10.0/FS.GG.Coordination.UnitTests.dll" adapterTypeName="executor://xunit/VsTestRunner3/netcore/" className="FS.GG.Coordination.GitHubTransportTests" name="revision and rate state preserve unknown stale and exhausted meaning" />
    </UnitTest>
    <UnitTest name="FS.GG.Coordination.UnitTests.altered published Quint kernel manifest is refused by digest and identity" storage="/tmp/fsgg-coordination-123/tests/fs.gg.coordination.unittests/bin/release/net10.0/fs.gg.coordination.unittests.dll" id="af634480-f99a-44a3-5b8d-9cf3e90e0b48">
      <Execution id="77b897af-b352-4d11-9cb0-fd4a667b1b7e" />
      <TestMethod codeBase="/tmp/fsgg-coordination-123/tests/FS.GG.Coordination.UnitTests/bin/Release/net10.0/FS.GG.Coordination.UnitTests.dll" adapterTypeName="executor://xunit/VsTestRunner3/netcore/" className="FS.GG.Coordination.UnitTests" name="altered published Quint kernel manifest is refused by digest and identity" />
    </UnitTest>
    <UnitTest name="FS.GG.Coordination.CritiqueEvidenceTests.absent stale duplicate forged truncated and prose only bundles are red" storage="/tmp/fsgg-coordination-123/tests/fs.gg.coordination.unittests/bin/release/net10.0/fs.gg.coordination.unittests.dll" id="b998af87-0cf0-728f-702d-6bbf6e3903c0">
      <Execution id="65f0b1e2-a12d-4024-9a7b-6c7eb1fadd00" />
      <TestMethod codeBase="/tmp/fsgg-coordination-123/tests/FS.GG.Coordination.UnitTests/bin/Release/net10.0/FS.GG.Coordination.UnitTests.dll" adapterTypeName="executor://xunit/VsTestRunner3/netcore/" className="FS.GG.Coordination.CritiqueEvidenceTests" name="absent stale duplicate forged truncated and prose only bundles are red" />
    </UnitTest>
    <UnitTest name="FS.GG.Coordination.QualificationManifestTests.qualification manifest omissions substitutions and independence failures are red" storage="/tmp/fsgg-coordination-123/tests/fs.gg.coordination.unittests/bin/release/net10.0/fs.gg.coordination.unittests.dll" id="8f7fbbcb-cdcc-919c-10cc-b06d39ba99ae">
      <Execution id="6ba836da-f824-4ed7-b668-ae0eebd966c4" />
      <TestMethod codeBase="/tmp/fsgg-coordination-123/tests/FS.GG.Coordination.UnitTests/bin/Release/net10.0/FS.GG.Coordination.UnitTests.dll" adapterTypeName="executor://xunit/VsTestRunner3/netcore/" className="FS.GG.Coordination.QualificationManifestTests" name="qualification manifest omissions substitutions and independence failures are red" />
    </UnitTest>
    <UnitTest name="FS.GG.Coordination.UnitTests.pure core declares only allowed inward dependencies" storage="/tmp/fsgg-coordination-123/tests/fs.gg.coordination.unittests/bin/release/net10.0/fs.gg.coordination.unittests.dll" id="4c695d88-2485-dbd5-4d1d-815a2487fa74">
      <Execution id="b8beffc0-676a-4f0b-b479-e5e4d5a65376" />
      <TestMethod codeBase="/tmp/fsgg-coordination-123/tests/FS.GG.Coordination.UnitTests/bin/Release/net10.0/FS.GG.Coordination.UnitTests.dll" adapterTypeName="executor://xunit/VsTestRunner3/netcore/" className="FS.GG.Coordination.UnitTests" name="pure core declares only allowed inward dependencies" />
    </UnitTest>
    <UnitTest name="FS.GG.Coordination.RoadmapWorkTests.missing duplicate rejected stale and tampered receipts fail closed" storage="/tmp/fsgg-coordination-123/tests/fs.gg.coordination.unittests/bin/release/net10.0/fs.gg.coordination.unittests.dll" id="da9c3699-c19d-05c4-6b5c-57570b41b5db">
      <Execution id="36cf1212-992f-464b-85bd-abd699564c92" />
      <TestMethod codeBase="/tmp/fsgg-coordination-123/tests/FS.GG.Coordination.UnitTests/bin/Release/net10.0/FS.GG.Coordination.UnitTests.dll" adapterTypeName="executor://xunit/VsTestRunner3/netcore/" className="FS.GG.Coordination.RoadmapWorkTests" name="missing duplicate rejected stale and tampered receipts fail closed" />
    </UnitTest>
    <UnitTest name="FS.GG.Coordination.UnitTests.malformed published Quint kernel manifest is refused" storage="/tmp/fsgg-coordination-123/tests/fs.gg.coordination.unittests/bin/release/net10.0/fs.gg.coordination.unittests.dll" id="61bed709-d51c-4546-1e19-d28244e22284">
      <Execution id="7e8fce79-64fd-4f2c-b90f-86cdd158cb0d" />
      <TestMethod codeBase="/tmp/fsgg-coordination-123/tests/FS.GG.Coordination.UnitTests/bin/Release/net10.0/FS.GG.Coordination.UnitTests.dll" adapterTypeName="executor://xunit/VsTestRunner3/netcore/" className="FS.GG.Coordination.UnitTests" name="malformed published Quint kernel manifest is refused" />
    </UnitTest>
    <UnitTest name="FS.GG.Coordination.UnitTests.generated protocol contract exposes stable profile-2 identities" storage="/tmp/fsgg-coordination-123/tests/fs.gg.coordination.unittests/bin/release/net10.0/fs.gg.coordination.unittests.dll" id="55045b65-427f-d4f9-98ee-3bd2668df296">
      <Execution id="38f7c96a-b3e5-46c5-9ff7-3f9afa18a99f" />
      <TestMethod codeBase="/tmp/fsgg-coordination-123/tests/FS.GG.Coordination.UnitTests/bin/Release/net10.0/FS.GG.Coordination.UnitTests.dll" adapterTypeName="executor://xunit/VsTestRunner3/netcore/" className="FS.GG.Coordination.UnitTests" name="generated protocol contract exposes stable profile-2 identities" />
    </UnitTest>
    <UnitTest name="FS.GG.Coordination.RoadmapWorkTests.manifest creation requires one canonical UTC instant form" storage="/tmp/fsgg-coordination-123/tests/fs.gg.coordination.unittests/bin/release/net10.0/fs.gg.coordination.unittests.dll" id="32efae01-4715-95f5-9ff2-199cc469668a">
      <Execution id="91a35e07-4dcd-4af1-9e70-d550a9982549" />
      <TestMethod codeBase="/tmp/fsgg-coordination-123/tests/FS.GG.Coordination.UnitTests/bin/Release/net10.0/FS.GG.Coordination.UnitTests.dll" adapterTypeName="executor://xunit/VsTestRunner3/netcore/" className="FS.GG.Coordination.RoadmapWorkTests" name="manifest creation requires one canonical UTC instant form" />
    </UnitTest>
    <UnitTest name="FS.GG.Coordination.RoadmapWorkTests.known unit inspection is bound to exact roadmap bytes" storage="/tmp/fsgg-coordination-123/tests/fs.gg.coordination.unittests/bin/release/net10.0/fs.gg.coordination.unittests.dll" id="453fd9e2-6016-3f5e-a73e-7c8f2b5cd39d">
      <Execution id="fd204a83-1665-4ded-9649-80f28c62ac62" />
      <TestMethod codeBase="/tmp/fsgg-coordination-123/tests/FS.GG.Coordination.UnitTests/bin/Release/net10.0/FS.GG.Coordination.UnitTests.dll" adapterTypeName="executor://xunit/VsTestRunner3/netcore/" className="FS.GG.Coordination.RoadmapWorkTests" name="known unit inspection is bound to exact roadmap bytes" />
    </UnitTest>
    <UnitTest name="FS.GG.Coordination.GitHubTransportTests.REST and GraphQL traversal require terminal completeness" storage="/tmp/fsgg-coordination-123/tests/fs.gg.coordination.unittests/bin/release/net10.0/fs.gg.coordination.unittests.dll" id="8708375f-c756-e690-ff37-4dd96ac5475a">
      <Execution id="767ba261-de13-43b1-a639-f501a9853e50" />
      <TestMethod codeBase="/tmp/fsgg-coordination-123/tests/FS.GG.Coordination.UnitTests/bin/Release/net10.0/FS.GG.Coordination.UnitTests.dll" adapterTypeName="executor://xunit/VsTestRunner3/netcore/" className="FS.GG.Coordination.GitHubTransportTests" name="REST and GraphQL traversal require terminal completeness" />
    </UnitTest>
    <UnitTest name="FS.GG.Coordination.RoadmapWorkTests.gate catalog arguments are pinned independently and list-only mutation is refused" storage="/tmp/fsgg-coordination-123/tests/fs.gg.coordination.unittests/bin/release/net10.0/fs.gg.coordination.unittests.dll" id="f03df1bf-97b8-3b05-9eba-658137a2830c">
      <Execution id="ebbd39ee-7065-4582-a69b-523d3b84f92e" />
      <TestMethod codeBase="/tmp/fsgg-coordination-123/tests/FS.GG.Coordination.UnitTests/bin/Release/net10.0/FS.GG.Coordination.UnitTests.dll" adapterTypeName="executor://xunit/VsTestRunner3/netcore/" className="FS.GG.Coordination.RoadmapWorkTests" name="gate catalog arguments are pinned independently and list-only mutation is refused" />
    </UnitTest>
    <UnitTest name="FS.GG.Coordination.UnitTests.protocol boundary has a stable initial identity" storage="/tmp/fsgg-coordination-123/tests/fs.gg.coordination.unittests/bin/release/net10.0/fs.gg.coordination.unittests.dll" id="d3cd4303-01d6-7feb-d596-2e241121b5d7">
      <Execution id="c85f616c-fc0a-4e80-bbd6-6192d2f22f9a" />
      <TestMethod codeBase="/tmp/fsgg-coordination-123/tests/FS.GG.Coordination.UnitTests/bin/Release/net10.0/FS.GG.Coordination.UnitTests.dll" adapterTypeName="executor://xunit/VsTestRunner3/netcore/" className="FS.GG.Coordination.UnitTests" name="protocol boundary has a stable initial identity" />
    </UnitTest>
    <UnitTest name="FS.GG.Coordination.RoadmapWorkTests.unknown qualification gate and JSON members are refused" storage="/tmp/fsgg-coordination-123/tests/fs.gg.coordination.unittests/bin/release/net10.0/fs.gg.coordination.unittests.dll" id="e180d8b1-d8f6-fe9c-2380-5cabfb589e47">
      <Execution id="0675ce72-dd95-474b-a9c6-e31af30d4de3" />
      <TestMethod codeBase="/tmp/fsgg-coordination-123/tests/FS.GG.Coordination.UnitTests/bin/Release/net10.0/FS.GG.Coordination.UnitTests.dll" adapterTypeName="executor://xunit/VsTestRunner3/netcore/" className="FS.GG.Coordination.RoadmapWorkTests" name="unknown qualification gate and JSON members are refused" />
    </UnitTest>
    <UnitTest name="FS.GG.Coordination.CritiqueEvidenceTests.invalid authority inventory phase evidence and time are refused before rendering" storage="/tmp/fsgg-coordination-123/tests/fs.gg.coordination.unittests/bin/release/net10.0/fs.gg.coordination.unittests.dll" id="3b1fc2e3-ee96-105f-ad0f-e9c11d9490be">
      <Execution id="328ae830-7d48-4eca-9269-a3ea59deaac4" />
      <TestMethod codeBase="/tmp/fsgg-coordination-123/tests/FS.GG.Coordination.UnitTests/bin/Release/net10.0/FS.GG.Coordination.UnitTests.dll" adapterTypeName="executor://xunit/VsTestRunner3/netcore/" className="FS.GG.Coordination.CritiqueEvidenceTests" name="invalid authority inventory phase evidence and time are refused before rendering" />
    </UnitTest>
    <UnitTest name="FS.GG.Coordination.GitHubTransportTests.API version and replay authority fail closed" storage="/tmp/fsgg-coordination-123/tests/fs.gg.coordination.unittests/bin/release/net10.0/fs.gg.coordination.unittests.dll" id="1ac10b01-5cd9-0000-5a9f-1624aa5a8838">
      <Execution id="f88493ea-f2ee-4862-a6cc-facf9f45f802" />
      <TestMethod codeBase="/tmp/fsgg-coordination-123/tests/FS.GG.Coordination.UnitTests/bin/Release/net10.0/FS.GG.Coordination.UnitTests.dll" adapterTypeName="executor://xunit/VsTestRunner3/netcore/" className="FS.GG.Coordination.GitHubTransportTests" name="API version and replay authority fail closed" />
    </UnitTest>
    <UnitTest name="FS.GG.Coordination.UnitTests.published Quint kernel manifest has the accepted identity and bundle digest" storage="/tmp/fsgg-coordination-123/tests/fs.gg.coordination.unittests/bin/release/net10.0/fs.gg.coordination.unittests.dll" id="25ab73f2-c36a-624e-368c-e3eb6ac9fcf4">
      <Execution id="e02cca97-6e2b-4564-a2b4-871da28c0213" />
      <TestMethod codeBase="/tmp/fsgg-coordination-123/tests/FS.GG.Coordination.UnitTests/bin/Release/net10.0/FS.GG.Coordination.UnitTests.dll" adapterTypeName="executor://xunit/VsTestRunner3/netcore/" className="FS.GG.Coordination.UnitTests" name="published Quint kernel manifest has the accepted identity and bundle digest" />
    </UnitTest>
    <UnitTest name="FS.GG.Coordination.GitHubTransportTests.fixture projection is stable allow-listed and leak rejecting" storage="/tmp/fsgg-coordination-123/tests/fs.gg.coordination.unittests/bin/release/net10.0/fs.gg.coordination.unittests.dll" id="00e743bc-27bd-66df-6e4f-3908d69690e5">
      <Execution id="ce740dd1-ba94-4efc-a07b-4c09af067f75" />
      <TestMethod codeBase="/tmp/fsgg-coordination-123/tests/FS.GG.Coordination.UnitTests/bin/Release/net10.0/FS.GG.Coordination.UnitTests.dll" adapterTypeName="executor://xunit/VsTestRunner3/netcore/" className="FS.GG.Coordination.GitHubTransportTests" name="fixture projection is stable allow-listed and leak rejecting" />
    </UnitTest>
    <UnitTest name="FS.GG.Coordination.CritiqueEvidenceTests.five perspectives generate one canonical derived green rollup" storage="/tmp/fsgg-coordination-123/tests/fs.gg.coordination.unittests/bin/release/net10.0/fs.gg.coordination.unittests.dll" id="0096c3b1-7ef2-465b-b28a-62bfbf61f789">
      <Execution id="95ac043f-6091-4cab-b155-9c520446cc7e" />
      <TestMethod codeBase="/tmp/fsgg-coordination-123/tests/FS.GG.Coordination.UnitTests/bin/Release/net10.0/FS.GG.Coordination.UnitTests.dll" adapterTypeName="executor://xunit/VsTestRunner3/netcore/" className="FS.GG.Coordination.CritiqueEvidenceTests" name="five perspectives generate one canonical derived green rollup" />
    </UnitTest>
    <UnitTest name="FS.GG.Coordination.RoadmapWorkTests.accepted exact prerequisite is ready" storage="/tmp/fsgg-coordination-123/tests/fs.gg.coordination.unittests/bin/release/net10.0/fs.gg.coordination.unittests.dll" id="0892fb94-202a-b0d4-2d11-72086f4774eb">
      <Execution id="5de2a74e-3efa-4099-9d4c-fc722c46e70f" />
      <TestMethod codeBase="/tmp/fsgg-coordination-123/tests/FS.GG.Coordination.UnitTests/bin/Release/net10.0/FS.GG.Coordination.UnitTests.dll" adapterTypeName="executor://xunit/VsTestRunner3/netcore/" className="FS.GG.Coordination.RoadmapWorkTests" name="accepted exact prerequisite is ready" />
    </UnitTest>
    <UnitTest name="FS.GG.Coordination.GitHubTransportTests.REST Link parsing preserves next relation and rejects ambiguous mapping" storage="/tmp/fsgg-coordination-123/tests/fs.gg.coordination.unittests/bin/release/net10.0/fs.gg.coordination.unittests.dll" id="7d64b838-8c5c-7918-f40d-6e360ef36539">
      <Execution id="7d39ca19-9a95-4572-8a90-cd4bd1060839" />
      <TestMethod codeBase="/tmp/fsgg-coordination-123/tests/FS.GG.Coordination.UnitTests/bin/Release/net10.0/FS.GG.Coordination.UnitTests.dll" adapterTypeName="executor://xunit/VsTestRunner3/netcore/" className="FS.GG.Coordination.GitHubTransportTests" name="REST Link parsing preserves next relation and rejects ambiguous mapping" />
    </UnitTest>
    <UnitTest name="FS.GG.Coordination.CritiqueEvidenceTests.changes required remains valid evidence but cannot derive green" storage="/tmp/fsgg-coordination-123/tests/fs.gg.coordination.unittests/bin/release/net10.0/fs.gg.coordination.unittests.dll" id="deaef829-c3c1-63ef-1128-94114bfe098f">
      <Execution id="f6460ebd-514f-4cb5-9e60-6aba47a98515" />
      <TestMethod codeBase="/tmp/fsgg-coordination-123/tests/FS.GG.Coordination.UnitTests/bin/Release/net10.0/FS.GG.Coordination.UnitTests.dll" adapterTypeName="executor://xunit/VsTestRunner3/netcore/" className="FS.GG.Coordination.CritiqueEvidenceTests" name="changes required remains valid evidence but cannot derive green" />
    </UnitTest>
    <UnitTest name="FS.GG.Coordination.UnitTests.qualification contracts carry a typed result" storage="/tmp/fsgg-coordination-123/tests/fs.gg.coordination.unittests/bin/release/net10.0/fs.gg.coordination.unittests.dll" id="d7872e2d-f53e-d344-3042-f7681a4789db">
      <Execution id="f4c3a1ef-2789-4105-b8ca-c22a7ef15b47" />
      <TestMethod codeBase="/tmp/fsgg-coordination-123/tests/FS.GG.Coordination.UnitTests/bin/Release/net10.0/FS.GG.Coordination.UnitTests.dll" adapterTypeName="executor://xunit/VsTestRunner3/netcore/" className="FS.GG.Coordination.UnitTests" name="qualification contracts carry a typed result" />
    </UnitTest>
    <UnitTest name="FS.GG.Coordination.GitHubTransportTests.qualification rejects producer gaps and accepts two closed inventories" storage="/tmp/fsgg-coordination-123/tests/fs.gg.coordination.unittests/bin/release/net10.0/fs.gg.coordination.unittests.dll" id="fe12808d-0506-6eab-eb05-77bd2e02ec15">
      <Execution id="ab31c345-5f91-4706-8b82-fa336d515953" />
      <TestMethod codeBase="/tmp/fsgg-coordination-123/tests/FS.GG.Coordination.UnitTests/bin/Release/net10.0/FS.GG.Coordination.UnitTests.dll" adapterTypeName="executor://xunit/VsTestRunner3/netcore/" className="FS.GG.Coordination.GitHubTransportTests" name="qualification rejects producer gaps and accepts two closed inventories" />
    </UnitTest>
    <UnitTest name="FS.GG.Coordination.QualificationManifestTests.generated producers cannot be the sole evidence for another gate class" storage="/tmp/fsgg-coordination-123/tests/fs.gg.coordination.unittests/bin/release/net10.0/fs.gg.coordination.unittests.dll" id="ad8f6f68-90d6-6cad-38f7-1f7be53d4f24">
      <Execution id="c8cce6f6-1077-4a44-b5cd-ac3a3de8993f" />
      <TestMethod codeBase="/tmp/fsgg-coordination-123/tests/FS.GG.Coordination.UnitTests/bin/Release/net10.0/FS.GG.Coordination.UnitTests.dll" adapterTypeName="executor://xunit/VsTestRunner3/netcore/" className="FS.GG.Coordination.QualificationManifestTests" name="generated producers cannot be the sole evidence for another gate class" />
    </UnitTest>
    <UnitTest name="FS.GG.Coordination.RoadmapWorkTests.manifest refuses traversal and validation refuses changed candidate" storage="/tmp/fsgg-coordination-123/tests/fs.gg.coordination.unittests/bin/release/net10.0/fs.gg.coordination.unittests.dll" id="00f8f62d-e0f2-cfca-7df2-e276009f44c7">
      <Execution id="c0789714-be19-4e6b-bd91-e7351d64786f" />
      <TestMethod codeBase="/tmp/fsgg-coordination-123/tests/FS.GG.Coordination.UnitTests/bin/Release/net10.0/FS.GG.Coordination.UnitTests.dll" adapterTypeName="executor://xunit/VsTestRunner3/netcore/" className="FS.GG.Coordination.RoadmapWorkTests" name="manifest refuses traversal and validation refuses changed candidate" />
    </UnitTest>
  </TestDefinitions>
  <TestEntries>
    <TestEntry testId="af634480-f99a-44a3-5b8d-9cf3e90e0b48" executionId="77b897af-b352-4d11-9cb0-fd4a667b1b7e" testListId="8c84fa94-04c1-424b-9868-57a2d4851a1d" />
    <TestEntry testId="495add0d-b1de-9680-8b6c-0653c6468de1" executionId="d9ff5d45-00ed-4325-bf54-27c65e314a91" testListId="8c84fa94-04c1-424b-9868-57a2d4851a1d" />
    <TestEntry testId="f3529ae4-e62a-83e3-8fb6-1b6d60f162bd" executionId="6d36ffe7-453e-4a57-9ca1-45f88ee10864" testListId="8c84fa94-04c1-424b-9868-57a2d4851a1d" />
    <TestEntry testId="deaef829-c3c1-63ef-1128-94114bfe098f" executionId="f6460ebd-514f-4cb5-9e60-6aba47a98515" testListId="8c84fa94-04c1-424b-9868-57a2d4851a1d" />
    <TestEntry testId="8708375f-c756-e690-ff37-4dd96ac5475a" executionId="767ba261-de13-43b1-a639-f501a9853e50" testListId="8c84fa94-04c1-424b-9868-57a2d4851a1d" />
    <TestEntry testId="6db2c0c3-3f05-10d4-3ea3-c5102bdce5db" executionId="fbbfcd6d-3a79-4f4c-bd34-a6daadbb87bd" testListId="8c84fa94-04c1-424b-9868-57a2d4851a1d" />
    <TestEntry testId="4c695d88-2485-dbd5-4d1d-815a2487fa74" executionId="b8beffc0-676a-4f0b-b479-e5e4d5a65376" testListId="8c84fa94-04c1-424b-9868-57a2d4851a1d" />
    <TestEntry testId="25ab73f2-c36a-624e-368c-e3eb6ac9fcf4" executionId="e02cca97-6e2b-4564-a2b4-871da28c0213" testListId="8c84fa94-04c1-424b-9868-57a2d4851a1d" />
    <TestEntry testId="1ac10b01-5cd9-0000-5a9f-1624aa5a8838" executionId="f88493ea-f2ee-4862-a6cc-facf9f45f802" testListId="8c84fa94-04c1-424b-9868-57a2d4851a1d" />
    <TestEntry testId="d7872e2d-f53e-d344-3042-f7681a4789db" executionId="f4c3a1ef-2789-4105-b8ca-c22a7ef15b47" testListId="8c84fa94-04c1-424b-9868-57a2d4851a1d" />
    <TestEntry testId="e180d8b1-d8f6-fe9c-2380-5cabfb589e47" executionId="0675ce72-dd95-474b-a9c6-e31af30d4de3" testListId="8c84fa94-04c1-424b-9868-57a2d4851a1d" />
    <TestEntry testId="55045b65-427f-d4f9-98ee-3bd2668df296" executionId="38f7c96a-b3e5-46c5-9ff7-3f9afa18a99f" testListId="8c84fa94-04c1-424b-9868-57a2d4851a1d" />
    <TestEntry testId="dba848b9-fd6f-8cd1-9530-478b4c0d4aa7" executionId="ecf0080d-62be-45f0-b175-ab9f37b677ae" testListId="8c84fa94-04c1-424b-9868-57a2d4851a1d" />
    <TestEntry testId="c9a7ceca-bc8a-248e-7214-f31cfe8112b4" executionId="0e303d03-f5af-4186-a8b9-109a3e595e14" testListId="8c84fa94-04c1-424b-9868-57a2d4851a1d" />
    <TestEntry testId="d3cd4303-01d6-7feb-d596-2e241121b5d7" executionId="c85f616c-fc0a-4e80-bbd6-6192d2f22f9a" testListId="8c84fa94-04c1-424b-9868-57a2d4851a1d" />
    <TestEntry testId="96d0a3f6-0243-2c4d-0d2d-6e36cb59bca9" executionId="f11822d3-5f24-44b1-adf8-5337abd98af9" testListId="8c84fa94-04c1-424b-9868-57a2d4851a1d" />
    <TestEntry testId="32efae01-4715-95f5-9ff2-199cc469668a" executionId="91a35e07-4dcd-4af1-9e70-d550a9982549" testListId="8c84fa94-04c1-424b-9868-57a2d4851a1d" />
    <TestEntry testId="60aa9a0b-42df-bd98-cb91-770ba8a1d572" executionId="d7f708ad-6cfc-4fac-898b-2181ecfbce1a" testListId="8c84fa94-04c1-424b-9868-57a2d4851a1d" />
    <TestEntry testId="00e743bc-27bd-66df-6e4f-3908d69690e5" executionId="ce740dd1-ba94-4efc-a07b-4c09af067f75" testListId="8c84fa94-04c1-424b-9868-57a2d4851a1d" />
    <TestEntry testId="0892fb94-202a-b0d4-2d11-72086f4774eb" executionId="5de2a74e-3efa-4099-9d4c-fc722c46e70f" testListId="8c84fa94-04c1-424b-9868-57a2d4851a1d" />
    <TestEntry testId="00f8f62d-e0f2-cfca-7df2-e276009f44c7" executionId="c0789714-be19-4e6b-bd91-e7351d64786f" testListId="8c84fa94-04c1-424b-9868-57a2d4851a1d" />
    <TestEntry testId="0096c3b1-7ef2-465b-b28a-62bfbf61f789" executionId="95ac043f-6091-4cab-b155-9c520446cc7e" testListId="8c84fa94-04c1-424b-9868-57a2d4851a1d" />
    <TestEntry testId="2747ae7f-aa47-9fb1-a156-779aabc305e5" executionId="a8532df1-2844-421d-ae60-6db590343195" testListId="8c84fa94-04c1-424b-9868-57a2d4851a1d" />
    <TestEntry testId="fe12808d-0506-6eab-eb05-77bd2e02ec15" executionId="ab31c345-5f91-4706-8b82-fa336d515953" testListId="8c84fa94-04c1-424b-9868-57a2d4851a1d" />
    <TestEntry testId="3b1fc2e3-ee96-105f-ad0f-e9c11d9490be" executionId="328ae830-7d48-4eca-9269-a3ea59deaac4" testListId="8c84fa94-04c1-424b-9868-57a2d4851a1d" />
    <TestEntry testId="453fd9e2-6016-3f5e-a73e-7c8f2b5cd39d" executionId="fd204a83-1665-4ded-9649-80f28c62ac62" testListId="8c84fa94-04c1-424b-9868-57a2d4851a1d" />
    <TestEntry testId="b998af87-0cf0-728f-702d-6bbf6e3903c0" executionId="65f0b1e2-a12d-4024-9a7b-6c7eb1fadd00" testListId="8c84fa94-04c1-424b-9868-57a2d4851a1d" />
    <TestEntry testId="f03df1bf-97b8-3b05-9eba-658137a2830c" executionId="ebbd39ee-7065-4582-a69b-523d3b84f92e" testListId="8c84fa94-04c1-424b-9868-57a2d4851a1d" />
    <TestEntry testId="ad8f6f68-90d6-6cad-38f7-1f7be53d4f24" executionId="c8cce6f6-1077-4a44-b5cd-ac3a3de8993f" testListId="8c84fa94-04c1-424b-9868-57a2d4851a1d" />
    <TestEntry testId="ac94a4d8-9280-1838-b939-0d6ee340b32f" executionId="476dcf2c-57e9-429e-9ae5-48f25f43a3f1" testListId="8c84fa94-04c1-424b-9868-57a2d4851a1d" />
    <TestEntry testId="8f7fbbcb-cdcc-919c-10cc-b06d39ba99ae" executionId="6ba836da-f824-4ed7-b668-ae0eebd966c4" testListId="8c84fa94-04c1-424b-9868-57a2d4851a1d" />
    <TestEntry testId="61bed709-d51c-4546-1e19-d28244e22284" executionId="7e8fce79-64fd-4f2c-b90f-86cdd158cb0d" testListId="8c84fa94-04c1-424b-9868-57a2d4851a1d" />
    <TestEntry testId="da9c3699-c19d-05c4-6b5c-57570b41b5db" executionId="36cf1212-992f-464b-85bd-abd699564c92" testListId="8c84fa94-04c1-424b-9868-57a2d4851a1d" />
    <TestEntry testId="7d64b838-8c5c-7918-f40d-6e360ef36539" executionId="7d39ca19-9a95-4572-8a90-cd4bd1060839" testListId="8c84fa94-04c1-424b-9868-57a2d4851a1d" />
  </TestEntries>
  <TestLists>
    <TestList name="Results Not in a List" id="8c84fa94-04c1-424b-9868-57a2d4851a1d" />
    <TestList name="All Loaded Results" id="19431567-8539-422a-85d7-44ee4e166bda" />
  </TestLists>
  <ResultSummary outcome="Completed">
    <Counters total="34" executed="34" passed="34" failed="0" error="0" timeout="0" aborted="0" inconclusive="0" passedButRunAborted="0" notRunnable="0" notExecuted="0" disconnected="0" warning="0" completed="0" inProgress="0" pending="0" />
    <Output>
      <StdOut>[xUnit.net 00:00:00.00] xUnit.net VSTest Adapter v3.1.5+1b188a7b0a (64-bit .NET 10.0.11)
[xUnit.net 00:00:00.04]   Discovering: FS.GG.Coordination.UnitTests
[xUnit.net 00:00:00.07]   Discovered:  FS.GG.Coordination.UnitTests
[xUnit.net 00:00:00.08]   Starting:    FS.GG.Coordination.UnitTests
[xUnit.net 00:00:00.29]   Finished:    FS.GG.Coordination.UnitTests
</StdOut>
    </Output>
  </ResultSummary>
</TestRun>