<?xml version="1.0" encoding="utf-8"?>
<TestRun id="66ba2a97-73e1-479e-bf2b-e299e5f887cf" name="@780ae460ce3c 2026-08-31 06:11:12" xmlns="http://microsoft.com/schemas/VisualStudio/TeamTest/2010">
  <Times creation="2026-08-31T06:11:12.1735567+02:00" queuing="2026-08-31T06:11:12.1735567+02:00" start="2026-08-31T06:11:11.8246898+02:00" finish="2026-08-31T06:11:12.3687259+02:00" />
  <TestSettings name="default" id="a3015cf2-d939-4a9c-9bcf-f03a683a0f9d">
    <Deployment runDeploymentRoot="_780ae460ce3c_2026-08-31_06_11_12" />
  </TestSettings>
  <Results>
    <UnitTestResult executionId="253ba761-d5a0-43d4-9e2e-2893d3a8fa8b" testId="3b1fc2e3-ee96-105f-ad0f-e9c11d9490be" testName="FS.GG.Coordination.CritiqueEvidenceTests.invalid authority inventory phase evidence and time are refused before rendering" computerName="780ae460ce3c" duration="00:00:00.0161653" startTime="2026-08-31T06:11:12.1190252+02:00" endTime="2026-08-31T06:11:12.1425009+02:00" testType="13cdc9d9-ddb5-4fa4-a97d-d965ccfc6d4b" outcome="Passed" testListId="8c84fa94-04c1-424b-9868-57a2d4851a1d" relativeResultsDirectory="253ba761-d5a0-43d4-9e2e-2893d3a8fa8b" />
    <UnitTestResult executionId="80da88be-0609-4e52-b1a8-fa86ad9d1dec" testId="60aa9a0b-42df-bd98-cb91-770ba8a1d572" testName="FS.GG.Coordination.QualificationManifestTests.harness mutation proof derives all controls and negative observations" computerName="780ae460ce3c" duration="00:00:00.1275967" startTime="2026-08-31T06:11:12.1921168+02:00" endTime="2026-08-31T06:11:12.3197631+02:00" testType="13cdc9d9-ddb5-4fa4-a97d-d965ccfc6d4b" outcome="Passed" testListId="8c84fa94-04c1-424b-9868-57a2d4851a1d" relativeResultsDirectory="80da88be-0609-4e52-b1a8-fa86ad9d1dec" />
    <UnitTestResult executionId="ff37327e-448f-445d-b087-b38b9e540734" testId="b998af87-0cf0-728f-702d-6bbf6e3903c0" testName="FS.GG.Coordination.CritiqueEvidenceTests.absent stale duplicate forged truncated and prose only bundles are red" computerName="780ae460ce3c" duration="00:00:00.0127365" startTime="2026-08-31T06:11:12.1426453+02:00" endTime="2026-08-31T06:11:12.1502151+02:00" testType="13cdc9d9-ddb5-4fa4-a97d-d965ccfc6d4b" outcome="Passed" testListId="8c84fa94-04c1-424b-9868-57a2d4851a1d" relativeResultsDirectory="ff37327e-448f-445d-b087-b38b9e540734" />
    <UnitTestResult executionId="038813be-03e9-4e45-94f4-2feec79c780b" testId="55045b65-427f-d4f9-98ee-3bd2668df296" testName="FS.GG.Coordination.UnitTests.generated protocol contract exposes stable profile-2 identities" computerName="780ae460ce3c" duration="00:00:00.0580142" startTime="2026-08-31T06:11:12.1424788+02:00" endTime="2026-08-31T06:11:12.1935275+02:00" testType="13cdc9d9-ddb5-4fa4-a97d-d965ccfc6d4b" outcome="Passed" testListId="8c84fa94-04c1-424b-9868-57a2d4851a1d" relativeResultsDirectory="038813be-03e9-4e45-94f4-2feec79c780b" />
    <UnitTestResult executionId="dd017f5b-fd22-46e2-8595-58e0ab9279a0" testId="f3529ae4-e62a-83e3-8fb6-1b6d60f162bd" testName="FS.GG.Coordination.RoadmapWorkTests.changed roadmap and unknown unit are refused distinctly" computerName="780ae460ce3c" duration="00:00:00.0377139" startTime="2026-08-31T06:11:12.1189820+02:00" endTime="2026-08-31T06:11:12.1590156+02:00" testType="13cdc9d9-ddb5-4fa4-a97d-d965ccfc6d4b" outcome="Passed" testListId="8c84fa94-04c1-424b-9868-57a2d4851a1d" relativeResultsDirectory="dd017f5b-fd22-46e2-8595-58e0ab9279a0" />
    <UnitTestResult executionId="98d85e03-7f76-4ffe-93b5-9f3ebb332045" testId="00e743bc-27bd-66df-6e4f-3908d69690e5" testName="FS.GG.Coordination.GitHubTransportTests.fixture projection is stable allow-listed and leak rejecting" computerName="780ae460ce3c" duration="00:00:00.0023463" startTime="2026-08-31T06:11:12.1505580+02:00" endTime="2026-08-31T06:11:12.1528582+02:00" testType="13cdc9d9-ddb5-4fa4-a97d-d965ccfc6d4b" outcome="Passed" testListId="8c84fa94-04c1-424b-9868-57a2d4851a1d" relativeResultsDirectory="98d85e03-7f76-4ffe-93b5-9f3ebb332045" />
    <UnitTestResult executionId="1b72e104-cea8-4178-bdfc-2964ec3e41c0" testId="96d0a3f6-0243-2c4d-0d2d-6e36cb59bca9" testName="FS.GG.Coordination.QualificationManifestTests.resealed truncation of every closed inventory remains red" computerName="780ae460ce3c" duration="00:00:00.0108909" startTime="2026-08-31T06:11:12.1811719+02:00" endTime="2026-08-31T06:11:12.1920242+02:00" testType="13cdc9d9-ddb5-4fa4-a97d-d965ccfc6d4b" outcome="Passed" testListId="8c84fa94-04c1-424b-9868-57a2d4851a1d" relativeResultsDirectory="1b72e104-cea8-4178-bdfc-2964ec3e41c0" />
    <UnitTestResult executionId="2f30230d-fe67-4091-9244-a6375a21cdc9" testId="dba848b9-fd6f-8cd1-9530-478b4c0d4aa7" testName="FS.GG.Coordination.QualificationManifestTests.semantic input changes manifest identity" computerName="780ae460ce3c" duration="00:00:00.0027077" startTime="2026-08-31T06:11:12.3271114+02:00" endTime="2026-08-31T06:11:12.3297812+02:00" testType="13cdc9d9-ddb5-4fa4-a97d-d965ccfc6d4b" outcome="Passed" testListId="8c84fa94-04c1-424b-9868-57a2d4851a1d" relativeResultsDirectory="2f30230d-fe67-4091-9244-a6375a21cdc9" />
    <UnitTestResult executionId="e9141060-6c84-4947-9f48-57a8e71ef5c1" testId="4c695d88-2485-dbd5-4d1d-815a2487fa74" testName="FS.GG.Coordination.UnitTests.pure core declares only allowed inward dependencies" computerName="780ae460ce3c" duration="00:00:00.0007942" startTime="2026-08-31T06:11:12.1958435+02:00" endTime="2026-08-31T06:11:12.1964482+02:00" testType="13cdc9d9-ddb5-4fa4-a97d-d965ccfc6d4b" outcome="Passed" testListId="8c84fa94-04c1-424b-9868-57a2d4851a1d" relativeResultsDirectory="e9141060-6c84-4947-9f48-57a8e71ef5c1" />
    <UnitTestResult executionId="6c2165c9-d67e-4c7f-a060-6314411287cf" testId="453fd9e2-6016-3f5e-a73e-7c8f2b5cd39d" testName="FS.GG.Coordination.RoadmapWorkTests.known unit inspection is bound to exact roadmap bytes" computerName="780ae460ce3c" duration="00:00:00.0003111" startTime="2026-08-31T06:11:12.1712744+02:00" endTime="2026-08-31T06:11:12.1715462+02:00" testType="13cdc9d9-ddb5-4fa4-a97d-d965ccfc6d4b" outcome="Passed" testListId="8c84fa94-04c1-424b-9868-57a2d4851a1d" relativeResultsDirectory="6c2165c9-d67e-4c7f-a060-6314411287cf" />
    <UnitTestResult executionId="2cb0eccd-f72c-4f30-957c-f6733f52eeec" testId="af634480-f99a-44a3-5b8d-9cf3e90e0b48" testName="FS.GG.Coordination.UnitTests.altered published Quint kernel manifest is refused by digest and identity" computerName="780ae460ce3c" duration="00:00:00.0047095" startTime="2026-08-31T06:11:12.1409487+02:00" endTime="2026-08-31T06:11:12.1423640+02:00" testType="13cdc9d9-ddb5-4fa4-a97d-d965ccfc6d4b" outcome="Passed" testListId="8c84fa94-04c1-424b-9868-57a2d4851a1d" relativeResultsDirectory="2cb0eccd-f72c-4f30-957c-f6733f52eeec" />
    <UnitTestResult executionId="64f717a4-c16a-4cc4-b018-9ad8b0a1e6c3" testId="e180d8b1-d8f6-fe9c-2380-5cabfb589e47" testName="FS.GG.Coordination.RoadmapWorkTests.unknown qualification gate and JSON members are refused" computerName="780ae460ce3c" duration="00:00:00.0002712" startTime="2026-08-31T06:11:12.1660982+02:00" endTime="2026-08-31T06:11:12.1663005+02:00" testType="13cdc9d9-ddb5-4fa4-a97d-d965ccfc6d4b" outcome="Passed" testListId="8c84fa94-04c1-424b-9868-57a2d4851a1d" relativeResultsDirectory="64f717a4-c16a-4cc4-b018-9ad8b0a1e6c3" />
    <UnitTestResult executionId="cc17988c-1c1e-492d-9277-7fb72f45b320" testId="deaef829-c3c1-63ef-1128-94114bfe098f" testName="FS.GG.Coordination.CritiqueEvidenceTests.changes required remains valid evidence but cannot derive green" computerName="780ae460ce3c" duration="00:00:00.0005925" startTime="2026-08-31T06:11:12.1547247+02:00" endTime="2026-08-31T06:11:12.1552505+02:00" testType="13cdc9d9-ddb5-4fa4-a97d-d965ccfc6d4b" outcome="Passed" testListId="8c84fa94-04c1-424b-9868-57a2d4851a1d" relativeResultsDirectory="cc17988c-1c1e-492d-9277-7fb72f45b320" />
    <UnitTestResult executionId="1b4fe651-ca5e-4351-9e0b-2fc734b0092d" testId="ac94a4d8-9280-1838-b939-0d6ee340b32f" testName="FS.GG.Coordination.GitHubTransportTests.revision and rate state preserve unknown stale and exhausted meaning" computerName="780ae460ce3c" duration="00:00:00.0022506" startTime="2026-08-31T06:11:12.1495572+02:00" endTime="2026-08-31T06:11:12.1495760+02:00" testType="13cdc9d9-ddb5-4fa4-a97d-d965ccfc6d4b" outcome="Passed" testListId="8c84fa94-04c1-424b-9868-57a2d4851a1d" relativeResultsDirectory="1b4fe651-ca5e-4351-9e0b-2fc734b0092d" />
    <UnitTestResult executionId="9d933b6b-dd45-4c8f-b46e-768393c727b4" testId="da9c3699-c19d-05c4-6b5c-57570b41b5db" testName="FS.GG.Coordination.RoadmapWorkTests.missing duplicate rejected stale and tampered receipts fail closed" computerName="780ae460ce3c" duration="00:00:00.0046232" startTime="2026-08-31T06:11:12.1613592+02:00" endTime="2026-08-31T06:11:12.1659711+02:00" testType="13cdc9d9-ddb5-4fa4-a97d-d965ccfc6d4b" outcome="Passed" testListId="8c84fa94-04c1-424b-9868-57a2d4851a1d" relativeResultsDirectory="9d933b6b-dd45-4c8f-b46e-768393c727b4" />
    <UnitTestResult executionId="c15a0da7-89c8-44b7-8b72-49a2e68fb1fe" testId="00f8f62d-e0f2-cfca-7df2-e276009f44c7" testName="FS.GG.Coordination.RoadmapWorkTests.manifest refuses traversal and validation refuses changed candidate" computerName="780ae460ce3c" duration="00:00:00.0038178" startTime="2026-08-31T06:11:12.1673986+02:00" endTime="2026-08-31T06:11:12.1711955+02:00" testType="13cdc9d9-ddb5-4fa4-a97d-d965ccfc6d4b" outcome="Passed" testListId="8c84fa94-04c1-424b-9868-57a2d4851a1d" relativeResultsDirectory="c15a0da7-89c8-44b7-8b72-49a2e68fb1fe" />
    <UnitTestResult executionId="f7c13616-aedc-404b-b915-69bbffc88dd6" testId="8708375f-c756-e690-ff37-4dd96ac5475a" testName="FS.GG.Coordination.GitHubTransportTests.REST and GraphQL traversal require terminal completeness" computerName="780ae460ce3c" duration="00:00:00.0098245" startTime="2026-08-31T06:11:12.1497531+02:00" endTime="2026-08-31T06:11:12.1504787+02:00" testType="13cdc9d9-ddb5-4fa4-a97d-d965ccfc6d4b" outcome="Passed" testListId="8c84fa94-04c1-424b-9868-57a2d4851a1d" relativeResultsDirectory="f7c13616-aedc-404b-b915-69bbffc88dd6" />
    <UnitTestResult executionId="39e122ad-d4f7-4560-aa9e-c3f75df28d0c" testId="2747ae7f-aa47-9fb1-a156-779aabc305e5" testName="FS.GG.Coordination.UnitTests.app boundary is inert" computerName="780ae460ce3c" duration="00:00:00.0002218" startTime="2026-08-31T06:11:12.1942501+02:00" endTime="2026-08-31T06:11:12.1944154+02:00" testType="13cdc9d9-ddb5-4fa4-a97d-d965ccfc6d4b" outcome="Passed" testListId="8c84fa94-04c1-424b-9868-57a2d4851a1d" relativeResultsDirectory="39e122ad-d4f7-4560-aa9e-c3f75df28d0c" />
    <UnitTestResult executionId="375cfbdd-ebad-458c-a492-f44756b34254" testId="1ac10b01-5cd9-0000-5a9f-1624aa5a8838" testName="FS.GG.Coordination.GitHubTransportTests.API version and replay authority fail closed" computerName="780ae460ce3c" duration="00:00:00.0059079" startTime="2026-08-31T06:11:12.1423382+02:00" endTime="2026-08-31T06:11:12.1426601+02:00" testType="13cdc9d9-ddb5-4fa4-a97d-d965ccfc6d4b" outcome="Passed" testListId="8c84fa94-04c1-424b-9868-57a2d4851a1d" relativeResultsDirectory="375cfbdd-ebad-458c-a492-f44756b34254" />
    <UnitTestResult executionId="c5487425-ab3a-4fde-b4b3-54275a0eddbd" testId="d7872e2d-f53e-d344-3042-f7681a4789db" testName="FS.GG.Coordination.UnitTests.qualification contracts carry a typed result" computerName="780ae460ce3c" duration="00:00:00.0000254" startTime="2026-08-31T06:11:12.1956458+02:00" endTime="2026-08-31T06:11:12.1956537+02:00" testType="13cdc9d9-ddb5-4fa4-a97d-d965ccfc6d4b" outcome="Passed" testListId="8c84fa94-04c1-424b-9868-57a2d4851a1d" relativeResultsDirectory="c5487425-ab3a-4fde-b4b3-54275a0eddbd" />
    <UnitTestResult executionId="ca6775dd-2fe5-4113-a810-80430cc76517" testId="f03df1bf-97b8-3b05-9eba-658137a2830c" testName="FS.GG.Coordination.RoadmapWorkTests.gate catalog arguments are pinned independently and list-only mutation is refused" computerName="780ae460ce3c" duration="00:00:00.0024826" startTime="2026-08-31T06:11:12.1716334+02:00" endTime="2026-08-31T06:11:12.1740601+02:00" testType="13cdc9d9-ddb5-4fa4-a97d-d965ccfc6d4b" outcome="Passed" testListId="8c84fa94-04c1-424b-9868-57a2d4851a1d" relativeResultsDirectory="ca6775dd-2fe5-4113-a810-80430cc76517" />
    <UnitTestResult executionId="85d0c48e-76bb-41dc-bf46-98800093b512" testId="25ab73f2-c36a-624e-368c-e3eb6ac9fcf4" testName="FS.GG.Coordination.UnitTests.published Quint kernel manifest has the accepted identity and bundle digest" computerName="780ae460ce3c" duration="00:00:00.0076201" startTime="2026-08-31T06:11:12.1190100+02:00" endTime="2026-08-31T06:11:12.1309322+02:00" testType="13cdc9d9-ddb5-4fa4-a97d-d965ccfc6d4b" outcome="Passed" testListId="8c84fa94-04c1-424b-9868-57a2d4851a1d" relativeResultsDirectory="85d0c48e-76bb-41dc-bf46-98800093b512" />
    <UnitTestResult executionId="181ce641-4f8b-4f22-9329-755dd78b43f5" testId="6db2c0c3-3f05-10d4-3ea3-c5102bdce5db" testName="FS.GG.Coordination.QualificationManifestTests.complete qualification manifest is canonical deterministic and self bound" computerName="780ae460ce3c" duration="00:00:00.0066066" startTime="2026-08-31T06:11:12.1746414+02:00" endTime="2026-08-31T06:11:12.1810945+02:00" testType="13cdc9d9-ddb5-4fa4-a97d-d965ccfc6d4b" outcome="Passed" testListId="8c84fa94-04c1-424b-9868-57a2d4851a1d" relativeResultsDirectory="181ce641-4f8b-4f22-9329-755dd78b43f5" />
    <UnitTestResult executionId="ab2800ba-2ce3-4769-801e-e38426f83093" testId="0096c3b1-7ef2-465b-b28a-62bfbf61f789" testName="FS.GG.Coordination.CritiqueEvidenceTests.five perspectives generate one canonical derived green rollup" computerName="780ae460ce3c" duration="00:00:00.0031627" startTime="2026-08-31T06:11:12.1502952+02:00" endTime="2026-08-31T06:11:12.1534469+02:00" testType="13cdc9d9-ddb5-4fa4-a97d-d965ccfc6d4b" outcome="Passed" testListId="8c84fa94-04c1-424b-9868-57a2d4851a1d" relativeResultsDirectory="ab2800ba-2ce3-4769-801e-e38426f83093" />
    <UnitTestResult executionId="bc4413de-26c1-49a4-929f-0a9eff43b376" testId="8f7fbbcb-cdcc-919c-10cc-b06d39ba99ae" testName="FS.GG.Coordination.QualificationManifestTests.qualification manifest omissions substitutions and independence failures are red" computerName="780ae460ce3c" duration="00:00:00.0531562" startTime="2026-08-31T06:11:12.1190385+02:00" endTime="2026-08-31T06:11:12.1744318+02:00" testType="13cdc9d9-ddb5-4fa4-a97d-d965ccfc6d4b" outcome="Passed" testListId="8c84fa94-04c1-424b-9868-57a2d4851a1d" relativeResultsDirectory="bc4413de-26c1-49a4-929f-0a9eff43b376" />
    <UnitTestResult executionId="957d66e6-053c-4277-9736-54efa5d44954" testId="0892fb94-202a-b0d4-2d11-72086f4774eb" testName="FS.GG.Coordination.RoadmapWorkTests.accepted exact prerequisite is ready" computerName="780ae460ce3c" duration="00:00:00.0009737" startTime="2026-08-31T06:11:12.1664092+02:00" endTime="2026-08-31T06:11:12.1673183+02:00" testType="13cdc9d9-ddb5-4fa4-a97d-d965ccfc6d4b" outcome="Passed" testListId="8c84fa94-04c1-424b-9868-57a2d4851a1d" relativeResultsDirectory="957d66e6-053c-4277-9736-54efa5d44954" />
    <UnitTestResult executionId="dbb0fa21-f060-441a-aecd-180e11ac0576" testId="fe12808d-0506-6eab-eb05-77bd2e02ec15" testName="FS.GG.Coordination.GitHubTransportTests.qualification rejects producer gaps and accepts two closed inventories" computerName="780ae460ce3c" duration="00:00:00.0021521" startTime="2026-08-31T06:11:12.1529662+02:00" endTime="2026-08-31T06:11:12.1550554+02:00" testType="13cdc9d9-ddb5-4fa4-a97d-d965ccfc6d4b" outcome="Passed" testListId="8c84fa94-04c1-424b-9868-57a2d4851a1d" relativeResultsDirectory="dbb0fa21-f060-441a-aecd-180e11ac0576" />
    <UnitTestResult executionId="2834c357-d335-4a6b-8847-eb4d452d6f34" testId="32efae01-4715-95f5-9ff2-199cc469668a" testName="FS.GG.Coordination.RoadmapWorkTests.manifest creation requires one canonical UTC instant form" computerName="780ae460ce3c" duration="00:00:00.0022382" startTime="2026-08-31T06:11:12.1593399+02:00" endTime="2026-08-31T06:11:12.1612704+02:00" testType="13cdc9d9-ddb5-4fa4-a97d-d965ccfc6d4b" outcome="Passed" testListId="8c84fa94-04c1-424b-9868-57a2d4851a1d" relativeResultsDirectory="2834c357-d335-4a6b-8847-eb4d452d6f34" />
    <UnitTestResult executionId="26c0c44e-d1f9-4dd2-9ae9-f73cfbce262c" testId="d3cd4303-01d6-7feb-d596-2e241121b5d7" testName="FS.GG.Coordination.UnitTests.protocol boundary has a stable initial identity" computerName="780ae460ce3c" duration="00:00:00.0011506" startTime="2026-08-31T06:11:12.1944914+02:00" endTime="2026-08-31T06:11:12.1955895+02:00" testType="13cdc9d9-ddb5-4fa4-a97d-d965ccfc6d4b" outcome="Passed" testListId="8c84fa94-04c1-424b-9868-57a2d4851a1d" relativeResultsDirectory="26c0c44e-d1f9-4dd2-9ae9-f73cfbce262c" />
    <UnitTestResult executionId="363b4396-bcfc-4d25-bf6e-91db7a5614b1" testId="7d64b838-8c5c-7918-f40d-6e360ef36539" testName="FS.GG.Coordination.GitHubTransportTests.REST Link parsing preserves next relation and rejects ambiguous mapping" computerName="780ae460ce3c" duration="00:00:00.0111458" startTime="2026-08-31T06:11:12.1182140+02:00" endTime="2026-08-31T06:11:12.1417339+02:00" testType="13cdc9d9-ddb5-4fa4-a97d-d965ccfc6d4b" outcome="Passed" testListId="8c84fa94-04c1-424b-9868-57a2d4851a1d" relativeResultsDirectory="363b4396-bcfc-4d25-bf6e-91db7a5614b1" />
    <UnitTestResult executionId="f0f68cfb-dff3-45c2-888b-b7d46b8e76f9" testId="ad8f6f68-90d6-6cad-38f7-1f7be53d4f24" testName="FS.GG.Coordination.QualificationManifestTests.generated producers cannot be the sole evidence for another gate class" computerName="780ae460ce3c" duration="00:00:00.0072233" startTime="2026-08-31T06:11:12.3199078+02:00" endTime="2026-08-31T06:11:12.3270050+02:00" testType="13cdc9d9-ddb5-4fa4-a97d-d965ccfc6d4b" outcome="Passed" testListId="8c84fa94-04c1-424b-9868-57a2d4851a1d" relativeResultsDirectory="f0f68cfb-dff3-45c2-888b-b7d46b8e76f9" />
    <UnitTestResult executionId="7052b46a-01f9-4028-94c9-f1ef2948fd0d" testId="61bed709-d51c-4546-1e19-d28244e22284" testName="FS.GG.Coordination.UnitTests.malformed published Quint kernel manifest is refused" computerName="780ae460ce3c" duration="00:00:00.0005821" startTime="2026-08-31T06:11:12.1935920+02:00" endTime="2026-08-31T06:11:12.1941642+02:00" testType="13cdc9d9-ddb5-4fa4-a97d-d965ccfc6d4b" outcome="Passed" testListId="8c84fa94-04c1-424b-9868-57a2d4851a1d" relativeResultsDirectory="7052b46a-01f9-4028-94c9-f1ef2948fd0d" />
    <UnitTestResult executionId="514c53b0-6449-45c9-bcfd-5faae2fa537d" testId="c9a7ceca-bc8a-248e-7214-f31cfe8112b4" testName="FS.GG.Coordination.CritiqueEvidenceTests.candidate evidence and finding content change bundle identity" computerName="780ae460ce3c" duration="00:00:00.0011984" startTime="2026-08-31T06:11:12.1535879+02:00" endTime="2026-08-31T06:11:12.1546379+02:00" testType="13cdc9d9-ddb5-4fa4-a97d-d965ccfc6d4b" outcome="Passed" testListId="8c84fa94-04c1-424b-9868-57a2d4851a1d" relativeResultsDirectory="514c53b0-6449-45c9-bcfd-5faae2fa537d" />
    <UnitTestResult executionId="ed5aeaf6-6f58-4a6b-9663-0392fab0887a" testId="495add0d-b1de-9680-8b6c-0653c6468de1" testName="FS.GG.Coordination.RoadmapWorkTests.candidate manifest is deterministic and never claims acceptance" computerName="780ae460ce3c" duration="00:00:00.0014710" startTime="2026-08-31T06:11:12.1741369+02:00" endTime="2026-08-31T06:11:12.1755787+02:00" testType="13cdc9d9-ddb5-4fa4-a97d-d965ccfc6d4b" outcome="Passed" testListId="8c84fa94-04c1-424b-9868-57a2d4851a1d" relativeResultsDirectory="ed5aeaf6-6f58-4a6b-9663-0392fab0887a" />
  </Results>
  <TestDefinitions>
    <UnitTest name="FS.GG.Coordination.CritiqueEvidenceTests.candidate evidence and finding content change bundle identity" storage="/tmp/fsgg-coordination-123/tests/fs.gg.coordination.unittests/bin/release/net10.0/fs.gg.coordination.unittests.dll" id="c9a7ceca-bc8a-248e-7214-f31cfe8112b4">
      <Execution id="514c53b0-6449-45c9-bcfd-5faae2fa537d" />
      <TestMethod codeBase="/tmp/fsgg-coordination-123/tests/FS.GG.Coordination.UnitTests/bin/Release/net10.0/FS.GG.Coordination.UnitTests.dll" adapterTypeName="executor://xunit/VsTestRunner3/netcore/" className="FS.GG.Coordination.CritiqueEvidenceTests" name="candidate evidence and finding content change bundle identity" />
    </UnitTest>
    <UnitTest name="FS.GG.Coordination.QualificationManifestTests.resealed truncation of every closed inventory remains red" storage="/tmp/fsgg-coordination-123/tests/fs.gg.coordination.unittests/bin/release/net10.0/fs.gg.coordination.unittests.dll" id="96d0a3f6-0243-2c4d-0d2d-6e36cb59bca9">
      <Execution id="1b72e104-cea8-4178-bdfc-2964ec3e41c0" />
      <TestMethod codeBase="/tmp/fsgg-coordination-123/tests/FS.GG.Coordination.UnitTests/bin/Release/net10.0/FS.GG.Coordination.UnitTests.dll" adapterTypeName="executor://xunit/VsTestRunner3/netcore/" className="FS.GG.Coordination.QualificationManifestTests" name="resealed truncation of every closed inventory remains red" />
    </UnitTest>
    <UnitTest name="FS.GG.Coordination.QualificationManifestTests.semantic input changes manifest identity" storage="/tmp/fsgg-coordination-123/tests/fs.gg.coordination.unittests/bin/release/net10.0/fs.gg.coordination.unittests.dll" id="dba848b9-fd6f-8cd1-9530-478b4c0d4aa7">
      <Execution id="2f30230d-fe67-4091-9244-a6375a21cdc9" />
      <TestMethod codeBase="/tmp/fsgg-coordination-123/tests/FS.GG.Coordination.UnitTests/bin/Release/net10.0/FS.GG.Coordination.UnitTests.dll" adapterTypeName="executor://xunit/VsTestRunner3/netcore/" className="FS.GG.Coordination.QualificationManifestTests" name="semantic input changes manifest identity" />
    </UnitTest>
    <UnitTest name="FS.GG.Coordination.RoadmapWorkTests.changed roadmap and unknown unit are refused distinctly" storage="/tmp/fsgg-coordination-123/tests/fs.gg.coordination.unittests/bin/release/net10.0/fs.gg.coordination.unittests.dll" id="f3529ae4-e62a-83e3-8fb6-1b6d60f162bd">
      <Execution id="dd017f5b-fd22-46e2-8595-58e0ab9279a0" />
      <TestMethod codeBase="/tmp/fsgg-coordination-123/tests/FS.GG.Coordination.UnitTests/bin/Release/net10.0/FS.GG.Coordination.UnitTests.dll" adapterTypeName="executor://xunit/VsTestRunner3/netcore/" className="FS.GG.Coordination.RoadmapWorkTests" name="changed roadmap and unknown unit are refused distinctly" />
    </UnitTest>
    <UnitTest name="FS.GG.Coordination.RoadmapWorkTests.candidate manifest is deterministic and never claims acceptance" storage="/tmp/fsgg-coordination-123/tests/fs.gg.coordination.unittests/bin/release/net10.0/fs.gg.coordination.unittests.dll" id="495add0d-b1de-9680-8b6c-0653c6468de1">
      <Execution id="ed5aeaf6-6f58-4a6b-9663-0392fab0887a" />
      <TestMethod codeBase="/tmp/fsgg-coordination-123/tests/FS.GG.Coordination.UnitTests/bin/Release/net10.0/FS.GG.Coordination.UnitTests.dll" adapterTypeName="executor://xunit/VsTestRunner3/netcore/" className="FS.GG.Coordination.RoadmapWorkTests" name="candidate manifest is deterministic and never claims acceptance" />
    </UnitTest>
    <UnitTest name="FS.GG.Coordination.UnitTests.app boundary is inert" storage="/tmp/fsgg-coordination-123/tests/fs.gg.coordination.unittests/bin/release/net10.0/fs.gg.coordination.unittests.dll" id="2747ae7f-aa47-9fb1-a156-779aabc305e5">
      <Execution id="39e122ad-d4f7-4560-aa9e-c3f75df28d0c" />
      <TestMethod codeBase="/tmp/fsgg-coordination-123/tests/FS.GG.Coordination.UnitTests/bin/Release/net10.0/FS.GG.Coordination.UnitTests.dll" adapterTypeName="executor://xunit/VsTestRunner3/netcore/" className="FS.GG.Coordination.UnitTests" name="app boundary is inert" />
    </UnitTest>
    <UnitTest name="FS.GG.Coordination.QualificationManifestTests.harness mutation proof derives all controls and negative observations" storage="/tmp/fsgg-coordination-123/tests/fs.gg.coordination.unittests/bin/release/net10.0/fs.gg.coordination.unittests.dll" id="60aa9a0b-42df-bd98-cb91-770ba8a1d572">
      <Execution id="80da88be-0609-4e52-b1a8-fa86ad9d1dec" />
      <TestMethod codeBase="/tmp/fsgg-coordination-123/tests/FS.GG.Coordination.UnitTests/bin/Release/net10.0/FS.GG.Coordination.UnitTests.dll" adapterTypeName="executor://xunit/VsTestRunner3/netcore/" className="FS.GG.Coordination.QualificationManifestTests" name="harness mutation proof derives all controls and negative observations" />
    </UnitTest>
    <UnitTest name="FS.GG.Coordination.QualificationManifestTests.complete qualification manifest is canonical deterministic and self bound" storage="/tmp/fsgg-coordination-123/tests/fs.gg.coordination.unittests/bin/release/net10.0/fs.gg.coordination.unittests.dll" id="6db2c0c3-3f05-10d4-3ea3-c5102bdce5db">
      <Execution id="181ce641-4f8b-4f22-9329-755dd78b43f5" />
      <TestMethod codeBase="/tmp/fsgg-coordination-123/tests/FS.GG.Coordination.UnitTests/bin/Release/net10.0/FS.GG.Coordination.UnitTests.dll" adapterTypeName="executor://xunit/VsTestRunner3/netcore/" className="FS.GG.Coordination.QualificationManifestTests" name="complete qualification manifest is canonical deterministic and self bound" />
    </UnitTest>
    <UnitTest name="FS.GG.Coordination.GitHubTransportTests.revision and rate state preserve unknown stale and exhausted meaning" storage="/tmp/fsgg-coordination-123/tests/fs.gg.coordination.unittests/bin/release/net10.0/fs.gg.coordination.unittests.dll" id="ac94a4d8-9280-1838-b939-0d6ee340b32f">
      <Execution id="1b4fe651-ca5e-4351-9e0b-2fc734b0092d" />
      <TestMethod codeBase="/tmp/fsgg-coordination-123/tests/FS.GG.Coordination.UnitTests/bin/Release/net10.0/FS.GG.Coordination.UnitTests.dll" adapterTypeName="executor://xunit/VsTestRunner3/netcore/" className="FS.GG.Coordination.GitHubTransportTests" name="revision and rate state preserve unknown stale and exhausted meaning" />
    </UnitTest>
    <UnitTest name="FS.GG.Coordination.UnitTests.altered published Quint kernel manifest is refused by digest and identity" storage="/tmp/fsgg-coordination-123/tests/fs.gg.coordination.unittests/bin/release/net10.0/fs.gg.coordination.unittests.dll" id="af634480-f99a-44a3-5b8d-9cf3e90e0b48">
      <Execution id="2cb0eccd-f72c-4f30-957c-f6733f52eeec" />
      <TestMethod codeBase="/tmp/fsgg-coordination-123/tests/FS.GG.Coordination.UnitTests/bin/Release/net10.0/FS.GG.Coordination.UnitTests.dll" adapterTypeName="executor://xunit/VsTestRunner3/netcore/" className="FS.GG.Coordination.UnitTests" name="altered published Quint kernel manifest is refused by digest and identity" />
    </UnitTest>
    <UnitTest name="FS.GG.Coordination.CritiqueEvidenceTests.absent stale duplicate forged truncated and prose only bundles are red" storage="/tmp/fsgg-coordination-123/tests/fs.gg.coordination.unittests/bin/release/net10.0/fs.gg.coordination.unittests.dll" id="b998af87-0cf0-728f-702d-6bbf6e3903c0">
      <Execution id="ff37327e-448f-445d-b087-b38b9e540734" />
      <TestMethod codeBase="/tmp/fsgg-coordination-123/tests/FS.GG.Coordination.UnitTests/bin/Release/net10.0/FS.GG.Coordination.UnitTests.dll" adapterTypeName="executor://xunit/VsTestRunner3/netcore/" className="FS.GG.Coordination.CritiqueEvidenceTests" name="absent stale duplicate forged truncated and prose only bundles are red" />
    </UnitTest>
    <UnitTest name="FS.GG.Coordination.QualificationManifestTests.qualification manifest omissions substitutions and independence failures are red" storage="/tmp/fsgg-coordination-123/tests/fs.gg.coordination.unittests/bin/release/net10.0/fs.gg.coordination.unittests.dll" id="8f7fbbcb-cdcc-919c-10cc-b06d39ba99ae">
      <Execution id="bc4413de-26c1-49a4-929f-0a9eff43b376" />
      <TestMethod codeBase="/tmp/fsgg-coordination-123/tests/FS.GG.Coordination.UnitTests/bin/Release/net10.0/FS.GG.Coordination.UnitTests.dll" adapterTypeName="executor://xunit/VsTestRunner3/netcore/" className="FS.GG.Coordination.QualificationManifestTests" name="qualification manifest omissions substitutions and independence failures are red" />
    </UnitTest>
    <UnitTest name="FS.GG.Coordination.UnitTests.pure core declares only allowed inward dependencies" storage="/tmp/fsgg-coordination-123/tests/fs.gg.coordination.unittests/bin/release/net10.0/fs.gg.coordination.unittests.dll" id="4c695d88-2485-dbd5-4d1d-815a2487fa74">
      <Execution id="e9141060-6c84-4947-9f48-57a8e71ef5c1" />
      <TestMethod codeBase="/tmp/fsgg-coordination-123/tests/FS.GG.Coordination.UnitTests/bin/Release/net10.0/FS.GG.Coordination.UnitTests.dll" adapterTypeName="executor://xunit/VsTestRunner3/netcore/" className="FS.GG.Coordination.UnitTests" name="pure core declares only allowed inward dependencies" />
    </UnitTest>
    <UnitTest name="FS.GG.Coordination.RoadmapWorkTests.missing duplicate rejected stale and tampered receipts fail closed" storage="/tmp/fsgg-coordination-123/tests/fs.gg.coordination.unittests/bin/release/net10.0/fs.gg.coordination.unittests.dll" id="da9c3699-c19d-05c4-6b5c-57570b41b5db">
      <Execution id="9d933b6b-dd45-4c8f-b46e-768393c727b4" />
      <TestMethod codeBase="/tmp/fsgg-coordination-123/tests/FS.GG.Coordination.UnitTests/bin/Release/net10.0/FS.GG.Coordination.UnitTests.dll" adapterTypeName="executor://xunit/VsTestRunner3/netcore/" className="FS.GG.Coordination.RoadmapWorkTests" name="missing duplicate rejected stale and tampered receipts fail closed" />
    </UnitTest>
    <UnitTest name="FS.GG.Coordination.UnitTests.malformed published Quint kernel manifest is refused" storage="/tmp/fsgg-coordination-123/tests/fs.gg.coordination.unittests/bin/release/net10.0/fs.gg.coordination.unittests.dll" id="61bed709-d51c-4546-1e19-d28244e22284">
      <Execution id="7052b46a-01f9-4028-94c9-f1ef2948fd0d" />
      <TestMethod codeBase="/tmp/fsgg-coordination-123/tests/FS.GG.Coordination.UnitTests/bin/Release/net10.0/FS.GG.Coordination.UnitTests.dll" adapterTypeName="executor://xunit/VsTestRunner3/netcore/" className="FS.GG.Coordination.UnitTests" name="malformed published Quint kernel manifest is refused" />
    </UnitTest>
    <UnitTest name="FS.GG.Coordination.UnitTests.generated protocol contract exposes stable profile-2 identities" storage="/tmp/fsgg-coordination-123/tests/fs.gg.coordination.unittests/bin/release/net10.0/fs.gg.coordination.unittests.dll" id="55045b65-427f-d4f9-98ee-3bd2668df296">
      <Execution id="038813be-03e9-4e45-94f4-2feec79c780b" />
      <TestMethod codeBase="/tmp/fsgg-coordination-123/tests/FS.GG.Coordination.UnitTests/bin/Release/net10.0/FS.GG.Coordination.UnitTests.dll" adapterTypeName="executor://xunit/VsTestRunner3/netcore/" className="FS.GG.Coordination.UnitTests" name="generated protocol contract exposes stable profile-2 identities" />
    </UnitTest>
    <UnitTest name="FS.GG.Coordination.RoadmapWorkTests.manifest creation requires one canonical UTC instant form" storage="/tmp/fsgg-coordination-123/tests/fs.gg.coordination.unittests/bin/release/net10.0/fs.gg.coordination.unittests.dll" id="32efae01-4715-95f5-9ff2-199cc469668a">
      <Execution id="2834c357-d335-4a6b-8847-eb4d452d6f34" />
      <TestMethod codeBase="/tmp/fsgg-coordination-123/tests/FS.GG.Coordination.UnitTests/bin/Release/net10.0/FS.GG.Coordination.UnitTests.dll" adapterTypeName="executor://xunit/VsTestRunner3/netcore/" className="FS.GG.Coordination.RoadmapWorkTests" name="manifest creation requires one canonical UTC instant form" />
    </UnitTest>
    <UnitTest name="FS.GG.Coordination.RoadmapWorkTests.known unit inspection is bound to exact roadmap bytes" storage="/tmp/fsgg-coordination-123/tests/fs.gg.coordination.unittests/bin/release/net10.0/fs.gg.coordination.unittests.dll" id="453fd9e2-6016-3f5e-a73e-7c8f2b5cd39d">
      <Execution id="6c2165c9-d67e-4c7f-a060-6314411287cf" />
      <TestMethod codeBase="/tmp/fsgg-coordination-123/tests/FS.GG.Coordination.UnitTests/bin/Release/net10.0/FS.GG.Coordination.UnitTests.dll" adapterTypeName="executor://xunit/VsTestRunner3/netcore/" className="FS.GG.Coordination.RoadmapWorkTests" name="known unit inspection is bound to exact roadmap bytes" />
    </UnitTest>
    <UnitTest name="FS.GG.Coordination.GitHubTransportTests.REST and GraphQL traversal require terminal completeness" storage="/tmp/fsgg-coordination-123/tests/fs.gg.coordination.unittests/bin/release/net10.0/fs.gg.coordination.unittests.dll" id="8708375f-c756-e690-ff37-4dd96ac5475a">
      <Execution id="f7c13616-aedc-404b-b915-69bbffc88dd6" />
      <TestMethod codeBase="/tmp/fsgg-coordination-123/tests/FS.GG.Coordination.UnitTests/bin/Release/net10.0/FS.GG.Coordination.UnitTests.dll" adapterTypeName="executor://xunit/VsTestRunner3/netcore/" className="FS.GG.Coordination.GitHubTransportTests" name="REST and GraphQL traversal require terminal completeness" />
    </UnitTest>
    <UnitTest name="FS.GG.Coordination.RoadmapWorkTests.gate catalog arguments are pinned independently and list-only mutation is refused" storage="/tmp/fsgg-coordination-123/tests/fs.gg.coordination.unittests/bin/release/net10.0/fs.gg.coordination.unittests.dll" id="f03df1bf-97b8-3b05-9eba-658137a2830c">
      <Execution id="ca6775dd-2fe5-4113-a810-80430cc76517" />
      <TestMethod codeBase="/tmp/fsgg-coordination-123/tests/FS.GG.Coordination.UnitTests/bin/Release/net10.0/FS.GG.Coordination.UnitTests.dll" adapterTypeName="executor://xunit/VsTestRunner3/netcore/" className="FS.GG.Coordination.RoadmapWorkTests" name="gate catalog arguments are pinned independently and list-only mutation is refused" />
    </UnitTest>
    <UnitTest name="FS.GG.Coordination.UnitTests.protocol boundary has a stable initial identity" storage="/tmp/fsgg-coordination-123/tests/fs.gg.coordination.unittests/bin/release/net10.0/fs.gg.coordination.unittests.dll" id="d3cd4303-01d6-7feb-d596-2e241121b5d7">
      <Execution id="26c0c44e-d1f9-4dd2-9ae9-f73cfbce262c" />
      <TestMethod codeBase="/tmp/fsgg-coordination-123/tests/FS.GG.Coordination.UnitTests/bin/Release/net10.0/FS.GG.Coordination.UnitTests.dll" adapterTypeName="executor://xunit/VsTestRunner3/netcore/" className="FS.GG.Coordination.UnitTests" name="protocol boundary has a stable initial identity" />
    </UnitTest>
    <UnitTest name="FS.GG.Coordination.RoadmapWorkTests.unknown qualification gate and JSON members are refused" storage="/tmp/fsgg-coordination-123/tests/fs.gg.coordination.unittests/bin/release/net10.0/fs.gg.coordination.unittests.dll" id="e180d8b1-d8f6-fe9c-2380-5cabfb589e47">
      <Execution id="64f717a4-c16a-4cc4-b018-9ad8b0a1e6c3" />
      <TestMethod codeBase="/tmp/fsgg-coordination-123/tests/FS.GG.Coordination.UnitTests/bin/Release/net10.0/FS.GG.Coordination.UnitTests.dll" adapterTypeName="executor://xunit/VsTestRunner3/netcore/" className="FS.GG.Coordination.RoadmapWorkTests" name="unknown qualification gate and JSON members are refused" />
    </UnitTest>
    <UnitTest name="FS.GG.Coordination.CritiqueEvidenceTests.invalid authority inventory phase evidence and time are refused before rendering" storage="/tmp/fsgg-coordination-123/tests/fs.gg.coordination.unittests/bin/release/net10.0/fs.gg.coordination.unittests.dll" id="3b1fc2e3-ee96-105f-ad0f-e9c11d9490be">
      <Execution id="253ba761-d5a0-43d4-9e2e-2893d3a8fa8b" />
      <TestMethod codeBase="/tmp/fsgg-coordination-123/tests/FS.GG.Coordination.UnitTests/bin/Release/net10.0/FS.GG.Coordination.UnitTests.dll" adapterTypeName="executor://xunit/VsTestRunner3/netcore/" className="FS.GG.Coordination.CritiqueEvidenceTests" name="invalid authority inventory phase evidence and time are refused before rendering" />
    </UnitTest>
    <UnitTest name="FS.GG.Coordination.GitHubTransportTests.API version and replay authority fail closed" storage="/tmp/fsgg-coordination-123/tests/fs.gg.coordination.unittests/bin/release/net10.0/fs.gg.coordination.unittests.dll" id="1ac10b01-5cd9-0000-5a9f-1624aa5a8838">
      <Execution id="375cfbdd-ebad-458c-a492-f44756b34254" />
      <TestMethod codeBase="/tmp/fsgg-coordination-123/tests/FS.GG.Coordination.UnitTests/bin/Release/net10.0/FS.GG.Coordination.UnitTests.dll" adapterTypeName="executor://xunit/VsTestRunner3/netcore/" className="FS.GG.Coordination.GitHubTransportTests" name="API version and replay authority fail closed" />
    </UnitTest>
    <UnitTest name="FS.GG.Coordination.UnitTests.published Quint kernel manifest has the accepted identity and bundle digest" storage="/tmp/fsgg-coordination-123/tests/fs.gg.coordination.unittests/bin/release/net10.0/fs.gg.coordination.unittests.dll" id="25ab73f2-c36a-624e-368c-e3eb6ac9fcf4">
      <Execution id="85d0c48e-76bb-41dc-bf46-98800093b512" />
      <TestMethod codeBase="/tmp/fsgg-coordination-123/tests/FS.GG.Coordination.UnitTests/bin/Release/net10.0/FS.GG.Coordination.UnitTests.dll" adapterTypeName="executor://xunit/VsTestRunner3/netcore/" className="FS.GG.Coordination.UnitTests" name="published Quint kernel manifest has the accepted identity and bundle digest" />
    </UnitTest>
    <UnitTest name="FS.GG.Coordination.GitHubTransportTests.fixture projection is stable allow-listed and leak rejecting" storage="/tmp/fsgg-coordination-123/tests/fs.gg.coordination.unittests/bin/release/net10.0/fs.gg.coordination.unittests.dll" id="00e743bc-27bd-66df-6e4f-3908d69690e5">
      <Execution id="98d85e03-7f76-4ffe-93b5-9f3ebb332045" />
      <TestMethod codeBase="/tmp/fsgg-coordination-123/tests/FS.GG.Coordination.UnitTests/bin/Release/net10.0/FS.GG.Coordination.UnitTests.dll" adapterTypeName="executor://xunit/VsTestRunner3/netcore/" className="FS.GG.Coordination.GitHubTransportTests" name="fixture projection is stable allow-listed and leak rejecting" />
    </UnitTest>
    <UnitTest name="FS.GG.Coordination.CritiqueEvidenceTests.five perspectives generate one canonical derived green rollup" storage="/tmp/fsgg-coordination-123/tests/fs.gg.coordination.unittests/bin/release/net10.0/fs.gg.coordination.unittests.dll" id="0096c3b1-7ef2-465b-b28a-62bfbf61f789">
      <Execution id="ab2800ba-2ce3-4769-801e-e38426f83093" />
      <TestMethod codeBase="/tmp/fsgg-coordination-123/tests/FS.GG.Coordination.UnitTests/bin/Release/net10.0/FS.GG.Coordination.UnitTests.dll" adapterTypeName="executor://xunit/VsTestRunner3/netcore/" className="FS.GG.Coordination.CritiqueEvidenceTests" name="five perspectives generate one canonical derived green rollup" />
    </UnitTest>
    <UnitTest name="FS.GG.Coordination.RoadmapWorkTests.accepted exact prerequisite is ready" storage="/tmp/fsgg-coordination-123/tests/fs.gg.coordination.unittests/bin/release/net10.0/fs.gg.coordination.unittests.dll" id="0892fb94-202a-b0d4-2d11-72086f4774eb">
      <Execution id="957d66e6-053c-4277-9736-54efa5d44954" />
      <TestMethod codeBase="/tmp/fsgg-coordination-123/tests/FS.GG.Coordination.UnitTests/bin/Release/net10.0/FS.GG.Coordination.UnitTests.dll" adapterTypeName="executor://xunit/VsTestRunner3/netcore/" className="FS.GG.Coordination.RoadmapWorkTests" name="accepted exact prerequisite is ready" />
    </UnitTest>
    <UnitTest name="FS.GG.Coordination.GitHubTransportTests.REST Link parsing preserves next relation and rejects ambiguous mapping" storage="/tmp/fsgg-coordination-123/tests/fs.gg.coordination.unittests/bin/release/net10.0/fs.gg.coordination.unittests.dll" id="7d64b838-8c5c-7918-f40d-6e360ef36539">
      <Execution id="363b4396-bcfc-4d25-bf6e-91db7a5614b1" />
      <TestMethod codeBase="/tmp/fsgg-coordination-123/tests/FS.GG.Coordination.UnitTests/bin/Release/net10.0/FS.GG.Coordination.UnitTests.dll" adapterTypeName="executor://xunit/VsTestRunner3/netcore/" className="FS.GG.Coordination.GitHubTransportTests" name="REST Link parsing preserves next relation and rejects ambiguous mapping" />
    </UnitTest>
    <UnitTest name="FS.GG.Coordination.CritiqueEvidenceTests.changes required remains valid evidence but cannot derive green" storage="/tmp/fsgg-coordination-123/tests/fs.gg.coordination.unittests/bin/release/net10.0/fs.gg.coordination.unittests.dll" id="deaef829-c3c1-63ef-1128-94114bfe098f">
      <Execution id="cc17988c-1c1e-492d-9277-7fb72f45b320" />
      <TestMethod codeBase="/tmp/fsgg-coordination-123/tests/FS.GG.Coordination.UnitTests/bin/Release/net10.0/FS.GG.Coordination.UnitTests.dll" adapterTypeName="executor://xunit/VsTestRunner3/netcore/" className="FS.GG.Coordination.CritiqueEvidenceTests" name="changes required remains valid evidence but cannot derive green" />
    </UnitTest>
    <UnitTest name="FS.GG.Coordination.UnitTests.qualification contracts carry a typed result" storage="/tmp/fsgg-coordination-123/tests/fs.gg.coordination.unittests/bin/release/net10.0/fs.gg.coordination.unittests.dll" id="d7872e2d-f53e-d344-3042-f7681a4789db">
      <Execution id="c5487425-ab3a-4fde-b4b3-54275a0eddbd" />
      <TestMethod codeBase="/tmp/fsgg-coordination-123/tests/FS.GG.Coordination.UnitTests/bin/Release/net10.0/FS.GG.Coordination.UnitTests.dll" adapterTypeName="executor://xunit/VsTestRunner3/netcore/" className="FS.GG.Coordination.UnitTests" name="qualification contracts carry a typed result" />
    </UnitTest>
    <UnitTest name="FS.GG.Coordination.GitHubTransportTests.qualification rejects producer gaps and accepts two closed inventories" storage="/tmp/fsgg-coordination-123/tests/fs.gg.coordination.unittests/bin/release/net10.0/fs.gg.coordination.unittests.dll" id="fe12808d-0506-6eab-eb05-77bd2e02ec15">
      <Execution id="dbb0fa21-f060-441a-aecd-180e11ac0576" />
      <TestMethod codeBase="/tmp/fsgg-coordination-123/tests/FS.GG.Coordination.UnitTests/bin/Release/net10.0/FS.GG.Coordination.UnitTests.dll" adapterTypeName="executor://xunit/VsTestRunner3/netcore/" className="FS.GG.Coordination.GitHubTransportTests" name="qualification rejects producer gaps and accepts two closed inventories" />
    </UnitTest>
    <UnitTest name="FS.GG.Coordination.QualificationManifestTests.generated producers cannot be the sole evidence for another gate class" storage="/tmp/fsgg-coordination-123/tests/fs.gg.coordination.unittests/bin/release/net10.0/fs.gg.coordination.unittests.dll" id="ad8f6f68-90d6-6cad-38f7-1f7be53d4f24">
      <Execution id="f0f68cfb-dff3-45c2-888b-b7d46b8e76f9" />
      <TestMethod codeBase="/tmp/fsgg-coordination-123/tests/FS.GG.Coordination.UnitTests/bin/Release/net10.0/FS.GG.Coordination.UnitTests.dll" adapterTypeName="executor://xunit/VsTestRunner3/netcore/" className="FS.GG.Coordination.QualificationManifestTests" name="generated producers cannot be the sole evidence for another gate class" />
    </UnitTest>
    <UnitTest name="FS.GG.Coordination.RoadmapWorkTests.manifest refuses traversal and validation refuses changed candidate" storage="/tmp/fsgg-coordination-123/tests/fs.gg.coordination.unittests/bin/release/net10.0/fs.gg.coordination.unittests.dll" id="00f8f62d-e0f2-cfca-7df2-e276009f44c7">
      <Execution id="c15a0da7-89c8-44b7-8b72-49a2e68fb1fe" />
      <TestMethod codeBase="/tmp/fsgg-coordination-123/tests/FS.GG.Coordination.UnitTests/bin/Release/net10.0/FS.GG.Coordination.UnitTests.dll" adapterTypeName="executor://xunit/VsTestRunner3/netcore/" className="FS.GG.Coordination.RoadmapWorkTests" name="manifest refuses traversal and validation refuses changed candidate" />
    </UnitTest>
  </TestDefinitions>
  <TestEntries>
    <TestEntry testId="3b1fc2e3-ee96-105f-ad0f-e9c11d9490be" executionId="253ba761-d5a0-43d4-9e2e-2893d3a8fa8b" testListId="8c84fa94-04c1-424b-9868-57a2d4851a1d" />
    <TestEntry testId="60aa9a0b-42df-bd98-cb91-770ba8a1d572" executionId="80da88be-0609-4e52-b1a8-fa86ad9d1dec" testListId="8c84fa94-04c1-424b-9868-57a2d4851a1d" />
    <TestEntry testId="b998af87-0cf0-728f-702d-6bbf6e3903c0" executionId="ff37327e-448f-445d-b087-b38b9e540734" testListId="8c84fa94-04c1-424b-9868-57a2d4851a1d" />
    <TestEntry testId="55045b65-427f-d4f9-98ee-3bd2668df296" executionId="038813be-03e9-4e45-94f4-2feec79c780b" testListId="8c84fa94-04c1-424b-9868-57a2d4851a1d" />
    <TestEntry testId="f3529ae4-e62a-83e3-8fb6-1b6d60f162bd" executionId="dd017f5b-fd22-46e2-8595-58e0ab9279a0" testListId="8c84fa94-04c1-424b-9868-57a2d4851a1d" />
    <TestEntry testId="00e743bc-27bd-66df-6e4f-3908d69690e5" executionId="98d85e03-7f76-4ffe-93b5-9f3ebb332045" testListId="8c84fa94-04c1-424b-9868-57a2d4851a1d" />
    <TestEntry testId="96d0a3f6-0243-2c4d-0d2d-6e36cb59bca9" executionId="1b72e104-cea8-4178-bdfc-2964ec3e41c0" testListId="8c84fa94-04c1-424b-9868-57a2d4851a1d" />
    <TestEntry testId="dba848b9-fd6f-8cd1-9530-478b4c0d4aa7" executionId="2f30230d-fe67-4091-9244-a6375a21cdc9" testListId="8c84fa94-04c1-424b-9868-57a2d4851a1d" />
    <TestEntry testId="4c695d88-2485-dbd5-4d1d-815a2487fa74" executionId="e9141060-6c84-4947-9f48-57a8e71ef5c1" testListId="8c84fa94-04c1-424b-9868-57a2d4851a1d" />
    <TestEntry testId="453fd9e2-6016-3f5e-a73e-7c8f2b5cd39d" executionId="6c2165c9-d67e-4c7f-a060-6314411287cf" testListId="8c84fa94-04c1-424b-9868-57a2d4851a1d" />
    <TestEntry testId="af634480-f99a-44a3-5b8d-9cf3e90e0b48" executionId="2cb0eccd-f72c-4f30-957c-f6733f52eeec" testListId="8c84fa94-04c1-424b-9868-57a2d4851a1d" />
    <TestEntry testId="e180d8b1-d8f6-fe9c-2380-5cabfb589e47" executionId="64f717a4-c16a-4cc4-b018-9ad8b0a1e6c3" testListId="8c84fa94-04c1-424b-9868-57a2d4851a1d" />
    <TestEntry testId="deaef829-c3c1-63ef-1128-94114bfe098f" executionId="cc17988c-1c1e-492d-9277-7fb72f45b320" testListId="8c84fa94-04c1-424b-9868-57a2d4851a1d" />
    <TestEntry testId="ac94a4d8-9280-1838-b939-0d6ee340b32f" executionId="1b4fe651-ca5e-4351-9e0b-2fc734b0092d" testListId="8c84fa94-04c1-424b-9868-57a2d4851a1d" />
    <TestEntry testId="da9c3699-c19d-05c4-6b5c-57570b41b5db" executionId="9d933b6b-dd45-4c8f-b46e-768393c727b4" testListId="8c84fa94-04c1-424b-9868-57a2d4851a1d" />
    <TestEntry testId="00f8f62d-e0f2-cfca-7df2-e276009f44c7" executionId="c15a0da7-89c8-44b7-8b72-49a2e68fb1fe" testListId="8c84fa94-04c1-424b-9868-57a2d4851a1d" />
    <TestEntry testId="8708375f-c756-e690-ff37-4dd96ac5475a" executionId="f7c13616-aedc-404b-b915-69bbffc88dd6" testListId="8c84fa94-04c1-424b-9868-57a2d4851a1d" />
    <TestEntry testId="2747ae7f-aa47-9fb1-a156-779aabc305e5" executionId="39e122ad-d4f7-4560-aa9e-c3f75df28d0c" testListId="8c84fa94-04c1-424b-9868-57a2d4851a1d" />
    <TestEntry testId="1ac10b01-5cd9-0000-5a9f-1624aa5a8838" executionId="375cfbdd-ebad-458c-a492-f44756b34254" testListId="8c84fa94-04c1-424b-9868-57a2d4851a1d" />
    <TestEntry testId="d7872e2d-f53e-d344-3042-f7681a4789db" executionId="c5487425-ab3a-4fde-b4b3-54275a0eddbd" testListId="8c84fa94-04c1-424b-9868-57a2d4851a1d" />
    <TestEntry testId="f03df1bf-97b8-3b05-9eba-658137a2830c" executionId="ca6775dd-2fe5-4113-a810-80430cc76517" testListId="8c84fa94-04c1-424b-9868-57a2d4851a1d" />
    <TestEntry testId="25ab73f2-c36a-624e-368c-e3eb6ac9fcf4" executionId="85d0c48e-76bb-41dc-bf46-98800093b512" testListId="8c84fa94-04c1-424b-9868-57a2d4851a1d" />
    <TestEntry testId="6db2c0c3-3f05-10d4-3ea3-c5102bdce5db" executionId="181ce641-4f8b-4f22-9329-755dd78b43f5" testListId="8c84fa94-04c1-424b-9868-57a2d4851a1d" />
    <TestEntry testId="0096c3b1-7ef2-465b-b28a-62bfbf61f789" executionId="ab2800ba-2ce3-4769-801e-e38426f83093" testListId="8c84fa94-04c1-424b-9868-57a2d4851a1d" />
    <TestEntry testId="8f7fbbcb-cdcc-919c-10cc-b06d39ba99ae" executionId="bc4413de-26c1-49a4-929f-0a9eff43b376" testListId="8c84fa94-04c1-424b-9868-57a2d4851a1d" />
    <TestEntry testId="0892fb94-202a-b0d4-2d11-72086f4774eb" executionId="957d66e6-053c-4277-9736-54efa5d44954" testListId="8c84fa94-04c1-424b-9868-57a2d4851a1d" />
    <TestEntry testId="fe12808d-0506-6eab-eb05-77bd2e02ec15" executionId="dbb0fa21-f060-441a-aecd-180e11ac0576" testListId="8c84fa94-04c1-424b-9868-57a2d4851a1d" />
    <TestEntry testId="32efae01-4715-95f5-9ff2-199cc469668a" executionId="2834c357-d335-4a6b-8847-eb4d452d6f34" testListId="8c84fa94-04c1-424b-9868-57a2d4851a1d" />
    <TestEntry testId="d3cd4303-01d6-7feb-d596-2e241121b5d7" executionId="26c0c44e-d1f9-4dd2-9ae9-f73cfbce262c" testListId="8c84fa94-04c1-424b-9868-57a2d4851a1d" />
    <TestEntry testId="7d64b838-8c5c-7918-f40d-6e360ef36539" executionId="363b4396-bcfc-4d25-bf6e-91db7a5614b1" testListId="8c84fa94-04c1-424b-9868-57a2d4851a1d" />
    <TestEntry testId="ad8f6f68-90d6-6cad-38f7-1f7be53d4f24" executionId="f0f68cfb-dff3-45c2-888b-b7d46b8e76f9" testListId="8c84fa94-04c1-424b-9868-57a2d4851a1d" />
    <TestEntry testId="61bed709-d51c-4546-1e19-d28244e22284" executionId="7052b46a-01f9-4028-94c9-f1ef2948fd0d" testListId="8c84fa94-04c1-424b-9868-57a2d4851a1d" />
    <TestEntry testId="c9a7ceca-bc8a-248e-7214-f31cfe8112b4" executionId="514c53b0-6449-45c9-bcfd-5faae2fa537d" testListId="8c84fa94-04c1-424b-9868-57a2d4851a1d" />
    <TestEntry testId="495add0d-b1de-9680-8b6c-0653c6468de1" executionId="ed5aeaf6-6f58-4a6b-9663-0392fab0887a" testListId="8c84fa94-04c1-424b-9868-57a2d4851a1d" />
  </TestEntries>
  <TestLists>
    <TestList name="Results Not in a List" id="8c84fa94-04c1-424b-9868-57a2d4851a1d" />
    <TestList name="All Loaded Results" id="19431567-8539-422a-85d7-44ee4e166bda" />
  </TestLists>
  <ResultSummary outcome="Completed">
    <Counters total="34" executed="34" passed="34" failed="0" error="0" timeout="0" aborted="0" inconclusive="0" passedButRunAborted="0" notRunnable="0" notExecuted="0" disconnected="0" warning="0" completed="0" inProgress="0" pending="0" />
    <Output>
      <StdOut>[xUnit.net 00:00:00.00] xUnit.net VSTest Adapter v3.1.5+1b188a7b0a (64-bit .NET 10.0.11)
[xUnit.net 00:00:00.05]   Discovering: FS.GG.Coordination.UnitTests
[xUnit.net 00:00:00.08]   Discovered:  FS.GG.Coordination.UnitTests
[xUnit.net 00:00:00.09]   Starting:    FS.GG.Coordination.UnitTests
[xUnit.net 00:00:00.32]   Finished:    FS.GG.Coordination.UnitTests
</StdOut>
    </Output>
  </ResultSummary>
</TestRun>