<?xml version="1.0" encoding="utf-8"?>
<TestRun id="69d5f4aa-7ef6-4457-b31a-55f59f8b98b3" name="@b0472e9cae0d 2026-09-05 20:05:51" xmlns="http://microsoft.com/schemas/VisualStudio/TeamTest/2010">
  <Times creation="2026-09-05T20:05:51.3695212+02:00" queuing="2026-09-05T20:05:51.3695231+02:00" start="2026-09-05T20:05:49.5622453+02:00" finish="2026-09-05T20:05:52.1639163+02:00" />
  <TestSettings name="default" id="0c0ec813-66fd-47cf-8e3e-fe1730caf631">
    <Deployment runDeploymentRoot="_b0472e9cae0d_2026-09-05_20_05_51" />
  </TestSettings>
  <Results>
    <UnitTestResult executionId="91bfdd93-d1f3-4d0e-b91e-903fc2e0ca84" testId="41580971-1189-ad2c-f5d1-f4e667e74ae4" testName="FS.GG.Coordination.GitHubAuditRepairArchitectureTests.audit repair surface remains pure and repository local" computerName="b0472e9cae0d" duration="00:00:00.0116399" startTime="2026-09-05T20:05:50.1684288+02:00" endTime="2026-09-05T20:05:50.1795747+02:00" testType="13cdc9d9-ddb5-4fa4-a97d-d965ccfc6d4b" outcome="Passed" testListId="8c84fa94-04c1-424b-9868-57a2d4851a1d" relativeResultsDirectory="91bfdd93-d1f3-4d0e-b91e-903fc2e0ca84" />
    <UnitTestResult executionId="75d8201d-a4c7-4441-9edf-811e94ab6876" testId="8f02e9b7-b32e-6c60-6d78-ae2a83381b49" testName="FS.GG.Coordination.GitHubAuditRepairArchitectureTests.Q3 audit repair validator executes all controls" computerName="b0472e9cae0d" duration="00:00:01.9210955" startTime="2026-09-05T20:05:50.1798000+02:00" endTime="2026-09-05T20:05:52.1008436+02:00" testType="13cdc9d9-ddb5-4fa4-a97d-d965ccfc6d4b" outcome="Passed" testListId="8c84fa94-04c1-424b-9868-57a2d4851a1d" relativeResultsDirectory="75d8201d-a4c7-4441-9edf-811e94ab6876" />
    <UnitTestResult executionId="a763f623-f23b-4ebc-a3ac-3615e2b2d14d" testId="3328511b-9bed-e3bb-bdef-b32e0f177de1" testName="FS.GG.Coordination.GitHubAuditRepairArchitectureTests.Q3 keeps generated and independent audit execution paths separate" computerName="b0472e9cae0d" duration="00:00:00.0038806" startTime="2026-09-05T20:05:50.1416514+02:00" endTime="2026-09-05T20:05:50.1511755+02:00" testType="13cdc9d9-ddb5-4fa4-a97d-d965ccfc6d4b" outcome="Passed" testListId="8c84fa94-04c1-424b-9868-57a2d4851a1d" relativeResultsDirectory="a763f623-f23b-4ebc-a3ac-3615e2b2d14d" />
    <UnitTestResult executionId="809de0e7-22b5-4040-9e5b-0a6b763820c0" testId="eff78203-cf0d-7583-f0d4-5d7ddad408d3" testName="FS.GG.Coordination.GitHubAuditRepairArchitectureTests.retained audit writer classification and control inventories are exact" computerName="b0472e9cae0d" duration="00:00:00.0165862" startTime="2026-09-05T20:05:50.1612094+02:00" endTime="2026-09-05T20:05:50.1678266+02:00" testType="13cdc9d9-ddb5-4fa4-a97d-d965ccfc6d4b" outcome="Passed" testListId="8c84fa94-04c1-424b-9868-57a2d4851a1d" relativeResultsDirectory="809de0e7-22b5-4040-9e5b-0a6b763820c0" />
  </Results>
  <TestDefinitions>
    <UnitTest name="FS.GG.Coordination.GitHubAuditRepairArchitectureTests.Q3 audit repair validator executes all controls" storage="/home/developer/projects/fs.gg.coordination-worktrees/item-304-gs2-07-3-audit-repair/tests/fs.gg.coordination.architecturetests/bin/release/net10.0/fs.gg.coordination.architecturetests.dll" id="8f02e9b7-b32e-6c60-6d78-ae2a83381b49">
      <Execution id="75d8201d-a4c7-4441-9edf-811e94ab6876" />
      <TestMethod codeBase="/home/developer/projects/FS.GG.Coordination-worktrees/item-304-gs2-07-3-audit-repair/tests/FS.GG.Coordination.ArchitectureTests/bin/Release/net10.0/FS.GG.Coordination.ArchitectureTests.dll" adapterTypeName="executor://xunit/VsTestRunner3/netcore/" className="FS.GG.Coordination.GitHubAuditRepairArchitectureTests" name="Q3 audit repair validator executes all controls" />
    </UnitTest>
    <UnitTest name="FS.GG.Coordination.GitHubAuditRepairArchitectureTests.audit repair surface remains pure and repository local" storage="/home/developer/projects/fs.gg.coordination-worktrees/item-304-gs2-07-3-audit-repair/tests/fs.gg.coordination.architecturetests/bin/release/net10.0/fs.gg.coordination.architecturetests.dll" id="41580971-1189-ad2c-f5d1-f4e667e74ae4">
      <Execution id="91bfdd93-d1f3-4d0e-b91e-903fc2e0ca84" />
      <TestMethod codeBase="/home/developer/projects/FS.GG.Coordination-worktrees/item-304-gs2-07-3-audit-repair/tests/FS.GG.Coordination.ArchitectureTests/bin/Release/net10.0/FS.GG.Coordination.ArchitectureTests.dll" adapterTypeName="executor://xunit/VsTestRunner3/netcore/" className="FS.GG.Coordination.GitHubAuditRepairArchitectureTests" name="audit repair surface remains pure and repository local" />
    </UnitTest>
    <UnitTest name="FS.GG.Coordination.GitHubAuditRepairArchitectureTests.Q3 keeps generated and independent audit execution paths separate" storage="/home/developer/projects/fs.gg.coordination-worktrees/item-304-gs2-07-3-audit-repair/tests/fs.gg.coordination.architecturetests/bin/release/net10.0/fs.gg.coordination.architecturetests.dll" id="3328511b-9bed-e3bb-bdef-b32e0f177de1">
      <Execution id="a763f623-f23b-4ebc-a3ac-3615e2b2d14d" />
      <TestMethod codeBase="/home/developer/projects/FS.GG.Coordination-worktrees/item-304-gs2-07-3-audit-repair/tests/FS.GG.Coordination.ArchitectureTests/bin/Release/net10.0/FS.GG.Coordination.ArchitectureTests.dll" adapterTypeName="executor://xunit/VsTestRunner3/netcore/" className="FS.GG.Coordination.GitHubAuditRepairArchitectureTests" name="Q3 keeps generated and independent audit execution paths separate" />
    </UnitTest>
    <UnitTest name="FS.GG.Coordination.GitHubAuditRepairArchitectureTests.retained audit writer classification and control inventories are exact" storage="/home/developer/projects/fs.gg.coordination-worktrees/item-304-gs2-07-3-audit-repair/tests/fs.gg.coordination.architecturetests/bin/release/net10.0/fs.gg.coordination.architecturetests.dll" id="eff78203-cf0d-7583-f0d4-5d7ddad408d3">
      <Execution id="809de0e7-22b5-4040-9e5b-0a6b763820c0" />
      <TestMethod codeBase="/home/developer/projects/FS.GG.Coordination-worktrees/item-304-gs2-07-3-audit-repair/tests/FS.GG.Coordination.ArchitectureTests/bin/Release/net10.0/FS.GG.Coordination.ArchitectureTests.dll" adapterTypeName="executor://xunit/VsTestRunner3/netcore/" className="FS.GG.Coordination.GitHubAuditRepairArchitectureTests" name="retained audit writer classification and control inventories are exact" />
    </UnitTest>
  </TestDefinitions>
  <TestEntries>
    <TestEntry testId="41580971-1189-ad2c-f5d1-f4e667e74ae4" executionId="91bfdd93-d1f3-4d0e-b91e-903fc2e0ca84" testListId="8c84fa94-04c1-424b-9868-57a2d4851a1d" />
    <TestEntry testId="8f02e9b7-b32e-6c60-6d78-ae2a83381b49" executionId="75d8201d-a4c7-4441-9edf-811e94ab6876" testListId="8c84fa94-04c1-424b-9868-57a2d4851a1d" />
    <TestEntry testId="3328511b-9bed-e3bb-bdef-b32e0f177de1" executionId="a763f623-f23b-4ebc-a3ac-3615e2b2d14d" testListId="8c84fa94-04c1-424b-9868-57a2d4851a1d" />
    <TestEntry testId="eff78203-cf0d-7583-f0d4-5d7ddad408d3" executionId="809de0e7-22b5-4040-9e5b-0a6b763820c0" testListId="8c84fa94-04c1-424b-9868-57a2d4851a1d" />
  </TestEntries>
  <TestLists>
    <TestList name="Results Not in a List" id="8c84fa94-04c1-424b-9868-57a2d4851a1d" />
    <TestList name="All Loaded Results" id="19431567-8539-422a-85d7-44ee4e166bda" />
  </TestLists>
  <ResultSummary outcome="Completed">
    <Counters total="4" executed="4" passed="4" failed="0" error="0" timeout="0" aborted="0" inconclusive="0" passedButRunAborted="0" notRunnable="0" notExecuted="0" disconnected="0" warning="0" completed="0" inProgress="0" pending="0" />
    <Output>
      <StdOut>[xUnit.net 00:00:00.00] xUnit.net VSTest Adapter v3.1.5+1b188a7b0a (64-bit .NET 10.0.11)
[xUnit.net 00:00:00.11]   Discovering: FS.GG.Coordination.ArchitectureTests
[xUnit.net 00:00:00.21]   Discovered:  FS.GG.Coordination.ArchitectureTests
[xUnit.net 00:00:00.23]   Starting:    FS.GG.Coordination.ArchitectureTests
[xUnit.net 00:00:02.22]   Finished:    FS.GG.Coordination.ArchitectureTests
</StdOut>
    </Output>
  </ResultSummary>
</TestRun>